warning: The `tool.uv.dev-dependencies` field (used in `pyproject.toml`) is deprecated and will be removed in a future release; use `dependency-groups.dev` instead
wandb: [wandb.login()] Loaded credentials for https://api.wandb.ai from WANDB_API_KEY.
wandb: Currently logged in as: cheolseok-k (cheolseok-k-sungkyunkwan-university) to https://api.wandb.ai. Use `wandb login --relogin` to force relogin
wandb: Tracking run with wandb version 0.27.0
wandb: Run data is saved locally in /home/cheolseok/audio/SLP-Assignment3/wandb/run-20260523_002530-29uy0w97
wandb: Run `wandb offline` to turn off syncing.
wandb: Syncing run dashing-violet-17
wandb: ⭐️ View project at https://wandb.ai/cheolseok-k-sungkyunkwan-university/fastspeech2-tts
wandb: 🚀 View run at https://wandb.ai/cheolseok-k-sungkyunkwan-university/fastspeech2-tts/runs/29uy0w97
[train] device=cuda
[train] vocab_size=47, train=12500, val=100
[step 100/100000] loss=4.0780 mel=3.8847 dur=0.1933 lr=7.50e-06 grad_norm=4.1807
[step 200/100000] loss=3.4546 mel=3.3025 dur=0.1521 lr=1.50e-05 grad_norm=3.8799
[step 300/100000] loss=2.5057 mel=2.3762 dur=0.1295 lr=2.25e-05 grad_norm=3.1390
[step 400/100000] loss=1.6875 mel=1.5682 dur=0.1193 lr=3.00e-05 grad_norm=4.2789
[step 500/100000] loss=1.2897 mel=1.1883 dur=0.1014 lr=3.75e-05 grad_norm=1.2456
[step 600/100000] loss=1.0792 mel=0.9833 dur=0.0959 lr=4.50e-05 grad_norm=2.9694
[step 700/100000] loss=1.0206 mel=0.9260 dur=0.0946 lr=5.25e-05 grad_norm=0.5324
[step 800/100000] loss=0.9844 mel=0.8967 dur=0.0877 lr=6.00e-05 grad_norm=1.2081
[step 900/100000] loss=0.9620 mel=0.8742 dur=0.0879 lr=6.75e-05 grad_norm=1.6318
[step 1000/100000] loss=0.9464 mel=0.8672 dur=0.0792 lr=7.50e-05 grad_norm=1.2724
[step 1100/100000] loss=0.9261 mel=0.8479 dur=0.0782 lr=8.25e-05 grad_norm=1.5424
[step 1200/100000] loss=0.9018 mel=0.8250 dur=0.0768 lr=9.00e-05 grad_norm=0.3716
[step 1300/100000] loss=0.9319 mel=0.8583 dur=0.0736 lr=9.75e-05 grad_norm=1.3535
[step 1400/100000] loss=0.8702 mel=0.8075 dur=0.0627 lr=1.05e-04 grad_norm=1.6988
[step 1500/100000] loss=0.8967 mel=0.8237 dur=0.0730 lr=1.12e-04 grad_norm=1.2853
[step 1600/100000] loss=0.8679 mel=0.8063 dur=0.0616 lr=1.20e-04 grad_norm=1.6298
[step 1700/100000] loss=0.8864 mel=0.8160 dur=0.0704 lr=1.27e-04 grad_norm=1.3019
[step 1800/100000] loss=0.8394 mel=0.7820 dur=0.0574 lr=1.35e-04 grad_norm=0.8570
[step 1900/100000] loss=0.8808 mel=0.8167 dur=0.0641 lr=1.42e-04 grad_norm=1.7899
[step 2000/100000] loss=0.8386 mel=0.7800 dur=0.0585 lr=1.50e-04 grad_norm=1.7022
[val 2000] total=0.9309 mel=0.8608 dur=0.0701
  => best checkpoint (val=0.9309)
[step 2100/100000] loss=0.8337 mel=0.7744 dur=0.0593 lr=1.57e-04 grad_norm=0.3766
[step 2200/100000] loss=0.8185 mel=0.7679 dur=0.0507 lr=1.65e-04 grad_norm=0.7704
[step 2300/100000] loss=0.8297 mel=0.7733 dur=0.0564 lr=1.72e-04 grad_norm=1.5439
[step 2400/100000] loss=0.7985 mel=0.7477 dur=0.0508 lr=1.80e-04 grad_norm=0.4738
[step 2500/100000] loss=0.7990 mel=0.7471 dur=0.0519 lr=1.87e-04 grad_norm=1.3930
[step 2600/100000] loss=0.7852 mel=0.7376 dur=0.0477 lr=1.95e-04 grad_norm=0.8768
[step 2700/100000] loss=0.8090 mel=0.7566 dur=0.0524 lr=2.02e-04 grad_norm=1.1518
[step 2800/100000] loss=0.7727 mel=0.7294 dur=0.0433 lr=2.10e-04 grad_norm=1.0119
[step 2900/100000] loss=0.7723 mel=0.7251 dur=0.0472 lr=2.17e-04 grad_norm=0.6268
[step 3000/100000] loss=0.7659 mel=0.7235 dur=0.0424 lr=2.25e-04 grad_norm=0.9502
[step 3100/100000] loss=0.7667 mel=0.7220 dur=0.0447 lr=2.32e-04 grad_norm=0.3440
[step 3200/100000] loss=0.7452 mel=0.7047 dur=0.0405 lr=2.40e-04 grad_norm=0.3440
[step 3300/100000] loss=0.7804 mel=0.7365 dur=0.0439 lr=2.47e-04 grad_norm=1.0870
[step 3400/100000] loss=0.7464 mel=0.7082 dur=0.0381 lr=2.55e-04 grad_norm=0.5377
[step 3500/100000] loss=0.7546 mel=0.7103 dur=0.0443 lr=2.62e-04 grad_norm=1.5342
[step 3600/100000] loss=0.7240 mel=0.6888 dur=0.0352 lr=2.70e-04 grad_norm=0.3166
[step 3700/100000] loss=0.7212 mel=0.6811 dur=0.0401 lr=2.77e-04 grad_norm=0.3950
[step 3800/100000] loss=0.7250 mel=0.6898 dur=0.0352 lr=2.85e-04 grad_norm=0.4285
[step 3900/100000] loss=0.7118 mel=0.6761 dur=0.0357 lr=2.92e-04 grad_norm=0.3221
[step 4000/100000] loss=0.7110 mel=0.6754 dur=0.0356 lr=3.00e-04 grad_norm=0.3784
[val 4000] total=0.9302 mel=0.8589 dur=0.0713
  => best checkpoint (val=0.9302)
[step 4100/100000] loss=0.7221 mel=0.6811 dur=0.0410 lr=2.96e-04 grad_norm=1.3281
[step 4200/100000] loss=0.6907 mel=0.6605 dur=0.0301 lr=2.93e-04 grad_norm=0.5754
[step 4300/100000] loss=0.7065 mel=0.6713 dur=0.0352 lr=2.89e-04 grad_norm=0.7212
[step 4400/100000] loss=0.6854 mel=0.6569 dur=0.0285 lr=2.86e-04 grad_norm=0.3256
[step 4500/100000] loss=0.6825 mel=0.6515 dur=0.0311 lr=2.83e-04 grad_norm=0.3134
[step 4600/100000] loss=0.6735 mel=0.6464 dur=0.0272 lr=2.80e-04 grad_norm=0.4020
[step 4700/100000] loss=0.6669 mel=0.6398 dur=0.0271 lr=2.77e-04 grad_norm=0.7240
[step 4800/100000] loss=0.6572 mel=0.6321 dur=0.0250 lr=2.74e-04 grad_norm=0.2744
[step 4900/100000] loss=0.6617 mel=0.6336 dur=0.0280 lr=2.71e-04 grad_norm=0.5607
[step 5000/100000] loss=0.6466 mel=0.6210 dur=0.0255 lr=2.68e-04 grad_norm=0.3571
[step 5100/100000] loss=0.6337 mel=0.6130 dur=0.0207 lr=2.66e-04 grad_norm=0.5774
[step 5200/100000] loss=0.6272 mel=0.6057 dur=0.0215 lr=2.63e-04 grad_norm=0.4561
[step 5300/100000] loss=0.6254 mel=0.6030 dur=0.0224 lr=2.61e-04 grad_norm=0.3847
[step 5400/100000] loss=0.6272 mel=0.6039 dur=0.0233 lr=2.58e-04 grad_norm=0.3733
[step 5500/100000] loss=0.6173 mel=0.5970 dur=0.0203 lr=2.56e-04 grad_norm=0.3877
[step 5600/100000] loss=0.6155 mel=0.5951 dur=0.0204 lr=2.54e-04 grad_norm=0.6879
[step 5700/100000] loss=0.6033 mel=0.5848 dur=0.0185 lr=2.51e-04 grad_norm=0.4227
[step 5800/100000] loss=0.6132 mel=0.5932 dur=0.0199 lr=2.49e-04 grad_norm=0.4463
[step 5900/100000] loss=0.5899 mel=0.5715 dur=0.0184 lr=2.47e-04 grad_norm=0.2542
[step 6000/100000] loss=0.5959 mel=0.5756 dur=0.0203 lr=2.45e-04 grad_norm=0.2827
[val 6000] total=0.9289 mel=0.8592 dur=0.0698
  => best checkpoint (val=0.9289)
[step 6100/100000] loss=0.5983 mel=0.5806 dur=0.0178 lr=2.43e-04 grad_norm=0.4842
[step 6200/100000] loss=0.6078 mel=0.5881 dur=0.0197 lr=2.41e-04 grad_norm=0.2927
[step 6300/100000] loss=0.5835 mel=0.5662 dur=0.0172 lr=2.39e-04 grad_norm=0.6950
[step 6400/100000] loss=0.5888 mel=0.5710 dur=0.0178 lr=2.37e-04 grad_norm=0.2482
[step 6500/100000] loss=0.5784 mel=0.5620 dur=0.0163 lr=2.35e-04 grad_norm=0.2539
[step 6600/100000] loss=0.5763 mel=0.5590 dur=0.0172 lr=2.34e-04 grad_norm=0.2540
[step 6700/100000] loss=0.5732 mel=0.5568 dur=0.0163 lr=2.32e-04 grad_norm=0.3471
[step 6800/100000] loss=0.5747 mel=0.5579 dur=0.0168 lr=2.30e-04 grad_norm=0.3423
[step 6900/100000] loss=0.5611 mel=0.5462 dur=0.0150 lr=2.28e-04 grad_norm=0.5360
[step 7000/100000] loss=0.5693 mel=0.5532 dur=0.0162 lr=2.27e-04 grad_norm=0.3588
[step 7100/100000] loss=0.5603 mel=0.5454 dur=0.0149 lr=2.25e-04 grad_norm=0.2498
[step 7200/100000] loss=0.5630 mel=0.5473 dur=0.0156 lr=2.24e-04 grad_norm=0.2712
[step 7300/100000] loss=0.5591 mel=0.5451 dur=0.0140 lr=2.22e-04 grad_norm=0.2897
[step 7400/100000] loss=0.5573 mel=0.5424 dur=0.0149 lr=2.21e-04 grad_norm=0.3785
[step 7500/100000] loss=0.5576 mel=0.5432 dur=0.0144 lr=2.19e-04 grad_norm=0.2219
[step 7600/100000] loss=0.5529 mel=0.5375 dur=0.0154 lr=2.18e-04 grad_norm=0.3101
[step 7700/100000] loss=0.5412 mel=0.5284 dur=0.0128 lr=2.16e-04 grad_norm=0.3093
[step 7800/100000] loss=0.5497 mel=0.5358 dur=0.0139 lr=2.15e-04 grad_norm=0.3607
[step 7900/100000] loss=0.5380 mel=0.5244 dur=0.0137 lr=2.13e-04 grad_norm=0.4622
[step 8000/100000] loss=0.5481 mel=0.5333 dur=0.0148 lr=2.12e-04 grad_norm=0.3028
[val 8000] total=0.9342 mel=0.8651 dur=0.0691
[step 8100/100000] loss=0.5448 mel=0.5306 dur=0.0143 lr=2.11e-04 grad_norm=0.2637
[step 8200/100000] loss=0.5374 mel=0.5236 dur=0.0138 lr=2.10e-04 grad_norm=0.2398
[step 8300/100000] loss=0.5333 mel=0.5196 dur=0.0136 lr=2.08e-04 grad_norm=0.2462
[step 8400/100000] loss=0.5356 mel=0.5212 dur=0.0144 lr=2.07e-04 grad_norm=0.4366
[step 8500/100000] loss=0.5263 mel=0.5138 dur=0.0126 lr=2.06e-04 grad_norm=0.3710
[step 8600/100000] loss=0.5336 mel=0.5200 dur=0.0136 lr=2.05e-04 grad_norm=0.2569
[step 8700/100000] loss=0.5279 mel=0.5147 dur=0.0132 lr=2.03e-04 grad_norm=0.4161
[step 8800/100000] loss=0.5240 mel=0.5112 dur=0.0129 lr=2.02e-04 grad_norm=0.3576
[step 8900/100000] loss=0.5209 mel=0.5082 dur=0.0127 lr=2.01e-04 grad_norm=0.2524
[step 9000/100000] loss=0.5212 mel=0.5085 dur=0.0127 lr=2.00e-04 grad_norm=0.4296
[step 9100/100000] loss=0.5200 mel=0.5068 dur=0.0132 lr=1.99e-04 grad_norm=0.2194
[step 9200/100000] loss=0.5176 mel=0.5053 dur=0.0123 lr=1.98e-04 grad_norm=0.2266
[step 9300/100000] loss=0.5130 mel=0.5013 dur=0.0117 lr=1.97e-04 grad_norm=0.3495
[step 9400/100000] loss=0.5160 mel=0.5033 dur=0.0127 lr=1.96e-04 grad_norm=0.3538
[step 9500/100000] loss=0.5129 mel=0.5007 dur=0.0122 lr=1.95e-04 grad_norm=0.3806
[step 9600/100000] loss=0.5138 mel=0.5012 dur=0.0126 lr=1.94e-04 grad_norm=0.3396
[step 9700/100000] loss=0.5014 mel=0.4902 dur=0.0111 lr=1.93e-04 grad_norm=0.2117
[step 9800/100000] loss=0.5090 mel=0.4963 dur=0.0127 lr=1.92e-04 grad_norm=0.3648
[step 9900/100000] loss=0.5027 mel=0.4910 dur=0.0117 lr=1.91e-04 grad_norm=0.2013
[step 10000/100000] loss=0.5028 mel=0.4918 dur=0.0110 lr=1.90e-04 grad_norm=0.2270
[val 10000] total=0.9400 mel=0.8696 dur=0.0704
[step 10100/100000] loss=0.5016 mel=0.4904 dur=0.0111 lr=1.89e-04 grad_norm=0.2110
[step 10200/100000] loss=0.4939 mel=0.4834 dur=0.0106 lr=1.88e-04 grad_norm=0.2462
[step 10300/100000] loss=0.4986 mel=0.4870 dur=0.0116 lr=1.87e-04 grad_norm=0.3829
[step 10400/100000] loss=0.4956 mel=0.4846 dur=0.0110 lr=1.86e-04 grad_norm=0.3952
[step 10500/100000] loss=0.4865 mel=0.4749 dur=0.0116 lr=1.85e-04 grad_norm=0.2662
[step 10600/100000] loss=0.4906 mel=0.4798 dur=0.0108 lr=1.84e-04 grad_norm=0.2288
[step 10700/100000] loss=0.4916 mel=0.4810 dur=0.0106 lr=1.83e-04 grad_norm=0.3177
[step 10800/100000] loss=0.4863 mel=0.4763 dur=0.0100 lr=1.83e-04 grad_norm=0.2815
[step 10900/100000] loss=0.4908 mel=0.4804 dur=0.0104 lr=1.82e-04 grad_norm=0.2526
[step 11000/100000] loss=0.4820 mel=0.4719 dur=0.0101 lr=1.81e-04 grad_norm=0.1976
[step 11100/100000] loss=0.4852 mel=0.4745 dur=0.0107 lr=1.80e-04 grad_norm=0.2969
[step 11200/100000] loss=0.4827 mel=0.4720 dur=0.0108 lr=1.79e-04 grad_norm=0.4393
[step 11300/100000] loss=0.4859 mel=0.4755 dur=0.0104 lr=1.78e-04 grad_norm=0.3624
[step 11400/100000] loss=0.4783 mel=0.4678 dur=0.0105 lr=1.78e-04 grad_norm=0.2105
[step 11500/100000] loss=0.4761 mel=0.4661 dur=0.0100 lr=1.77e-04 grad_norm=0.2199
[step 11600/100000] loss=0.4751 mel=0.4654 dur=0.0097 lr=1.76e-04 grad_norm=0.2790
[step 11700/100000] loss=0.4821 mel=0.4717 dur=0.0103 lr=1.75e-04 grad_norm=0.2409
[step 11800/100000] loss=0.4761 mel=0.4665 dur=0.0097 lr=1.75e-04 grad_norm=0.2240
[step 11900/100000] loss=0.4761 mel=0.4659 dur=0.0101 lr=1.74e-04 grad_norm=0.2725
[step 12000/100000] loss=0.4724 mel=0.4631 dur=0.0094 lr=1.73e-04 grad_norm=0.2015
[val 12000] total=0.9428 mel=0.8733 dur=0.0695
[step 12100/100000] loss=0.4776 mel=0.4674 dur=0.0102 lr=1.72e-04 grad_norm=0.1963
[step 12200/100000] loss=0.4724 mel=0.4628 dur=0.0096 lr=1.72e-04 grad_norm=0.2059
[step 12300/100000] loss=0.4746 mel=0.4639 dur=0.0107 lr=1.71e-04 grad_norm=0.3684
[step 12400/100000] loss=0.4739 mel=0.4640 dur=0.0099 lr=1.70e-04 grad_norm=0.3111
[step 12500/100000] loss=0.4700 mel=0.4606 dur=0.0094 lr=1.70e-04 grad_norm=0.2308
[step 12600/100000] loss=0.4651 mel=0.4556 dur=0.0095 lr=1.69e-04 grad_norm=0.1854
[step 12700/100000] loss=0.4726 mel=0.4630 dur=0.0096 lr=1.68e-04 grad_norm=0.4019
[step 12800/100000] loss=0.4646 mel=0.4555 dur=0.0092 lr=1.68e-04 grad_norm=0.3216
[step 12900/100000] loss=0.4640 mel=0.4545 dur=0.0095 lr=1.67e-04 grad_norm=0.2868
[step 13000/100000] loss=0.4641 mel=0.4546 dur=0.0095 lr=1.66e-04 grad_norm=0.2823
[step 13100/100000] loss=0.4645 mel=0.4550 dur=0.0095 lr=1.66e-04 grad_norm=0.2512
[step 13200/100000] loss=0.4659 mel=0.4572 dur=0.0087 lr=1.65e-04 grad_norm=0.2794
[step 13300/100000] loss=0.4618 mel=0.4526 dur=0.0092 lr=1.65e-04 grad_norm=0.2387
[step 13400/100000] loss=0.4617 mel=0.4527 dur=0.0089 lr=1.64e-04 grad_norm=0.2521
[step 13500/100000] loss=0.4593 mel=0.4502 dur=0.0091 lr=1.63e-04 grad_norm=0.2479
[step 13600/100000] loss=0.4755 mel=0.4661 dur=0.0094 lr=1.63e-04 grad_norm=0.1809
[step 13700/100000] loss=0.4638 mel=0.4546 dur=0.0092 lr=1.62e-04 grad_norm=0.2138
[step 13800/100000] loss=0.4580 mel=0.4494 dur=0.0086 lr=1.62e-04 grad_norm=0.3579
[step 13900/100000] loss=0.4601 mel=0.4510 dur=0.0091 lr=1.61e-04 grad_norm=0.2067
[step 14000/100000] loss=0.4635 mel=0.4538 dur=0.0098 lr=1.60e-04 grad_norm=0.2023
[val 14000] total=0.9506 mel=0.8796 dur=0.0710
[step 14100/100000] loss=0.4614 mel=0.4529 dur=0.0085 lr=1.60e-04 grad_norm=0.2225
[step 14200/100000] loss=0.4599 mel=0.4509 dur=0.0089 lr=1.59e-04 grad_norm=0.2467
[step 14300/100000] loss=0.4574 mel=0.4485 dur=0.0089 lr=1.59e-04 grad_norm=0.1904
[step 14400/100000] loss=0.4528 mel=0.4443 dur=0.0084 lr=1.58e-04 grad_norm=0.2441
[step 14500/100000] loss=0.4511 mel=0.4418 dur=0.0093 lr=1.58e-04 grad_norm=0.3855
[step 14600/100000] loss=0.4470 mel=0.4384 dur=0.0086 lr=1.57e-04 grad_norm=0.2967
[step 14700/100000] loss=0.4519 mel=0.4432 dur=0.0087 lr=1.56e-04 grad_norm=0.2750
[step 14800/100000] loss=0.4569 mel=0.4480 dur=0.0089 lr=1.56e-04 grad_norm=0.1852
[step 14900/100000] loss=0.4484 mel=0.4401 dur=0.0084 lr=1.55e-04 grad_norm=0.2873
[step 15000/100000] loss=0.4502 mel=0.4421 dur=0.0081 lr=1.55e-04 grad_norm=0.2892
[step 15100/100000] loss=0.4453 mel=0.4371 dur=0.0082 lr=1.54e-04 grad_norm=0.2044
[step 15200/100000] loss=0.4459 mel=0.4376 dur=0.0083 lr=1.54e-04 grad_norm=0.1897
[step 15300/100000] loss=0.4472 mel=0.4391 dur=0.0081 lr=1.53e-04 grad_norm=0.2427
[step 15400/100000] loss=0.4449 mel=0.4363 dur=0.0086 lr=1.53e-04 grad_norm=0.2361
[step 15500/100000] loss=0.4481 mel=0.4400 dur=0.0081 lr=1.52e-04 grad_norm=0.3471
[step 15600/100000] loss=0.4445 mel=0.4362 dur=0.0083 lr=1.52e-04 grad_norm=0.2486
[step 15700/100000] loss=0.4420 mel=0.4341 dur=0.0078 lr=1.51e-04 grad_norm=0.1931
[step 15800/100000] loss=0.4421 mel=0.4336 dur=0.0085 lr=1.51e-04 grad_norm=0.1964
[step 15900/100000] loss=0.4454 mel=0.4376 dur=0.0079 lr=1.50e-04 grad_norm=0.2699
[step 16000/100000] loss=0.4404 mel=0.4323 dur=0.0081 lr=1.50e-04 grad_norm=0.2045
[val 16000] total=0.9504 mel=0.8804 dur=0.0700
[step 16100/100000] loss=0.4408 mel=0.4330 dur=0.0078 lr=1.50e-04 grad_norm=0.2318
[step 16200/100000] loss=0.4438 mel=0.4357 dur=0.0081 lr=1.49e-04 grad_norm=0.6041
[step 16300/100000] loss=0.4406 mel=0.4328 dur=0.0078 lr=1.49e-04 grad_norm=0.3564
[step 16400/100000] loss=0.4361 mel=0.4276 dur=0.0086 lr=1.48e-04 grad_norm=0.1817
[step 16500/100000] loss=0.4344 mel=0.4270 dur=0.0074 lr=1.48e-04 grad_norm=0.1693
[step 16600/100000] loss=0.4420 mel=0.4340 dur=0.0080 lr=1.47e-04 grad_norm=0.2345
[step 16700/100000] loss=0.4353 mel=0.4277 dur=0.0076 lr=1.47e-04 grad_norm=0.1970
[step 16800/100000] loss=0.4375 mel=0.4298 dur=0.0076 lr=1.46e-04 grad_norm=0.2748
[step 16900/100000] loss=0.4343 mel=0.4267 dur=0.0076 lr=1.46e-04 grad_norm=0.1862
[step 17000/100000] loss=0.4386 mel=0.4308 dur=0.0078 lr=1.46e-04 grad_norm=0.1845
[step 17100/100000] loss=0.4343 mel=0.4267 dur=0.0076 lr=1.45e-04 grad_norm=0.2678
[step 17200/100000] loss=0.4385 mel=0.4303 dur=0.0082 lr=1.45e-04 grad_norm=0.1904
[step 17300/100000] loss=0.4346 mel=0.4276 dur=0.0070 lr=1.44e-04 grad_norm=0.2070
[step 17400/100000] loss=0.4360 mel=0.4285 dur=0.0075 lr=1.44e-04 grad_norm=0.2071
[step 17500/100000] loss=0.4329 mel=0.4256 dur=0.0073 lr=1.43e-04 grad_norm=0.1838
[step 17600/100000] loss=0.4336 mel=0.4256 dur=0.0081 lr=1.43e-04 grad_norm=0.2302
[step 17700/100000] loss=0.4330 mel=0.4251 dur=0.0079 lr=1.43e-04 grad_norm=0.1821
[step 17800/100000] loss=0.4311 mel=0.4237 dur=0.0074 lr=1.42e-04 grad_norm=0.2486
[step 17900/100000] loss=0.4323 mel=0.4249 dur=0.0074 lr=1.42e-04 grad_norm=0.3368
[step 18000/100000] loss=0.4314 mel=0.4241 dur=0.0073 lr=1.41e-04 grad_norm=0.1730
[val 18000] total=0.9528 mel=0.8821 dur=0.0707
[step 18100/100000] loss=0.4337 mel=0.4262 dur=0.0076 lr=1.41e-04 grad_norm=0.2808
[step 18200/100000] loss=0.4377 mel=0.4302 dur=0.0075 lr=1.41e-04 grad_norm=0.3283
[step 18300/100000] loss=0.4293 mel=0.4216 dur=0.0077 lr=1.40e-04 grad_norm=0.1655
[step 18400/100000] loss=0.4296 mel=0.4218 dur=0.0078 lr=1.40e-04 grad_norm=0.1637
[step 18500/100000] loss=0.4289 mel=0.4218 dur=0.0070 lr=1.39e-04 grad_norm=0.1714
[step 18600/100000] loss=0.4331 mel=0.4250 dur=0.0082 lr=1.39e-04 grad_norm=0.2242
[step 18700/100000] loss=0.4294 mel=0.4225 dur=0.0070 lr=1.39e-04 grad_norm=0.1867
[step 18800/100000] loss=0.4264 mel=0.4189 dur=0.0075 lr=1.38e-04 grad_norm=0.2847
[step 18900/100000] loss=0.4302 mel=0.4225 dur=0.0077 lr=1.38e-04 grad_norm=0.1782
[step 19000/100000] loss=0.4283 mel=0.4206 dur=0.0078 lr=1.38e-04 grad_norm=0.1731
[step 19100/100000] loss=0.4268 mel=0.4195 dur=0.0073 lr=1.37e-04 grad_norm=0.1787
[step 19200/100000] loss=0.4288 mel=0.4215 dur=0.0073 lr=1.37e-04 grad_norm=0.2914
[step 19300/100000] loss=0.4305 mel=0.4230 dur=0.0075 lr=1.37e-04 grad_norm=0.1849
[step 19400/100000] loss=0.4264 mel=0.4190 dur=0.0073 lr=1.36e-04 grad_norm=0.1616
[step 19500/100000] loss=0.4210 mel=0.4138 dur=0.0071 lr=1.36e-04 grad_norm=0.1675
[step 19600/100000] loss=0.4269 mel=0.4197 dur=0.0072 lr=1.36e-04 grad_norm=0.4132
[step 19700/100000] loss=0.4214 mel=0.4143 dur=0.0071 lr=1.35e-04 grad_norm=0.2711
[step 19800/100000] loss=0.4222 mel=0.4153 dur=0.0069 lr=1.35e-04 grad_norm=0.1965
[step 19900/100000] loss=0.4218 mel=0.4146 dur=0.0072 lr=1.35e-04 grad_norm=0.1561
[step 20000/100000] loss=0.4217 mel=0.4149 dur=0.0069 lr=1.34e-04 grad_norm=0.1874
[val 20000] total=0.9490 mel=0.8788 dur=0.0702
[step 20100/100000] loss=0.4249 mel=0.4179 dur=0.0070 lr=1.34e-04 grad_norm=0.3713
[step 20200/100000] loss=0.4200 mel=0.4135 dur=0.0065 lr=1.33e-04 grad_norm=0.1945
[step 20300/100000] loss=0.4220 mel=0.4155 dur=0.0066 lr=1.33e-04 grad_norm=0.2059
[step 20400/100000] loss=0.4202 mel=0.4132 dur=0.0069 lr=1.33e-04 grad_norm=0.1754
[step 20500/100000] loss=0.4168 mel=0.4100 dur=0.0069 lr=1.33e-04 grad_norm=0.2058
[step 20600/100000] loss=0.4195 mel=0.4127 dur=0.0067 lr=1.32e-04 grad_norm=0.1677
[step 20700/100000] loss=0.4213 mel=0.4145 dur=0.0068 lr=1.32e-04 grad_norm=0.3155
[step 20800/100000] loss=0.4141 mel=0.4073 dur=0.0068 lr=1.32e-04 grad_norm=0.2141
[step 20900/100000] loss=0.4193 mel=0.4123 dur=0.0070 lr=1.31e-04 grad_norm=0.2316
[step 21000/100000] loss=0.4192 mel=0.4126 dur=0.0066 lr=1.31e-04 grad_norm=0.1730
[step 21100/100000] loss=0.4168 mel=0.4104 dur=0.0065 lr=1.31e-04 grad_norm=0.2288
[step 21200/100000] loss=0.4143 mel=0.4079 dur=0.0064 lr=1.30e-04 grad_norm=0.1801
[step 21300/100000] loss=0.4157 mel=0.4090 dur=0.0067 lr=1.30e-04 grad_norm=0.2295
[step 21400/100000] loss=0.4159 mel=0.4093 dur=0.0066 lr=1.30e-04 grad_norm=0.1592
[step 21500/100000] loss=0.4152 mel=0.4086 dur=0.0066 lr=1.29e-04 grad_norm=0.1619
[step 21600/100000] loss=0.4174 mel=0.4109 dur=0.0065 lr=1.29e-04 grad_norm=0.1516
[step 21700/100000] loss=0.4195 mel=0.4131 dur=0.0063 lr=1.29e-04 grad_norm=0.1763
[step 21800/100000] loss=0.4143 mel=0.4077 dur=0.0065 lr=1.29e-04 grad_norm=0.1737
[step 21900/100000] loss=0.4121 mel=0.4058 dur=0.0063 lr=1.28e-04 grad_norm=0.2749
[step 22000/100000] loss=0.4144 mel=0.4078 dur=0.0065 lr=1.28e-04 grad_norm=0.4345
[val 22000] total=0.9494 mel=0.8792 dur=0.0701
[step 22100/100000] loss=0.4116 mel=0.4049 dur=0.0066 lr=1.28e-04 grad_norm=0.3262
[step 22200/100000] loss=0.4133 mel=0.4067 dur=0.0066 lr=1.27e-04 grad_norm=0.1533
[step 22300/100000] loss=0.4151 mel=0.4081 dur=0.0070 lr=1.27e-04 grad_norm=0.1881
[step 22400/100000] loss=0.4137 mel=0.4071 dur=0.0066 lr=1.27e-04 grad_norm=0.1436
[step 22500/100000] loss=0.4156 mel=0.4093 dur=0.0063 lr=1.26e-04 grad_norm=0.2087
[step 22600/100000] loss=0.4154 mel=0.4087 dur=0.0067 lr=1.26e-04 grad_norm=0.1911
[step 22700/100000] loss=0.4167 mel=0.4098 dur=0.0069 lr=1.26e-04 grad_norm=0.2606
[step 22800/100000] loss=0.4082 mel=0.4021 dur=0.0062 lr=1.26e-04 grad_norm=0.1517
[step 22900/100000] loss=0.4118 mel=0.4051 dur=0.0067 lr=1.25e-04 grad_norm=0.2218
[step 23000/100000] loss=0.4095 mel=0.4030 dur=0.0065 lr=1.25e-04 grad_norm=0.3069
[step 23100/100000] loss=0.4099 mel=0.4037 dur=0.0062 lr=1.25e-04 grad_norm=0.1427
[step 23200/100000] loss=0.4104 mel=0.4041 dur=0.0062 lr=1.25e-04 grad_norm=0.1777
[step 23300/100000] loss=0.4129 mel=0.4066 dur=0.0063 lr=1.24e-04 grad_norm=0.1729
[step 23400/100000] loss=0.4128 mel=0.4060 dur=0.0068 lr=1.24e-04 grad_norm=0.1965
[step 23500/100000] loss=0.4123 mel=0.4056 dur=0.0067 lr=1.24e-04 grad_norm=0.1706
[step 23600/100000] loss=0.4117 mel=0.4055 dur=0.0062 lr=1.24e-04 grad_norm=0.2095
[step 23700/100000] loss=0.4136 mel=0.4067 dur=0.0069 lr=1.23e-04 grad_norm=0.2505
[step 23800/100000] loss=0.4098 mel=0.4037 dur=0.0061 lr=1.23e-04 grad_norm=0.3173
[step 23900/100000] loss=0.4110 mel=0.4046 dur=0.0064 lr=1.23e-04 grad_norm=0.1918
[step 24000/100000] loss=0.4103 mel=0.4042 dur=0.0061 lr=1.22e-04 grad_norm=0.1405
[val 24000] total=0.9518 mel=0.8819 dur=0.0699
[step 24100/100000] loss=0.4099 mel=0.4036 dur=0.0063 lr=1.22e-04 grad_norm=0.2097
[step 24200/100000] loss=0.4073 mel=0.4009 dur=0.0063 lr=1.22e-04 grad_norm=0.1659
[step 24300/100000] loss=0.4073 mel=0.4013 dur=0.0060 lr=1.22e-04 grad_norm=0.1924
[step 24400/100000] loss=0.4067 mel=0.4007 dur=0.0060 lr=1.21e-04 grad_norm=0.3610
[step 24500/100000] loss=0.4006 mel=0.3944 dur=0.0062 lr=1.21e-04 grad_norm=0.2261
[step 24600/100000] loss=0.4071 mel=0.4012 dur=0.0059 lr=1.21e-04 grad_norm=0.2116
[step 24700/100000] loss=0.4078 mel=0.4015 dur=0.0063 lr=1.21e-04 grad_norm=0.4198
[step 24800/100000] loss=0.4044 mel=0.3985 dur=0.0059 lr=1.20e-04 grad_norm=0.2221
[step 24900/100000] loss=0.4139 mel=0.4070 dur=0.0069 lr=1.20e-04 grad_norm=0.1546
[step 25000/100000] loss=0.4036 mel=0.3972 dur=0.0064 lr=1.20e-04 grad_norm=0.1671
[step 25100/100000] loss=0.4032 mel=0.3973 dur=0.0059 lr=1.20e-04 grad_norm=0.1637
[step 25200/100000] loss=0.4068 mel=0.4006 dur=0.0061 lr=1.20e-04 grad_norm=0.1619
[step 25300/100000] loss=0.4053 mel=0.3993 dur=0.0060 lr=1.19e-04 grad_norm=0.1806
[step 25400/100000] loss=0.4066 mel=0.4004 dur=0.0062 lr=1.19e-04 grad_norm=0.2923
[step 25500/100000] loss=0.4001 mel=0.3938 dur=0.0063 lr=1.19e-04 grad_norm=0.2292
[step 25600/100000] loss=0.4041 mel=0.3979 dur=0.0062 lr=1.19e-04 grad_norm=0.2968
[step 25700/100000] loss=0.4056 mel=0.3996 dur=0.0060 lr=1.18e-04 grad_norm=0.2043
[step 25800/100000] loss=0.4041 mel=0.3980 dur=0.0061 lr=1.18e-04 grad_norm=0.1649
[step 25900/100000] loss=0.3980 mel=0.3922 dur=0.0059 lr=1.18e-04 grad_norm=0.2199
[step 26000/100000] loss=0.4032 mel=0.3972 dur=0.0060 lr=1.18e-04 grad_norm=0.1790
[val 26000] total=0.9558 mel=0.8862 dur=0.0696
[step 26100/100000] loss=0.4033 mel=0.3976 dur=0.0057 lr=1.17e-04 grad_norm=0.2154
[step 26200/100000] loss=0.4033 mel=0.3973 dur=0.0060 lr=1.17e-04 grad_norm=0.2141
[step 26300/100000] loss=0.4012 mel=0.3952 dur=0.0060 lr=1.17e-04 grad_norm=0.2988
[step 26400/100000] loss=0.4011 mel=0.3955 dur=0.0056 lr=1.17e-04 grad_norm=0.2778
[step 26500/100000] loss=0.4041 mel=0.3981 dur=0.0060 lr=1.17e-04 grad_norm=0.1965
[step 26600/100000] loss=0.3995 mel=0.3936 dur=0.0059 lr=1.16e-04 grad_norm=0.2601
[step 26700/100000] loss=0.4008 mel=0.3948 dur=0.0060 lr=1.16e-04 grad_norm=0.1586
[step 26800/100000] loss=0.4022 mel=0.3961 dur=0.0061 lr=1.16e-04 grad_norm=0.1595
[step 26900/100000] loss=0.4035 mel=0.3976 dur=0.0059 lr=1.16e-04 grad_norm=0.2039
[step 27000/100000] loss=0.4048 mel=0.3987 dur=0.0061 lr=1.15e-04 grad_norm=0.2128
[step 27100/100000] loss=0.3996 mel=0.3936 dur=0.0060 lr=1.15e-04 grad_norm=0.1838
[step 27200/100000] loss=0.3991 mel=0.3934 dur=0.0057 lr=1.15e-04 grad_norm=0.1824
[step 27300/100000] loss=0.4014 mel=0.3956 dur=0.0058 lr=1.15e-04 grad_norm=0.1812
[step 27400/100000] loss=0.4017 mel=0.3959 dur=0.0058 lr=1.15e-04 grad_norm=0.1669
[step 27500/100000] loss=0.3950 mel=0.3895 dur=0.0055 lr=1.14e-04 grad_norm=0.1510
[step 27600/100000] loss=0.4119 mel=0.4054 dur=0.0065 lr=1.14e-04 grad_norm=0.2247
[step 27700/100000] loss=0.3988 mel=0.3931 dur=0.0058 lr=1.14e-04 grad_norm=0.1619
[step 27800/100000] loss=0.4002 mel=0.3944 dur=0.0058 lr=1.14e-04 grad_norm=0.1662
[step 27900/100000] loss=0.3959 mel=0.3903 dur=0.0056 lr=1.14e-04 grad_norm=0.1998
[step 28000/100000] loss=0.3998 mel=0.3938 dur=0.0060 lr=1.13e-04 grad_norm=0.1550
[val 28000] total=0.9548 mel=0.8849 dur=0.0699
[step 28100/100000] loss=0.3969 mel=0.3914 dur=0.0055 lr=1.13e-04 grad_norm=0.1479
[step 28200/100000] loss=0.3996 mel=0.3939 dur=0.0057 lr=1.13e-04 grad_norm=0.3691
[step 28300/100000] loss=0.3963 mel=0.3905 dur=0.0058 lr=1.13e-04 grad_norm=0.2122
[step 28400/100000] loss=0.3941 mel=0.3880 dur=0.0060 lr=1.13e-04 grad_norm=0.2258
[step 28500/100000] loss=0.4022 mel=0.3966 dur=0.0055 lr=1.12e-04 grad_norm=0.1966
[step 28600/100000] loss=0.3994 mel=0.3939 dur=0.0055 lr=1.12e-04 grad_norm=0.1548
[step 28700/100000] loss=0.3984 mel=0.3929 dur=0.0055 lr=1.12e-04 grad_norm=0.1803
[step 28800/100000] loss=0.3998 mel=0.3942 dur=0.0056 lr=1.12e-04 grad_norm=0.1758
[step 28900/100000] loss=0.3950 mel=0.3895 dur=0.0055 lr=1.12e-04 grad_norm=0.1846
[step 29000/100000] loss=0.3985 mel=0.3927 dur=0.0058 lr=1.11e-04 grad_norm=0.2149
[step 29100/100000] loss=0.3989 mel=0.3930 dur=0.0058 lr=1.11e-04 grad_norm=0.1866
[step 29200/100000] loss=0.3947 mel=0.3889 dur=0.0058 lr=1.11e-04 grad_norm=0.1537
[step 29300/100000] loss=0.3954 mel=0.3899 dur=0.0055 lr=1.11e-04 grad_norm=0.1316
[step 29400/100000] loss=0.3961 mel=0.3904 dur=0.0056 lr=1.11e-04 grad_norm=0.2050
[step 29500/100000] loss=0.3959 mel=0.3905 dur=0.0055 lr=1.10e-04 grad_norm=0.1704
[step 29600/100000] loss=0.3958 mel=0.3904 dur=0.0054 lr=1.10e-04 grad_norm=0.2192
[step 29700/100000] loss=0.3951 mel=0.3894 dur=0.0057 lr=1.10e-04 grad_norm=0.2324
[step 29800/100000] loss=0.3955 mel=0.3899 dur=0.0057 lr=1.10e-04 grad_norm=0.1738
[step 29900/100000] loss=0.3934 mel=0.3877 dur=0.0057 lr=1.10e-04 grad_norm=0.1481
[step 30000/100000] loss=0.3946 mel=0.3890 dur=0.0055 lr=1.10e-04 grad_norm=0.1642
[val 30000] total=0.9561 mel=0.8857 dur=0.0704
[step 30100/100000] loss=0.3944 mel=0.3887 dur=0.0056 lr=1.09e-04 grad_norm=0.1461
[step 30200/100000] loss=0.3910 mel=0.3854 dur=0.0056 lr=1.09e-04 grad_norm=0.1947
[step 30300/100000] loss=0.3977 mel=0.3920 dur=0.0057 lr=1.09e-04 grad_norm=0.1527
[step 30400/100000] loss=0.3915 mel=0.3861 dur=0.0054 lr=1.09e-04 grad_norm=0.1695
[step 30500/100000] loss=0.3946 mel=0.3889 dur=0.0057 lr=1.09e-04 grad_norm=0.2398
[step 30600/100000] loss=0.3933 mel=0.3879 dur=0.0054 lr=1.08e-04 grad_norm=0.1803
[step 30700/100000] loss=0.3945 mel=0.3891 dur=0.0054 lr=1.08e-04 grad_norm=0.1781
[step 30800/100000] loss=0.3890 mel=0.3839 dur=0.0051 lr=1.08e-04 grad_norm=0.1705
[step 30900/100000] loss=0.3932 mel=0.3877 dur=0.0055 lr=1.08e-04 grad_norm=0.2763
[step 31000/100000] loss=0.3896 mel=0.3843 dur=0.0053 lr=1.08e-04 grad_norm=0.1550
[step 31100/100000] loss=0.3914 mel=0.3862 dur=0.0052 lr=1.08e-04 grad_norm=0.1910
[step 31200/100000] loss=0.3914 mel=0.3861 dur=0.0054 lr=1.07e-04 grad_norm=0.2000
[step 31300/100000] loss=0.3895 mel=0.3841 dur=0.0055 lr=1.07e-04 grad_norm=0.1586
[step 31400/100000] loss=0.3906 mel=0.3853 dur=0.0053 lr=1.07e-04 grad_norm=0.1506
[step 31500/100000] loss=0.3886 mel=0.3830 dur=0.0056 lr=1.07e-04 grad_norm=0.4010
[step 31600/100000] loss=0.3923 mel=0.3871 dur=0.0052 lr=1.07e-04 grad_norm=0.1843
[step 31700/100000] loss=0.3910 mel=0.3856 dur=0.0054 lr=1.07e-04 grad_norm=0.2450
[step 31800/100000] loss=0.3921 mel=0.3869 dur=0.0052 lr=1.06e-04 grad_norm=0.1581
[step 31900/100000] loss=0.3942 mel=0.3887 dur=0.0055 lr=1.06e-04 grad_norm=0.1543
[step 32000/100000] loss=0.3905 mel=0.3853 dur=0.0052 lr=1.06e-04 grad_norm=0.1484
[val 32000] total=0.9538 mel=0.8833 dur=0.0705
[step 32100/100000] loss=0.3920 mel=0.3864 dur=0.0056 lr=1.06e-04 grad_norm=0.1375
[step 32200/100000] loss=0.3894 mel=0.3840 dur=0.0055 lr=1.06e-04 grad_norm=0.1713
[step 32300/100000] loss=0.3886 mel=0.3833 dur=0.0052 lr=1.06e-04 grad_norm=0.2823
[step 32400/100000] loss=0.3887 mel=0.3834 dur=0.0053 lr=1.05e-04 grad_norm=0.1881
[step 32500/100000] loss=0.3889 mel=0.3837 dur=0.0052 lr=1.05e-04 grad_norm=0.1538
[step 32600/100000] loss=0.3900 mel=0.3842 dur=0.0058 lr=1.05e-04 grad_norm=0.1362
[step 32700/100000] loss=0.3903 mel=0.3851 dur=0.0053 lr=1.05e-04 grad_norm=0.2360
[step 32800/100000] loss=0.3921 mel=0.3869 dur=0.0052 lr=1.05e-04 grad_norm=0.1611
[step 32900/100000] loss=0.3906 mel=0.3852 dur=0.0053 lr=1.05e-04 grad_norm=0.2054
[step 33000/100000] loss=0.3858 mel=0.3808 dur=0.0050 lr=1.04e-04 grad_norm=0.1960
[step 33100/100000] loss=0.3895 mel=0.3843 dur=0.0053 lr=1.04e-04 grad_norm=0.1982
[step 33200/100000] loss=0.3885 mel=0.3830 dur=0.0054 lr=1.04e-04 grad_norm=0.1803
[step 33300/100000] loss=0.3852 mel=0.3798 dur=0.0054 lr=1.04e-04 grad_norm=0.1410
[step 33400/100000] loss=0.3918 mel=0.3866 dur=0.0052 lr=1.04e-04 grad_norm=0.3319
[step 33500/100000] loss=0.3912 mel=0.3858 dur=0.0054 lr=1.04e-04 grad_norm=0.1792
[step 33600/100000] loss=0.3839 mel=0.3788 dur=0.0051 lr=1.04e-04 grad_norm=0.1908
[step 33700/100000] loss=0.3899 mel=0.3845 dur=0.0054 lr=1.03e-04 grad_norm=0.1466
[step 33800/100000] loss=0.3891 mel=0.3841 dur=0.0050 lr=1.03e-04 grad_norm=0.1555
[step 33900/100000] loss=0.3885 mel=0.3834 dur=0.0051 lr=1.03e-04 grad_norm=0.1409
[step 34000/100000] loss=0.3894 mel=0.3839 dur=0.0055 lr=1.03e-04 grad_norm=0.1603
[val 34000] total=0.9560 mel=0.8850 dur=0.0710
[step 34100/100000] loss=0.3876 mel=0.3823 dur=0.0054 lr=1.03e-04 grad_norm=0.2615
[step 34200/100000] loss=0.3909 mel=0.3856 dur=0.0053 lr=1.03e-04 grad_norm=0.1815
[step 34300/100000] loss=0.3836 mel=0.3787 dur=0.0050 lr=1.02e-04 grad_norm=0.2283
[step 34400/100000] loss=0.3888 mel=0.3835 dur=0.0053 lr=1.02e-04 grad_norm=0.1459
[step 34500/100000] loss=0.3840 mel=0.3789 dur=0.0051 lr=1.02e-04 grad_norm=0.2209
[step 34600/100000] loss=0.3855 mel=0.3801 dur=0.0054 lr=1.02e-04 grad_norm=0.1891
[step 34700/100000] loss=0.3843 mel=0.3791 dur=0.0052 lr=1.02e-04 grad_norm=0.1928
[step 34800/100000] loss=0.3880 mel=0.3826 dur=0.0053 lr=1.02e-04 grad_norm=0.3388
[step 34900/100000] loss=0.3852 mel=0.3802 dur=0.0051 lr=1.02e-04 grad_norm=0.2295
[step 35000/100000] loss=0.3886 mel=0.3832 dur=0.0054 lr=1.01e-04 grad_norm=0.1812
[step 35100/100000] loss=0.3850 mel=0.3799 dur=0.0051 lr=1.01e-04 grad_norm=0.2596
[step 35200/100000] loss=0.3878 mel=0.3826 dur=0.0053 lr=1.01e-04 grad_norm=0.1473
[step 35300/100000] loss=0.3865 mel=0.3813 dur=0.0052 lr=1.01e-04 grad_norm=0.1984
[step 35400/100000] loss=0.3882 mel=0.3830 dur=0.0052 lr=1.01e-04 grad_norm=0.2234
[step 35500/100000] loss=0.3852 mel=0.3799 dur=0.0053 lr=1.01e-04 grad_norm=0.1627
[step 35600/100000] loss=0.3822 mel=0.3771 dur=0.0050 lr=1.01e-04 grad_norm=0.1377
[step 35700/100000] loss=0.3832 mel=0.3783 dur=0.0050 lr=1.00e-04 grad_norm=0.2730
[step 35800/100000] loss=0.3846 mel=0.3797 dur=0.0049 lr=1.00e-04 grad_norm=0.2455
[step 35900/100000] loss=0.3850 mel=0.3799 dur=0.0051 lr=1.00e-04 grad_norm=0.1807
[step 36000/100000] loss=0.3838 mel=0.3788 dur=0.0050 lr=1.00e-04 grad_norm=0.2044
[val 36000] total=0.9531 mel=0.8839 dur=0.0691
[step 36100/100000] loss=0.3830 mel=0.3779 dur=0.0051 lr=9.99e-05 grad_norm=0.2651
[step 36200/100000] loss=0.3843 mel=0.3788 dur=0.0054 lr=9.97e-05 grad_norm=0.1776
[step 36300/100000] loss=0.3863 mel=0.3812 dur=0.0051 lr=9.96e-05 grad_norm=0.2246
[step 36400/100000] loss=0.3825 mel=0.3774 dur=0.0051 lr=9.94e-05 grad_norm=0.1864
[step 36500/100000] loss=0.3830 mel=0.3779 dur=0.0051 lr=9.93e-05 grad_norm=0.2413
[step 36600/100000] loss=0.3840 mel=0.3790 dur=0.0050 lr=9.92e-05 grad_norm=0.2040
[step 36700/100000] loss=0.3832 mel=0.3777 dur=0.0055 lr=9.90e-05 grad_norm=0.2468
[step 36800/100000] loss=0.3884 mel=0.3832 dur=0.0052 lr=9.89e-05 grad_norm=0.1602
[step 36900/100000] loss=0.3844 mel=0.3793 dur=0.0051 lr=9.88e-05 grad_norm=0.1560
[step 37000/100000] loss=0.3834 mel=0.3783 dur=0.0052 lr=9.86e-05 grad_norm=0.2432
[step 37100/100000] loss=0.3837 mel=0.3788 dur=0.0049 lr=9.85e-05 grad_norm=0.2825
[step 37200/100000] loss=0.3802 mel=0.3748 dur=0.0054 lr=9.84e-05 grad_norm=0.1732
[step 37300/100000] loss=0.3830 mel=0.3778 dur=0.0051 lr=9.82e-05 grad_norm=0.2203
[step 37400/100000] loss=0.3822 mel=0.3771 dur=0.0050 lr=9.81e-05 grad_norm=0.1747
[step 37500/100000] loss=0.3829 mel=0.3780 dur=0.0049 lr=9.80e-05 grad_norm=0.1491
[step 37600/100000] loss=0.3831 mel=0.3781 dur=0.0050 lr=9.78e-05 grad_norm=0.1376
[step 37700/100000] loss=0.3846 mel=0.3794 dur=0.0052 lr=9.77e-05 grad_norm=0.1392
[step 37800/100000] loss=0.3827 mel=0.3776 dur=0.0051 lr=9.76e-05 grad_norm=0.1992
[step 37900/100000] loss=0.3801 mel=0.3753 dur=0.0049 lr=9.75e-05 grad_norm=0.2658
[step 38000/100000] loss=0.3813 mel=0.3765 dur=0.0049 lr=9.73e-05 grad_norm=0.1651
[val 38000] total=0.9566 mel=0.8869 dur=0.0697
[step 38100/100000] loss=0.3834 mel=0.3784 dur=0.0050 lr=9.72e-05 grad_norm=0.1306
[step 38200/100000] loss=0.3773 mel=0.3722 dur=0.0050 lr=9.71e-05 grad_norm=0.2064
[step 38300/100000] loss=0.3796 mel=0.3748 dur=0.0048 lr=9.70e-05 grad_norm=0.1467
[step 38400/100000] loss=0.3833 mel=0.3783 dur=0.0050 lr=9.68e-05 grad_norm=0.1786
[step 38500/100000] loss=0.3810 mel=0.3762 dur=0.0048 lr=9.67e-05 grad_norm=0.2109
[step 38600/100000] loss=0.3828 mel=0.3783 dur=0.0045 lr=9.66e-05 grad_norm=0.2187
[step 38700/100000] loss=0.3807 mel=0.3760 dur=0.0047 lr=9.64e-05 grad_norm=0.1532
[step 38800/100000] loss=0.3814 mel=0.3760 dur=0.0054 lr=9.63e-05 grad_norm=0.1342
[step 38900/100000] loss=0.3809 mel=0.3759 dur=0.0050 lr=9.62e-05 grad_norm=0.1549
[step 39000/100000] loss=0.3821 mel=0.3772 dur=0.0049 lr=9.61e-05 grad_norm=0.1581
[step 39100/100000] loss=0.3801 mel=0.3756 dur=0.0045 lr=9.60e-05 grad_norm=0.1470
[step 39200/100000] loss=0.3811 mel=0.3762 dur=0.0049 lr=9.58e-05 grad_norm=0.2088
[step 39300/100000] loss=0.3815 mel=0.3766 dur=0.0049 lr=9.57e-05 grad_norm=0.1641
[step 39400/100000] loss=0.3785 mel=0.3735 dur=0.0050 lr=9.56e-05 grad_norm=0.3591
[step 39500/100000] loss=0.3805 mel=0.3755 dur=0.0051 lr=9.55e-05 grad_norm=0.1414
[step 39600/100000] loss=0.3780 mel=0.3733 dur=0.0047 lr=9.53e-05 grad_norm=0.1363
[step 39700/100000] loss=0.3818 mel=0.3767 dur=0.0051 lr=9.52e-05 grad_norm=0.1772
[step 39800/100000] loss=0.3764 mel=0.3716 dur=0.0048 lr=9.51e-05 grad_norm=0.2293
[step 39900/100000] loss=0.3791 mel=0.3741 dur=0.0050 lr=9.50e-05 grad_norm=0.1674
[step 40000/100000] loss=0.3785 mel=0.3736 dur=0.0049 lr=9.49e-05 grad_norm=0.1558
[val 40000] total=0.9564 mel=0.8866 dur=0.0699
[step 40100/100000] loss=0.3797 mel=0.3750 dur=0.0047 lr=9.47e-05 grad_norm=0.1598
[step 40200/100000] loss=0.3741 mel=0.3694 dur=0.0047 lr=9.46e-05 grad_norm=0.1637
[step 40300/100000] loss=0.3781 mel=0.3732 dur=0.0049 lr=9.45e-05 grad_norm=0.3140
[step 40400/100000] loss=0.3785 mel=0.3740 dur=0.0045 lr=9.44e-05 grad_norm=0.1563
[step 40500/100000] loss=0.3790 mel=0.3744 dur=0.0046 lr=9.43e-05 grad_norm=0.1731
[step 40600/100000] loss=0.3773 mel=0.3727 dur=0.0047 lr=9.42e-05 grad_norm=0.3275
[step 40700/100000] loss=0.3766 mel=0.3718 dur=0.0048 lr=9.40e-05 grad_norm=0.1467
[step 40800/100000] loss=0.3777 mel=0.3732 dur=0.0045 lr=9.39e-05 grad_norm=0.1403
[step 40900/100000] loss=0.3804 mel=0.3755 dur=0.0049 lr=9.38e-05 grad_norm=0.1545
[step 41000/100000] loss=0.3791 mel=0.3745 dur=0.0046 lr=9.37e-05 grad_norm=0.1566
[step 41100/100000] loss=0.3761 mel=0.3714 dur=0.0047 lr=9.36e-05 grad_norm=0.1265
[step 41200/100000] loss=0.3790 mel=0.3747 dur=0.0043 lr=9.35e-05 grad_norm=0.1545
[step 41300/100000] loss=0.3868 mel=0.3815 dur=0.0053 lr=9.34e-05 grad_norm=0.1427
[step 41400/100000] loss=0.3763 mel=0.3715 dur=0.0049 lr=9.33e-05 grad_norm=0.1824
[step 41500/100000] loss=0.3759 mel=0.3709 dur=0.0050 lr=9.31e-05 grad_norm=0.1476
[step 41600/100000] loss=0.3764 mel=0.3719 dur=0.0045 lr=9.30e-05 grad_norm=0.2058
[step 41700/100000] loss=0.3768 mel=0.3721 dur=0.0047 lr=9.29e-05 grad_norm=0.1607
[step 41800/100000] loss=0.3792 mel=0.3746 dur=0.0046 lr=9.28e-05 grad_norm=0.1668
[step 41900/100000] loss=0.3779 mel=0.3732 dur=0.0047 lr=9.27e-05 grad_norm=0.1546
[step 42000/100000] loss=0.3770 mel=0.3721 dur=0.0049 lr=9.26e-05 grad_norm=0.2592
[val 42000] total=0.9558 mel=0.8875 dur=0.0684
[step 42100/100000] loss=0.3774 mel=0.3727 dur=0.0047 lr=9.25e-05 grad_norm=0.1726
[step 42200/100000] loss=0.3754 mel=0.3707 dur=0.0047 lr=9.24e-05 grad_norm=0.1455
[step 42300/100000] loss=0.3769 mel=0.3720 dur=0.0049 lr=9.23e-05 grad_norm=0.1345
[step 42400/100000] loss=0.3767 mel=0.3721 dur=0.0047 lr=9.21e-05 grad_norm=0.1545
[step 42500/100000] loss=0.3785 mel=0.3736 dur=0.0049 lr=9.20e-05 grad_norm=0.1962
[step 42600/100000] loss=0.3755 mel=0.3709 dur=0.0046 lr=9.19e-05 grad_norm=0.2236
[step 42700/100000] loss=0.3776 mel=0.3729 dur=0.0047 lr=9.18e-05 grad_norm=0.1448
[step 42800/100000] loss=0.3792 mel=0.3744 dur=0.0047 lr=9.17e-05 grad_norm=0.1571
[step 42900/100000] loss=0.3753 mel=0.3706 dur=0.0047 lr=9.16e-05 grad_norm=0.1689
[step 43000/100000] loss=0.3757 mel=0.3711 dur=0.0046 lr=9.15e-05 grad_norm=0.1528
[step 43100/100000] loss=0.3772 mel=0.3725 dur=0.0048 lr=9.14e-05 grad_norm=0.1406
[step 43200/100000] loss=0.3731 mel=0.3683 dur=0.0047 lr=9.13e-05 grad_norm=0.1498
[step 43300/100000] loss=0.3753 mel=0.3702 dur=0.0051 lr=9.12e-05 grad_norm=0.1575
[step 43400/100000] loss=0.3743 mel=0.3696 dur=0.0047 lr=9.11e-05 grad_norm=0.1303
[step 43500/100000] loss=0.3754 mel=0.3706 dur=0.0048 lr=9.10e-05 grad_norm=0.1432
[step 43600/100000] loss=0.3717 mel=0.3671 dur=0.0046 lr=9.09e-05 grad_norm=0.2534
[step 43700/100000] loss=0.3750 mel=0.3704 dur=0.0046 lr=9.08e-05 grad_norm=0.1659
[step 43800/100000] loss=0.3756 mel=0.3710 dur=0.0046 lr=9.07e-05 grad_norm=0.2581
[step 43900/100000] loss=0.3754 mel=0.3708 dur=0.0046 lr=9.06e-05 grad_norm=0.1544
[step 44000/100000] loss=0.3769 mel=0.3723 dur=0.0046 lr=9.05e-05 grad_norm=0.1841
[val 44000] total=0.9579 mel=0.8889 dur=0.0690
[step 44100/100000] loss=0.3751 mel=0.3706 dur=0.0045 lr=9.04e-05 grad_norm=0.2101
[step 44200/100000] loss=0.3732 mel=0.3685 dur=0.0047 lr=9.02e-05 grad_norm=0.1924
[step 44300/100000] loss=0.3766 mel=0.3720 dur=0.0046 lr=9.01e-05 grad_norm=0.1484
[step 44400/100000] loss=0.3739 mel=0.3694 dur=0.0045 lr=9.00e-05 grad_norm=0.2113
[step 44500/100000] loss=0.3729 mel=0.3683 dur=0.0046 lr=8.99e-05 grad_norm=0.1528
[step 44600/100000] loss=0.3745 mel=0.3701 dur=0.0044 lr=8.98e-05 grad_norm=0.1877
[step 44700/100000] loss=0.3720 mel=0.3674 dur=0.0045 lr=8.97e-05 grad_norm=0.2322
[step 44800/100000] loss=0.3730 mel=0.3686 dur=0.0044 lr=8.96e-05 grad_norm=0.1483
[step 44900/100000] loss=0.3734 mel=0.3690 dur=0.0044 lr=8.95e-05 grad_norm=0.1619
[step 45000/100000] loss=0.3744 mel=0.3696 dur=0.0047 lr=8.94e-05 grad_norm=0.1839
[step 45100/100000] loss=0.3726 mel=0.3683 dur=0.0043 lr=8.93e-05 grad_norm=0.1326
[step 45200/100000] loss=0.3721 mel=0.3675 dur=0.0047 lr=8.92e-05 grad_norm=0.1746
[step 45300/100000] loss=0.3719 mel=0.3676 dur=0.0043 lr=8.91e-05 grad_norm=0.1672
[step 45400/100000] loss=0.3739 mel=0.3692 dur=0.0046 lr=8.90e-05 grad_norm=0.1485
[step 45500/100000] loss=0.3733 mel=0.3689 dur=0.0044 lr=8.89e-05 grad_norm=0.1780
[step 45600/100000] loss=0.3752 mel=0.3706 dur=0.0046 lr=8.89e-05 grad_norm=0.1706
[step 45700/100000] loss=0.3719 mel=0.3676 dur=0.0044 lr=8.88e-05 grad_norm=0.1551
[step 45800/100000] loss=0.3709 mel=0.3665 dur=0.0045 lr=8.87e-05 grad_norm=0.1317
[step 45900/100000] loss=0.3742 mel=0.3697 dur=0.0045 lr=8.86e-05 grad_norm=0.1712
[step 46000/100000] loss=0.3739 mel=0.3695 dur=0.0044 lr=8.85e-05 grad_norm=0.1903
[val 46000] total=0.9571 mel=0.8877 dur=0.0695
[step 46100/100000] loss=0.3724 mel=0.3680 dur=0.0044 lr=8.84e-05 grad_norm=0.1391
[step 46200/100000] loss=0.3704 mel=0.3660 dur=0.0044 lr=8.83e-05 grad_norm=0.1298
[step 46300/100000] loss=0.3716 mel=0.3671 dur=0.0046 lr=8.82e-05 grad_norm=0.1463
[step 46400/100000] loss=0.3719 mel=0.3674 dur=0.0045 lr=8.81e-05 grad_norm=0.1824
[step 46500/100000] loss=0.3713 mel=0.3668 dur=0.0045 lr=8.80e-05 grad_norm=0.1960
[step 46600/100000] loss=0.3719 mel=0.3674 dur=0.0045 lr=8.79e-05 grad_norm=0.2866
[step 46700/100000] loss=0.3711 mel=0.3667 dur=0.0044 lr=8.78e-05 grad_norm=0.1615
[step 46800/100000] loss=0.3719 mel=0.3674 dur=0.0045 lr=8.77e-05 grad_norm=0.2336
[step 46900/100000] loss=0.3732 mel=0.3686 dur=0.0046 lr=8.76e-05 grad_norm=0.2041
[step 47000/100000] loss=0.3733 mel=0.3687 dur=0.0046 lr=8.75e-05 grad_norm=0.1581
[step 47100/100000] loss=0.3730 mel=0.3686 dur=0.0044 lr=8.74e-05 grad_norm=0.1741
[step 47200/100000] loss=0.3855 mel=0.3800 dur=0.0055 lr=8.73e-05 grad_norm=0.1486
[step 47300/100000] loss=0.3727 mel=0.3679 dur=0.0047 lr=8.72e-05 grad_norm=0.1495
[step 47400/100000] loss=0.3720 mel=0.3673 dur=0.0046 lr=8.71e-05 grad_norm=0.1690
[step 47500/100000] loss=0.3725 mel=0.3679 dur=0.0047 lr=8.71e-05 grad_norm=0.2753
[step 47600/100000] loss=0.3735 mel=0.3691 dur=0.0045 lr=8.70e-05 grad_norm=0.1365
[step 47700/100000] loss=0.3747 mel=0.3702 dur=0.0045 lr=8.69e-05 grad_norm=0.1600
[step 47800/100000] loss=0.3717 mel=0.3671 dur=0.0046 lr=8.68e-05 grad_norm=0.1501
[step 47900/100000] loss=0.3701 mel=0.3658 dur=0.0044 lr=8.67e-05 grad_norm=0.2112
[step 48000/100000] loss=0.3714 mel=0.3669 dur=0.0045 lr=8.66e-05 grad_norm=0.1900
[val 48000] total=0.9555 mel=0.8863 dur=0.0692
[step 48100/100000] loss=0.3715 mel=0.3672 dur=0.0043 lr=8.65e-05 grad_norm=0.1803
[step 48200/100000] loss=0.3712 mel=0.3667 dur=0.0046 lr=8.64e-05 grad_norm=0.1321
[step 48300/100000] loss=0.3695 mel=0.3653 dur=0.0042 lr=8.63e-05 grad_norm=0.1341
[step 48400/100000] loss=0.3682 mel=0.3639 dur=0.0043 lr=8.62e-05 grad_norm=0.1394
[step 48500/100000] loss=0.3705 mel=0.3657 dur=0.0047 lr=8.62e-05 grad_norm=0.1360
[step 48600/100000] loss=0.3698 mel=0.3653 dur=0.0045 lr=8.61e-05 grad_norm=0.1843
[step 48700/100000] loss=0.3690 mel=0.3645 dur=0.0045 lr=8.60e-05 grad_norm=0.1449
[step 48800/100000] loss=0.3714 mel=0.3669 dur=0.0045 lr=8.59e-05 grad_norm=0.2359
[step 48900/100000] loss=0.3694 mel=0.3651 dur=0.0043 lr=8.58e-05 grad_norm=0.1423
[step 49000/100000] loss=0.3659 mel=0.3617 dur=0.0042 lr=8.57e-05 grad_norm=0.2489
[step 49100/100000] loss=0.3693 mel=0.3647 dur=0.0045 lr=8.56e-05 grad_norm=0.1447
[step 49200/100000] loss=0.3701 mel=0.3657 dur=0.0044 lr=8.55e-05 grad_norm=0.1800
[step 49300/100000] loss=0.3706 mel=0.3660 dur=0.0046 lr=8.55e-05 grad_norm=0.1803
[step 49400/100000] loss=0.3671 mel=0.3629 dur=0.0042 lr=8.54e-05 grad_norm=0.1615
[step 49500/100000] loss=0.3689 mel=0.3645 dur=0.0044 lr=8.53e-05 grad_norm=0.1446
[step 49600/100000] loss=0.3699 mel=0.3657 dur=0.0041 lr=8.52e-05 grad_norm=0.1325
[step 49700/100000] loss=0.3708 mel=0.3665 dur=0.0044 lr=8.51e-05 grad_norm=0.1961
[step 49800/100000] loss=0.3685 mel=0.3640 dur=0.0044 lr=8.50e-05 grad_norm=0.1824
[step 49900/100000] loss=0.3674 mel=0.3632 dur=0.0043 lr=8.49e-05 grad_norm=0.3278
[step 50000/100000] loss=0.3712 mel=0.3670 dur=0.0041 lr=8.49e-05 grad_norm=0.1522
[val 50000] total=0.9540 mel=0.8847 dur=0.0693
[step 50100/100000] loss=0.3672 mel=0.3628 dur=0.0044 lr=8.48e-05 grad_norm=0.1563
[step 50200/100000] loss=0.3690 mel=0.3643 dur=0.0047 lr=8.47e-05 grad_norm=0.1403
[step 50300/100000] loss=0.3667 mel=0.3624 dur=0.0043 lr=8.46e-05 grad_norm=0.2493
[step 50400/100000] loss=0.3663 mel=0.3620 dur=0.0043 lr=8.45e-05 grad_norm=0.2773
[step 50500/100000] loss=0.3699 mel=0.3657 dur=0.0041 lr=8.44e-05 grad_norm=0.1998
[step 50600/100000] loss=0.3706 mel=0.3664 dur=0.0042 lr=8.43e-05 grad_norm=0.1506
[step 50700/100000] loss=0.3705 mel=0.3662 dur=0.0042 lr=8.43e-05 grad_norm=0.2295
[step 50800/100000] loss=0.3670 mel=0.3627 dur=0.0043 lr=8.42e-05 grad_norm=0.1786
[step 50900/100000] loss=0.3683 mel=0.3639 dur=0.0044 lr=8.41e-05 grad_norm=0.1501
[step 51000/100000] loss=0.3657 mel=0.3616 dur=0.0041 lr=8.40e-05 grad_norm=0.1404
[step 51100/100000] loss=0.3698 mel=0.3653 dur=0.0044 lr=8.39e-05 grad_norm=0.1214
[step 51200/100000] loss=0.3677 mel=0.3635 dur=0.0042 lr=8.39e-05 grad_norm=0.1911
[step 51300/100000] loss=0.3683 mel=0.3642 dur=0.0042 lr=8.38e-05 grad_norm=0.1526
[step 51400/100000] loss=0.3668 mel=0.3625 dur=0.0043 lr=8.37e-05 grad_norm=0.2159
[step 51500/100000] loss=0.3689 mel=0.3646 dur=0.0043 lr=8.36e-05 grad_norm=0.1332
[step 51600/100000] loss=0.3669 mel=0.3628 dur=0.0041 lr=8.35e-05 grad_norm=0.1379
[step 51700/100000] loss=0.3703 mel=0.3660 dur=0.0043 lr=8.34e-05 grad_norm=0.1594
[step 51800/100000] loss=0.3664 mel=0.3622 dur=0.0042 lr=8.34e-05 grad_norm=0.1410
[step 51900/100000] loss=0.3672 mel=0.3629 dur=0.0043 lr=8.33e-05 grad_norm=0.1418
[step 52000/100000] loss=0.3673 mel=0.3631 dur=0.0041 lr=8.32e-05 grad_norm=0.1362
[val 52000] total=0.9567 mel=0.8868 dur=0.0699
[step 52100/100000] loss=0.3689 mel=0.3643 dur=0.0047 lr=8.31e-05 grad_norm=0.1493
[step 52200/100000] loss=0.3693 mel=0.3651 dur=0.0042 lr=8.30e-05 grad_norm=0.1257
[step 52300/100000] loss=0.3677 mel=0.3635 dur=0.0043 lr=8.30e-05 grad_norm=0.1578
[step 52400/100000] loss=0.3687 mel=0.3645 dur=0.0042 lr=8.29e-05 grad_norm=0.1677
[step 52500/100000] loss=0.3678 mel=0.3634 dur=0.0045 lr=8.28e-05 grad_norm=0.1385
[step 52600/100000] loss=0.3664 mel=0.3621 dur=0.0043 lr=8.27e-05 grad_norm=0.1822
[step 52700/100000] loss=0.3682 mel=0.3639 dur=0.0043 lr=8.27e-05 grad_norm=0.1772
[step 52800/100000] loss=0.3654 mel=0.3611 dur=0.0042 lr=8.26e-05 grad_norm=0.2201
[step 52900/100000] loss=0.3697 mel=0.3655 dur=0.0042 lr=8.25e-05 grad_norm=0.1734
[step 53000/100000] loss=0.3654 mel=0.3613 dur=0.0040 lr=8.24e-05 grad_norm=0.1320
[step 53100/100000] loss=0.3630 mel=0.3588 dur=0.0042 lr=8.23e-05 grad_norm=0.1492
[step 53200/100000] loss=0.3682 mel=0.3640 dur=0.0043 lr=8.23e-05 grad_norm=0.1445
[step 53300/100000] loss=0.3677 mel=0.3635 dur=0.0042 lr=8.22e-05 grad_norm=0.1595
[step 53400/100000] loss=0.3671 mel=0.3630 dur=0.0041 lr=8.21e-05 grad_norm=0.1343
[step 53500/100000] loss=0.3667 mel=0.3625 dur=0.0041 lr=8.20e-05 grad_norm=0.1670
[step 53600/100000] loss=0.3665 mel=0.3623 dur=0.0042 lr=8.20e-05 grad_norm=0.1533
[step 53700/100000] loss=0.3670 mel=0.3631 dur=0.0039 lr=8.19e-05 grad_norm=0.1550
[step 53800/100000] loss=0.3673 mel=0.3629 dur=0.0044 lr=8.18e-05 grad_norm=0.1397
[step 53900/100000] loss=0.3675 mel=0.3632 dur=0.0043 lr=8.17e-05 grad_norm=0.2546
[step 54000/100000] loss=0.3635 mel=0.3590 dur=0.0044 lr=8.16e-05 grad_norm=0.1419
[val 54000] total=0.9542 mel=0.8858 dur=0.0685
[step 54100/100000] loss=0.3659 mel=0.3615 dur=0.0044 lr=8.16e-05 grad_norm=0.1911
[step 54200/100000] loss=0.3634 mel=0.3592 dur=0.0042 lr=8.15e-05 grad_norm=0.2024
[step 54300/100000] loss=0.3656 mel=0.3615 dur=0.0041 lr=8.14e-05 grad_norm=0.1422
[step 54400/100000] loss=0.3669 mel=0.3628 dur=0.0041 lr=8.13e-05 grad_norm=0.1403
[step 54500/100000] loss=0.3651 mel=0.3608 dur=0.0043 lr=8.13e-05 grad_norm=0.1699
[step 54600/100000] loss=0.3652 mel=0.3610 dur=0.0042 lr=8.12e-05 grad_norm=0.1643
[step 54700/100000] loss=0.3639 mel=0.3597 dur=0.0042 lr=8.11e-05 grad_norm=0.2114
[step 54800/100000] loss=0.3642 mel=0.3600 dur=0.0042 lr=8.11e-05 grad_norm=0.1353
[step 54900/100000] loss=0.3632 mel=0.3593 dur=0.0039 lr=8.10e-05 grad_norm=0.1647
[step 55000/100000] loss=0.3645 mel=0.3599 dur=0.0046 lr=8.09e-05 grad_norm=0.1990
[step 55100/100000] loss=0.3677 mel=0.3635 dur=0.0042 lr=8.08e-05 grad_norm=0.1548
[step 55200/100000] loss=0.3656 mel=0.3615 dur=0.0041 lr=8.08e-05 grad_norm=0.1378
[step 55300/100000] loss=0.3634 mel=0.3595 dur=0.0039 lr=8.07e-05 grad_norm=0.1600
[step 55400/100000] loss=0.3646 mel=0.3605 dur=0.0041 lr=8.06e-05 grad_norm=0.1601
[step 55500/100000] loss=0.3666 mel=0.3623 dur=0.0042 lr=8.05e-05 grad_norm=0.1499
[step 55600/100000] loss=0.3656 mel=0.3618 dur=0.0038 lr=8.05e-05 grad_norm=0.1288
[step 55700/100000] loss=0.3633 mel=0.3591 dur=0.0041 lr=8.04e-05 grad_norm=0.1614
[step 55800/100000] loss=0.3638 mel=0.3596 dur=0.0042 lr=8.03e-05 grad_norm=0.1575
[step 55900/100000] loss=0.3624 mel=0.3582 dur=0.0042 lr=8.03e-05 grad_norm=0.2239
[step 56000/100000] loss=0.3643 mel=0.3601 dur=0.0043 lr=8.02e-05 grad_norm=0.1375
[val 56000] total=0.9574 mel=0.8889 dur=0.0686
[step 56100/100000] loss=0.3630 mel=0.3588 dur=0.0041 lr=8.01e-05 grad_norm=0.2044
[step 56200/100000] loss=0.3667 mel=0.3624 dur=0.0043 lr=8.00e-05 grad_norm=0.1512
[step 56300/100000] loss=0.3651 mel=0.3609 dur=0.0042 lr=8.00e-05 grad_norm=0.1406
[step 56400/100000] loss=0.3661 mel=0.3620 dur=0.0041 lr=7.99e-05 grad_norm=0.1916
[step 56500/100000] loss=0.3629 mel=0.3590 dur=0.0039 lr=7.98e-05 grad_norm=0.2110
[step 56600/100000] loss=0.3625 mel=0.3582 dur=0.0043 lr=7.98e-05 grad_norm=0.2115
[step 56700/100000] loss=0.3631 mel=0.3589 dur=0.0042 lr=7.97e-05 grad_norm=0.1411
[step 56800/100000] loss=0.3647 mel=0.3606 dur=0.0041 lr=7.96e-05 grad_norm=0.1624
[step 56900/100000] loss=0.3642 mel=0.3601 dur=0.0042 lr=7.95e-05 grad_norm=0.1475
[step 57000/100000] loss=0.3636 mel=0.3593 dur=0.0042 lr=7.95e-05 grad_norm=0.1919
[step 57100/100000] loss=0.3631 mel=0.3589 dur=0.0042 lr=7.94e-05 grad_norm=0.1730
[step 57200/100000] loss=0.3652 mel=0.3610 dur=0.0042 lr=7.93e-05 grad_norm=0.1497
[step 57300/100000] loss=0.3662 mel=0.3622 dur=0.0040 lr=7.93e-05 grad_norm=0.1578
[step 57400/100000] loss=0.3641 mel=0.3601 dur=0.0040 lr=7.92e-05 grad_norm=0.1539
[step 57500/100000] loss=0.3626 mel=0.3585 dur=0.0041 lr=7.91e-05 grad_norm=0.2080
[step 57600/100000] loss=0.3637 mel=0.3596 dur=0.0040 lr=7.91e-05 grad_norm=0.1800
[step 57700/100000] loss=0.3645 mel=0.3603 dur=0.0042 lr=7.90e-05 grad_norm=0.1679
[step 57800/100000] loss=0.3633 mel=0.3592 dur=0.0041 lr=7.89e-05 grad_norm=0.1386
[step 57900/100000] loss=0.3636 mel=0.3596 dur=0.0040 lr=7.89e-05 grad_norm=0.1260
[step 58000/100000] loss=0.3622 mel=0.3583 dur=0.0040 lr=7.88e-05 grad_norm=0.1789
[val 58000] total=0.9559 mel=0.8871 dur=0.0688
[step 58100/100000] loss=0.3643 mel=0.3604 dur=0.0039 lr=7.87e-05 grad_norm=0.1963
[step 58200/100000] loss=0.3648 mel=0.3606 dur=0.0043 lr=7.86e-05 grad_norm=0.2303
[step 58300/100000] loss=0.3627 mel=0.3587 dur=0.0040 lr=7.86e-05 grad_norm=0.1444
[step 58400/100000] loss=0.3650 mel=0.3606 dur=0.0044 lr=7.85e-05 grad_norm=0.1438
[step 58500/100000] loss=0.3627 mel=0.3589 dur=0.0038 lr=7.84e-05 grad_norm=0.1385
[step 58600/100000] loss=0.3629 mel=0.3591 dur=0.0038 lr=7.84e-05 grad_norm=0.1772
[step 58700/100000] loss=0.3610 mel=0.3569 dur=0.0041 lr=7.83e-05 grad_norm=0.1327
[step 58800/100000] loss=0.3653 mel=0.3610 dur=0.0043 lr=7.82e-05 grad_norm=0.2772
[step 58900/100000] loss=0.3638 mel=0.3594 dur=0.0044 lr=7.82e-05 grad_norm=0.1488
[step 59000/100000] loss=0.3628 mel=0.3590 dur=0.0038 lr=7.81e-05 grad_norm=0.1554
[step 59100/100000] loss=0.3641 mel=0.3603 dur=0.0038 lr=7.80e-05 grad_norm=0.1512
[step 59200/100000] loss=0.3610 mel=0.3570 dur=0.0041 lr=7.80e-05 grad_norm=0.1717
[step 59300/100000] loss=0.3638 mel=0.3596 dur=0.0042 lr=7.79e-05 grad_norm=0.1467
[step 59400/100000] loss=0.3627 mel=0.3587 dur=0.0040 lr=7.78e-05 grad_norm=0.2018
[step 59500/100000] loss=0.3639 mel=0.3599 dur=0.0041 lr=7.78e-05 grad_norm=0.1694
[step 59600/100000] loss=0.3593 mel=0.3556 dur=0.0037 lr=7.77e-05 grad_norm=0.1450
[step 59700/100000] loss=0.3600 mel=0.3558 dur=0.0042 lr=7.77e-05 grad_norm=0.2387
[step 59800/100000] loss=0.3619 mel=0.3577 dur=0.0042 lr=7.76e-05 grad_norm=0.1822
[step 59900/100000] loss=0.3631 mel=0.3591 dur=0.0039 lr=7.75e-05 grad_norm=0.1276
[step 60000/100000] loss=0.3590 mel=0.3550 dur=0.0040 lr=7.75e-05 grad_norm=0.1642
[val 60000] total=0.9545 mel=0.8858 dur=0.0687
[step 60100/100000] loss=0.3611 mel=0.3571 dur=0.0040 lr=7.74e-05 grad_norm=0.1765
[step 60200/100000] loss=0.3594 mel=0.3557 dur=0.0038 lr=7.73e-05 grad_norm=0.1420
[step 60300/100000] loss=0.3635 mel=0.3595 dur=0.0041 lr=7.73e-05 grad_norm=0.1381
[step 60400/100000] loss=0.3621 mel=0.3581 dur=0.0040 lr=7.72e-05 grad_norm=0.1689
[step 60500/100000] loss=0.3588 mel=0.3548 dur=0.0040 lr=7.71e-05 grad_norm=0.1315
[step 60600/100000] loss=0.3600 mel=0.3560 dur=0.0040 lr=7.71e-05 grad_norm=0.1675
[step 60700/100000] loss=0.3625 mel=0.3586 dur=0.0039 lr=7.70e-05 grad_norm=0.1564
[step 60800/100000] loss=0.3625 mel=0.3586 dur=0.0039 lr=7.69e-05 grad_norm=0.2016
[step 60900/100000] loss=0.3621 mel=0.3581 dur=0.0040 lr=7.69e-05 grad_norm=0.1340
[step 61000/100000] loss=0.3606 mel=0.3567 dur=0.0039 lr=7.68e-05 grad_norm=0.1427
[step 61100/100000] loss=0.3602 mel=0.3561 dur=0.0041 lr=7.68e-05 grad_norm=0.1633
[step 61200/100000] loss=0.3613 mel=0.3574 dur=0.0039 lr=7.67e-05 grad_norm=0.1306
[step 61300/100000] loss=0.3632 mel=0.3594 dur=0.0039 lr=7.66e-05 grad_norm=0.1400
[step 61400/100000] loss=0.3591 mel=0.3552 dur=0.0039 lr=7.66e-05 grad_norm=0.1866
[step 61500/100000] loss=0.3616 mel=0.3577 dur=0.0039 lr=7.65e-05 grad_norm=0.1936
[step 61600/100000] loss=0.3586 mel=0.3547 dur=0.0038 lr=7.64e-05 grad_norm=0.1676
[step 61700/100000] loss=0.3605 mel=0.3564 dur=0.0040 lr=7.64e-05 grad_norm=0.1390
[step 61800/100000] loss=0.3604 mel=0.3565 dur=0.0039 lr=7.63e-05 grad_norm=0.1469
[step 61900/100000] loss=0.3617 mel=0.3578 dur=0.0039 lr=7.63e-05 grad_norm=0.1858
[step 62000/100000] loss=0.3610 mel=0.3571 dur=0.0039 lr=7.62e-05 grad_norm=0.2051
[val 62000] total=0.9547 mel=0.8857 dur=0.0690
[step 62100/100000] loss=0.3642 mel=0.3603 dur=0.0039 lr=7.61e-05 grad_norm=0.1309
[step 62200/100000] loss=0.3600 mel=0.3560 dur=0.0040 lr=7.61e-05 grad_norm=0.1759
[step 62300/100000] loss=0.3610 mel=0.3569 dur=0.0040 lr=7.60e-05 grad_norm=0.1495
[step 62400/100000] loss=0.3600 mel=0.3561 dur=0.0040 lr=7.60e-05 grad_norm=0.1615
[step 62500/100000] loss=0.3601 mel=0.3562 dur=0.0038 lr=7.59e-05 grad_norm=0.2192
[step 62600/100000] loss=0.3612 mel=0.3572 dur=0.0040 lr=7.58e-05 grad_norm=0.2164
[step 62700/100000] loss=0.3611 mel=0.3574 dur=0.0038 lr=7.58e-05 grad_norm=0.1479
[step 62800/100000] loss=0.3606 mel=0.3565 dur=0.0041 lr=7.57e-05 grad_norm=0.1401
[step 62900/100000] loss=0.3615 mel=0.3575 dur=0.0040 lr=7.57e-05 grad_norm=0.1912
[step 63000/100000] loss=0.3567 mel=0.3530 dur=0.0037 lr=7.56e-05 grad_norm=0.1849
[step 63100/100000] loss=0.3599 mel=0.3559 dur=0.0040 lr=7.55e-05 grad_norm=0.1320
[step 63200/100000] loss=0.3621 mel=0.3582 dur=0.0039 lr=7.55e-05 grad_norm=0.1303
[step 63300/100000] loss=0.3586 mel=0.3548 dur=0.0038 lr=7.54e-05 grad_norm=0.1986
[step 63400/100000] loss=0.3624 mel=0.3586 dur=0.0038 lr=7.54e-05 grad_norm=0.1654
[step 63500/100000] loss=0.3591 mel=0.3552 dur=0.0040 lr=7.53e-05 grad_norm=0.1489
[step 63600/100000] loss=0.3593 mel=0.3554 dur=0.0039 lr=7.52e-05 grad_norm=0.1493
[step 63700/100000] loss=0.3569 mel=0.3529 dur=0.0040 lr=7.52e-05 grad_norm=0.2036
[step 63800/100000] loss=0.3608 mel=0.3567 dur=0.0041 lr=7.51e-05 grad_norm=0.1415
[step 63900/100000] loss=0.3570 mel=0.3533 dur=0.0037 lr=7.51e-05 grad_norm=0.1313
[step 64000/100000] loss=0.3600 mel=0.3562 dur=0.0038 lr=7.50e-05 grad_norm=0.1339
[val 64000] total=0.9576 mel=0.8881 dur=0.0694
[step 64100/100000] loss=0.3592 mel=0.3553 dur=0.0038 lr=7.49e-05 grad_norm=0.2320
[step 64200/100000] loss=0.3605 mel=0.3567 dur=0.0038 lr=7.49e-05 grad_norm=0.1461
[step 64300/100000] loss=0.3578 mel=0.3539 dur=0.0040 lr=7.48e-05 grad_norm=0.1313
[step 64400/100000] loss=0.3627 mel=0.3588 dur=0.0039 lr=7.48e-05 grad_norm=0.1457
[step 64500/100000] loss=0.3602 mel=0.3565 dur=0.0038 lr=7.47e-05 grad_norm=0.1875
[step 64600/100000] loss=0.3585 mel=0.3544 dur=0.0040 lr=7.47e-05 grad_norm=0.1380
[step 64700/100000] loss=0.3576 mel=0.3539 dur=0.0038 lr=7.46e-05 grad_norm=0.1700
[step 64800/100000] loss=0.3604 mel=0.3565 dur=0.0040 lr=7.45e-05 grad_norm=0.1314
[step 64900/100000] loss=0.3590 mel=0.3552 dur=0.0038 lr=7.45e-05 grad_norm=0.1672
[step 65000/100000] loss=0.3597 mel=0.3558 dur=0.0040 lr=7.44e-05 grad_norm=0.1321
[step 65100/100000] loss=0.3604 mel=0.3562 dur=0.0042 lr=7.44e-05 grad_norm=0.1458
[step 65200/100000] loss=0.3612 mel=0.3573 dur=0.0039 lr=7.43e-05 grad_norm=0.1454
[step 65300/100000] loss=0.3606 mel=0.3570 dur=0.0037 lr=7.42e-05 grad_norm=0.1595
[step 65400/100000] loss=0.3591 mel=0.3552 dur=0.0039 lr=7.42e-05 grad_norm=0.1834
[step 65500/100000] loss=0.3583 mel=0.3543 dur=0.0040 lr=7.41e-05 grad_norm=0.1751
[step 65600/100000] loss=0.3562 mel=0.3524 dur=0.0039 lr=7.41e-05 grad_norm=0.1861
[step 65700/100000] loss=0.3600 mel=0.3562 dur=0.0038 lr=7.40e-05 grad_norm=0.1305
[step 65800/100000] loss=0.3623 mel=0.3584 dur=0.0040 lr=7.40e-05 grad_norm=0.1570
[step 65900/100000] loss=0.3573 mel=0.3534 dur=0.0040 lr=7.39e-05 grad_norm=0.2137
[step 66000/100000] loss=0.3595 mel=0.3556 dur=0.0040 lr=7.39e-05 grad_norm=0.1230
[val 66000] total=0.9543 mel=0.8854 dur=0.0689
[step 66100/100000] loss=0.3567 mel=0.3528 dur=0.0039 lr=7.38e-05 grad_norm=0.1153
[step 66200/100000] loss=0.3603 mel=0.3563 dur=0.0040 lr=7.37e-05 grad_norm=0.1473
[step 66300/100000] loss=0.3594 mel=0.3557 dur=0.0038 lr=7.37e-05 grad_norm=0.1731
[step 66400/100000] loss=0.3561 mel=0.3523 dur=0.0038 lr=7.36e-05 grad_norm=0.1368
[step 66500/100000] loss=0.3570 mel=0.3532 dur=0.0039 lr=7.36e-05 grad_norm=0.1691
[step 66600/100000] loss=0.3585 mel=0.3546 dur=0.0039 lr=7.35e-05 grad_norm=0.1400
[step 66700/100000] loss=0.3587 mel=0.3547 dur=0.0039 lr=7.35e-05 grad_norm=0.1318
[step 66800/100000] loss=0.3595 mel=0.3557 dur=0.0038 lr=7.34e-05 grad_norm=0.1502
[step 66900/100000] loss=0.3581 mel=0.3542 dur=0.0038 lr=7.34e-05 grad_norm=0.1871
[step 67000/100000] loss=0.3583 mel=0.3545 dur=0.0038 lr=7.33e-05 grad_norm=0.1783
[step 67100/100000] loss=0.3558 mel=0.3520 dur=0.0038 lr=7.32e-05 grad_norm=0.1583
[step 67200/100000] loss=0.3581 mel=0.3542 dur=0.0039 lr=7.32e-05 grad_norm=0.1392
[step 67300/100000] loss=0.3560 mel=0.3522 dur=0.0038 lr=7.31e-05 grad_norm=0.1717
[step 67400/100000] loss=0.3577 mel=0.3539 dur=0.0037 lr=7.31e-05 grad_norm=0.1677
[step 67500/100000] loss=0.3586 mel=0.3548 dur=0.0038 lr=7.30e-05 grad_norm=0.1731
[step 67600/100000] loss=0.3585 mel=0.3545 dur=0.0040 lr=7.30e-05 grad_norm=0.1489
[step 67700/100000] loss=0.3569 mel=0.3529 dur=0.0040 lr=7.29e-05 grad_norm=0.1264
[step 67800/100000] loss=0.3570 mel=0.3531 dur=0.0039 lr=7.29e-05 grad_norm=0.1451
[step 67900/100000] loss=0.3601 mel=0.3563 dur=0.0038 lr=7.28e-05 grad_norm=0.1881
[step 68000/100000] loss=0.3596 mel=0.3556 dur=0.0040 lr=7.28e-05 grad_norm=0.1550
[val 68000] total=0.9537 mel=0.8849 dur=0.0688
[step 68100/100000] loss=0.3548 mel=0.3510 dur=0.0038 lr=7.27e-05 grad_norm=0.1687
[step 68200/100000] loss=0.3611 mel=0.3573 dur=0.0038 lr=7.27e-05 grad_norm=0.1439
[step 68300/100000] loss=0.3569 mel=0.3528 dur=0.0041 lr=7.26e-05 grad_norm=0.1967
[step 68400/100000] loss=0.3550 mel=0.3513 dur=0.0037 lr=7.25e-05 grad_norm=0.1519
[step 68500/100000] loss=0.3554 mel=0.3518 dur=0.0037 lr=7.25e-05 grad_norm=0.1441
[step 68600/100000] loss=0.3597 mel=0.3558 dur=0.0039 lr=7.24e-05 grad_norm=0.2035
[step 68700/100000] loss=0.3567 mel=0.3529 dur=0.0038 lr=7.24e-05 grad_norm=0.1341
[step 68800/100000] loss=0.3570 mel=0.3533 dur=0.0037 lr=7.23e-05 grad_norm=0.1629
[step 68900/100000] loss=0.3585 mel=0.3547 dur=0.0039 lr=7.23e-05 grad_norm=0.1429
[step 69000/100000] loss=0.3571 mel=0.3534 dur=0.0037 lr=7.22e-05 grad_norm=0.1487
[step 69100/100000] loss=0.3575 mel=0.3537 dur=0.0038 lr=7.22e-05 grad_norm=0.1576
[step 69200/100000] loss=0.3587 mel=0.3547 dur=0.0041 lr=7.21e-05 grad_norm=0.1333
[step 69300/100000] loss=0.3550 mel=0.3513 dur=0.0038 lr=7.21e-05 grad_norm=0.1219
[step 69400/100000] loss=0.3558 mel=0.3521 dur=0.0037 lr=7.20e-05 grad_norm=0.1462
[step 69500/100000] loss=0.3544 mel=0.3507 dur=0.0037 lr=7.20e-05 grad_norm=0.1420
[step 69600/100000] loss=0.3550 mel=0.3513 dur=0.0037 lr=7.19e-05 grad_norm=0.1541
[step 69700/100000] loss=0.3560 mel=0.3521 dur=0.0038 lr=7.19e-05 grad_norm=0.1279
[step 69800/100000] loss=0.3543 mel=0.3506 dur=0.0036 lr=7.18e-05 grad_norm=0.2295
[step 69900/100000] loss=0.3550 mel=0.3513 dur=0.0037 lr=7.18e-05 grad_norm=0.1537
[step 70000/100000] loss=0.3550 mel=0.3513 dur=0.0037 lr=7.17e-05 grad_norm=0.1514
[val 70000] total=0.9525 mel=0.8834 dur=0.0691
[step 70100/100000] loss=0.3589 mel=0.3549 dur=0.0039 lr=7.17e-05 grad_norm=0.1410
[step 70200/100000] loss=0.3559 mel=0.3522 dur=0.0037 lr=7.16e-05 grad_norm=0.1322
[step 70300/100000] loss=0.3606 mel=0.3565 dur=0.0041 lr=7.16e-05 grad_norm=0.1350
[step 70400/100000] loss=0.3546 mel=0.3510 dur=0.0037 lr=7.15e-05 grad_norm=0.1589
[step 70500/100000] loss=0.3594 mel=0.3556 dur=0.0037 lr=7.15e-05 grad_norm=0.1360
[step 70600/100000] loss=0.3549 mel=0.3510 dur=0.0038 lr=7.14e-05 grad_norm=0.1261
[step 70700/100000] loss=0.3557 mel=0.3517 dur=0.0040 lr=7.14e-05 grad_norm=0.1498
[step 70800/100000] loss=0.3543 mel=0.3507 dur=0.0037 lr=7.13e-05 grad_norm=0.1752
[step 70900/100000] loss=0.3553 mel=0.3513 dur=0.0039 lr=7.13e-05 grad_norm=0.1421
[step 71000/100000] loss=0.3526 mel=0.3489 dur=0.0037 lr=7.12e-05 grad_norm=0.1361
[step 71100/100000] loss=0.3536 mel=0.3497 dur=0.0039 lr=7.12e-05 grad_norm=0.1390
[step 71200/100000] loss=0.3545 mel=0.3508 dur=0.0037 lr=7.11e-05 grad_norm=0.1635
[step 71300/100000] loss=0.3580 mel=0.3542 dur=0.0039 lr=7.11e-05 grad_norm=0.2298
[step 71400/100000] loss=0.3575 mel=0.3539 dur=0.0036 lr=7.10e-05 grad_norm=0.1302
[step 71500/100000] loss=0.3554 mel=0.3517 dur=0.0037 lr=7.10e-05 grad_norm=0.1793
[step 71600/100000] loss=0.3555 mel=0.3518 dur=0.0037 lr=7.09e-05 grad_norm=0.1274
[step 71700/100000] loss=0.3544 mel=0.3504 dur=0.0040 lr=7.09e-05 grad_norm=0.2718
[step 71800/100000] loss=0.3557 mel=0.3520 dur=0.0037 lr=7.08e-05 grad_norm=0.1270
[step 71900/100000] loss=0.3546 mel=0.3509 dur=0.0037 lr=7.08e-05 grad_norm=0.2337
[step 72000/100000] loss=0.3549 mel=0.3511 dur=0.0038 lr=7.07e-05 grad_norm=0.1431
[val 72000] total=0.9521 mel=0.8830 dur=0.0691
[step 72100/100000] loss=0.3560 mel=0.3522 dur=0.0038 lr=7.07e-05 grad_norm=0.1468
[step 72200/100000] loss=0.3558 mel=0.3520 dur=0.0038 lr=7.06e-05 grad_norm=0.1357
[step 72300/100000] loss=0.3572 mel=0.3532 dur=0.0040 lr=7.06e-05 grad_norm=0.1491
[step 72400/100000] loss=0.3540 mel=0.3502 dur=0.0038 lr=7.05e-05 grad_norm=0.1336
[step 72500/100000] loss=0.3568 mel=0.3531 dur=0.0037 lr=7.05e-05 grad_norm=0.1492
[step 72600/100000] loss=0.3572 mel=0.3537 dur=0.0035 lr=7.04e-05 grad_norm=0.1208
[step 72700/100000] loss=0.3564 mel=0.3527 dur=0.0037 lr=7.04e-05 grad_norm=0.1312
[step 72800/100000] loss=0.3538 mel=0.3499 dur=0.0038 lr=7.03e-05 grad_norm=0.1356
[step 72900/100000] loss=0.3551 mel=0.3516 dur=0.0035 lr=7.03e-05 grad_norm=0.2054
[step 73000/100000] loss=0.3550 mel=0.3514 dur=0.0036 lr=7.02e-05 grad_norm=0.1457
[step 73100/100000] loss=0.3551 mel=0.3514 dur=0.0038 lr=7.02e-05 grad_norm=0.1938
[step 73200/100000] loss=0.3549 mel=0.3514 dur=0.0035 lr=7.01e-05 grad_norm=0.1283
[step 73300/100000] loss=0.3563 mel=0.3526 dur=0.0037 lr=7.01e-05 grad_norm=0.1741
[step 73400/100000] loss=0.3544 mel=0.3508 dur=0.0037 lr=7.00e-05 grad_norm=0.1837
[step 73500/100000] loss=0.3530 mel=0.3493 dur=0.0037 lr=7.00e-05 grad_norm=0.2699
[step 73600/100000] loss=0.3532 mel=0.3495 dur=0.0037 lr=6.99e-05 grad_norm=0.1220
[step 73700/100000] loss=0.3505 mel=0.3468 dur=0.0037 lr=6.99e-05 grad_norm=0.1752
[step 73800/100000] loss=0.3537 mel=0.3502 dur=0.0035 lr=6.98e-05 grad_norm=0.1299
[step 73900/100000] loss=0.3539 mel=0.3501 dur=0.0038 lr=6.98e-05 grad_norm=0.2102
[step 74000/100000] loss=0.3551 mel=0.3515 dur=0.0037 lr=6.97e-05 grad_norm=0.1232
[val 74000] total=0.9556 mel=0.8859 dur=0.0697
[step 74100/100000] loss=0.3535 mel=0.3499 dur=0.0036 lr=6.97e-05 grad_norm=0.1641
[step 74200/100000] loss=0.3541 mel=0.3504 dur=0.0037 lr=6.97e-05 grad_norm=0.1577
[step 74300/100000] loss=0.3529 mel=0.3492 dur=0.0037 lr=6.96e-05 grad_norm=0.1503
[step 74400/100000] loss=0.3540 mel=0.3502 dur=0.0037 lr=6.96e-05 grad_norm=0.1409
[step 74500/100000] loss=0.3542 mel=0.3504 dur=0.0038 lr=6.95e-05 grad_norm=0.1328
[step 74600/100000] loss=0.3561 mel=0.3525 dur=0.0037 lr=6.95e-05 grad_norm=0.1745
[step 74700/100000] loss=0.3520 mel=0.3486 dur=0.0035 lr=6.94e-05 grad_norm=0.1425
[step 74800/100000] loss=0.3557 mel=0.3521 dur=0.0036 lr=6.94e-05 grad_norm=0.1369
[step 74900/100000] loss=0.3554 mel=0.3518 dur=0.0036 lr=6.93e-05 grad_norm=0.1280
[step 75000/100000] loss=0.3516 mel=0.3479 dur=0.0037 lr=6.93e-05 grad_norm=0.1397
[step 75100/100000] loss=0.3553 mel=0.3516 dur=0.0038 lr=6.92e-05 grad_norm=0.1793
[step 75200/100000] loss=0.3522 mel=0.3487 dur=0.0036 lr=6.92e-05 grad_norm=0.1510
[step 75300/100000] loss=0.3564 mel=0.3527 dur=0.0037 lr=6.91e-05 grad_norm=0.2258
[step 75400/100000] loss=0.3560 mel=0.3525 dur=0.0035 lr=6.91e-05 grad_norm=0.1567
[step 75500/100000] loss=0.3532 mel=0.3494 dur=0.0037 lr=6.91e-05 grad_norm=0.1653
[step 75600/100000] loss=0.3543 mel=0.3508 dur=0.0036 lr=6.90e-05 grad_norm=0.1663
[step 75700/100000] loss=0.3561 mel=0.3525 dur=0.0036 lr=6.90e-05 grad_norm=0.1692
[step 75800/100000] loss=0.3571 mel=0.3535 dur=0.0036 lr=6.89e-05 grad_norm=0.1316
[step 75900/100000] loss=0.3525 mel=0.3489 dur=0.0036 lr=6.89e-05 grad_norm=0.1157
[step 76000/100000] loss=0.3526 mel=0.3489 dur=0.0037 lr=6.88e-05 grad_norm=0.1528
[val 76000] total=0.9554 mel=0.8858 dur=0.0696
[step 76100/100000] loss=0.3512 mel=0.3476 dur=0.0037 lr=6.88e-05 grad_norm=0.1297
[step 76200/100000] loss=0.3557 mel=0.3518 dur=0.0040 lr=6.87e-05 grad_norm=0.1517
[step 76300/100000] loss=0.3527 mel=0.3490 dur=0.0037 lr=6.87e-05 grad_norm=0.1257
[step 76400/100000] loss=0.3513 mel=0.3478 dur=0.0036 lr=6.86e-05 grad_norm=0.2223
[step 76500/100000] loss=0.3551 mel=0.3516 dur=0.0035 lr=6.86e-05 grad_norm=0.2084
[step 76600/100000] loss=0.3502 mel=0.3467 dur=0.0035 lr=6.86e-05 grad_norm=0.1256
[step 76700/100000] loss=0.3549 mel=0.3514 dur=0.0035 lr=6.85e-05 grad_norm=0.1156
[step 76800/100000] loss=0.3542 mel=0.3506 dur=0.0037 lr=6.85e-05 grad_norm=0.1487
[step 76900/100000] loss=0.3520 mel=0.3485 dur=0.0036 lr=6.84e-05 grad_norm=0.1509
[step 77000/100000] loss=0.3517 mel=0.3481 dur=0.0036 lr=6.84e-05 grad_norm=0.1262
[step 77100/100000] loss=0.3515 mel=0.3476 dur=0.0039 lr=6.83e-05 grad_norm=0.1216
[step 77200/100000] loss=0.3544 mel=0.3505 dur=0.0038 lr=6.83e-05 grad_norm=0.2373
[step 77300/100000] loss=0.3553 mel=0.3517 dur=0.0036 lr=6.82e-05 grad_norm=0.1716
[step 77400/100000] loss=0.3535 mel=0.3498 dur=0.0037 lr=6.82e-05 grad_norm=0.1160
[step 77500/100000] loss=0.3533 mel=0.3496 dur=0.0037 lr=6.82e-05 grad_norm=0.1575
[step 77600/100000] loss=0.3547 mel=0.3511 dur=0.0036 lr=6.81e-05 grad_norm=0.1359
[step 77700/100000] loss=0.3529 mel=0.3493 dur=0.0036 lr=6.81e-05 grad_norm=0.1657
[step 77800/100000] loss=0.3518 mel=0.3485 dur=0.0034 lr=6.80e-05 grad_norm=0.1361
[step 77900/100000] loss=0.3514 mel=0.3478 dur=0.0036 lr=6.80e-05 grad_norm=0.1806
[step 78000/100000] loss=0.3523 mel=0.3488 dur=0.0036 lr=6.79e-05 grad_norm=0.1275
[val 78000] total=0.9560 mel=0.8858 dur=0.0702
[step 78100/100000] loss=0.3522 mel=0.3486 dur=0.0036 lr=6.79e-05 grad_norm=0.1702
[step 78200/100000] loss=0.3515 mel=0.3479 dur=0.0036 lr=6.78e-05 grad_norm=0.1530
[step 78300/100000] loss=0.3504 mel=0.3469 dur=0.0035 lr=6.78e-05 grad_norm=0.1659
[step 78400/100000] loss=0.3537 mel=0.3502 dur=0.0035 lr=6.78e-05 grad_norm=0.2018
[step 78500/100000] loss=0.3540 mel=0.3505 dur=0.0035 lr=6.77e-05 grad_norm=0.1578
[step 78600/100000] loss=0.3529 mel=0.3493 dur=0.0036 lr=6.77e-05 grad_norm=0.1696
[step 78700/100000] loss=0.3516 mel=0.3481 dur=0.0036 lr=6.76e-05 grad_norm=0.1861
[step 78800/100000] loss=0.3498 mel=0.3462 dur=0.0036 lr=6.76e-05 grad_norm=0.1274
[step 78900/100000] loss=0.3508 mel=0.3474 dur=0.0034 lr=6.75e-05 grad_norm=0.1412
[step 79000/100000] loss=0.3526 mel=0.3489 dur=0.0037 lr=6.75e-05 grad_norm=0.1519
[step 79100/100000] loss=0.3521 mel=0.3485 dur=0.0036 lr=6.75e-05 grad_norm=0.1502
[step 79200/100000] loss=0.3514 mel=0.3479 dur=0.0034 lr=6.74e-05 grad_norm=0.1428
[step 79300/100000] loss=0.3563 mel=0.3526 dur=0.0037 lr=6.74e-05 grad_norm=0.1471
[step 79400/100000] loss=0.3528 mel=0.3495 dur=0.0033 lr=6.73e-05 grad_norm=0.1538
[step 79500/100000] loss=0.3535 mel=0.3498 dur=0.0037 lr=6.73e-05 grad_norm=0.1547
[step 79600/100000] loss=0.3501 mel=0.3466 dur=0.0035 lr=6.73e-05 grad_norm=0.1259
[step 79700/100000] loss=0.3527 mel=0.3492 dur=0.0035 lr=6.72e-05 grad_norm=0.1192
[step 79800/100000] loss=0.3539 mel=0.3504 dur=0.0035 lr=6.72e-05 grad_norm=0.1529
[step 79900/100000] loss=0.3523 mel=0.3486 dur=0.0037 lr=6.71e-05 grad_norm=0.1293
[step 80000/100000] loss=0.3497 mel=0.3463 dur=0.0034 lr=6.71e-05 grad_norm=0.2022
[val 80000] total=0.9554 mel=0.8863 dur=0.0691
[step 80100/100000] loss=0.3515 mel=0.3480 dur=0.0035 lr=6.70e-05 grad_norm=0.1588
[step 80200/100000] loss=0.3528 mel=0.3491 dur=0.0036 lr=6.70e-05 grad_norm=0.1459
[step 80300/100000] loss=0.3523 mel=0.3487 dur=0.0036 lr=6.70e-05 grad_norm=0.1281
