warning: The `tool.uv.dev-dependencies` field (used in `pyproject.toml`) is deprecated and will be removed in a future release; use `dependency-groups.dev` instead
wandb: [wandb.login()] Loaded credentials for https://api.wandb.ai from WANDB_API_KEY.
wandb: Currently logged in as: cheolseok-k (cheolseok-k-sungkyunkwan-university) to https://api.wandb.ai. Use `wandb login --relogin` to force relogin
wandb: Tracking run with wandb version 0.27.0
wandb: Run data is saved locally in /home/cheolseok/audio/SLP-Assignment3/wandb/run-20260523_002452-pdak9pmz
wandb: Run `wandb offline` to turn off syncing.
wandb: Syncing run wise-sky-16
wandb: ⭐️ View project at https://wandb.ai/cheolseok-k-sungkyunkwan-university/fastspeech2-tts
wandb: 🚀 View run at https://wandb.ai/cheolseok-k-sungkyunkwan-university/fastspeech2-tts/runs/pdak9pmz
[train] device=cuda
[train] vocab_size=47, train=12500, val=100
[step 100/100000] loss=3.6608 mel=3.4906 dur=0.1702 lr=2.50e-05 grad_norm=2.5217
[step 200/100000] loss=1.9543 mel=1.8289 dur=0.1254 lr=5.00e-05 grad_norm=2.3887
[step 300/100000] loss=1.2371 mel=1.1286 dur=0.1085 lr=7.50e-05 grad_norm=2.5214
[step 400/100000] loss=1.0264 mel=0.9266 dur=0.0998 lr=1.00e-04 grad_norm=0.9466
[step 500/100000] loss=0.9669 mel=0.8756 dur=0.0913 lr=1.25e-04 grad_norm=1.0253
[step 600/100000] loss=0.9499 mel=0.8706 dur=0.0792 lr=1.50e-04 grad_norm=0.7919
[step 700/100000] loss=0.9399 mel=0.8591 dur=0.0808 lr=1.75e-04 grad_norm=1.1211
[step 800/100000] loss=0.9411 mel=0.8619 dur=0.0793 lr=2.00e-04 grad_norm=3.0498
[step 900/100000] loss=0.9055 mel=0.8311 dur=0.0744 lr=2.25e-04 grad_norm=1.4774
[step 1000/100000] loss=0.8917 mel=0.8219 dur=0.0698 lr=2.50e-04 grad_norm=1.8248
[step 1100/100000] loss=0.9079 mel=0.8370 dur=0.0710 lr=2.75e-04 grad_norm=1.7524
[step 1200/100000] loss=0.8686 mel=0.8045 dur=0.0640 lr=3.00e-04 grad_norm=2.6048
[step 1300/100000] loss=0.8868 mel=0.8106 dur=0.0762 lr=3.25e-04 grad_norm=1.5775
[step 1400/100000] loss=0.8398 mel=0.7791 dur=0.0606 lr=3.50e-04 grad_norm=1.2584
[step 1500/100000] loss=0.8962 mel=0.8273 dur=0.0688 lr=3.75e-04 grad_norm=0.5832
[step 1600/100000] loss=0.8446 mel=0.7875 dur=0.0571 lr=4.00e-04 grad_norm=1.7321
[step 1700/100000] loss=0.9079 mel=0.8411 dur=0.0668 lr=4.25e-04 grad_norm=1.8186
[step 1800/100000] loss=0.8541 mel=0.7942 dur=0.0599 lr=4.50e-04 grad_norm=0.5108
[step 1900/100000] loss=0.8585 mel=0.7926 dur=0.0659 lr=4.75e-04 grad_norm=0.4808
[step 2000/100000] loss=0.8323 mel=0.7662 dur=0.0661 lr=5.00e-04 grad_norm=1.4332
[val 2000] total=0.9137 mel=0.8440 dur=0.0697
  => best checkpoint (val=0.9137)
[step 2100/100000] loss=0.8958 mel=0.8219 dur=0.0738 lr=5.25e-04 grad_norm=1.9661
[step 2200/100000] loss=0.8767 mel=0.8105 dur=0.0661 lr=5.50e-04 grad_norm=0.5199
[step 2300/100000] loss=0.8574 mel=0.7863 dur=0.0711 lr=5.75e-04 grad_norm=0.4204
[step 2400/100000] loss=0.8456 mel=0.7758 dur=0.0698 lr=6.00e-04 grad_norm=0.4203
[step 2500/100000] loss=0.8807 mel=0.8040 dur=0.0766 lr=6.25e-04 grad_norm=2.3609
[step 2600/100000] loss=0.8499 mel=0.7835 dur=0.0664 lr=6.50e-04 grad_norm=0.5338
[step 2700/100000] loss=0.8689 mel=0.7977 dur=0.0712 lr=6.75e-04 grad_norm=0.5383
[step 2800/100000] loss=0.8548 mel=0.7827 dur=0.0720 lr=7.00e-04 grad_norm=1.0116
[step 2900/100000] loss=0.8837 mel=0.8027 dur=0.0810 lr=7.25e-04 grad_norm=1.0986
[step 3000/100000] loss=0.9013 mel=0.8098 dur=0.0915 lr=7.50e-04 grad_norm=0.7044
[step 3100/100000] loss=0.9302 mel=0.8516 dur=0.0786 lr=7.75e-04 grad_norm=1.0890
[step 3200/100000] loss=0.8880 mel=0.8098 dur=0.0783 lr=8.00e-04 grad_norm=0.6566
[step 3300/100000] loss=0.8970 mel=0.8138 dur=0.0831 lr=8.25e-04 grad_norm=0.6437
[step 3400/100000] loss=0.9036 mel=0.8262 dur=0.0774 lr=8.50e-04 grad_norm=2.3371
[step 3500/100000] loss=0.8929 mel=0.8161 dur=0.0768 lr=8.75e-04 grad_norm=0.4710
[step 3600/100000] loss=0.8806 mel=0.8113 dur=0.0693 lr=9.00e-04 grad_norm=0.4597
[step 3700/100000] loss=0.9008 mel=0.8232 dur=0.0777 lr=9.25e-04 grad_norm=1.1478
[step 3800/100000] loss=0.8905 mel=0.8106 dur=0.0799 lr=9.50e-04 grad_norm=0.4676
[step 3900/100000] loss=0.9211 mel=0.8445 dur=0.0766 lr=9.75e-04 grad_norm=0.9227
[step 4000/100000] loss=0.8775 mel=0.8060 dur=0.0715 lr=1.00e-03 grad_norm=0.4891
[val 4000] total=0.9757 mel=0.9085 dur=0.0673
[step 4100/100000] loss=0.8746 mel=0.7964 dur=0.0781 lr=9.88e-04 grad_norm=1.1247
[step 4200/100000] loss=0.8573 mel=0.7864 dur=0.0709 lr=9.76e-04 grad_norm=0.4171
[step 4300/100000] loss=0.8708 mel=0.8001 dur=0.0707 lr=9.64e-04 grad_norm=0.6864
[step 4400/100000] loss=0.8428 mel=0.7763 dur=0.0665 lr=9.53e-04 grad_norm=0.3053
[step 4500/100000] loss=0.8366 mel=0.7733 dur=0.0633 lr=9.43e-04 grad_norm=1.1278
[step 4600/100000] loss=0.8281 mel=0.7678 dur=0.0602 lr=9.33e-04 grad_norm=0.4271
[step 4700/100000] loss=0.8342 mel=0.7710 dur=0.0632 lr=9.23e-04 grad_norm=0.3665
[step 4800/100000] loss=0.8035 mel=0.7437 dur=0.0598 lr=9.13e-04 grad_norm=0.3249
[step 4900/100000] loss=0.8098 mel=0.7586 dur=0.0512 lr=9.04e-04 grad_norm=0.4824
[step 5000/100000] loss=0.8052 mel=0.7457 dur=0.0595 lr=8.94e-04 grad_norm=0.6885
[step 5100/100000] loss=0.7825 mel=0.7295 dur=0.0530 lr=8.86e-04 grad_norm=0.3248
[step 5200/100000] loss=0.7818 mel=0.7262 dur=0.0556 lr=8.77e-04 grad_norm=0.3866
[step 5300/100000] loss=0.7737 mel=0.7223 dur=0.0515 lr=8.69e-04 grad_norm=0.4686
[step 5400/100000] loss=0.7724 mel=0.7185 dur=0.0539 lr=8.61e-04 grad_norm=0.5005
[step 5500/100000] loss=0.7647 mel=0.7151 dur=0.0496 lr=8.53e-04 grad_norm=0.2745
[step 5600/100000] loss=0.7580 mel=0.7102 dur=0.0478 lr=8.45e-04 grad_norm=0.2296
[step 5700/100000] loss=0.7354 mel=0.6879 dur=0.0475 lr=8.38e-04 grad_norm=0.2978
[step 5800/100000] loss=0.7591 mel=0.7093 dur=0.0498 lr=8.30e-04 grad_norm=0.7085
[step 5900/100000] loss=0.7463 mel=0.7030 dur=0.0433 lr=8.23e-04 grad_norm=0.5498
[step 6000/100000] loss=0.7583 mel=0.7096 dur=0.0487 lr=8.16e-04 grad_norm=0.3507
[val 6000] total=0.9333 mel=0.8707 dur=0.0626
[step 6100/100000] loss=0.7376 mel=0.6969 dur=0.0407 lr=8.10e-04 grad_norm=0.5003
[step 6200/100000] loss=0.7374 mel=0.6946 dur=0.0428 lr=8.03e-04 grad_norm=0.2187
[step 6300/100000] loss=0.7234 mel=0.6825 dur=0.0409 lr=7.97e-04 grad_norm=0.2592
[step 6400/100000] loss=0.7296 mel=0.6850 dur=0.0446 lr=7.91e-04 grad_norm=0.2832
[step 6500/100000] loss=0.7199 mel=0.6795 dur=0.0404 lr=7.84e-04 grad_norm=0.6715
[step 6600/100000] loss=0.7213 mel=0.6797 dur=0.0416 lr=7.78e-04 grad_norm=0.2791
[step 6700/100000] loss=0.7236 mel=0.6826 dur=0.0411 lr=7.73e-04 grad_norm=0.3518
[step 6800/100000] loss=0.7172 mel=0.6762 dur=0.0410 lr=7.67e-04 grad_norm=0.4324
[step 6900/100000] loss=0.7101 mel=0.6697 dur=0.0404 lr=7.61e-04 grad_norm=0.2360
[step 7000/100000] loss=0.7020 mel=0.6655 dur=0.0365 lr=7.56e-04 grad_norm=0.2192
[step 7100/100000] loss=0.7012 mel=0.6630 dur=0.0382 lr=7.51e-04 grad_norm=0.6206
[step 7200/100000] loss=0.7015 mel=0.6646 dur=0.0369 lr=7.45e-04 grad_norm=0.1987
[step 7300/100000] loss=0.6919 mel=0.6560 dur=0.0359 lr=7.40e-04 grad_norm=0.2991
[step 7400/100000] loss=0.6866 mel=0.6496 dur=0.0370 lr=7.35e-04 grad_norm=0.2967
[step 7500/100000] loss=0.6943 mel=0.6605 dur=0.0339 lr=7.30e-04 grad_norm=0.2071
[step 7600/100000] loss=0.6904 mel=0.6555 dur=0.0349 lr=7.25e-04 grad_norm=0.1911
[step 7700/100000] loss=0.6846 mel=0.6511 dur=0.0335 lr=7.21e-04 grad_norm=0.3221
[step 7800/100000] loss=0.6877 mel=0.6529 dur=0.0349 lr=7.16e-04 grad_norm=0.2315
[step 7900/100000] loss=0.6795 mel=0.6480 dur=0.0315 lr=7.12e-04 grad_norm=0.1959
[step 8000/100000] loss=0.6867 mel=0.6512 dur=0.0355 lr=7.07e-04 grad_norm=0.3397
[val 8000] total=0.9456 mel=0.8807 dur=0.0649
[step 8100/100000] loss=0.6766 mel=0.6425 dur=0.0341 lr=7.03e-04 grad_norm=0.3089
[step 8200/100000] loss=0.6891 mel=0.6541 dur=0.0350 lr=6.98e-04 grad_norm=0.2031
[step 8300/100000] loss=0.6663 mel=0.6343 dur=0.0320 lr=6.94e-04 grad_norm=0.2919
[step 8400/100000] loss=0.6610 mel=0.6288 dur=0.0322 lr=6.90e-04 grad_norm=0.2180
[step 8500/100000] loss=0.6662 mel=0.6361 dur=0.0301 lr=6.86e-04 grad_norm=0.3389
[step 8600/100000] loss=0.6641 mel=0.6314 dur=0.0327 lr=6.82e-04 grad_norm=0.1539
[step 8700/100000] loss=0.6625 mel=0.6291 dur=0.0334 lr=6.78e-04 grad_norm=0.2160
[step 8800/100000] loss=0.6676 mel=0.6363 dur=0.0314 lr=6.74e-04 grad_norm=0.2633
[step 8900/100000] loss=0.6467 mel=0.6178 dur=0.0288 lr=6.70e-04 grad_norm=0.2541
[step 9000/100000] loss=0.6574 mel=0.6277 dur=0.0297 lr=6.67e-04 grad_norm=0.1854
[step 9100/100000] loss=0.6534 mel=0.6250 dur=0.0284 lr=6.63e-04 grad_norm=0.1901
[step 9200/100000] loss=0.6576 mel=0.6262 dur=0.0314 lr=6.59e-04 grad_norm=0.1920
[step 9300/100000] loss=0.6535 mel=0.6240 dur=0.0295 lr=6.56e-04 grad_norm=0.5269
[step 9400/100000] loss=0.6644 mel=0.6333 dur=0.0310 lr=6.52e-04 grad_norm=0.4824
[step 9500/100000] loss=0.6538 mel=0.6265 dur=0.0273 lr=6.49e-04 grad_norm=0.4968
[step 9600/100000] loss=0.6438 mel=0.6159 dur=0.0279 lr=6.45e-04 grad_norm=0.1897
[step 9700/100000] loss=0.6292 mel=0.6019 dur=0.0273 lr=6.42e-04 grad_norm=0.1650
[step 9800/100000] loss=0.6644 mel=0.6288 dur=0.0356 lr=6.39e-04 grad_norm=0.5122
[step 9900/100000] loss=0.6380 mel=0.6112 dur=0.0268 lr=6.36e-04 grad_norm=0.1849
[step 10000/100000] loss=0.6173 mel=0.5921 dur=0.0252 lr=6.32e-04 grad_norm=0.1836
[val 10000] total=0.9721 mel=0.9057 dur=0.0664
[step 10100/100000] loss=0.6286 mel=0.6034 dur=0.0252 lr=6.29e-04 grad_norm=0.1903
[step 10200/100000] loss=0.6343 mel=0.6087 dur=0.0256 lr=6.26e-04 grad_norm=0.2087
[step 10300/100000] loss=0.6234 mel=0.5973 dur=0.0261 lr=6.23e-04 grad_norm=0.1915
[step 10400/100000] loss=0.6216 mel=0.5964 dur=0.0251 lr=6.20e-04 grad_norm=0.2033
[step 10500/100000] loss=0.6274 mel=0.6023 dur=0.0251 lr=6.17e-04 grad_norm=0.1729
[step 10600/100000] loss=0.6255 mel=0.6014 dur=0.0240 lr=6.14e-04 grad_norm=0.1986
[step 10700/100000] loss=0.6276 mel=0.6027 dur=0.0249 lr=6.11e-04 grad_norm=0.1781
[step 10800/100000] loss=0.6243 mel=0.5992 dur=0.0250 lr=6.09e-04 grad_norm=0.2056
[step 10900/100000] loss=0.6192 mel=0.5936 dur=0.0255 lr=6.06e-04 grad_norm=0.1897
[step 11000/100000] loss=0.6098 mel=0.5866 dur=0.0231 lr=6.03e-04 grad_norm=0.1737
[step 11100/100000] loss=0.6188 mel=0.5939 dur=0.0249 lr=6.00e-04 grad_norm=0.1549
[step 11200/100000] loss=0.6118 mel=0.5890 dur=0.0228 lr=5.98e-04 grad_norm=0.1841
[step 11300/100000] loss=0.6258 mel=0.6016 dur=0.0242 lr=5.95e-04 grad_norm=0.3511
[step 11400/100000] loss=0.6146 mel=0.5908 dur=0.0238 lr=5.92e-04 grad_norm=0.2121
[step 11500/100000] loss=0.6058 mel=0.5818 dur=0.0240 lr=5.90e-04 grad_norm=0.1900
[step 11600/100000] loss=0.6078 mel=0.5858 dur=0.0219 lr=5.87e-04 grad_norm=0.1641
[step 11700/100000] loss=0.6117 mel=0.5870 dur=0.0247 lr=5.85e-04 grad_norm=0.1936
[step 11800/100000] loss=0.5954 mel=0.5742 dur=0.0212 lr=5.82e-04 grad_norm=0.1812
[step 11900/100000] loss=0.6002 mel=0.5747 dur=0.0255 lr=5.80e-04 grad_norm=0.1777
[step 12000/100000] loss=0.5977 mel=0.5753 dur=0.0224 lr=5.77e-04 grad_norm=0.2024
[val 12000] total=0.9690 mel=0.9019 dur=0.0672
[step 12100/100000] loss=0.6002 mel=0.5753 dur=0.0249 lr=5.75e-04 grad_norm=0.1773
[step 12200/100000] loss=0.5997 mel=0.5769 dur=0.0228 lr=5.73e-04 grad_norm=0.2360
[step 12300/100000] loss=0.6016 mel=0.5793 dur=0.0223 lr=5.70e-04 grad_norm=0.3041
[step 12400/100000] loss=0.5968 mel=0.5745 dur=0.0222 lr=5.68e-04 grad_norm=0.1914
[step 12500/100000] loss=0.5995 mel=0.5757 dur=0.0238 lr=5.66e-04 grad_norm=0.2824
[step 12600/100000] loss=0.5922 mel=0.5709 dur=0.0213 lr=5.63e-04 grad_norm=0.1968
[step 12700/100000] loss=0.5995 mel=0.5775 dur=0.0220 lr=5.61e-04 grad_norm=0.3289
[step 12800/100000] loss=0.5896 mel=0.5682 dur=0.0214 lr=5.59e-04 grad_norm=0.5510
[step 12900/100000] loss=0.6007 mel=0.5777 dur=0.0230 lr=5.57e-04 grad_norm=0.2161
[step 13000/100000] loss=0.5925 mel=0.5705 dur=0.0220 lr=5.55e-04 grad_norm=0.1698
[step 13100/100000] loss=0.5884 mel=0.5666 dur=0.0218 lr=5.53e-04 grad_norm=0.1780
[step 13200/100000] loss=0.5832 mel=0.5627 dur=0.0205 lr=5.50e-04 grad_norm=0.1907
[step 13300/100000] loss=0.5898 mel=0.5670 dur=0.0229 lr=5.48e-04 grad_norm=0.2031
[step 13400/100000] loss=0.5862 mel=0.5656 dur=0.0206 lr=5.46e-04 grad_norm=0.1780
[step 13500/100000] loss=0.5894 mel=0.5669 dur=0.0225 lr=5.44e-04 grad_norm=0.2948
[step 13600/100000] loss=0.5830 mel=0.5628 dur=0.0202 lr=5.42e-04 grad_norm=0.1805
[step 13700/100000] loss=0.5861 mel=0.5648 dur=0.0213 lr=5.40e-04 grad_norm=0.2439
[step 13800/100000] loss=0.5819 mel=0.5615 dur=0.0203 lr=5.38e-04 grad_norm=0.2746
[step 13900/100000] loss=0.6008 mel=0.5768 dur=0.0239 lr=5.36e-04 grad_norm=0.1875
[step 14000/100000] loss=0.5834 mel=0.5628 dur=0.0205 lr=5.35e-04 grad_norm=0.2430
[val 14000] total=0.9632 mel=0.8958 dur=0.0674
[step 14100/100000] loss=0.5854 mel=0.5645 dur=0.0209 lr=5.33e-04 grad_norm=0.2130
[step 14200/100000] loss=0.5836 mel=0.5645 dur=0.0190 lr=5.31e-04 grad_norm=0.1924
[step 14300/100000] loss=0.5818 mel=0.5626 dur=0.0192 lr=5.29e-04 grad_norm=0.1718
[step 14400/100000] loss=0.5743 mel=0.5550 dur=0.0193 lr=5.27e-04 grad_norm=0.1844
[step 14500/100000] loss=0.5849 mel=0.5643 dur=0.0206 lr=5.25e-04 grad_norm=0.1784
[step 14600/100000] loss=0.5719 mel=0.5513 dur=0.0206 lr=5.23e-04 grad_norm=0.3367
[step 14700/100000] loss=0.5778 mel=0.5587 dur=0.0191 lr=5.22e-04 grad_norm=0.2768
[step 14800/100000] loss=0.5758 mel=0.5571 dur=0.0188 lr=5.20e-04 grad_norm=0.2607
[step 14900/100000] loss=0.5675 mel=0.5495 dur=0.0181 lr=5.18e-04 grad_norm=0.1664
[step 15000/100000] loss=0.5687 mel=0.5508 dur=0.0179 lr=5.16e-04 grad_norm=0.1966
[step 15100/100000] loss=0.5711 mel=0.5522 dur=0.0190 lr=5.15e-04 grad_norm=0.1926
[step 15200/100000] loss=0.5662 mel=0.5471 dur=0.0192 lr=5.13e-04 grad_norm=0.2063
[step 15300/100000] loss=0.5628 mel=0.5449 dur=0.0179 lr=5.11e-04 grad_norm=0.1571
[step 15400/100000] loss=0.5677 mel=0.5482 dur=0.0194 lr=5.10e-04 grad_norm=0.2437
[step 15500/100000] loss=0.5623 mel=0.5436 dur=0.0187 lr=5.08e-04 grad_norm=0.1906
[step 15600/100000] loss=0.5604 mel=0.5409 dur=0.0195 lr=5.06e-04 grad_norm=0.3672
[step 15700/100000] loss=0.5611 mel=0.5429 dur=0.0182 lr=5.05e-04 grad_norm=0.1626
[step 15800/100000] loss=0.5632 mel=0.5455 dur=0.0178 lr=5.03e-04 grad_norm=0.1814
[step 15900/100000] loss=0.5588 mel=0.5422 dur=0.0166 lr=5.02e-04 grad_norm=0.1819
[step 16000/100000] loss=0.5576 mel=0.5390 dur=0.0186 lr=5.00e-04 grad_norm=0.1945
[val 16000] total=0.9706 mel=0.9038 dur=0.0667
[step 16100/100000] loss=0.5587 mel=0.5421 dur=0.0165 lr=4.98e-04 grad_norm=0.1850
[step 16200/100000] loss=0.5588 mel=0.5419 dur=0.0169 lr=4.97e-04 grad_norm=0.1505
[step 16300/100000] loss=0.5578 mel=0.5409 dur=0.0169 lr=4.95e-04 grad_norm=0.1380
[step 16400/100000] loss=0.5551 mel=0.5375 dur=0.0176 lr=4.94e-04 grad_norm=0.1545
[step 16500/100000] loss=0.5534 mel=0.5355 dur=0.0180 lr=4.92e-04 grad_norm=0.2653
[step 16600/100000] loss=0.5499 mel=0.5328 dur=0.0172 lr=4.91e-04 grad_norm=0.1555
[step 16700/100000] loss=0.5481 mel=0.5324 dur=0.0157 lr=4.89e-04 grad_norm=0.1435
[step 16800/100000] loss=0.5536 mel=0.5347 dur=0.0189 lr=4.88e-04 grad_norm=0.1411
[step 16900/100000] loss=0.5494 mel=0.5319 dur=0.0176 lr=4.87e-04 grad_norm=0.2086
[step 17000/100000] loss=0.5561 mel=0.5381 dur=0.0180 lr=4.85e-04 grad_norm=0.1806
[step 17100/100000] loss=0.5476 mel=0.5307 dur=0.0169 lr=4.84e-04 grad_norm=0.1479
[step 17200/100000] loss=0.5471 mel=0.5293 dur=0.0178 lr=4.82e-04 grad_norm=0.2460
[step 17300/100000] loss=0.5452 mel=0.5266 dur=0.0185 lr=4.81e-04 grad_norm=0.1803
[step 17400/100000] loss=0.5534 mel=0.5364 dur=0.0169 lr=4.79e-04 grad_norm=0.1553
[step 17500/100000] loss=0.5479 mel=0.5315 dur=0.0163 lr=4.78e-04 grad_norm=0.1670
[step 17600/100000] loss=0.5500 mel=0.5319 dur=0.0181 lr=4.77e-04 grad_norm=0.2191
[step 17700/100000] loss=0.5443 mel=0.5265 dur=0.0178 lr=4.75e-04 grad_norm=0.1779
[step 17800/100000] loss=0.5518 mel=0.5346 dur=0.0172 lr=4.74e-04 grad_norm=0.2038
[step 17900/100000] loss=0.5417 mel=0.5258 dur=0.0158 lr=4.73e-04 grad_norm=0.1628
[step 18000/100000] loss=0.5485 mel=0.5313 dur=0.0173 lr=4.71e-04 grad_norm=0.1470
[val 18000] total=0.9651 mel=0.8978 dur=0.0673
[step 18100/100000] loss=0.5469 mel=0.5298 dur=0.0171 lr=4.70e-04 grad_norm=0.1419
[step 18200/100000] loss=0.5460 mel=0.5290 dur=0.0170 lr=4.69e-04 grad_norm=0.2484
[step 18300/100000] loss=0.5433 mel=0.5275 dur=0.0158 lr=4.68e-04 grad_norm=0.2095
[step 18400/100000] loss=0.5444 mel=0.5280 dur=0.0164 lr=4.66e-04 grad_norm=0.2349
[step 18500/100000] loss=0.5358 mel=0.5201 dur=0.0156 lr=4.65e-04 grad_norm=0.1459
[step 18600/100000] loss=0.5407 mel=0.5238 dur=0.0169 lr=4.64e-04 grad_norm=0.1543
[step 18700/100000] loss=0.5434 mel=0.5265 dur=0.0168 lr=4.62e-04 grad_norm=0.2645
[step 18800/100000] loss=0.5411 mel=0.5243 dur=0.0168 lr=4.61e-04 grad_norm=0.1737
[step 18900/100000] loss=0.5396 mel=0.5230 dur=0.0165 lr=4.60e-04 grad_norm=0.1625
[step 19000/100000] loss=0.5415 mel=0.5253 dur=0.0161 lr=4.59e-04 grad_norm=0.1930
[step 19100/100000] loss=0.5358 mel=0.5201 dur=0.0157 lr=4.58e-04 grad_norm=0.1321
[step 19200/100000] loss=0.5335 mel=0.5176 dur=0.0160 lr=4.56e-04 grad_norm=0.1470
[step 19300/100000] loss=0.5367 mel=0.5212 dur=0.0155 lr=4.55e-04 grad_norm=0.1593
[step 19400/100000] loss=0.5340 mel=0.5175 dur=0.0164 lr=4.54e-04 grad_norm=0.1838
[step 19500/100000] loss=0.5331 mel=0.5171 dur=0.0160 lr=4.53e-04 grad_norm=0.2699
[step 19600/100000] loss=0.5321 mel=0.5146 dur=0.0175 lr=4.52e-04 grad_norm=0.2324
[step 19700/100000] loss=0.5298 mel=0.5141 dur=0.0157 lr=4.51e-04 grad_norm=0.1623
[step 19800/100000] loss=0.5215 mel=0.5065 dur=0.0150 lr=4.49e-04 grad_norm=0.1488
[step 19900/100000] loss=0.5335 mel=0.5169 dur=0.0166 lr=4.48e-04 grad_norm=0.1275
[step 20000/100000] loss=0.5273 mel=0.5117 dur=0.0155 lr=4.47e-04 grad_norm=0.1592
[val 20000] total=0.9690 mel=0.9040 dur=0.0650
[step 20100/100000] loss=0.5316 mel=0.5159 dur=0.0158 lr=4.46e-04 grad_norm=0.2333
[step 20200/100000] loss=0.5257 mel=0.5099 dur=0.0158 lr=4.45e-04 grad_norm=0.1936
[step 20300/100000] loss=0.5379 mel=0.5218 dur=0.0161 lr=4.44e-04 grad_norm=0.1923
[step 20400/100000] loss=0.5248 mel=0.5086 dur=0.0162 lr=4.43e-04 grad_norm=0.2430
[step 20500/100000] loss=0.5285 mel=0.5122 dur=0.0163 lr=4.42e-04 grad_norm=0.1519
[step 20600/100000] loss=0.5299 mel=0.5147 dur=0.0153 lr=4.41e-04 grad_norm=0.1818
[step 20700/100000] loss=0.5236 mel=0.5077 dur=0.0159 lr=4.40e-04 grad_norm=0.1642
[step 20800/100000] loss=0.5205 mel=0.5042 dur=0.0162 lr=4.39e-04 grad_norm=0.1510
[step 20900/100000] loss=0.5258 mel=0.5100 dur=0.0158 lr=4.37e-04 grad_norm=0.1608
[step 21000/100000] loss=0.5207 mel=0.5061 dur=0.0146 lr=4.36e-04 grad_norm=0.1245
[step 21100/100000] loss=0.5280 mel=0.5130 dur=0.0150 lr=4.35e-04 grad_norm=0.1518
[step 21200/100000] loss=0.5223 mel=0.5070 dur=0.0153 lr=4.34e-04 grad_norm=0.1640
[step 21300/100000] loss=0.5178 mel=0.5026 dur=0.0153 lr=4.33e-04 grad_norm=0.1219
[step 21400/100000] loss=0.5291 mel=0.5143 dur=0.0148 lr=4.32e-04 grad_norm=0.1397
[step 21500/100000] loss=0.5184 mel=0.5031 dur=0.0153 lr=4.31e-04 grad_norm=0.1589
[step 21600/100000] loss=0.5202 mel=0.5057 dur=0.0145 lr=4.30e-04 grad_norm=0.1439
[step 21700/100000] loss=0.5225 mel=0.5071 dur=0.0153 lr=4.29e-04 grad_norm=0.1404
[step 21800/100000] loss=0.5220 mel=0.5067 dur=0.0153 lr=4.28e-04 grad_norm=0.1673
[step 21900/100000] loss=0.5210 mel=0.5058 dur=0.0152 lr=4.27e-04 grad_norm=0.1603
[step 22000/100000] loss=0.5169 mel=0.5027 dur=0.0142 lr=4.26e-04 grad_norm=0.1632
[val 22000] total=0.9647 mel=0.9005 dur=0.0643
[step 22100/100000] loss=0.5236 mel=0.5092 dur=0.0144 lr=4.25e-04 grad_norm=0.1629
[step 22200/100000] loss=0.5205 mel=0.5067 dur=0.0138 lr=4.24e-04 grad_norm=0.1376
[step 22300/100000] loss=0.5204 mel=0.5052 dur=0.0152 lr=4.24e-04 grad_norm=0.1330
[step 22400/100000] loss=0.5168 mel=0.5027 dur=0.0142 lr=4.23e-04 grad_norm=0.1515
[step 22500/100000] loss=0.5191 mel=0.5045 dur=0.0146 lr=4.22e-04 grad_norm=0.1789
[step 22600/100000] loss=0.5136 mel=0.4996 dur=0.0140 lr=4.21e-04 grad_norm=0.1664
[step 22700/100000] loss=0.5187 mel=0.5042 dur=0.0145 lr=4.20e-04 grad_norm=0.1807
[step 22800/100000] loss=0.5136 mel=0.4993 dur=0.0143 lr=4.19e-04 grad_norm=0.1850
[step 22900/100000] loss=0.5133 mel=0.4985 dur=0.0149 lr=4.18e-04 grad_norm=0.1426
[step 23000/100000] loss=0.5175 mel=0.5033 dur=0.0142 lr=4.17e-04 grad_norm=0.1686
[step 23100/100000] loss=0.5137 mel=0.4993 dur=0.0144 lr=4.16e-04 grad_norm=0.1734
[step 23200/100000] loss=0.5120 mel=0.4977 dur=0.0142 lr=4.15e-04 grad_norm=0.1536
[step 23300/100000] loss=0.5066 mel=0.4914 dur=0.0152 lr=4.14e-04 grad_norm=0.1787
[step 23400/100000] loss=0.5118 mel=0.4984 dur=0.0134 lr=4.13e-04 grad_norm=0.1132
[step 23500/100000] loss=0.5152 mel=0.5005 dur=0.0147 lr=4.13e-04 grad_norm=0.1397
[step 23600/100000] loss=0.5105 mel=0.4958 dur=0.0146 lr=4.12e-04 grad_norm=0.1424
[step 23700/100000] loss=0.5078 mel=0.4935 dur=0.0143 lr=4.11e-04 grad_norm=0.1329
[step 23800/100000] loss=0.5180 mel=0.5045 dur=0.0135 lr=4.10e-04 grad_norm=0.2048
[step 23900/100000] loss=0.5076 mel=0.4939 dur=0.0137 lr=4.09e-04 grad_norm=0.1428
[step 24000/100000] loss=0.5126 mel=0.4990 dur=0.0136 lr=4.08e-04 grad_norm=0.1470
[val 24000] total=0.9755 mel=0.9089 dur=0.0666
[step 24100/100000] loss=0.5217 mel=0.5077 dur=0.0140 lr=4.07e-04 grad_norm=0.1603
[step 24200/100000] loss=0.5100 mel=0.4960 dur=0.0140 lr=4.07e-04 grad_norm=0.1309
[step 24300/100000] loss=0.5078 mel=0.4939 dur=0.0139 lr=4.06e-04 grad_norm=0.1620
[step 24400/100000] loss=0.5097 mel=0.4966 dur=0.0132 lr=4.05e-04 grad_norm=0.1365
[step 24500/100000] loss=0.5118 mel=0.4988 dur=0.0130 lr=4.04e-04 grad_norm=0.1731
[step 24600/100000] loss=0.5125 mel=0.4986 dur=0.0138 lr=4.03e-04 grad_norm=0.1560
[step 24700/100000] loss=0.4981 mel=0.4853 dur=0.0128 lr=4.02e-04 grad_norm=0.1451
[step 24800/100000] loss=0.5106 mel=0.4971 dur=0.0135 lr=4.02e-04 grad_norm=0.1460
[step 24900/100000] loss=0.5052 mel=0.4914 dur=0.0138 lr=4.01e-04 grad_norm=0.1326
[step 25000/100000] loss=0.5065 mel=0.4930 dur=0.0135 lr=4.00e-04 grad_norm=0.1390
[step 25100/100000] loss=0.5079 mel=0.4943 dur=0.0135 lr=3.99e-04 grad_norm=0.1996
[step 25200/100000] loss=0.5055 mel=0.4911 dur=0.0144 lr=3.98e-04 grad_norm=0.1308
[step 25300/100000] loss=0.5027 mel=0.4898 dur=0.0130 lr=3.98e-04 grad_norm=0.1322
[step 25400/100000] loss=0.5079 mel=0.4935 dur=0.0144 lr=3.97e-04 grad_norm=0.1388
[step 25500/100000] loss=0.5017 mel=0.4879 dur=0.0138 lr=3.96e-04 grad_norm=0.1651
[step 25600/100000] loss=0.5022 mel=0.4884 dur=0.0138 lr=3.95e-04 grad_norm=0.1569
[step 25700/100000] loss=0.4995 mel=0.4865 dur=0.0130 lr=3.95e-04 grad_norm=0.1533
[step 25800/100000] loss=0.5030 mel=0.4895 dur=0.0135 lr=3.94e-04 grad_norm=0.1430
[step 25900/100000] loss=0.4975 mel=0.4846 dur=0.0129 lr=3.93e-04 grad_norm=0.1361
[step 26000/100000] loss=0.5026 mel=0.4897 dur=0.0130 lr=3.92e-04 grad_norm=0.1735
[val 26000] total=0.9609 mel=0.8944 dur=0.0665
[step 26100/100000] loss=0.4995 mel=0.4854 dur=0.0141 lr=3.91e-04 grad_norm=0.1579
[step 26200/100000] loss=0.4979 mel=0.4852 dur=0.0127 lr=3.91e-04 grad_norm=0.1184
[step 26300/100000] loss=0.4984 mel=0.4855 dur=0.0129 lr=3.90e-04 grad_norm=0.1302
[step 26400/100000] loss=0.4955 mel=0.4818 dur=0.0138 lr=3.89e-04 grad_norm=0.1121
[step 26500/100000] loss=0.4976 mel=0.4843 dur=0.0133 lr=3.89e-04 grad_norm=0.1694
[step 26600/100000] loss=0.4972 mel=0.4845 dur=0.0128 lr=3.88e-04 grad_norm=0.1312
[step 26700/100000] loss=0.4992 mel=0.4867 dur=0.0125 lr=3.87e-04 grad_norm=0.2194
[step 26800/100000] loss=0.5017 mel=0.4879 dur=0.0138 lr=3.86e-04 grad_norm=0.1160
[step 26900/100000] loss=0.4933 mel=0.4803 dur=0.0129 lr=3.86e-04 grad_norm=0.1791
[step 27000/100000] loss=0.5033 mel=0.4893 dur=0.0140 lr=3.85e-04 grad_norm=0.1317
[step 27100/100000] loss=0.4936 mel=0.4809 dur=0.0127 lr=3.84e-04 grad_norm=0.1583
[step 27200/100000] loss=0.4973 mel=0.4844 dur=0.0129 lr=3.83e-04 grad_norm=0.1349
[step 27300/100000] loss=0.4959 mel=0.4821 dur=0.0138 lr=3.83e-04 grad_norm=0.1568
[step 27400/100000] loss=0.4978 mel=0.4846 dur=0.0132 lr=3.82e-04 grad_norm=0.1655
[step 27500/100000] loss=0.4933 mel=0.4801 dur=0.0132 lr=3.81e-04 grad_norm=0.2370
[step 27600/100000] loss=0.4970 mel=0.4840 dur=0.0130 lr=3.81e-04 grad_norm=0.1444
[step 27700/100000] loss=0.4897 mel=0.4773 dur=0.0124 lr=3.80e-04 grad_norm=0.1259
[step 27800/100000] loss=0.4968 mel=0.4838 dur=0.0130 lr=3.79e-04 grad_norm=0.1646
[step 27900/100000] loss=0.4917 mel=0.4788 dur=0.0129 lr=3.79e-04 grad_norm=0.1290
[step 28000/100000] loss=0.4881 mel=0.4753 dur=0.0128 lr=3.78e-04 grad_norm=0.1120
[val 28000] total=0.9604 mel=0.8941 dur=0.0663
[step 28100/100000] loss=0.4937 mel=0.4812 dur=0.0126 lr=3.77e-04 grad_norm=0.1367
[step 28200/100000] loss=0.4913 mel=0.4788 dur=0.0125 lr=3.77e-04 grad_norm=0.1422
[step 28300/100000] loss=0.4965 mel=0.4839 dur=0.0126 lr=3.76e-04 grad_norm=0.1189
[step 28400/100000] loss=0.4934 mel=0.4808 dur=0.0126 lr=3.75e-04 grad_norm=0.1109
[step 28500/100000] loss=0.4892 mel=0.4767 dur=0.0125 lr=3.75e-04 grad_norm=0.1627
[step 28600/100000] loss=0.4948 mel=0.4820 dur=0.0128 lr=3.74e-04 grad_norm=0.1547
[step 28700/100000] loss=0.4938 mel=0.4800 dur=0.0137 lr=3.73e-04 grad_norm=0.1349
[step 28800/100000] loss=0.4929 mel=0.4798 dur=0.0131 lr=3.73e-04 grad_norm=0.1627
[step 28900/100000] loss=0.4935 mel=0.4808 dur=0.0127 lr=3.72e-04 grad_norm=0.1347
[step 29000/100000] loss=0.4910 mel=0.4777 dur=0.0134 lr=3.71e-04 grad_norm=0.1242
[step 29100/100000] loss=0.4847 mel=0.4728 dur=0.0119 lr=3.71e-04 grad_norm=0.1048
[step 29200/100000] loss=0.4899 mel=0.4777 dur=0.0122 lr=3.70e-04 grad_norm=0.1244
[step 29300/100000] loss=0.4890 mel=0.4759 dur=0.0130 lr=3.69e-04 grad_norm=0.1430
[step 29400/100000] loss=0.4891 mel=0.4767 dur=0.0123 lr=3.69e-04 grad_norm=0.1715
[step 29500/100000] loss=0.4897 mel=0.4768 dur=0.0129 lr=3.68e-04 grad_norm=0.1567
[step 29600/100000] loss=0.4874 mel=0.4746 dur=0.0128 lr=3.68e-04 grad_norm=0.1229
[step 29700/100000] loss=0.4900 mel=0.4778 dur=0.0123 lr=3.67e-04 grad_norm=0.1303
[step 29800/100000] loss=0.4824 mel=0.4703 dur=0.0121 lr=3.66e-04 grad_norm=0.1406
[step 29900/100000] loss=0.4892 mel=0.4765 dur=0.0126 lr=3.66e-04 grad_norm=0.1809
[step 30000/100000] loss=0.4850 mel=0.4726 dur=0.0125 lr=3.65e-04 grad_norm=0.1287
[val 30000] total=0.9627 mel=0.8972 dur=0.0655
[step 30100/100000] loss=0.4887 mel=0.4766 dur=0.0121 lr=3.65e-04 grad_norm=0.1140
[step 30200/100000] loss=0.4855 mel=0.4730 dur=0.0125 lr=3.64e-04 grad_norm=0.1517
[step 30300/100000] loss=0.4892 mel=0.4771 dur=0.0121 lr=3.63e-04 grad_norm=0.1215
[step 30400/100000] loss=0.4866 mel=0.4746 dur=0.0119 lr=3.63e-04 grad_norm=0.1367
[step 30500/100000] loss=0.4874 mel=0.4751 dur=0.0124 lr=3.62e-04 grad_norm=0.1171
[step 30600/100000] loss=0.4832 mel=0.4715 dur=0.0117 lr=3.62e-04 grad_norm=0.1021
[step 30700/100000] loss=0.4839 mel=0.4721 dur=0.0117 lr=3.61e-04 grad_norm=0.1411
[step 30800/100000] loss=0.4829 mel=0.4715 dur=0.0114 lr=3.60e-04 grad_norm=0.1679
[step 30900/100000] loss=0.4816 mel=0.4702 dur=0.0113 lr=3.60e-04 grad_norm=0.1356
[step 31000/100000] loss=0.4826 mel=0.4701 dur=0.0125 lr=3.59e-04 grad_norm=0.1376
[step 31100/100000] loss=0.4873 mel=0.4757 dur=0.0116 lr=3.59e-04 grad_norm=0.1809
[step 31200/100000] loss=0.4812 mel=0.4697 dur=0.0115 lr=3.58e-04 grad_norm=0.1397
[step 31300/100000] loss=0.4805 mel=0.4683 dur=0.0122 lr=3.57e-04 grad_norm=0.1548
[step 31400/100000] loss=0.4815 mel=0.4692 dur=0.0123 lr=3.57e-04 grad_norm=0.1260
[step 31500/100000] loss=0.4891 mel=0.4774 dur=0.0117 lr=3.56e-04 grad_norm=0.1142
[step 31600/100000] loss=0.4772 mel=0.4656 dur=0.0116 lr=3.56e-04 grad_norm=0.1116
[step 31700/100000] loss=0.4853 mel=0.4728 dur=0.0125 lr=3.55e-04 grad_norm=0.1281
[step 31800/100000] loss=0.4789 mel=0.4678 dur=0.0111 lr=3.55e-04 grad_norm=0.1607
[step 31900/100000] loss=0.4822 mel=0.4702 dur=0.0121 lr=3.54e-04 grad_norm=0.1148
[step 32000/100000] loss=0.4807 mel=0.4678 dur=0.0128 lr=3.54e-04 grad_norm=0.1247
[val 32000] total=0.9626 mel=0.8972 dur=0.0654
[step 32100/100000] loss=0.4822 mel=0.4698 dur=0.0124 lr=3.53e-04 grad_norm=0.1198
[step 32200/100000] loss=0.4798 mel=0.4686 dur=0.0112 lr=3.52e-04 grad_norm=0.1249
[step 32300/100000] loss=0.4814 mel=0.4687 dur=0.0127 lr=3.52e-04 grad_norm=0.1983
[step 32400/100000] loss=0.4818 mel=0.4701 dur=0.0116 lr=3.51e-04 grad_norm=0.1389
[step 32500/100000] loss=0.4796 mel=0.4683 dur=0.0113 lr=3.51e-04 grad_norm=0.1452
[step 32600/100000] loss=0.4810 mel=0.4696 dur=0.0114 lr=3.50e-04 grad_norm=0.1545
[step 32700/100000] loss=0.4809 mel=0.4693 dur=0.0117 lr=3.50e-04 grad_norm=0.1380
[step 32800/100000] loss=0.4821 mel=0.4702 dur=0.0119 lr=3.49e-04 grad_norm=0.1098
[step 32900/100000] loss=0.4816 mel=0.4696 dur=0.0120 lr=3.49e-04 grad_norm=0.1263
[step 33000/100000] loss=0.4755 mel=0.4640 dur=0.0115 lr=3.48e-04 grad_norm=0.1339
[step 33100/100000] loss=0.4787 mel=0.4669 dur=0.0118 lr=3.48e-04 grad_norm=0.1559
[step 33200/100000] loss=0.4762 mel=0.4647 dur=0.0114 lr=3.47e-04 grad_norm=0.1046
[step 33300/100000] loss=0.4812 mel=0.4699 dur=0.0113 lr=3.47e-04 grad_norm=0.1485
[step 33400/100000] loss=0.4769 mel=0.4651 dur=0.0118 lr=3.46e-04 grad_norm=0.1055
[step 33500/100000] loss=0.4785 mel=0.4673 dur=0.0112 lr=3.46e-04 grad_norm=0.1298
[step 33600/100000] loss=0.4756 mel=0.4640 dur=0.0116 lr=3.45e-04 grad_norm=0.1157
[step 33700/100000] loss=0.4835 mel=0.4715 dur=0.0120 lr=3.45e-04 grad_norm=0.1267
[step 33800/100000] loss=0.4802 mel=0.4685 dur=0.0117 lr=3.44e-04 grad_norm=0.1313
[step 33900/100000] loss=0.4780 mel=0.4664 dur=0.0116 lr=3.44e-04 grad_norm=0.1216
[step 34000/100000] loss=0.4776 mel=0.4667 dur=0.0109 lr=3.43e-04 grad_norm=0.1276
[val 34000] total=0.9653 mel=0.8989 dur=0.0664
[step 34100/100000] loss=0.4821 mel=0.4702 dur=0.0120 lr=3.42e-04 grad_norm=0.1451
[step 34200/100000] loss=0.4753 mel=0.4649 dur=0.0105 lr=3.42e-04 grad_norm=0.1105
[step 34300/100000] loss=0.4747 mel=0.4636 dur=0.0111 lr=3.41e-04 grad_norm=0.1591
[step 34400/100000] loss=0.4722 mel=0.4613 dur=0.0109 lr=3.41e-04 grad_norm=0.1078
[step 34500/100000] loss=0.4726 mel=0.4611 dur=0.0115 lr=3.41e-04 grad_norm=0.2577
[step 34600/100000] loss=0.4789 mel=0.4677 dur=0.0112 lr=3.40e-04 grad_norm=0.1329
[step 34700/100000] loss=0.4733 mel=0.4629 dur=0.0104 lr=3.40e-04 grad_norm=0.1190
[step 34800/100000] loss=0.4755 mel=0.4639 dur=0.0116 lr=3.39e-04 grad_norm=0.1220
[step 34900/100000] loss=0.4743 mel=0.4637 dur=0.0106 lr=3.39e-04 grad_norm=0.1834
[step 35000/100000] loss=0.4796 mel=0.4689 dur=0.0107 lr=3.38e-04 grad_norm=0.1005
[step 35100/100000] loss=0.4735 mel=0.4624 dur=0.0111 lr=3.38e-04 grad_norm=0.1169
[step 35200/100000] loss=0.4758 mel=0.4635 dur=0.0123 lr=3.37e-04 grad_norm=0.1349
[step 35300/100000] loss=0.4757 mel=0.4654 dur=0.0103 lr=3.37e-04 grad_norm=0.1136
[step 35400/100000] loss=0.4763 mel=0.4646 dur=0.0117 lr=3.36e-04 grad_norm=0.1250
[step 35500/100000] loss=0.4766 mel=0.4659 dur=0.0107 lr=3.36e-04 grad_norm=0.1396
[step 35600/100000] loss=0.4756 mel=0.4644 dur=0.0111 lr=3.35e-04 grad_norm=0.1372
[step 35700/100000] loss=0.4707 mel=0.4593 dur=0.0115 lr=3.35e-04 grad_norm=0.1024
[step 35800/100000] loss=0.4710 mel=0.4590 dur=0.0120 lr=3.34e-04 grad_norm=0.1643
[step 35900/100000] loss=0.4699 mel=0.4590 dur=0.0108 lr=3.34e-04 grad_norm=0.1430
[step 36000/100000] loss=0.4733 mel=0.4623 dur=0.0110 lr=3.33e-04 grad_norm=0.1422
[val 36000] total=0.9640 mel=0.8983 dur=0.0657
[step 36100/100000] loss=0.4685 mel=0.4581 dur=0.0103 lr=3.33e-04 grad_norm=0.1159
[step 36200/100000] loss=0.4746 mel=0.4633 dur=0.0113 lr=3.32e-04 grad_norm=0.1439
[step 36300/100000] loss=0.4701 mel=0.4592 dur=0.0109 lr=3.32e-04 grad_norm=0.1158
[step 36400/100000] loss=0.4726 mel=0.4614 dur=0.0112 lr=3.31e-04 grad_norm=0.1088
[step 36500/100000] loss=0.4723 mel=0.4614 dur=0.0109 lr=3.31e-04 grad_norm=0.1055
[step 36600/100000] loss=0.4691 mel=0.4584 dur=0.0106 lr=3.31e-04 grad_norm=0.1185
[step 36700/100000] loss=0.4664 mel=0.4561 dur=0.0104 lr=3.30e-04 grad_norm=0.1207
[step 36800/100000] loss=0.4679 mel=0.4569 dur=0.0110 lr=3.30e-04 grad_norm=0.1130
[step 36900/100000] loss=0.4694 mel=0.4586 dur=0.0108 lr=3.29e-04 grad_norm=0.1079
[step 37000/100000] loss=0.4708 mel=0.4598 dur=0.0111 lr=3.29e-04 grad_norm=0.0996
[step 37100/100000] loss=0.4689 mel=0.4581 dur=0.0108 lr=3.28e-04 grad_norm=0.1091
[step 37200/100000] loss=0.4740 mel=0.4631 dur=0.0109 lr=3.28e-04 grad_norm=0.1235
[step 37300/100000] loss=0.4691 mel=0.4587 dur=0.0103 lr=3.27e-04 grad_norm=0.1448
[step 37400/100000] loss=0.4716 mel=0.4606 dur=0.0110 lr=3.27e-04 grad_norm=0.0929
[step 37500/100000] loss=0.4695 mel=0.4595 dur=0.0100 lr=3.27e-04 grad_norm=0.1322
[step 37600/100000] loss=0.4690 mel=0.4576 dur=0.0114 lr=3.26e-04 grad_norm=0.1303
[step 37700/100000] loss=0.4707 mel=0.4599 dur=0.0108 lr=3.26e-04 grad_norm=0.1508
[step 37800/100000] loss=0.4696 mel=0.4585 dur=0.0111 lr=3.25e-04 grad_norm=0.1026
[step 37900/100000] loss=0.4665 mel=0.4564 dur=0.0101 lr=3.25e-04 grad_norm=0.1214
[step 38000/100000] loss=0.4698 mel=0.4587 dur=0.0111 lr=3.24e-04 grad_norm=0.1258
[val 38000] total=0.9667 mel=0.9009 dur=0.0658
[step 38100/100000] loss=0.4695 mel=0.4587 dur=0.0108 lr=3.24e-04 grad_norm=0.1061
[step 38200/100000] loss=0.4686 mel=0.4582 dur=0.0104 lr=3.24e-04 grad_norm=0.1324
[step 38300/100000] loss=0.4669 mel=0.4559 dur=0.0110 lr=3.23e-04 grad_norm=0.1003
[step 38400/100000] loss=0.4720 mel=0.4617 dur=0.0103 lr=3.23e-04 grad_norm=0.1668
[step 38500/100000] loss=0.4705 mel=0.4601 dur=0.0104 lr=3.22e-04 grad_norm=0.1209
[step 38600/100000] loss=0.4693 mel=0.4581 dur=0.0112 lr=3.22e-04 grad_norm=0.1072
[step 38700/100000] loss=0.4690 mel=0.4577 dur=0.0112 lr=3.21e-04 grad_norm=0.1689
[step 38800/100000] loss=0.4704 mel=0.4593 dur=0.0110 lr=3.21e-04 grad_norm=0.1150
[step 38900/100000] loss=0.4647 mel=0.4542 dur=0.0105 lr=3.21e-04 grad_norm=0.1141
[step 39000/100000] loss=0.4680 mel=0.4576 dur=0.0104 lr=3.20e-04 grad_norm=0.1266
[step 39100/100000] loss=0.4665 mel=0.4558 dur=0.0107 lr=3.20e-04 grad_norm=0.1217
[step 39200/100000] loss=0.4669 mel=0.4556 dur=0.0113 lr=3.19e-04 grad_norm=0.1707
[step 39300/100000] loss=0.4621 mel=0.4521 dur=0.0100 lr=3.19e-04 grad_norm=0.1186
[step 39400/100000] loss=0.4667 mel=0.4567 dur=0.0100 lr=3.19e-04 grad_norm=0.1711
[step 39500/100000] loss=0.4676 mel=0.4567 dur=0.0109 lr=3.18e-04 grad_norm=0.1180
[step 39600/100000] loss=0.4646 mel=0.4543 dur=0.0102 lr=3.18e-04 grad_norm=0.1502
[step 39700/100000] loss=0.4638 mel=0.4533 dur=0.0104 lr=3.17e-04 grad_norm=0.1534
[step 39800/100000] loss=0.4674 mel=0.4575 dur=0.0099 lr=3.17e-04 grad_norm=0.1066
[step 39900/100000] loss=0.4666 mel=0.4555 dur=0.0110 lr=3.17e-04 grad_norm=0.1491
[step 40000/100000] loss=0.4679 mel=0.4567 dur=0.0112 lr=3.16e-04 grad_norm=0.1449
[val 40000] total=0.9672 mel=0.9011 dur=0.0661
[step 40100/100000] loss=0.4689 mel=0.4573 dur=0.0116 lr=3.16e-04 grad_norm=0.1235
[step 40200/100000] loss=0.4681 mel=0.4578 dur=0.0104 lr=3.15e-04 grad_norm=0.1030
[step 40300/100000] loss=0.4631 mel=0.4519 dur=0.0111 lr=3.15e-04 grad_norm=0.1094
[step 40400/100000] loss=0.4662 mel=0.4558 dur=0.0104 lr=3.15e-04 grad_norm=0.0925
[step 40500/100000] loss=0.4664 mel=0.4557 dur=0.0107 lr=3.14e-04 grad_norm=0.1374
[step 40600/100000] loss=0.4603 mel=0.4499 dur=0.0104 lr=3.14e-04 grad_norm=0.1114
[step 40700/100000] loss=0.4657 mel=0.4554 dur=0.0103 lr=3.13e-04 grad_norm=0.1048
[step 40800/100000] loss=0.4611 mel=0.4510 dur=0.0101 lr=3.13e-04 grad_norm=0.1139
[step 40900/100000] loss=0.4657 mel=0.4550 dur=0.0107 lr=3.13e-04 grad_norm=0.1134
[step 41000/100000] loss=0.4651 mel=0.4550 dur=0.0101 lr=3.12e-04 grad_norm=0.1304
[step 41100/100000] loss=0.4620 mel=0.4523 dur=0.0098 lr=3.12e-04 grad_norm=0.1088
[step 41200/100000] loss=0.4614 mel=0.4512 dur=0.0102 lr=3.12e-04 grad_norm=0.0930
[step 41300/100000] loss=0.4649 mel=0.4551 dur=0.0098 lr=3.11e-04 grad_norm=0.1262
[step 41400/100000] loss=0.4631 mel=0.4528 dur=0.0103 lr=3.11e-04 grad_norm=0.1261
[step 41500/100000] loss=0.4645 mel=0.4532 dur=0.0113 lr=3.10e-04 grad_norm=0.0974
[step 41600/100000] loss=0.4621 mel=0.4520 dur=0.0101 lr=3.10e-04 grad_norm=0.1022
[step 41700/100000] loss=0.4643 mel=0.4544 dur=0.0099 lr=3.10e-04 grad_norm=0.1010
[step 41800/100000] loss=0.4593 mel=0.4489 dur=0.0104 lr=3.09e-04 grad_norm=0.1240
[step 41900/100000] loss=0.4637 mel=0.4535 dur=0.0102 lr=3.09e-04 grad_norm=0.0895
[step 42000/100000] loss=0.4598 mel=0.4495 dur=0.0103 lr=3.09e-04 grad_norm=0.1097
[val 42000] total=0.9600 mel=0.8946 dur=0.0654
[step 42100/100000] loss=0.4629 mel=0.4522 dur=0.0107 lr=3.08e-04 grad_norm=0.1093
[step 42200/100000] loss=0.4608 mel=0.4498 dur=0.0110 lr=3.08e-04 grad_norm=0.1137
[step 42300/100000] loss=0.4645 mel=0.4541 dur=0.0104 lr=3.08e-04 grad_norm=0.1133
[step 42400/100000] loss=0.4635 mel=0.4532 dur=0.0103 lr=3.07e-04 grad_norm=0.1329
[step 42500/100000] loss=0.4619 mel=0.4511 dur=0.0107 lr=3.07e-04 grad_norm=0.1085
[step 42600/100000] loss=0.4595 mel=0.4491 dur=0.0105 lr=3.06e-04 grad_norm=0.1303
[step 42700/100000] loss=0.4602 mel=0.4498 dur=0.0104 lr=3.06e-04 grad_norm=0.1591
[step 42800/100000] loss=0.4587 mel=0.4487 dur=0.0100 lr=3.06e-04 grad_norm=0.1419
[step 42900/100000] loss=0.4654 mel=0.4555 dur=0.0099 lr=3.05e-04 grad_norm=0.1414
[step 43000/100000] loss=0.4607 mel=0.4506 dur=0.0101 lr=3.05e-04 grad_norm=0.1488
[step 43100/100000] loss=0.4610 mel=0.4512 dur=0.0098 lr=3.05e-04 grad_norm=0.1695
[step 43200/100000] loss=0.4589 mel=0.4489 dur=0.0100 lr=3.04e-04 grad_norm=0.1048
[step 43300/100000] loss=0.4627 mel=0.4512 dur=0.0114 lr=3.04e-04 grad_norm=0.1140
[step 43400/100000] loss=0.4608 mel=0.4506 dur=0.0102 lr=3.04e-04 grad_norm=0.1307
[step 43500/100000] loss=0.4603 mel=0.4498 dur=0.0105 lr=3.03e-04 grad_norm=0.1453
[step 43600/100000] loss=0.4598 mel=0.4499 dur=0.0099 lr=3.03e-04 grad_norm=0.1115
[step 43700/100000] loss=0.4630 mel=0.4528 dur=0.0103 lr=3.03e-04 grad_norm=0.1152
[step 43800/100000] loss=0.4606 mel=0.4500 dur=0.0105 lr=3.02e-04 grad_norm=0.1217
[step 43900/100000] loss=0.4609 mel=0.4507 dur=0.0102 lr=3.02e-04 grad_norm=0.1013
[step 44000/100000] loss=0.4578 mel=0.4476 dur=0.0102 lr=3.02e-04 grad_norm=0.1162
[val 44000] total=0.9586 mel=0.8923 dur=0.0663
[step 44100/100000] loss=0.4519 mel=0.4412 dur=0.0107 lr=3.01e-04 grad_norm=0.1434
[step 44200/100000] loss=0.4561 mel=0.4460 dur=0.0101 lr=3.01e-04 grad_norm=0.1151
[step 44300/100000] loss=0.4546 mel=0.4449 dur=0.0097 lr=3.00e-04 grad_norm=0.1546
[step 44400/100000] loss=0.4565 mel=0.4459 dur=0.0106 lr=3.00e-04 grad_norm=0.1135
[step 44500/100000] loss=0.4541 mel=0.4448 dur=0.0093 lr=3.00e-04 grad_norm=0.1142
[step 44600/100000] loss=0.4590 mel=0.4497 dur=0.0093 lr=2.99e-04 grad_norm=0.1113
[step 44700/100000] loss=0.4526 mel=0.4435 dur=0.0091 lr=2.99e-04 grad_norm=0.1357
[step 44800/100000] loss=0.4589 mel=0.4491 dur=0.0098 lr=2.99e-04 grad_norm=0.1134
[step 44900/100000] loss=0.4575 mel=0.4476 dur=0.0099 lr=2.98e-04 grad_norm=0.1273
[step 45000/100000] loss=0.4527 mel=0.4432 dur=0.0094 lr=2.98e-04 grad_norm=0.1092
[step 45100/100000] loss=0.4552 mel=0.4453 dur=0.0099 lr=2.98e-04 grad_norm=0.1151
[step 45200/100000] loss=0.4601 mel=0.4504 dur=0.0097 lr=2.97e-04 grad_norm=0.0932
[step 45300/100000] loss=0.4539 mel=0.4442 dur=0.0097 lr=2.97e-04 grad_norm=0.1112
[step 45400/100000] loss=0.4587 mel=0.4483 dur=0.0104 lr=2.97e-04 grad_norm=0.1232
[step 45500/100000] loss=0.4526 mel=0.4428 dur=0.0098 lr=2.96e-04 grad_norm=0.1225
[step 45600/100000] loss=0.4569 mel=0.4472 dur=0.0097 lr=2.96e-04 grad_norm=0.1224
[step 45700/100000] loss=0.4503 mel=0.4406 dur=0.0097 lr=2.96e-04 grad_norm=0.1498
[step 45800/100000] loss=0.4571 mel=0.4473 dur=0.0098 lr=2.96e-04 grad_norm=0.1023
[step 45900/100000] loss=0.4557 mel=0.4456 dur=0.0101 lr=2.95e-04 grad_norm=0.1289
[step 46000/100000] loss=0.4530 mel=0.4430 dur=0.0099 lr=2.95e-04 grad_norm=0.1095
[val 46000] total=0.9580 mel=0.8922 dur=0.0657
[step 46100/100000] loss=0.4553 mel=0.4462 dur=0.0091 lr=2.95e-04 grad_norm=0.0928
[step 46200/100000] loss=0.4583 mel=0.4489 dur=0.0094 lr=2.94e-04 grad_norm=0.1309
[step 46300/100000] loss=0.4565 mel=0.4469 dur=0.0096 lr=2.94e-04 grad_norm=0.0886
[step 46400/100000] loss=0.4557 mel=0.4456 dur=0.0101 lr=2.94e-04 grad_norm=0.0917
[step 46500/100000] loss=0.4542 mel=0.4450 dur=0.0092 lr=2.93e-04 grad_norm=0.0954
[step 46600/100000] loss=0.4561 mel=0.4463 dur=0.0098 lr=2.93e-04 grad_norm=0.1046
[step 46700/100000] loss=0.4558 mel=0.4466 dur=0.0092 lr=2.93e-04 grad_norm=0.1188
[step 46800/100000] loss=0.4584 mel=0.4483 dur=0.0101 lr=2.92e-04 grad_norm=0.1485
[step 46900/100000] loss=0.4518 mel=0.4420 dur=0.0098 lr=2.92e-04 grad_norm=0.1297
[step 47000/100000] loss=0.4568 mel=0.4473 dur=0.0095 lr=2.92e-04 grad_norm=0.0887
[step 47100/100000] loss=0.4574 mel=0.4479 dur=0.0095 lr=2.91e-04 grad_norm=0.1463
[step 47200/100000] loss=0.4517 mel=0.4414 dur=0.0103 lr=2.91e-04 grad_norm=0.1356
[step 47300/100000] loss=0.4553 mel=0.4457 dur=0.0096 lr=2.91e-04 grad_norm=0.1089
[step 47400/100000] loss=0.4540 mel=0.4438 dur=0.0102 lr=2.90e-04 grad_norm=0.1125
[step 47500/100000] loss=0.4585 mel=0.4482 dur=0.0103 lr=2.90e-04 grad_norm=0.1294
[step 47600/100000] loss=0.4598 mel=0.4502 dur=0.0096 lr=2.90e-04 grad_norm=0.0914
[step 47700/100000] loss=0.4564 mel=0.4466 dur=0.0097 lr=2.90e-04 grad_norm=0.1054
[step 47800/100000] loss=0.4517 mel=0.4421 dur=0.0096 lr=2.89e-04 grad_norm=0.1157
[step 47900/100000] loss=0.4555 mel=0.4466 dur=0.0089 lr=2.89e-04 grad_norm=0.1077
[step 48000/100000] loss=0.4585 mel=0.4483 dur=0.0102 lr=2.89e-04 grad_norm=0.1475
[val 48000] total=0.9573 mel=0.8920 dur=0.0652
[step 48100/100000] loss=0.4533 mel=0.4436 dur=0.0097 lr=2.88e-04 grad_norm=0.1076
[step 48200/100000] loss=0.4574 mel=0.4471 dur=0.0103 lr=2.88e-04 grad_norm=0.1194
[step 48300/100000] loss=0.4525 mel=0.4426 dur=0.0099 lr=2.88e-04 grad_norm=0.1151
[step 48400/100000] loss=0.4536 mel=0.4442 dur=0.0095 lr=2.87e-04 grad_norm=0.1082
[step 48500/100000] loss=0.4533 mel=0.4440 dur=0.0092 lr=2.87e-04 grad_norm=0.0994
[step 48600/100000] loss=0.4554 mel=0.4459 dur=0.0095 lr=2.87e-04 grad_norm=0.1119
[step 48700/100000] loss=0.4514 mel=0.4415 dur=0.0099 lr=2.87e-04 grad_norm=0.1176
[step 48800/100000] loss=0.4570 mel=0.4470 dur=0.0100 lr=2.86e-04 grad_norm=0.1105
[step 48900/100000] loss=0.4571 mel=0.4473 dur=0.0098 lr=2.86e-04 grad_norm=0.1177
[step 49000/100000] loss=0.4554 mel=0.4459 dur=0.0095 lr=2.86e-04 grad_norm=0.1362
[step 49100/100000] loss=0.4538 mel=0.4439 dur=0.0099 lr=2.85e-04 grad_norm=0.1023
[step 49200/100000] loss=0.4513 mel=0.4420 dur=0.0092 lr=2.85e-04 grad_norm=0.1121
[step 49300/100000] loss=0.4617 mel=0.4521 dur=0.0096 lr=2.85e-04 grad_norm=0.1074
[step 49400/100000] loss=0.4548 mel=0.4452 dur=0.0096 lr=2.85e-04 grad_norm=0.1072
[step 49500/100000] loss=0.4516 mel=0.4416 dur=0.0100 lr=2.84e-04 grad_norm=0.1082
[step 49600/100000] loss=0.4495 mel=0.4403 dur=0.0093 lr=2.84e-04 grad_norm=0.0910
[step 49700/100000] loss=0.4548 mel=0.4447 dur=0.0100 lr=2.84e-04 grad_norm=0.1278
[step 49800/100000] loss=0.4536 mel=0.4442 dur=0.0094 lr=2.83e-04 grad_norm=0.0913
[step 49900/100000] loss=0.4527 mel=0.4433 dur=0.0095 lr=2.83e-04 grad_norm=0.0878
[step 50000/100000] loss=0.4541 mel=0.4441 dur=0.0100 lr=2.83e-04 grad_norm=0.0960
[val 50000] total=0.9604 mel=0.8952 dur=0.0652
[step 50100/100000] loss=0.4527 mel=0.4429 dur=0.0098 lr=2.83e-04 grad_norm=0.0953
[step 50200/100000] loss=0.4513 mel=0.4415 dur=0.0099 lr=2.82e-04 grad_norm=0.0926
[step 50300/100000] loss=0.4504 mel=0.4413 dur=0.0091 lr=2.82e-04 grad_norm=0.0962
[step 50400/100000] loss=0.4497 mel=0.4403 dur=0.0094 lr=2.82e-04 grad_norm=0.1367
[step 50500/100000] loss=0.4532 mel=0.4433 dur=0.0100 lr=2.81e-04 grad_norm=0.1157
[step 50600/100000] loss=0.4537 mel=0.4443 dur=0.0094 lr=2.81e-04 grad_norm=0.1332
[step 50700/100000] loss=0.4508 mel=0.4412 dur=0.0096 lr=2.81e-04 grad_norm=0.0971
[step 50800/100000] loss=0.4457 mel=0.4365 dur=0.0092 lr=2.81e-04 grad_norm=0.1311
[step 50900/100000] loss=0.4533 mel=0.4442 dur=0.0091 lr=2.80e-04 grad_norm=0.0955
[step 51000/100000] loss=0.4503 mel=0.4408 dur=0.0094 lr=2.80e-04 grad_norm=0.1022
[step 51100/100000] loss=0.4522 mel=0.4429 dur=0.0093 lr=2.80e-04 grad_norm=0.1141
[step 51200/100000] loss=0.4507 mel=0.4407 dur=0.0099 lr=2.80e-04 grad_norm=0.0937
[step 51300/100000] loss=0.4516 mel=0.4423 dur=0.0093 lr=2.79e-04 grad_norm=0.1084
[step 51400/100000] loss=0.4503 mel=0.4411 dur=0.0092 lr=2.79e-04 grad_norm=0.1545
[step 51500/100000] loss=0.4514 mel=0.4414 dur=0.0100 lr=2.79e-04 grad_norm=0.1056
[step 51600/100000] loss=0.4480 mel=0.4388 dur=0.0092 lr=2.78e-04 grad_norm=0.1090
[step 51700/100000] loss=0.4511 mel=0.4420 dur=0.0091 lr=2.78e-04 grad_norm=0.1093
[step 51800/100000] loss=0.4502 mel=0.4411 dur=0.0091 lr=2.78e-04 grad_norm=0.0986
[step 51900/100000] loss=0.4497 mel=0.4405 dur=0.0092 lr=2.78e-04 grad_norm=0.0918
[step 52000/100000] loss=0.4481 mel=0.4385 dur=0.0096 lr=2.77e-04 grad_norm=0.1087
[val 52000] total=0.9588 mel=0.8928 dur=0.0660
[step 52100/100000] loss=0.4524 mel=0.4432 dur=0.0092 lr=2.77e-04 grad_norm=0.0980
[step 52200/100000] loss=0.4449 mel=0.4360 dur=0.0089 lr=2.77e-04 grad_norm=0.1159
[step 52300/100000] loss=0.4478 mel=0.4388 dur=0.0090 lr=2.77e-04 grad_norm=0.1027
[step 52400/100000] loss=0.4537 mel=0.4444 dur=0.0094 lr=2.76e-04 grad_norm=0.1126
[step 52500/100000] loss=0.4509 mel=0.4418 dur=0.0092 lr=2.76e-04 grad_norm=0.1002
[step 52600/100000] loss=0.4500 mel=0.4407 dur=0.0093 lr=2.76e-04 grad_norm=0.0918
[step 52700/100000] loss=0.4490 mel=0.4398 dur=0.0092 lr=2.76e-04 grad_norm=0.1022
[step 52800/100000] loss=0.4488 mel=0.4398 dur=0.0090 lr=2.75e-04 grad_norm=0.1176
[step 52900/100000] loss=0.4473 mel=0.4377 dur=0.0095 lr=2.75e-04 grad_norm=0.0987
[step 53000/100000] loss=0.4475 mel=0.4380 dur=0.0094 lr=2.75e-04 grad_norm=0.1183
[step 53100/100000] loss=0.4496 mel=0.4394 dur=0.0102 lr=2.74e-04 grad_norm=0.1065
[step 53200/100000] loss=0.4450 mel=0.4356 dur=0.0094 lr=2.74e-04 grad_norm=0.1125
[step 53300/100000] loss=0.4466 mel=0.4376 dur=0.0089 lr=2.74e-04 grad_norm=0.1039
[step 53400/100000] loss=0.4474 mel=0.4384 dur=0.0091 lr=2.74e-04 grad_norm=0.0959
[step 53500/100000] loss=0.4515 mel=0.4423 dur=0.0092 lr=2.73e-04 grad_norm=0.1191
[step 53600/100000] loss=0.4448 mel=0.4354 dur=0.0094 lr=2.73e-04 grad_norm=0.1176
[step 53700/100000] loss=0.4477 mel=0.4385 dur=0.0091 lr=2.73e-04 grad_norm=0.0861
[step 53800/100000] loss=0.4433 mel=0.4340 dur=0.0093 lr=2.73e-04 grad_norm=0.1146
[step 53900/100000] loss=0.4460 mel=0.4367 dur=0.0093 lr=2.72e-04 grad_norm=0.1509
[step 54000/100000] loss=0.4475 mel=0.4380 dur=0.0095 lr=2.72e-04 grad_norm=0.1028
[val 54000] total=0.9572 mel=0.8912 dur=0.0661
[step 54100/100000] loss=0.4430 mel=0.4337 dur=0.0093 lr=2.72e-04 grad_norm=0.1082
[step 54200/100000] loss=0.4457 mel=0.4366 dur=0.0091 lr=2.72e-04 grad_norm=0.1099
[step 54300/100000] loss=0.4440 mel=0.4350 dur=0.0090 lr=2.71e-04 grad_norm=0.1005
[step 54400/100000] loss=0.4437 mel=0.4345 dur=0.0092 lr=2.71e-04 grad_norm=0.1051
[step 54500/100000] loss=0.4478 mel=0.4379 dur=0.0099 lr=2.71e-04 grad_norm=0.0898
[step 54600/100000] loss=0.4470 mel=0.4383 dur=0.0088 lr=2.71e-04 grad_norm=0.1048
[step 54700/100000] loss=0.4475 mel=0.4383 dur=0.0092 lr=2.70e-04 grad_norm=0.1537
[step 54800/100000] loss=0.4439 mel=0.4345 dur=0.0095 lr=2.70e-04 grad_norm=0.1071
[step 54900/100000] loss=0.4462 mel=0.4369 dur=0.0093 lr=2.70e-04 grad_norm=0.1248
[step 55000/100000] loss=0.4510 mel=0.4419 dur=0.0091 lr=2.70e-04 grad_norm=0.1110
[step 55100/100000] loss=0.4473 mel=0.4382 dur=0.0091 lr=2.69e-04 grad_norm=0.0990
[step 55200/100000] loss=0.4460 mel=0.4371 dur=0.0089 lr=2.69e-04 grad_norm=0.1024
[step 55300/100000] loss=0.4423 mel=0.4335 dur=0.0087 lr=2.69e-04 grad_norm=0.0917
[step 55400/100000] loss=0.4471 mel=0.4381 dur=0.0091 lr=2.69e-04 grad_norm=0.0998
[step 55500/100000] loss=0.4453 mel=0.4368 dur=0.0085 lr=2.68e-04 grad_norm=0.1005
[step 55600/100000] loss=0.4468 mel=0.4377 dur=0.0091 lr=2.68e-04 grad_norm=0.1149
[step 55700/100000] loss=0.4446 mel=0.4357 dur=0.0089 lr=2.68e-04 grad_norm=0.1070
[step 55800/100000] loss=0.4437 mel=0.4342 dur=0.0095 lr=2.68e-04 grad_norm=0.1378
[step 55900/100000] loss=0.4428 mel=0.4339 dur=0.0089 lr=2.68e-04 grad_norm=0.1168
[step 56000/100000] loss=0.4478 mel=0.4383 dur=0.0095 lr=2.67e-04 grad_norm=0.1117
[val 56000] total=0.9574 mel=0.8914 dur=0.0659
[step 56100/100000] loss=0.4391 mel=0.4304 dur=0.0086 lr=2.67e-04 grad_norm=0.0907
[step 56200/100000] loss=0.4451 mel=0.4362 dur=0.0089 lr=2.67e-04 grad_norm=0.1207
[step 56300/100000] loss=0.4425 mel=0.4335 dur=0.0090 lr=2.67e-04 grad_norm=0.1083
[step 56400/100000] loss=0.4433 mel=0.4344 dur=0.0090 lr=2.66e-04 grad_norm=0.0925
[step 56500/100000] loss=0.4446 mel=0.4355 dur=0.0092 lr=2.66e-04 grad_norm=0.1038
[step 56600/100000] loss=0.4483 mel=0.4384 dur=0.0099 lr=2.66e-04 grad_norm=0.1034
[step 56700/100000] loss=0.4424 mel=0.4337 dur=0.0086 lr=2.66e-04 grad_norm=0.0952
[step 56800/100000] loss=0.4442 mel=0.4351 dur=0.0091 lr=2.65e-04 grad_norm=0.1049
[step 56900/100000] loss=0.4422 mel=0.4334 dur=0.0088 lr=2.65e-04 grad_norm=0.0888
[step 57000/100000] loss=0.4445 mel=0.4353 dur=0.0092 lr=2.65e-04 grad_norm=0.1184
[step 57100/100000] loss=0.4470 mel=0.4375 dur=0.0095 lr=2.65e-04 grad_norm=0.1104
[step 57200/100000] loss=0.4454 mel=0.4368 dur=0.0086 lr=2.64e-04 grad_norm=0.1183
[step 57300/100000] loss=0.4406 mel=0.4314 dur=0.0092 lr=2.64e-04 grad_norm=0.0942
[step 57400/100000] loss=0.4467 mel=0.4377 dur=0.0090 lr=2.64e-04 grad_norm=0.1009
[step 57500/100000] loss=0.4422 mel=0.4333 dur=0.0089 lr=2.64e-04 grad_norm=0.0888
[step 57600/100000] loss=0.4417 mel=0.4327 dur=0.0091 lr=2.64e-04 grad_norm=0.0914
[step 57700/100000] loss=0.4420 mel=0.4334 dur=0.0086 lr=2.63e-04 grad_norm=0.1116
[step 57800/100000] loss=0.4438 mel=0.4343 dur=0.0094 lr=2.63e-04 grad_norm=0.1109
[step 57900/100000] loss=0.4463 mel=0.4371 dur=0.0092 lr=2.63e-04 grad_norm=0.1242
[step 58000/100000] loss=0.4440 mel=0.4346 dur=0.0094 lr=2.63e-04 grad_norm=0.0994
[val 58000] total=0.9632 mel=0.8974 dur=0.0659
[step 58100/100000] loss=0.4423 mel=0.4336 dur=0.0087 lr=2.62e-04 grad_norm=0.1210
[step 58200/100000] loss=0.4415 mel=0.4326 dur=0.0088 lr=2.62e-04 grad_norm=0.0965
[step 58300/100000] loss=0.4411 mel=0.4322 dur=0.0088 lr=2.62e-04 grad_norm=0.1222
[step 58400/100000] loss=0.4453 mel=0.4367 dur=0.0086 lr=2.62e-04 grad_norm=0.0856
[step 58500/100000] loss=0.4440 mel=0.4350 dur=0.0090 lr=2.61e-04 grad_norm=0.0890
[step 58600/100000] loss=0.4460 mel=0.4364 dur=0.0096 lr=2.61e-04 grad_norm=0.1077
[step 58700/100000] loss=0.4459 mel=0.4372 dur=0.0087 lr=2.61e-04 grad_norm=0.0830
[step 58800/100000] loss=0.4409 mel=0.4313 dur=0.0095 lr=2.61e-04 grad_norm=0.1491
[step 58900/100000] loss=0.4401 mel=0.4314 dur=0.0088 lr=2.61e-04 grad_norm=0.0996
[step 59000/100000] loss=0.4417 mel=0.4331 dur=0.0086 lr=2.60e-04 grad_norm=0.1065
[step 59100/100000] loss=0.4426 mel=0.4338 dur=0.0088 lr=2.60e-04 grad_norm=0.0923
[step 59200/100000] loss=0.4402 mel=0.4310 dur=0.0092 lr=2.60e-04 grad_norm=0.1242
[step 59300/100000] loss=0.4429 mel=0.4339 dur=0.0091 lr=2.60e-04 grad_norm=0.1095
[step 59400/100000] loss=0.4456 mel=0.4371 dur=0.0086 lr=2.59e-04 grad_norm=0.1076
[step 59500/100000] loss=0.4428 mel=0.4344 dur=0.0084 lr=2.59e-04 grad_norm=0.1000
[step 59600/100000] loss=0.4419 mel=0.4335 dur=0.0085 lr=2.59e-04 grad_norm=0.0963
[step 59700/100000] loss=0.4429 mel=0.4342 dur=0.0086 lr=2.59e-04 grad_norm=0.1120
[step 59800/100000] loss=0.4407 mel=0.4322 dur=0.0085 lr=2.59e-04 grad_norm=0.0912
[step 59900/100000] loss=0.4415 mel=0.4323 dur=0.0092 lr=2.58e-04 grad_norm=0.0928
[step 60000/100000] loss=0.4427 mel=0.4340 dur=0.0087 lr=2.58e-04 grad_norm=0.0992
[val 60000] total=0.9587 mel=0.8923 dur=0.0665
[step 60100/100000] loss=0.4414 mel=0.4328 dur=0.0086 lr=2.58e-04 grad_norm=0.0950
[step 60200/100000] loss=0.4441 mel=0.4356 dur=0.0085 lr=2.58e-04 grad_norm=0.0932
[step 60300/100000] loss=0.4429 mel=0.4341 dur=0.0089 lr=2.58e-04 grad_norm=0.1105
[step 60400/100000] loss=0.4382 mel=0.4297 dur=0.0085 lr=2.57e-04 grad_norm=0.0915
[step 60500/100000] loss=0.4455 mel=0.4369 dur=0.0085 lr=2.57e-04 grad_norm=0.0991
[step 60600/100000] loss=0.4454 mel=0.4370 dur=0.0084 lr=2.57e-04 grad_norm=0.1057
[step 60700/100000] loss=0.4421 mel=0.4333 dur=0.0088 lr=2.57e-04 grad_norm=0.0839
[step 60800/100000] loss=0.4440 mel=0.4356 dur=0.0084 lr=2.56e-04 grad_norm=0.1321
[step 60900/100000] loss=0.4425 mel=0.4341 dur=0.0084 lr=2.56e-04 grad_norm=0.0923
[step 61000/100000] loss=0.4390 mel=0.4304 dur=0.0086 lr=2.56e-04 grad_norm=0.0763
[step 61100/100000] loss=0.4407 mel=0.4318 dur=0.0090 lr=2.56e-04 grad_norm=0.1203
[step 61200/100000] loss=0.4409 mel=0.4325 dur=0.0085 lr=2.56e-04 grad_norm=0.1024
[step 61300/100000] loss=0.4430 mel=0.4347 dur=0.0083 lr=2.55e-04 grad_norm=0.1085
[step 61400/100000] loss=0.4387 mel=0.4306 dur=0.0081 lr=2.55e-04 grad_norm=0.0896
[step 61500/100000] loss=0.4422 mel=0.4336 dur=0.0086 lr=2.55e-04 grad_norm=0.0949
[step 61600/100000] loss=0.4396 mel=0.4310 dur=0.0086 lr=2.55e-04 grad_norm=0.0940
[step 61700/100000] loss=0.4413 mel=0.4323 dur=0.0091 lr=2.55e-04 grad_norm=0.0930
[step 61800/100000] loss=0.4408 mel=0.4319 dur=0.0090 lr=2.54e-04 grad_norm=0.0954
[step 61900/100000] loss=0.4416 mel=0.4332 dur=0.0083 lr=2.54e-04 grad_norm=0.0956
[step 62000/100000] loss=0.4375 mel=0.4288 dur=0.0087 lr=2.54e-04 grad_norm=0.0984
[val 62000] total=0.9581 mel=0.8919 dur=0.0662
[step 62100/100000] loss=0.4411 mel=0.4325 dur=0.0086 lr=2.54e-04 grad_norm=0.1003
[step 62200/100000] loss=0.4423 mel=0.4337 dur=0.0086 lr=2.54e-04 grad_norm=0.0920
[step 62300/100000] loss=0.4421 mel=0.4330 dur=0.0091 lr=2.53e-04 grad_norm=0.1109
[step 62400/100000] loss=0.4421 mel=0.4332 dur=0.0089 lr=2.53e-04 grad_norm=0.0917
[step 62500/100000] loss=0.4377 mel=0.4292 dur=0.0085 lr=2.53e-04 grad_norm=0.1148
[step 62600/100000] loss=0.4412 mel=0.4330 dur=0.0082 lr=2.53e-04 grad_norm=0.1203
[step 62700/100000] loss=0.4438 mel=0.4351 dur=0.0087 lr=2.53e-04 grad_norm=0.1082
[step 62800/100000] loss=0.4402 mel=0.4313 dur=0.0089 lr=2.52e-04 grad_norm=0.1271
[step 62900/100000] loss=0.4381 mel=0.4294 dur=0.0087 lr=2.52e-04 grad_norm=0.1011
[step 63000/100000] loss=0.4359 mel=0.4268 dur=0.0091 lr=2.52e-04 grad_norm=0.1401
[step 63100/100000] loss=0.4368 mel=0.4280 dur=0.0088 lr=2.52e-04 grad_norm=0.1051
[step 63200/100000] loss=0.4404 mel=0.4315 dur=0.0089 lr=2.52e-04 grad_norm=0.0926
[step 63300/100000] loss=0.4433 mel=0.4348 dur=0.0084 lr=2.51e-04 grad_norm=0.0968
[step 63400/100000] loss=0.4367 mel=0.4278 dur=0.0089 lr=2.51e-04 grad_norm=0.0898
[step 63500/100000] loss=0.4415 mel=0.4322 dur=0.0092 lr=2.51e-04 grad_norm=0.1075
[step 63600/100000] loss=0.4408 mel=0.4319 dur=0.0088 lr=2.51e-04 grad_norm=0.1085
[step 63700/100000] loss=0.4383 mel=0.4302 dur=0.0080 lr=2.51e-04 grad_norm=0.1297
[step 63800/100000] loss=0.4369 mel=0.4284 dur=0.0085 lr=2.50e-04 grad_norm=0.0878
[step 63900/100000] loss=0.4392 mel=0.4309 dur=0.0083 lr=2.50e-04 grad_norm=0.0869
[step 64000/100000] loss=0.4407 mel=0.4317 dur=0.0091 lr=2.50e-04 grad_norm=0.0971
[val 64000] total=0.9577 mel=0.8918 dur=0.0659
[step 64100/100000] loss=0.4377 mel=0.4294 dur=0.0082 lr=2.50e-04 grad_norm=0.0980
[step 64200/100000] loss=0.4336 mel=0.4247 dur=0.0089 lr=2.50e-04 grad_norm=0.0966
[step 64300/100000] loss=0.4368 mel=0.4283 dur=0.0086 lr=2.49e-04 grad_norm=0.0968
[step 64400/100000] loss=0.4396 mel=0.4312 dur=0.0084 lr=2.49e-04 grad_norm=0.0984
[step 64500/100000] loss=0.4393 mel=0.4310 dur=0.0084 lr=2.49e-04 grad_norm=0.0922
[step 64600/100000] loss=0.4399 mel=0.4319 dur=0.0080 lr=2.49e-04 grad_norm=0.0953
[step 64700/100000] loss=0.4400 mel=0.4317 dur=0.0082 lr=2.49e-04 grad_norm=0.0969
[step 64800/100000] loss=0.4363 mel=0.4279 dur=0.0084 lr=2.48e-04 grad_norm=0.1147
[step 64900/100000] loss=0.4349 mel=0.4267 dur=0.0082 lr=2.48e-04 grad_norm=0.1148
[step 65000/100000] loss=0.4390 mel=0.4303 dur=0.0087 lr=2.48e-04 grad_norm=0.0847
[step 65100/100000] loss=0.4416 mel=0.4330 dur=0.0086 lr=2.48e-04 grad_norm=0.1572
[step 65200/100000] loss=0.4396 mel=0.4312 dur=0.0084 lr=2.48e-04 grad_norm=0.0920
[step 65300/100000] loss=0.4401 mel=0.4319 dur=0.0082 lr=2.47e-04 grad_norm=0.1094
[step 65400/100000] loss=0.4375 mel=0.4294 dur=0.0081 lr=2.47e-04 grad_norm=0.0992
[step 65500/100000] loss=0.4356 mel=0.4272 dur=0.0084 lr=2.47e-04 grad_norm=0.1119
[step 65600/100000] loss=0.4380 mel=0.4295 dur=0.0085 lr=2.47e-04 grad_norm=0.1025
[step 65700/100000] loss=0.4387 mel=0.4303 dur=0.0085 lr=2.47e-04 grad_norm=0.0967
[step 65800/100000] loss=0.4398 mel=0.4316 dur=0.0083 lr=2.47e-04 grad_norm=0.1028
[step 65900/100000] loss=0.4355 mel=0.4272 dur=0.0082 lr=2.46e-04 grad_norm=0.0872
[step 66000/100000] loss=0.4414 mel=0.4326 dur=0.0088 lr=2.46e-04 grad_norm=0.0934
[val 66000] total=0.9657 mel=0.8993 dur=0.0665
[step 66100/100000] loss=0.4393 mel=0.4308 dur=0.0084 lr=2.46e-04 grad_norm=0.1028
[step 66200/100000] loss=0.4414 mel=0.4325 dur=0.0089 lr=2.46e-04 grad_norm=0.0987
[step 66300/100000] loss=0.4365 mel=0.4282 dur=0.0083 lr=2.46e-04 grad_norm=0.0927
[step 66400/100000] loss=0.4371 mel=0.4289 dur=0.0082 lr=2.45e-04 grad_norm=0.0890
[step 66500/100000] loss=0.4371 mel=0.4294 dur=0.0077 lr=2.45e-04 grad_norm=0.0990
[step 66600/100000] loss=0.4386 mel=0.4303 dur=0.0083 lr=2.45e-04 grad_norm=0.1161
[step 66700/100000] loss=0.4392 mel=0.4306 dur=0.0085 lr=2.45e-04 grad_norm=0.1025
[step 66800/100000] loss=0.4395 mel=0.4311 dur=0.0085 lr=2.45e-04 grad_norm=0.0808
[step 66900/100000] loss=0.4370 mel=0.4287 dur=0.0083 lr=2.45e-04 grad_norm=0.1036
[step 67000/100000] loss=0.4342 mel=0.4256 dur=0.0086 lr=2.44e-04 grad_norm=0.1104
[step 67100/100000] loss=0.4373 mel=0.4293 dur=0.0080 lr=2.44e-04 grad_norm=0.0929
[step 67200/100000] loss=0.4372 mel=0.4287 dur=0.0085 lr=2.44e-04 grad_norm=0.0955
[step 67300/100000] loss=0.4351 mel=0.4269 dur=0.0082 lr=2.44e-04 grad_norm=0.1006
[step 67400/100000] loss=0.4364 mel=0.4281 dur=0.0083 lr=2.44e-04 grad_norm=0.0846
[step 67500/100000] loss=0.4337 mel=0.4253 dur=0.0085 lr=2.43e-04 grad_norm=0.1053
[step 67600/100000] loss=0.4392 mel=0.4312 dur=0.0080 lr=2.43e-04 grad_norm=0.0849
[step 67700/100000] loss=0.4350 mel=0.4269 dur=0.0082 lr=2.43e-04 grad_norm=0.1034
[step 67800/100000] loss=0.4382 mel=0.4300 dur=0.0083 lr=2.43e-04 grad_norm=0.0834
[step 67900/100000] loss=0.4339 mel=0.4261 dur=0.0078 lr=2.43e-04 grad_norm=0.0860
[step 68000/100000] loss=0.4335 mel=0.4253 dur=0.0082 lr=2.43e-04 grad_norm=0.0864
[val 68000] total=0.9569 mel=0.8911 dur=0.0659
[step 68100/100000] loss=0.4359 mel=0.4272 dur=0.0086 lr=2.42e-04 grad_norm=0.0912
[step 68200/100000] loss=0.4393 mel=0.4306 dur=0.0087 lr=2.42e-04 grad_norm=0.1295
[step 68300/100000] loss=0.4335 mel=0.4248 dur=0.0087 lr=2.42e-04 grad_norm=0.0876
[step 68400/100000] loss=0.4314 mel=0.4232 dur=0.0082 lr=2.42e-04 grad_norm=0.0949
[step 68500/100000] loss=0.4341 mel=0.4260 dur=0.0081 lr=2.42e-04 grad_norm=0.0969
[step 68600/100000] loss=0.4354 mel=0.4258 dur=0.0097 lr=2.41e-04 grad_norm=0.1328
[step 68700/100000] loss=0.4383 mel=0.4301 dur=0.0082 lr=2.41e-04 grad_norm=0.0861
[step 68800/100000] loss=0.4387 mel=0.4306 dur=0.0080 lr=2.41e-04 grad_norm=0.0994
[step 68900/100000] loss=0.4353 mel=0.4274 dur=0.0079 lr=2.41e-04 grad_norm=0.0950
[step 69000/100000] loss=0.4333 mel=0.4254 dur=0.0079 lr=2.41e-04 grad_norm=0.0947
[step 69100/100000] loss=0.4332 mel=0.4252 dur=0.0080 lr=2.41e-04 grad_norm=0.0880
[step 69200/100000] loss=0.4354 mel=0.4278 dur=0.0076 lr=2.40e-04 grad_norm=0.0943
[step 69300/100000] loss=0.4354 mel=0.4270 dur=0.0084 lr=2.40e-04 grad_norm=0.1016
[step 69400/100000] loss=0.4328 mel=0.4248 dur=0.0080 lr=2.40e-04 grad_norm=0.1051
[step 69500/100000] loss=0.4336 mel=0.4255 dur=0.0081 lr=2.40e-04 grad_norm=0.1109
[step 69600/100000] loss=0.4331 mel=0.4248 dur=0.0082 lr=2.40e-04 grad_norm=0.1187
[step 69700/100000] loss=0.4362 mel=0.4284 dur=0.0077 lr=2.40e-04 grad_norm=0.1054
[step 69800/100000] loss=0.4347 mel=0.4265 dur=0.0082 lr=2.39e-04 grad_norm=0.0958
[step 69900/100000] loss=0.4343 mel=0.4255 dur=0.0087 lr=2.39e-04 grad_norm=0.1151
[step 70000/100000] loss=0.4335 mel=0.4245 dur=0.0090 lr=2.39e-04 grad_norm=0.0847
[val 70000] total=0.9573 mel=0.8913 dur=0.0660
[step 70100/100000] loss=0.4358 mel=0.4272 dur=0.0086 lr=2.39e-04 grad_norm=0.0898
[step 70200/100000] loss=0.4319 mel=0.4234 dur=0.0085 lr=2.39e-04 grad_norm=0.0859
[step 70300/100000] loss=0.4376 mel=0.4285 dur=0.0091 lr=2.39e-04 grad_norm=0.1010
[step 70400/100000] loss=0.4366 mel=0.4282 dur=0.0084 lr=2.38e-04 grad_norm=0.0975
[step 70500/100000] loss=0.4345 mel=0.4262 dur=0.0083 lr=2.38e-04 grad_norm=0.0917
[step 70600/100000] loss=0.4333 mel=0.4249 dur=0.0084 lr=2.38e-04 grad_norm=0.0984
[step 70700/100000] loss=0.4335 mel=0.4253 dur=0.0082 lr=2.38e-04 grad_norm=0.0917
[step 70800/100000] loss=0.4338 mel=0.4259 dur=0.0079 lr=2.38e-04 grad_norm=0.0990
[step 70900/100000] loss=0.4353 mel=0.4275 dur=0.0079 lr=2.38e-04 grad_norm=0.0918
[step 71000/100000] loss=0.4346 mel=0.4265 dur=0.0081 lr=2.37e-04 grad_norm=0.0882
[step 71100/100000] loss=0.4328 mel=0.4245 dur=0.0083 lr=2.37e-04 grad_norm=0.0954
[step 71200/100000] loss=0.4294 mel=0.4213 dur=0.0081 lr=2.37e-04 grad_norm=0.0843
[step 71300/100000] loss=0.4343 mel=0.4264 dur=0.0079 lr=2.37e-04 grad_norm=0.0807
[step 71400/100000] loss=0.4293 mel=0.4216 dur=0.0077 lr=2.37e-04 grad_norm=0.0922
[step 71500/100000] loss=0.4347 mel=0.4270 dur=0.0077 lr=2.37e-04 grad_norm=0.0911
[step 71600/100000] loss=0.4346 mel=0.4265 dur=0.0081 lr=2.36e-04 grad_norm=0.0948
[step 71700/100000] loss=0.4347 mel=0.4262 dur=0.0085 lr=2.36e-04 grad_norm=0.0964
[step 71800/100000] loss=0.4343 mel=0.4264 dur=0.0079 lr=2.36e-04 grad_norm=0.1151
[step 71900/100000] loss=0.4349 mel=0.4264 dur=0.0085 lr=2.36e-04 grad_norm=0.1103
[step 72000/100000] loss=0.4331 mel=0.4247 dur=0.0084 lr=2.36e-04 grad_norm=0.0855
[val 72000] total=0.9599 mel=0.8940 dur=0.0659
[step 72100/100000] loss=0.4323 mel=0.4240 dur=0.0082 lr=2.36e-04 grad_norm=0.0873
[step 72200/100000] loss=0.4356 mel=0.4276 dur=0.0081 lr=2.35e-04 grad_norm=0.0835
[step 72300/100000] loss=0.4351 mel=0.4271 dur=0.0079 lr=2.35e-04 grad_norm=0.0782
[step 72400/100000] loss=0.4366 mel=0.4278 dur=0.0088 lr=2.35e-04 grad_norm=0.0849
[step 72500/100000] loss=0.4322 mel=0.4247 dur=0.0075 lr=2.35e-04 grad_norm=0.0858
[step 72600/100000] loss=0.4346 mel=0.4261 dur=0.0085 lr=2.35e-04 grad_norm=0.0950
[step 72700/100000] loss=0.4330 mel=0.4245 dur=0.0085 lr=2.35e-04 grad_norm=0.0831
[step 72800/100000] loss=0.4286 mel=0.4207 dur=0.0080 lr=2.34e-04 grad_norm=0.1050
[step 72900/100000] loss=0.4326 mel=0.4245 dur=0.0081 lr=2.34e-04 grad_norm=0.0969
[step 73000/100000] loss=0.4324 mel=0.4238 dur=0.0086 lr=2.34e-04 grad_norm=0.1050
[step 73100/100000] loss=0.4322 mel=0.4244 dur=0.0079 lr=2.34e-04 grad_norm=0.0896
[step 73200/100000] loss=0.4330 mel=0.4247 dur=0.0082 lr=2.34e-04 grad_norm=0.0802
[step 73300/100000] loss=0.4370 mel=0.4291 dur=0.0078 lr=2.34e-04 grad_norm=0.0911
[step 73400/100000] loss=0.4344 mel=0.4267 dur=0.0077 lr=2.33e-04 grad_norm=0.0878
[step 73500/100000] loss=0.4348 mel=0.4266 dur=0.0083 lr=2.33e-04 grad_norm=0.1224
[step 73600/100000] loss=0.4349 mel=0.4266 dur=0.0084 lr=2.33e-04 grad_norm=0.0812
[step 73700/100000] loss=0.4284 mel=0.4205 dur=0.0079 lr=2.33e-04 grad_norm=0.0902
[step 73800/100000] loss=0.4280 mel=0.4202 dur=0.0078 lr=2.33e-04 grad_norm=0.0917
[step 73900/100000] loss=0.4304 mel=0.4225 dur=0.0079 lr=2.33e-04 grad_norm=0.0868
[step 74000/100000] loss=0.4322 mel=0.4246 dur=0.0076 lr=2.32e-04 grad_norm=0.0827
[val 74000] total=0.9588 mel=0.8932 dur=0.0656
[step 74100/100000] loss=0.4322 mel=0.4244 dur=0.0078 lr=2.32e-04 grad_norm=0.1074
[step 74200/100000] loss=0.4309 mel=0.4229 dur=0.0079 lr=2.32e-04 grad_norm=0.0923
[step 74300/100000] loss=0.4289 mel=0.4211 dur=0.0078 lr=2.32e-04 grad_norm=0.1025
[step 74400/100000] loss=0.4350 mel=0.4270 dur=0.0080 lr=2.32e-04 grad_norm=0.0847
[step 74500/100000] loss=0.4319 mel=0.4241 dur=0.0078 lr=2.32e-04 grad_norm=0.1090
[step 74600/100000] loss=0.4331 mel=0.4252 dur=0.0080 lr=2.32e-04 grad_norm=0.0876
[step 74700/100000] loss=0.4355 mel=0.4271 dur=0.0084 lr=2.31e-04 grad_norm=0.1073
[step 74800/100000] loss=0.4345 mel=0.4262 dur=0.0083 lr=2.31e-04 grad_norm=0.1071
[step 74900/100000] loss=0.4372 mel=0.4291 dur=0.0081 lr=2.31e-04 grad_norm=0.0951
[step 75000/100000] loss=0.4306 mel=0.4229 dur=0.0076 lr=2.31e-04 grad_norm=0.0877
[step 75100/100000] loss=0.4307 mel=0.4225 dur=0.0082 lr=2.31e-04 grad_norm=0.0979
[step 75200/100000] loss=0.4317 mel=0.4238 dur=0.0079 lr=2.31e-04 grad_norm=0.0956
[step 75300/100000] loss=0.4335 mel=0.4256 dur=0.0079 lr=2.30e-04 grad_norm=0.1009
[step 75400/100000] loss=0.4292 mel=0.4212 dur=0.0079 lr=2.30e-04 grad_norm=0.0926
[step 75500/100000] loss=0.4317 mel=0.4239 dur=0.0078 lr=2.30e-04 grad_norm=0.0955
[step 75600/100000] loss=0.4336 mel=0.4249 dur=0.0087 lr=2.30e-04 grad_norm=0.0849
[step 75700/100000] loss=0.4307 mel=0.4228 dur=0.0079 lr=2.30e-04 grad_norm=0.0924
[step 75800/100000] loss=0.4315 mel=0.4237 dur=0.0078 lr=2.30e-04 grad_norm=0.0941
[step 75900/100000] loss=0.4280 mel=0.4201 dur=0.0079 lr=2.30e-04 grad_norm=0.0986
[step 76000/100000] loss=0.4303 mel=0.4225 dur=0.0079 lr=2.29e-04 grad_norm=0.0829
[val 76000] total=0.9607 mel=0.8949 dur=0.0659
[step 76100/100000] loss=0.4359 mel=0.4277 dur=0.0081 lr=2.29e-04 grad_norm=0.0835
[step 76200/100000] loss=0.4291 mel=0.4208 dur=0.0084 lr=2.29e-04 grad_norm=0.1045
[step 76300/100000] loss=0.4247 mel=0.4171 dur=0.0076 lr=2.29e-04 grad_norm=0.0891
[step 76400/100000] loss=0.4262 mel=0.4181 dur=0.0081 lr=2.29e-04 grad_norm=0.1076
[step 76500/100000] loss=0.4336 mel=0.4251 dur=0.0085 lr=2.29e-04 grad_norm=0.0994
[step 76600/100000] loss=0.4348 mel=0.4264 dur=0.0084 lr=2.29e-04 grad_norm=0.1059
[step 76700/100000] loss=0.4291 mel=0.4210 dur=0.0081 lr=2.28e-04 grad_norm=0.0919
[step 76800/100000] loss=0.4322 mel=0.4244 dur=0.0078 lr=2.28e-04 grad_norm=0.0778
[step 76900/100000] loss=0.4294 mel=0.4212 dur=0.0082 lr=2.28e-04 grad_norm=0.0972
[step 77000/100000] loss=0.4294 mel=0.4213 dur=0.0081 lr=2.28e-04 grad_norm=0.0907
[step 77100/100000] loss=0.4330 mel=0.4248 dur=0.0082 lr=2.28e-04 grad_norm=0.0800
[step 77200/100000] loss=0.4312 mel=0.4231 dur=0.0081 lr=2.28e-04 grad_norm=0.0809
[step 77300/100000] loss=0.4324 mel=0.4241 dur=0.0083 lr=2.27e-04 grad_norm=0.0772
[step 77400/100000] loss=0.4318 mel=0.4237 dur=0.0080 lr=2.27e-04 grad_norm=0.0989
[step 77500/100000] loss=0.4315 mel=0.4232 dur=0.0083 lr=2.27e-04 grad_norm=0.0889
[step 77600/100000] loss=0.4308 mel=0.4230 dur=0.0078 lr=2.27e-04 grad_norm=0.0978
[step 77700/100000] loss=0.4302 mel=0.4225 dur=0.0076 lr=2.27e-04 grad_norm=0.0857
[step 77800/100000] loss=0.4316 mel=0.4234 dur=0.0082 lr=2.27e-04 grad_norm=0.0949
[step 77900/100000] loss=0.4286 mel=0.4208 dur=0.0078 lr=2.27e-04 grad_norm=0.1166
[step 78000/100000] loss=0.4261 mel=0.4182 dur=0.0080 lr=2.26e-04 grad_norm=0.0733
[val 78000] total=0.9577 mel=0.8920 dur=0.0657
[step 78100/100000] loss=0.4285 mel=0.4206 dur=0.0079 lr=2.26e-04 grad_norm=0.0912
[step 78200/100000] loss=0.4297 mel=0.4220 dur=0.0077 lr=2.26e-04 grad_norm=0.0929
[step 78300/100000] loss=0.4365 mel=0.4281 dur=0.0083 lr=2.26e-04 grad_norm=0.1116
[step 78400/100000] loss=0.4327 mel=0.4250 dur=0.0077 lr=2.26e-04 grad_norm=0.1294
[step 78500/100000] loss=0.4310 mel=0.4231 dur=0.0079 lr=2.26e-04 grad_norm=0.0890
[step 78600/100000] loss=0.4302 mel=0.4225 dur=0.0077 lr=2.26e-04 grad_norm=0.0950
[step 78700/100000] loss=0.4329 mel=0.4252 dur=0.0077 lr=2.25e-04 grad_norm=0.0913
[step 78800/100000] loss=0.4284 mel=0.4203 dur=0.0080 lr=2.25e-04 grad_norm=0.0950
[step 78900/100000] loss=0.4350 mel=0.4273 dur=0.0077 lr=2.25e-04 grad_norm=0.0899
[step 79000/100000] loss=0.4284 mel=0.4204 dur=0.0080 lr=2.25e-04 grad_norm=0.1116
[step 79100/100000] loss=0.4291 mel=0.4214 dur=0.0077 lr=2.25e-04 grad_norm=0.1414
[step 79200/100000] loss=0.4301 mel=0.4224 dur=0.0077 lr=2.25e-04 grad_norm=0.1064
[step 79300/100000] loss=0.4327 mel=0.4246 dur=0.0081 lr=2.25e-04 grad_norm=0.0897
[step 79400/100000] loss=0.4272 mel=0.4194 dur=0.0078 lr=2.24e-04 grad_norm=0.0943
[step 79500/100000] loss=0.4308 mel=0.4229 dur=0.0079 lr=2.24e-04 grad_norm=0.0938
[step 79600/100000] loss=0.4289 mel=0.4212 dur=0.0077 lr=2.24e-04 grad_norm=0.0848
[step 79700/100000] loss=0.4287 mel=0.4207 dur=0.0080 lr=2.24e-04 grad_norm=0.0847
[step 79800/100000] loss=0.4297 mel=0.4221 dur=0.0076 lr=2.24e-04 grad_norm=0.0811
[step 79900/100000] loss=0.4268 mel=0.4191 dur=0.0077 lr=2.24e-04 grad_norm=0.1163
[step 80000/100000] loss=0.4298 mel=0.4222 dur=0.0076 lr=2.24e-04 grad_norm=0.0837
