warning: The `tool.uv.dev-dependencies` field (used in `pyproject.toml`) is deprecated and will be removed in a future release; use `dependency-groups.dev` instead
wandb: [wandb.login()] Loaded credentials for https://api.wandb.ai from WANDB_API_KEY.
wandb: Currently logged in as: cheolseok-k (cheolseok-k-sungkyunkwan-university) to https://api.wandb.ai. Use `wandb login --relogin` to force relogin
wandb: Tracking run with wandb version 0.27.0
wandb: Run data is saved locally in /home/cheolseok/audio/SLP-Assignment3/wandb/run-20260523_173301-1794y63f
wandb: Run `wandb offline` to turn off syncing.
wandb: Syncing run volcanic-thunder-20
wandb: ⭐️ View project at https://wandb.ai/cheolseok-k-sungkyunkwan-university/fastspeech2-tts
wandb: 🚀 View run at https://wandb.ai/cheolseok-k-sungkyunkwan-university/fastspeech2-tts/runs/1794y63f
[train] device=cuda
[train] vocab_size=47, train=12500, val=100
[step 100/100000] loss=4.2685 mel=4.0311 dur=0.2374 lr=2.50e-06 grad_norm=2.8366
[step 200/100000] loss=3.9944 mel=3.8117 dur=0.1827 lr=5.00e-06 grad_norm=2.7460
[step 300/100000] loss=3.6414 mel=3.4819 dur=0.1595 lr=7.50e-06 grad_norm=2.8795
[step 400/100000] loss=3.1268 mel=2.9901 dur=0.1368 lr=1.00e-05 grad_norm=2.3133
[step 500/100000] loss=2.6312 mel=2.5034 dur=0.1278 lr=1.25e-05 grad_norm=2.0606
[step 600/100000] loss=2.1036 mel=1.9824 dur=0.1212 lr=1.50e-05 grad_norm=2.0604
[step 700/100000] loss=1.6635 mel=1.5478 dur=0.1157 lr=1.75e-05 grad_norm=2.2796
[step 800/100000] loss=1.3802 mel=1.2812 dur=0.0989 lr=2.00e-05 grad_norm=1.1103
[step 900/100000] loss=1.2311 mel=1.1297 dur=0.1015 lr=2.25e-05 grad_norm=0.7240
[step 1000/100000] loss=1.1185 mel=1.0212 dur=0.0973 lr=2.50e-05 grad_norm=1.1725
[step 1100/100000] loss=1.0828 mel=0.9893 dur=0.0935 lr=2.75e-05 grad_norm=0.8757
[step 1200/100000] loss=1.0100 mel=0.9226 dur=0.0874 lr=3.00e-05 grad_norm=1.6705
[step 1300/100000] loss=1.0063 mel=0.9144 dur=0.0919 lr=3.25e-05 grad_norm=1.0583
[step 1400/100000] loss=0.9484 mel=0.8672 dur=0.0812 lr=3.50e-05 grad_norm=0.7969
[step 1500/100000] loss=0.9387 mel=0.8592 dur=0.0795 lr=3.75e-05 grad_norm=0.5224
[step 1600/100000] loss=0.9293 mel=0.8487 dur=0.0806 lr=4.00e-05 grad_norm=2.3379
[step 1700/100000] loss=0.9251 mel=0.8527 dur=0.0725 lr=4.25e-05 grad_norm=0.5928
[step 1800/100000] loss=0.9295 mel=0.8561 dur=0.0733 lr=4.50e-05 grad_norm=0.9367
[step 1900/100000] loss=0.9132 mel=0.8400 dur=0.0732 lr=4.75e-05 grad_norm=0.5698
[step 2000/100000] loss=0.8965 mel=0.8264 dur=0.0701 lr=5.00e-05 grad_norm=0.7445
[val 2000] total=0.9307 mel=0.8590 dur=0.0717
  => best checkpoint (val=0.9307)
[step 2100/100000] loss=0.8987 mel=0.8258 dur=0.0729 lr=5.25e-05 grad_norm=1.4223
[step 2200/100000] loss=0.8896 mel=0.8187 dur=0.0710 lr=5.50e-05 grad_norm=2.9960
[step 2300/100000] loss=0.8819 mel=0.8159 dur=0.0660 lr=5.75e-05 grad_norm=0.9817
[step 2400/100000] loss=0.8647 mel=0.8005 dur=0.0642 lr=6.00e-05 grad_norm=0.8839
[step 2500/100000] loss=0.8705 mel=0.8023 dur=0.0682 lr=6.25e-05 grad_norm=0.5114
[step 2600/100000] loss=0.8533 mel=0.7929 dur=0.0604 lr=6.50e-05 grad_norm=1.2226
[step 2700/100000] loss=0.8434 mel=0.7826 dur=0.0608 lr=6.75e-05 grad_norm=0.5375
[step 2800/100000] loss=0.8255 mel=0.7671 dur=0.0584 lr=7.00e-05 grad_norm=1.4726
[step 2900/100000] loss=0.8261 mel=0.7684 dur=0.0578 lr=7.25e-05 grad_norm=0.5957
[step 3000/100000] loss=0.8000 mel=0.7469 dur=0.0531 lr=7.50e-05 grad_norm=0.6944
[step 3100/100000] loss=0.8037 mel=0.7495 dur=0.0541 lr=7.75e-05 grad_norm=0.9902
[step 3200/100000] loss=0.7856 mel=0.7377 dur=0.0479 lr=8.00e-05 grad_norm=1.1686
[step 3300/100000] loss=0.8324 mel=0.7816 dur=0.0508 lr=8.25e-05 grad_norm=1.4170
[step 3400/100000] loss=0.7748 mel=0.7261 dur=0.0487 lr=8.50e-05 grad_norm=0.7759
[step 3500/100000] loss=0.7796 mel=0.7292 dur=0.0504 lr=8.75e-05 grad_norm=1.1276
[step 3600/100000] loss=0.7672 mel=0.7237 dur=0.0436 lr=9.00e-05 grad_norm=1.1176
[step 3700/100000] loss=0.7694 mel=0.7205 dur=0.0490 lr=9.25e-05 grad_norm=0.4835
[step 3800/100000] loss=0.7421 mel=0.6976 dur=0.0446 lr=9.50e-05 grad_norm=1.2925
[step 3900/100000] loss=0.7700 mel=0.7237 dur=0.0463 lr=9.75e-05 grad_norm=1.0218
[step 4000/100000] loss=0.7531 mel=0.7123 dur=0.0408 lr=1.00e-04 grad_norm=0.8650
[val 4000] total=0.9148 mel=0.8459 dur=0.0690
  => best checkpoint (val=0.9148)
[step 4100/100000] loss=0.7538 mel=0.7117 dur=0.0420 lr=9.88e-05 grad_norm=0.6072
[step 4200/100000] loss=0.7391 mel=0.6996 dur=0.0396 lr=9.76e-05 grad_norm=0.5732
[step 4300/100000] loss=0.7385 mel=0.6965 dur=0.0420 lr=9.64e-05 grad_norm=0.5203
[step 4400/100000] loss=0.7291 mel=0.6922 dur=0.0369 lr=9.53e-05 grad_norm=0.7085
[step 4500/100000] loss=0.7053 mel=0.6664 dur=0.0388 lr=9.43e-05 grad_norm=0.9009
[step 4600/100000] loss=0.7060 mel=0.6719 dur=0.0341 lr=9.33e-05 grad_norm=0.5302
[step 4700/100000] loss=0.7030 mel=0.6672 dur=0.0357 lr=9.23e-05 grad_norm=0.4357
[step 4800/100000] loss=0.6951 mel=0.6622 dur=0.0329 lr=9.13e-05 grad_norm=0.4443
[step 4900/100000] loss=0.6891 mel=0.6556 dur=0.0335 lr=9.04e-05 grad_norm=0.6229
[step 5000/100000] loss=0.6810 mel=0.6506 dur=0.0303 lr=8.94e-05 grad_norm=0.4886
[step 5100/100000] loss=0.6725 mel=0.6446 dur=0.0279 lr=8.86e-05 grad_norm=0.4760
[step 5200/100000] loss=0.6834 mel=0.6534 dur=0.0299 lr=8.77e-05 grad_norm=0.6133
[step 5300/100000] loss=0.6667 mel=0.6390 dur=0.0277 lr=8.69e-05 grad_norm=0.5203
[step 5400/100000] loss=0.6571 mel=0.6309 dur=0.0262 lr=8.61e-05 grad_norm=0.3743
[step 5500/100000] loss=0.6509 mel=0.6255 dur=0.0254 lr=8.53e-05 grad_norm=0.6421
[step 5600/100000] loss=0.6577 mel=0.6319 dur=0.0258 lr=8.45e-05 grad_norm=0.5494
[step 5700/100000] loss=0.6382 mel=0.6129 dur=0.0253 lr=8.38e-05 grad_norm=1.2116
[step 5800/100000] loss=0.6314 mel=0.6055 dur=0.0258 lr=8.30e-05 grad_norm=0.3797
[step 5900/100000] loss=0.6392 mel=0.6167 dur=0.0225 lr=8.23e-05 grad_norm=0.3967
[step 6000/100000] loss=0.6307 mel=0.6059 dur=0.0248 lr=8.16e-05 grad_norm=0.6274
[val 6000] total=0.9248 mel=0.8555 dur=0.0693
[step 6100/100000] loss=0.6281 mel=0.6054 dur=0.0226 lr=8.10e-05 grad_norm=0.7323
[step 6200/100000] loss=0.6197 mel=0.5962 dur=0.0235 lr=8.03e-05 grad_norm=0.4894
[step 6300/100000] loss=0.6168 mel=0.5958 dur=0.0210 lr=7.97e-05 grad_norm=0.4802
[step 6400/100000] loss=0.6245 mel=0.6016 dur=0.0230 lr=7.91e-05 grad_norm=0.5693
[step 6500/100000] loss=0.6067 mel=0.5872 dur=0.0195 lr=7.84e-05 grad_norm=0.4487
[step 6600/100000] loss=0.6160 mel=0.5939 dur=0.0221 lr=7.78e-05 grad_norm=0.7506
[step 6700/100000] loss=0.5999 mel=0.5801 dur=0.0199 lr=7.73e-05 grad_norm=0.5091
[step 6800/100000] loss=0.6108 mel=0.5907 dur=0.0201 lr=7.67e-05 grad_norm=0.4833
[step 6900/100000] loss=0.5893 mel=0.5715 dur=0.0178 lr=7.61e-05 grad_norm=0.4679
[step 7000/100000] loss=0.5996 mel=0.5795 dur=0.0201 lr=7.56e-05 grad_norm=0.4007
[step 7100/100000] loss=0.5896 mel=0.5703 dur=0.0193 lr=7.51e-05 grad_norm=0.8493
[step 7200/100000] loss=0.5937 mel=0.5747 dur=0.0190 lr=7.45e-05 grad_norm=0.3878
[step 7300/100000] loss=0.5831 mel=0.5651 dur=0.0180 lr=7.40e-05 grad_norm=0.4174
[step 7400/100000] loss=0.5902 mel=0.5713 dur=0.0189 lr=7.35e-05 grad_norm=0.6492
[step 7500/100000] loss=0.5814 mel=0.5640 dur=0.0173 lr=7.30e-05 grad_norm=0.6528
[step 7600/100000] loss=0.5871 mel=0.5687 dur=0.0183 lr=7.25e-05 grad_norm=0.4123
[step 7700/100000] loss=0.5744 mel=0.5573 dur=0.0171 lr=7.21e-05 grad_norm=0.3540
[step 7800/100000] loss=0.5817 mel=0.5637 dur=0.0180 lr=7.16e-05 grad_norm=0.4785
[step 7900/100000] loss=0.5688 mel=0.5526 dur=0.0162 lr=7.12e-05 grad_norm=0.3593
[step 8000/100000] loss=0.5711 mel=0.5539 dur=0.0172 lr=7.07e-05 grad_norm=0.4714
[val 8000] total=0.9253 mel=0.8547 dur=0.0706
[step 8100/100000] loss=0.5645 mel=0.5482 dur=0.0164 lr=7.03e-05 grad_norm=0.5114
[step 8200/100000] loss=0.5679 mel=0.5512 dur=0.0167 lr=6.98e-05 grad_norm=0.4236
[step 8300/100000] loss=0.5546 mel=0.5388 dur=0.0158 lr=6.94e-05 grad_norm=0.3622
[step 8400/100000] loss=0.5646 mel=0.5484 dur=0.0163 lr=6.90e-05 grad_norm=0.3648
[step 8500/100000] loss=0.5534 mel=0.5388 dur=0.0147 lr=6.86e-05 grad_norm=0.3795
[step 8600/100000] loss=0.5634 mel=0.5476 dur=0.0158 lr=6.82e-05 grad_norm=0.7208
[step 8700/100000] loss=0.5509 mel=0.5347 dur=0.0163 lr=6.78e-05 grad_norm=0.3845
[step 8800/100000] loss=0.5575 mel=0.5417 dur=0.0158 lr=6.74e-05 grad_norm=0.4108
[step 8900/100000] loss=0.5511 mel=0.5361 dur=0.0150 lr=6.70e-05 grad_norm=0.5549
[step 9000/100000] loss=0.5490 mel=0.5335 dur=0.0156 lr=6.67e-05 grad_norm=0.3459
[step 9100/100000] loss=0.5461 mel=0.5310 dur=0.0151 lr=6.63e-05 grad_norm=0.5045
[step 9200/100000] loss=0.5500 mel=0.5345 dur=0.0154 lr=6.59e-05 grad_norm=0.4343
[step 9300/100000] loss=0.5420 mel=0.5278 dur=0.0142 lr=6.56e-05 grad_norm=0.3716
[step 9400/100000] loss=0.5468 mel=0.5312 dur=0.0156 lr=6.52e-05 grad_norm=0.3489
[step 9500/100000] loss=0.5398 mel=0.5248 dur=0.0149 lr=6.49e-05 grad_norm=0.4903
[step 9600/100000] loss=0.5405 mel=0.5265 dur=0.0140 lr=6.45e-05 grad_norm=0.4722
[step 9700/100000] loss=0.5356 mel=0.5226 dur=0.0130 lr=6.42e-05 grad_norm=0.4799
[step 9800/100000] loss=0.5347 mel=0.5187 dur=0.0160 lr=6.39e-05 grad_norm=0.5664
[step 9900/100000] loss=0.5286 mel=0.5138 dur=0.0148 lr=6.36e-05 grad_norm=0.4405
[step 10000/100000] loss=0.5231 mel=0.5099 dur=0.0132 lr=6.32e-05 grad_norm=0.3935
[val 10000] total=0.9316 mel=0.8626 dur=0.0690
[step 10100/100000] loss=0.5252 mel=0.5118 dur=0.0134 lr=6.29e-05 grad_norm=0.4227
[step 10200/100000] loss=0.5181 mel=0.5060 dur=0.0121 lr=6.26e-05 grad_norm=0.5361
[step 10300/100000] loss=0.5224 mel=0.5086 dur=0.0138 lr=6.23e-05 grad_norm=0.5337
[step 10400/100000] loss=0.5223 mel=0.5091 dur=0.0132 lr=6.20e-05 grad_norm=0.4748
[step 10500/100000] loss=0.5261 mel=0.5132 dur=0.0130 lr=6.17e-05 grad_norm=0.3227
[step 10600/100000] loss=0.5171 mel=0.5045 dur=0.0126 lr=6.14e-05 grad_norm=0.5354
[step 10700/100000] loss=0.5188 mel=0.5057 dur=0.0131 lr=6.11e-05 grad_norm=0.3459
[step 10800/100000] loss=0.5147 mel=0.5023 dur=0.0124 lr=6.09e-05 grad_norm=0.3973
[step 10900/100000] loss=0.5108 mel=0.4976 dur=0.0132 lr=6.06e-05 grad_norm=0.3270
[step 11000/100000] loss=0.5176 mel=0.5060 dur=0.0116 lr=6.03e-05 grad_norm=0.3432
[step 11100/100000] loss=0.5108 mel=0.4987 dur=0.0121 lr=6.00e-05 grad_norm=0.3849
[step 11200/100000] loss=0.5117 mel=0.4992 dur=0.0125 lr=5.98e-05 grad_norm=0.4104
[step 11300/100000] loss=0.5163 mel=0.5040 dur=0.0123 lr=5.95e-05 grad_norm=0.4012
[step 11400/100000] loss=0.5048 mel=0.4932 dur=0.0116 lr=5.92e-05 grad_norm=0.4599
[step 11500/100000] loss=0.5049 mel=0.4933 dur=0.0117 lr=5.90e-05 grad_norm=0.3447
[step 11600/100000] loss=0.5080 mel=0.4961 dur=0.0119 lr=5.87e-05 grad_norm=0.3852
[step 11700/100000] loss=0.4999 mel=0.4876 dur=0.0123 lr=5.85e-05 grad_norm=0.3772
[step 11800/100000] loss=0.4979 mel=0.4865 dur=0.0114 lr=5.82e-05 grad_norm=0.4071
[step 11900/100000] loss=0.4985 mel=0.4870 dur=0.0115 lr=5.80e-05 grad_norm=0.3707
[step 12000/100000] loss=0.4995 mel=0.4877 dur=0.0118 lr=5.77e-05 grad_norm=0.5446
[val 12000] total=0.9432 mel=0.8741 dur=0.0692
[step 12100/100000] loss=0.4936 mel=0.4820 dur=0.0116 lr=5.75e-05 grad_norm=0.2907
[step 12200/100000] loss=0.4976 mel=0.4859 dur=0.0117 lr=5.73e-05 grad_norm=0.3626
[step 12300/100000] loss=0.4998 mel=0.4881 dur=0.0117 lr=5.70e-05 grad_norm=0.3361
[step 12400/100000] loss=0.4937 mel=0.4821 dur=0.0115 lr=5.68e-05 grad_norm=0.4465
[step 12500/100000] loss=0.4995 mel=0.4874 dur=0.0121 lr=5.66e-05 grad_norm=0.3519
[step 12600/100000] loss=0.4909 mel=0.4793 dur=0.0116 lr=5.63e-05 grad_norm=0.5642
[step 12700/100000] loss=0.4982 mel=0.4864 dur=0.0118 lr=5.61e-05 grad_norm=0.3763
[step 12800/100000] loss=0.4848 mel=0.4738 dur=0.0110 lr=5.59e-05 grad_norm=0.3229
[step 12900/100000] loss=0.4922 mel=0.4799 dur=0.0123 lr=5.57e-05 grad_norm=0.4131
[step 13000/100000] loss=0.4867 mel=0.4758 dur=0.0109 lr=5.55e-05 grad_norm=0.2978
[step 13100/100000] loss=0.4863 mel=0.4751 dur=0.0112 lr=5.53e-05 grad_norm=0.3726
[step 13200/100000] loss=0.4871 mel=0.4760 dur=0.0111 lr=5.50e-05 grad_norm=0.3427
[step 13300/100000] loss=0.4838 mel=0.4733 dur=0.0105 lr=5.48e-05 grad_norm=0.3110
[step 13400/100000] loss=0.4829 mel=0.4719 dur=0.0110 lr=5.46e-05 grad_norm=0.3611
[step 13500/100000] loss=0.4817 mel=0.4704 dur=0.0113 lr=5.44e-05 grad_norm=0.3451
[step 13600/100000] loss=0.4789 mel=0.4684 dur=0.0105 lr=5.42e-05 grad_norm=0.3670
[step 13700/100000] loss=0.4841 mel=0.4737 dur=0.0104 lr=5.40e-05 grad_norm=0.4708
[step 13800/100000] loss=0.4814 mel=0.4702 dur=0.0112 lr=5.38e-05 grad_norm=0.3007
[step 13900/100000] loss=0.4769 mel=0.4660 dur=0.0109 lr=5.36e-05 grad_norm=0.3513
[step 14000/100000] loss=0.4738 mel=0.4632 dur=0.0106 lr=5.35e-05 grad_norm=0.3227
[val 14000] total=0.9501 mel=0.8791 dur=0.0709
[step 14100/100000] loss=0.4792 mel=0.4687 dur=0.0105 lr=5.33e-05 grad_norm=0.3446
[step 14200/100000] loss=0.4744 mel=0.4643 dur=0.0101 lr=5.31e-05 grad_norm=0.3071
[step 14300/100000] loss=0.4805 mel=0.4697 dur=0.0108 lr=5.29e-05 grad_norm=0.3019
[step 14400/100000] loss=0.4710 mel=0.4608 dur=0.0102 lr=5.27e-05 grad_norm=0.3165
[step 14500/100000] loss=0.4763 mel=0.4660 dur=0.0103 lr=5.25e-05 grad_norm=0.2860
[step 14600/100000] loss=0.4734 mel=0.4626 dur=0.0108 lr=5.23e-05 grad_norm=0.3955
[step 14700/100000] loss=0.4743 mel=0.4639 dur=0.0104 lr=5.22e-05 grad_norm=0.4313
[step 14800/100000] loss=0.4744 mel=0.4625 dur=0.0119 lr=5.20e-05 grad_norm=0.4168
[step 14900/100000] loss=0.4845 mel=0.4741 dur=0.0104 lr=5.18e-05 grad_norm=0.3303
[step 15000/100000] loss=0.4731 mel=0.4630 dur=0.0101 lr=5.16e-05 grad_norm=0.3390
[step 15100/100000] loss=0.4693 mel=0.4594 dur=0.0099 lr=5.15e-05 grad_norm=0.3094
[step 15200/100000] loss=0.4647 mel=0.4545 dur=0.0102 lr=5.13e-05 grad_norm=0.2942
[step 15300/100000] loss=0.4669 mel=0.4571 dur=0.0099 lr=5.11e-05 grad_norm=0.3579
[step 15400/100000] loss=0.4683 mel=0.4581 dur=0.0102 lr=5.10e-05 grad_norm=0.3623
[step 15500/100000] loss=0.4645 mel=0.4545 dur=0.0100 lr=5.08e-05 grad_norm=0.4003
[step 15600/100000] loss=0.4716 mel=0.4610 dur=0.0107 lr=5.06e-05 grad_norm=0.3099
[step 15700/100000] loss=0.4575 mel=0.4481 dur=0.0094 lr=5.05e-05 grad_norm=0.2945
[step 15800/100000] loss=0.4596 mel=0.4503 dur=0.0093 lr=5.03e-05 grad_norm=0.3863
[step 15900/100000] loss=0.4596 mel=0.4502 dur=0.0094 lr=5.02e-05 grad_norm=0.2804
[step 16000/100000] loss=0.4582 mel=0.4491 dur=0.0091 lr=5.00e-05 grad_norm=0.2777
[val 16000] total=0.9481 mel=0.8777 dur=0.0704
[step 16100/100000] loss=0.4569 mel=0.4479 dur=0.0090 lr=4.98e-05 grad_norm=0.2993
[step 16200/100000] loss=0.4601 mel=0.4503 dur=0.0098 lr=4.97e-05 grad_norm=0.3307
[step 16300/100000] loss=0.4559 mel=0.4466 dur=0.0093 lr=4.95e-05 grad_norm=0.3208
[step 16400/100000] loss=0.4572 mel=0.4477 dur=0.0095 lr=4.94e-05 grad_norm=0.2919
[step 16500/100000] loss=0.4584 mel=0.4493 dur=0.0091 lr=4.92e-05 grad_norm=0.3005
[step 16600/100000] loss=0.4553 mel=0.4459 dur=0.0093 lr=4.91e-05 grad_norm=0.5735
[step 16700/100000] loss=0.4570 mel=0.4481 dur=0.0090 lr=4.89e-05 grad_norm=0.3149
[step 16800/100000] loss=0.4581 mel=0.4486 dur=0.0096 lr=4.88e-05 grad_norm=0.3450
[step 16900/100000] loss=0.4553 mel=0.4458 dur=0.0096 lr=4.87e-05 grad_norm=0.3469
[step 17000/100000] loss=0.4555 mel=0.4464 dur=0.0091 lr=4.85e-05 grad_norm=0.2819
[step 17100/100000] loss=0.4591 mel=0.4493 dur=0.0098 lr=4.84e-05 grad_norm=0.4137
[step 17200/100000] loss=0.4499 mel=0.4406 dur=0.0093 lr=4.82e-05 grad_norm=0.3023
[step 17300/100000] loss=0.4497 mel=0.4409 dur=0.0088 lr=4.81e-05 grad_norm=0.2859
[step 17400/100000] loss=0.4481 mel=0.4393 dur=0.0088 lr=4.79e-05 grad_norm=0.3763
[step 17500/100000] loss=0.4465 mel=0.4377 dur=0.0088 lr=4.78e-05 grad_norm=0.2688
[step 17600/100000] loss=0.4523 mel=0.4433 dur=0.0090 lr=4.77e-05 grad_norm=0.3110
[step 17700/100000] loss=0.4491 mel=0.4404 dur=0.0087 lr=4.75e-05 grad_norm=0.3113
[step 17800/100000] loss=0.4585 mel=0.4489 dur=0.0097 lr=4.74e-05 grad_norm=0.2978
[step 17900/100000] loss=0.4486 mel=0.4397 dur=0.0089 lr=4.73e-05 grad_norm=0.3144
[step 18000/100000] loss=0.4520 mel=0.4431 dur=0.0089 lr=4.71e-05 grad_norm=0.3074
[val 18000] total=0.9523 mel=0.8828 dur=0.0695
[step 18100/100000] loss=0.4468 mel=0.4380 dur=0.0088 lr=4.70e-05 grad_norm=0.2925
[step 18200/100000] loss=0.4468 mel=0.4375 dur=0.0093 lr=4.69e-05 grad_norm=0.2992
[step 18300/100000] loss=0.4455 mel=0.4365 dur=0.0090 lr=4.68e-05 grad_norm=0.3096
[step 18400/100000] loss=0.4482 mel=0.4391 dur=0.0092 lr=4.66e-05 grad_norm=0.3537
[step 18500/100000] loss=0.4427 mel=0.4342 dur=0.0086 lr=4.65e-05 grad_norm=0.2667
[step 18600/100000] loss=0.4475 mel=0.4388 dur=0.0087 lr=4.64e-05 grad_norm=0.3067
[step 18700/100000] loss=0.4449 mel=0.4364 dur=0.0085 lr=4.62e-05 grad_norm=0.2703
[step 18800/100000] loss=0.4536 mel=0.4449 dur=0.0087 lr=4.61e-05 grad_norm=0.2904
[step 18900/100000] loss=0.4445 mel=0.4358 dur=0.0087 lr=4.60e-05 grad_norm=0.3236
[step 19000/100000] loss=0.4398 mel=0.4310 dur=0.0088 lr=4.59e-05 grad_norm=0.2813
[step 19100/100000] loss=0.4452 mel=0.4366 dur=0.0086 lr=4.58e-05 grad_norm=0.4105
[step 19200/100000] loss=0.4469 mel=0.4379 dur=0.0090 lr=4.56e-05 grad_norm=0.5973
[step 19300/100000] loss=0.4437 mel=0.4352 dur=0.0085 lr=4.55e-05 grad_norm=0.3060
[step 19400/100000] loss=0.4409 mel=0.4324 dur=0.0085 lr=4.54e-05 grad_norm=0.2541
[step 19500/100000] loss=0.4394 mel=0.4311 dur=0.0082 lr=4.53e-05 grad_norm=0.4392
[step 19600/100000] loss=0.4391 mel=0.4308 dur=0.0083 lr=4.52e-05 grad_norm=0.4155
[step 19700/100000] loss=0.4390 mel=0.4301 dur=0.0089 lr=4.51e-05 grad_norm=0.2552
[step 19800/100000] loss=0.4440 mel=0.4352 dur=0.0089 lr=4.49e-05 grad_norm=0.3467
[step 19900/100000] loss=0.4347 mel=0.4264 dur=0.0084 lr=4.48e-05 grad_norm=0.3744
[step 20000/100000] loss=0.4407 mel=0.4318 dur=0.0089 lr=4.47e-05 grad_norm=0.2974
[val 20000] total=0.9502 mel=0.8804 dur=0.0698
[step 20100/100000] loss=0.4375 mel=0.4291 dur=0.0084 lr=4.46e-05 grad_norm=0.2797
[step 20200/100000] loss=0.4377 mel=0.4298 dur=0.0079 lr=4.45e-05 grad_norm=0.2852
[step 20300/100000] loss=0.4327 mel=0.4248 dur=0.0080 lr=4.44e-05 grad_norm=0.2849
[step 20400/100000] loss=0.4341 mel=0.4254 dur=0.0087 lr=4.43e-05 grad_norm=0.3836
[step 20500/100000] loss=0.4339 mel=0.4253 dur=0.0086 lr=4.42e-05 grad_norm=0.2589
[step 20600/100000] loss=0.4344 mel=0.4262 dur=0.0082 lr=4.41e-05 grad_norm=0.2488
[step 20700/100000] loss=0.4376 mel=0.4292 dur=0.0084 lr=4.40e-05 grad_norm=0.2885
[step 20800/100000] loss=0.4363 mel=0.4281 dur=0.0081 lr=4.39e-05 grad_norm=0.4543
[step 20900/100000] loss=0.4324 mel=0.4241 dur=0.0083 lr=4.37e-05 grad_norm=0.2797
[step 21000/100000] loss=0.4307 mel=0.4224 dur=0.0084 lr=4.36e-05 grad_norm=0.4353
[step 21100/100000] loss=0.4321 mel=0.4238 dur=0.0083 lr=4.35e-05 grad_norm=0.2983
[step 21200/100000] loss=0.4306 mel=0.4224 dur=0.0082 lr=4.34e-05 grad_norm=0.2960
[step 21300/100000] loss=0.4332 mel=0.4248 dur=0.0083 lr=4.33e-05 grad_norm=0.4712
[step 21400/100000] loss=0.4333 mel=0.4248 dur=0.0085 lr=4.32e-05 grad_norm=0.2866
[step 21500/100000] loss=0.4349 mel=0.4267 dur=0.0082 lr=4.31e-05 grad_norm=0.2789
[step 21600/100000] loss=0.4271 mel=0.4195 dur=0.0077 lr=4.30e-05 grad_norm=0.3164
[step 21700/100000] loss=0.4286 mel=0.4206 dur=0.0080 lr=4.29e-05 grad_norm=0.2448
[step 21800/100000] loss=0.4297 mel=0.4217 dur=0.0080 lr=4.28e-05 grad_norm=0.3693
[step 21900/100000] loss=0.4289 mel=0.4210 dur=0.0080 lr=4.27e-05 grad_norm=0.2658
[step 22000/100000] loss=0.4296 mel=0.4216 dur=0.0080 lr=4.26e-05 grad_norm=0.2855
[val 22000] total=0.9495 mel=0.8795 dur=0.0700
[step 22100/100000] loss=0.4315 mel=0.4235 dur=0.0080 lr=4.25e-05 grad_norm=0.3009
[step 22200/100000] loss=0.4340 mel=0.4257 dur=0.0082 lr=4.24e-05 grad_norm=0.3964
[step 22300/100000] loss=0.4291 mel=0.4213 dur=0.0078 lr=4.24e-05 grad_norm=0.3457
[step 22400/100000] loss=0.4208 mel=0.4129 dur=0.0078 lr=4.23e-05 grad_norm=0.2533
[step 22500/100000] loss=0.4277 mel=0.4198 dur=0.0079 lr=4.22e-05 grad_norm=0.2882
[step 22600/100000] loss=0.4268 mel=0.4189 dur=0.0079 lr=4.21e-05 grad_norm=0.2739
[step 22700/100000] loss=0.4321 mel=0.4235 dur=0.0086 lr=4.20e-05 grad_norm=0.3726
[step 22800/100000] loss=0.4257 mel=0.4178 dur=0.0079 lr=4.19e-05 grad_norm=0.2962
[step 22900/100000] loss=0.4273 mel=0.4194 dur=0.0078 lr=4.18e-05 grad_norm=0.2723
[step 23000/100000] loss=0.4240 mel=0.4166 dur=0.0075 lr=4.17e-05 grad_norm=0.3020
[step 23100/100000] loss=0.4272 mel=0.4191 dur=0.0080 lr=4.16e-05 grad_norm=0.3595
[step 23200/100000] loss=0.4274 mel=0.4192 dur=0.0082 lr=4.15e-05 grad_norm=0.4539
[step 23300/100000] loss=0.4260 mel=0.4182 dur=0.0078 lr=4.14e-05 grad_norm=0.3181
[step 23400/100000] loss=0.4253 mel=0.4175 dur=0.0078 lr=4.13e-05 grad_norm=0.2885
[step 23500/100000] loss=0.4252 mel=0.4172 dur=0.0080 lr=4.13e-05 grad_norm=0.2762
[step 23600/100000] loss=0.4181 mel=0.4108 dur=0.0073 lr=4.12e-05 grad_norm=0.4396
[step 23700/100000] loss=0.4235 mel=0.4156 dur=0.0080 lr=4.11e-05 grad_norm=0.2563
[step 23800/100000] loss=0.4198 mel=0.4121 dur=0.0077 lr=4.10e-05 grad_norm=0.2660
[step 23900/100000] loss=0.4285 mel=0.4206 dur=0.0079 lr=4.09e-05 grad_norm=0.4128
[step 24000/100000] loss=0.4237 mel=0.4160 dur=0.0077 lr=4.08e-05 grad_norm=0.2521
[val 24000] total=0.9526 mel=0.8836 dur=0.0690
[step 24100/100000] loss=0.4228 mel=0.4152 dur=0.0076 lr=4.07e-05 grad_norm=0.2279
[step 24200/100000] loss=0.4255 mel=0.4179 dur=0.0076 lr=4.07e-05 grad_norm=0.3334
[step 24300/100000] loss=0.4289 mel=0.4208 dur=0.0081 lr=4.06e-05 grad_norm=0.3284
[step 24400/100000] loss=0.4217 mel=0.4143 dur=0.0074 lr=4.05e-05 grad_norm=0.2631
[step 24500/100000] loss=0.4227 mel=0.4154 dur=0.0073 lr=4.04e-05 grad_norm=0.4189
[step 24600/100000] loss=0.4180 mel=0.4105 dur=0.0075 lr=4.03e-05 grad_norm=0.2631
[step 24700/100000] loss=0.4231 mel=0.4158 dur=0.0073 lr=4.02e-05 grad_norm=0.2661
[step 24800/100000] loss=0.4211 mel=0.4137 dur=0.0074 lr=4.02e-05 grad_norm=0.2592
[step 24900/100000] loss=0.4180 mel=0.4105 dur=0.0075 lr=4.01e-05 grad_norm=0.2559
[step 25000/100000] loss=0.4207 mel=0.4131 dur=0.0076 lr=4.00e-05 grad_norm=0.2309
[step 25100/100000] loss=0.4228 mel=0.4153 dur=0.0075 lr=3.99e-05 grad_norm=0.3269
[step 25200/100000] loss=0.4202 mel=0.4125 dur=0.0077 lr=3.98e-05 grad_norm=0.2655
[step 25300/100000] loss=0.4209 mel=0.4135 dur=0.0075 lr=3.98e-05 grad_norm=0.3085
[step 25400/100000] loss=0.4171 mel=0.4095 dur=0.0076 lr=3.97e-05 grad_norm=0.2492
[step 25500/100000] loss=0.4218 mel=0.4145 dur=0.0073 lr=3.96e-05 grad_norm=0.3369
[step 25600/100000] loss=0.4153 mel=0.4078 dur=0.0075 lr=3.95e-05 grad_norm=0.4245
[step 25700/100000] loss=0.4151 mel=0.4080 dur=0.0071 lr=3.95e-05 grad_norm=0.2452
[step 25800/100000] loss=0.4194 mel=0.4121 dur=0.0073 lr=3.94e-05 grad_norm=0.2657
[step 25900/100000] loss=0.4177 mel=0.4100 dur=0.0077 lr=3.93e-05 grad_norm=0.4093
[step 26000/100000] loss=0.4159 mel=0.4081 dur=0.0078 lr=3.92e-05 grad_norm=0.3390
[val 26000] total=0.9522 mel=0.8824 dur=0.0698
[step 26100/100000] loss=0.4161 mel=0.4086 dur=0.0075 lr=3.91e-05 grad_norm=0.3226
[step 26200/100000] loss=0.4160 mel=0.4089 dur=0.0071 lr=3.91e-05 grad_norm=0.2371
[step 26300/100000] loss=0.4119 mel=0.4044 dur=0.0075 lr=3.90e-05 grad_norm=0.2683
[step 26400/100000] loss=0.4164 mel=0.4093 dur=0.0072 lr=3.89e-05 grad_norm=0.3123
[step 26500/100000] loss=0.4110 mel=0.4041 dur=0.0069 lr=3.89e-05 grad_norm=0.2423
[step 26600/100000] loss=0.4114 mel=0.4039 dur=0.0075 lr=3.88e-05 grad_norm=0.2431
[step 26700/100000] loss=0.4106 mel=0.4037 dur=0.0069 lr=3.87e-05 grad_norm=0.2663
[step 26800/100000] loss=0.4185 mel=0.4110 dur=0.0075 lr=3.86e-05 grad_norm=0.2404
[step 26900/100000] loss=0.4129 mel=0.4058 dur=0.0071 lr=3.86e-05 grad_norm=0.2787
[step 27000/100000] loss=0.4149 mel=0.4079 dur=0.0070 lr=3.85e-05 grad_norm=0.2499
[step 27100/100000] loss=0.4130 mel=0.4060 dur=0.0070 lr=3.84e-05 grad_norm=0.2417
[step 27200/100000] loss=0.4148 mel=0.4073 dur=0.0075 lr=3.83e-05 grad_norm=0.3014
[step 27300/100000] loss=0.4106 mel=0.4035 dur=0.0071 lr=3.83e-05 grad_norm=0.2497
[step 27400/100000] loss=0.4097 mel=0.4025 dur=0.0072 lr=3.82e-05 grad_norm=0.2663
[step 27500/100000] loss=0.4129 mel=0.4059 dur=0.0070 lr=3.81e-05 grad_norm=0.2917
[step 27600/100000] loss=0.4119 mel=0.4047 dur=0.0072 lr=3.81e-05 grad_norm=0.2386
[step 27700/100000] loss=0.4089 mel=0.4019 dur=0.0070 lr=3.80e-05 grad_norm=0.2352
[step 27800/100000] loss=0.4118 mel=0.4046 dur=0.0072 lr=3.79e-05 grad_norm=0.2363
[step 27900/100000] loss=0.4095 mel=0.4023 dur=0.0072 lr=3.79e-05 grad_norm=0.2429
[step 28000/100000] loss=0.4125 mel=0.4052 dur=0.0073 lr=3.78e-05 grad_norm=0.3394
[val 28000] total=0.9504 mel=0.8806 dur=0.0698
[step 28100/100000] loss=0.4091 mel=0.4024 dur=0.0066 lr=3.77e-05 grad_norm=0.2624
[step 28200/100000] loss=0.4118 mel=0.4045 dur=0.0074 lr=3.77e-05 grad_norm=0.3010
[step 28300/100000] loss=0.4073 mel=0.4002 dur=0.0071 lr=3.76e-05 grad_norm=0.3010
[step 28400/100000] loss=0.4115 mel=0.4046 dur=0.0069 lr=3.75e-05 grad_norm=0.2264
[step 28500/100000] loss=0.4136 mel=0.4058 dur=0.0078 lr=3.75e-05 grad_norm=0.2578
[step 28600/100000] loss=0.4084 mel=0.4014 dur=0.0070 lr=3.74e-05 grad_norm=0.2565
[step 28700/100000] loss=0.4103 mel=0.4033 dur=0.0070 lr=3.73e-05 grad_norm=0.2423
[step 28800/100000] loss=0.4105 mel=0.4036 dur=0.0069 lr=3.73e-05 grad_norm=0.2220
[step 28900/100000] loss=0.4053 mel=0.3985 dur=0.0068 lr=3.72e-05 grad_norm=0.3344
[step 29000/100000] loss=0.4120 mel=0.4049 dur=0.0071 lr=3.71e-05 grad_norm=0.3335
[step 29100/100000] loss=0.4085 mel=0.4016 dur=0.0068 lr=3.71e-05 grad_norm=0.2495
[step 29200/100000] loss=0.4095 mel=0.4020 dur=0.0074 lr=3.70e-05 grad_norm=0.4161
[step 29300/100000] loss=0.4062 mel=0.3994 dur=0.0069 lr=3.69e-05 grad_norm=0.2554
[step 29400/100000] loss=0.4079 mel=0.4006 dur=0.0073 lr=3.69e-05 grad_norm=0.4147
[step 29500/100000] loss=0.4068 mel=0.3998 dur=0.0070 lr=3.68e-05 grad_norm=0.2485
[step 29600/100000] loss=0.4050 mel=0.3980 dur=0.0070 lr=3.68e-05 grad_norm=0.2644
[step 29700/100000] loss=0.4081 mel=0.4007 dur=0.0073 lr=3.67e-05 grad_norm=0.2258
[step 29800/100000] loss=0.4062 mel=0.3995 dur=0.0067 lr=3.66e-05 grad_norm=0.2802
[step 29900/100000] loss=0.4019 mel=0.3950 dur=0.0069 lr=3.66e-05 grad_norm=0.2347
[step 30000/100000] loss=0.4050 mel=0.3981 dur=0.0070 lr=3.65e-05 grad_norm=0.3911
[val 30000] total=0.9556 mel=0.8860 dur=0.0696
[step 30100/100000] loss=0.4056 mel=0.3990 dur=0.0066 lr=3.65e-05 grad_norm=0.2451
[step 30200/100000] loss=0.4065 mel=0.3995 dur=0.0070 lr=3.64e-05 grad_norm=0.2788
[step 30300/100000] loss=0.4073 mel=0.4002 dur=0.0071 lr=3.63e-05 grad_norm=0.2835
[step 30400/100000] loss=0.4043 mel=0.3974 dur=0.0068 lr=3.63e-05 grad_norm=0.2732
[step 30500/100000] loss=0.4040 mel=0.3966 dur=0.0075 lr=3.62e-05 grad_norm=0.2963
[step 30600/100000] loss=0.4058 mel=0.3987 dur=0.0070 lr=3.62e-05 grad_norm=0.3235
[step 30700/100000] loss=0.4088 mel=0.4019 dur=0.0069 lr=3.61e-05 grad_norm=0.2433
[step 30800/100000] loss=0.4059 mel=0.3992 dur=0.0067 lr=3.60e-05 grad_norm=0.3445
[step 30900/100000] loss=0.4012 mel=0.3949 dur=0.0063 lr=3.60e-05 grad_norm=0.2481
[step 31000/100000] loss=0.4038 mel=0.3969 dur=0.0069 lr=3.59e-05 grad_norm=0.2663
[step 31100/100000] loss=0.4068 mel=0.3998 dur=0.0071 lr=3.59e-05 grad_norm=0.2696
[step 31200/100000] loss=0.4025 mel=0.3959 dur=0.0066 lr=3.58e-05 grad_norm=0.2131
[step 31300/100000] loss=0.4038 mel=0.3969 dur=0.0069 lr=3.57e-05 grad_norm=0.2159
[step 31400/100000] loss=0.4028 mel=0.3960 dur=0.0068 lr=3.57e-05 grad_norm=0.2263
[step 31500/100000] loss=0.4001 mel=0.3934 dur=0.0067 lr=3.56e-05 grad_norm=0.2163
[step 31600/100000] loss=0.4001 mel=0.3933 dur=0.0068 lr=3.56e-05 grad_norm=0.2286
[step 31700/100000] loss=0.3988 mel=0.3921 dur=0.0067 lr=3.55e-05 grad_norm=0.2663
[step 31800/100000] loss=0.4020 mel=0.3956 dur=0.0064 lr=3.55e-05 grad_norm=0.2488
[step 31900/100000] loss=0.4066 mel=0.4000 dur=0.0066 lr=3.54e-05 grad_norm=0.2598
[step 32000/100000] loss=0.4069 mel=0.3998 dur=0.0072 lr=3.54e-05 grad_norm=0.2682
[val 32000] total=0.9556 mel=0.8858 dur=0.0698
[step 32100/100000] loss=0.4007 mel=0.3942 dur=0.0065 lr=3.53e-05 grad_norm=0.2352
[step 32200/100000] loss=0.3984 mel=0.3916 dur=0.0067 lr=3.52e-05 grad_norm=0.2247
[step 32300/100000] loss=0.3999 mel=0.3932 dur=0.0067 lr=3.52e-05 grad_norm=0.2643
[step 32400/100000] loss=0.4001 mel=0.3933 dur=0.0068 lr=3.51e-05 grad_norm=0.2469
[step 32500/100000] loss=0.4007 mel=0.3941 dur=0.0066 lr=3.51e-05 grad_norm=0.2637
[step 32600/100000] loss=0.3998 mel=0.3934 dur=0.0064 lr=3.50e-05 grad_norm=0.3569
[step 32700/100000] loss=0.4009 mel=0.3946 dur=0.0063 lr=3.50e-05 grad_norm=0.2371
[step 32800/100000] loss=0.4012 mel=0.3946 dur=0.0066 lr=3.49e-05 grad_norm=0.2326
[step 32900/100000] loss=0.4000 mel=0.3928 dur=0.0072 lr=3.49e-05 grad_norm=0.2393
[step 33000/100000] loss=0.4010 mel=0.3946 dur=0.0064 lr=3.48e-05 grad_norm=0.3186
[step 33100/100000] loss=0.3981 mel=0.3916 dur=0.0065 lr=3.48e-05 grad_norm=0.2532
[step 33200/100000] loss=0.3987 mel=0.3924 dur=0.0064 lr=3.47e-05 grad_norm=0.2263
[step 33300/100000] loss=0.3968 mel=0.3905 dur=0.0063 lr=3.47e-05 grad_norm=0.2432
[step 33400/100000] loss=0.3983 mel=0.3916 dur=0.0067 lr=3.46e-05 grad_norm=0.2494
[step 33500/100000] loss=0.3997 mel=0.3929 dur=0.0068 lr=3.46e-05 grad_norm=0.2334
[step 33600/100000] loss=0.4011 mel=0.3944 dur=0.0067 lr=3.45e-05 grad_norm=0.2824
[step 33700/100000] loss=0.3979 mel=0.3916 dur=0.0063 lr=3.45e-05 grad_norm=0.2682
[step 33800/100000] loss=0.3967 mel=0.3905 dur=0.0062 lr=3.44e-05 grad_norm=0.2413
[step 33900/100000] loss=0.3966 mel=0.3901 dur=0.0066 lr=3.44e-05 grad_norm=0.2185
[step 34000/100000] loss=0.3961 mel=0.3892 dur=0.0069 lr=3.43e-05 grad_norm=0.2627
[val 34000] total=0.9557 mel=0.8852 dur=0.0704
[step 34100/100000] loss=0.3953 mel=0.3890 dur=0.0063 lr=3.42e-05 grad_norm=0.2714
[step 34200/100000] loss=0.3964 mel=0.3898 dur=0.0066 lr=3.42e-05 grad_norm=0.2548
[step 34300/100000] loss=0.4046 mel=0.3982 dur=0.0064 lr=3.41e-05 grad_norm=0.3666
[step 34400/100000] loss=0.4002 mel=0.3937 dur=0.0065 lr=3.41e-05 grad_norm=0.2236
[step 34500/100000] loss=0.3956 mel=0.3890 dur=0.0066 lr=3.41e-05 grad_norm=0.2675
[step 34600/100000] loss=0.3976 mel=0.3908 dur=0.0068 lr=3.40e-05 grad_norm=0.2322
[step 34700/100000] loss=0.3933 mel=0.3871 dur=0.0061 lr=3.40e-05 grad_norm=0.3349
[step 34800/100000] loss=0.3954 mel=0.3891 dur=0.0064 lr=3.39e-05 grad_norm=0.2296
[step 34900/100000] loss=0.3957 mel=0.3895 dur=0.0062 lr=3.39e-05 grad_norm=0.3108
[step 35000/100000] loss=0.3938 mel=0.3876 dur=0.0062 lr=3.38e-05 grad_norm=0.2050
[step 35100/100000] loss=0.3954 mel=0.3889 dur=0.0065 lr=3.38e-05 grad_norm=0.2212
[step 35200/100000] loss=0.3936 mel=0.3871 dur=0.0065 lr=3.37e-05 grad_norm=0.2188
[step 35300/100000] loss=0.3934 mel=0.3875 dur=0.0060 lr=3.37e-05 grad_norm=0.2549
[step 35400/100000] loss=0.3955 mel=0.3890 dur=0.0064 lr=3.36e-05 grad_norm=0.2390
[step 35500/100000] loss=0.3953 mel=0.3890 dur=0.0063 lr=3.36e-05 grad_norm=0.2230
[step 35600/100000] loss=0.3954 mel=0.3889 dur=0.0064 lr=3.35e-05 grad_norm=0.2419
[step 35700/100000] loss=0.3933 mel=0.3869 dur=0.0064 lr=3.35e-05 grad_norm=0.2743
[step 35800/100000] loss=0.3972 mel=0.3905 dur=0.0067 lr=3.34e-05 grad_norm=0.2603
[step 35900/100000] loss=0.3951 mel=0.3887 dur=0.0064 lr=3.34e-05 grad_norm=0.2163
[step 36000/100000] loss=0.3941 mel=0.3878 dur=0.0063 lr=3.33e-05 grad_norm=0.2599
[val 36000] total=0.9506 mel=0.8807 dur=0.0699
[step 36100/100000] loss=0.3947 mel=0.3884 dur=0.0063 lr=3.33e-05 grad_norm=0.2411
[step 36200/100000] loss=0.3928 mel=0.3865 dur=0.0063 lr=3.32e-05 grad_norm=0.2493
[step 36300/100000] loss=0.3914 mel=0.3848 dur=0.0066 lr=3.32e-05 grad_norm=0.2474
[step 36400/100000] loss=0.3943 mel=0.3879 dur=0.0064 lr=3.31e-05 grad_norm=0.2302
[step 36500/100000] loss=0.3965 mel=0.3902 dur=0.0063 lr=3.31e-05 grad_norm=0.2181
[step 36600/100000] loss=0.3922 mel=0.3860 dur=0.0062 lr=3.31e-05 grad_norm=0.3660
[step 36700/100000] loss=0.3914 mel=0.3852 dur=0.0062 lr=3.30e-05 grad_norm=0.2380
[step 36800/100000] loss=0.3954 mel=0.3891 dur=0.0063 lr=3.30e-05 grad_norm=0.2212
[step 36900/100000] loss=0.3941 mel=0.3877 dur=0.0064 lr=3.29e-05 grad_norm=0.2122
[step 37000/100000] loss=0.3943 mel=0.3882 dur=0.0061 lr=3.29e-05 grad_norm=0.2314
[step 37100/100000] loss=0.3959 mel=0.3898 dur=0.0061 lr=3.28e-05 grad_norm=0.2188
[step 37200/100000] loss=0.3974 mel=0.3907 dur=0.0067 lr=3.28e-05 grad_norm=0.3168
[step 37300/100000] loss=0.3875 mel=0.3815 dur=0.0060 lr=3.27e-05 grad_norm=0.2281
[step 37400/100000] loss=0.3939 mel=0.3877 dur=0.0062 lr=3.27e-05 grad_norm=0.3671
[step 37500/100000] loss=0.3935 mel=0.3872 dur=0.0063 lr=3.27e-05 grad_norm=0.2211
[step 37600/100000] loss=0.3897 mel=0.3834 dur=0.0063 lr=3.26e-05 grad_norm=0.2462
[step 37700/100000] loss=0.3903 mel=0.3842 dur=0.0061 lr=3.26e-05 grad_norm=0.2133
[step 37800/100000] loss=0.3930 mel=0.3866 dur=0.0064 lr=3.25e-05 grad_norm=0.2474
[step 37900/100000] loss=0.3898 mel=0.3837 dur=0.0062 lr=3.25e-05 grad_norm=0.2428
[step 38000/100000] loss=0.3916 mel=0.3851 dur=0.0065 lr=3.24e-05 grad_norm=0.2180
[val 38000] total=0.9544 mel=0.8844 dur=0.0700
[step 38100/100000] loss=0.3901 mel=0.3838 dur=0.0063 lr=3.24e-05 grad_norm=0.2243
[step 38200/100000] loss=0.3912 mel=0.3850 dur=0.0061 lr=3.24e-05 grad_norm=0.2179
[step 38300/100000] loss=0.3932 mel=0.3869 dur=0.0063 lr=3.23e-05 grad_norm=0.2518
[step 38400/100000] loss=0.3898 mel=0.3838 dur=0.0060 lr=3.23e-05 grad_norm=0.2450
[step 38500/100000] loss=0.3917 mel=0.3857 dur=0.0061 lr=3.22e-05 grad_norm=0.2256
[step 38600/100000] loss=0.3919 mel=0.3855 dur=0.0064 lr=3.22e-05 grad_norm=0.3768
[step 38700/100000] loss=0.3912 mel=0.3848 dur=0.0064 lr=3.21e-05 grad_norm=0.3036
[step 38800/100000] loss=0.3902 mel=0.3842 dur=0.0060 lr=3.21e-05 grad_norm=0.2359
[step 38900/100000] loss=0.3908 mel=0.3847 dur=0.0061 lr=3.21e-05 grad_norm=0.2313
[step 39000/100000] loss=0.3903 mel=0.3841 dur=0.0061 lr=3.20e-05 grad_norm=0.2645
[step 39100/100000] loss=0.3893 mel=0.3833 dur=0.0060 lr=3.20e-05 grad_norm=0.2445
[step 39200/100000] loss=0.3907 mel=0.3846 dur=0.0061 lr=3.19e-05 grad_norm=0.3278
[step 39300/100000] loss=0.3874 mel=0.3812 dur=0.0062 lr=3.19e-05 grad_norm=0.2483
[step 39400/100000] loss=0.3877 mel=0.3817 dur=0.0060 lr=3.19e-05 grad_norm=0.2272
[step 39500/100000] loss=0.3833 mel=0.3774 dur=0.0059 lr=3.18e-05 grad_norm=0.2101
[step 39600/100000] loss=0.3847 mel=0.3788 dur=0.0059 lr=3.18e-05 grad_norm=0.2314
[step 39700/100000] loss=0.3892 mel=0.3833 dur=0.0059 lr=3.17e-05 grad_norm=0.2601
[step 39800/100000] loss=0.3880 mel=0.3824 dur=0.0056 lr=3.17e-05 grad_norm=0.2196
[step 39900/100000] loss=0.3898 mel=0.3836 dur=0.0062 lr=3.17e-05 grad_norm=0.2581
[step 40000/100000] loss=0.3878 mel=0.3820 dur=0.0058 lr=3.16e-05 grad_norm=0.2630
[val 40000] total=0.9547 mel=0.8847 dur=0.0700
[step 40100/100000] loss=0.3895 mel=0.3838 dur=0.0057 lr=3.16e-05 grad_norm=0.2762
[step 40200/100000] loss=0.3869 mel=0.3810 dur=0.0059 lr=3.15e-05 grad_norm=0.2888
[step 40300/100000] loss=0.3888 mel=0.3825 dur=0.0063 lr=3.15e-05 grad_norm=0.2467
[step 40400/100000] loss=0.3897 mel=0.3836 dur=0.0061 lr=3.15e-05 grad_norm=0.2280
[step 40500/100000] loss=0.3890 mel=0.3830 dur=0.0060 lr=3.14e-05 grad_norm=0.2304
[step 40600/100000] loss=0.3870 mel=0.3810 dur=0.0060 lr=3.14e-05 grad_norm=0.2451
[step 40700/100000] loss=0.3855 mel=0.3796 dur=0.0059 lr=3.13e-05 grad_norm=0.2216
[step 40800/100000] loss=0.3889 mel=0.3829 dur=0.0059 lr=3.13e-05 grad_norm=0.2104
[step 40900/100000] loss=0.3860 mel=0.3801 dur=0.0059 lr=3.13e-05 grad_norm=0.2481
[step 41000/100000] loss=0.3857 mel=0.3799 dur=0.0057 lr=3.12e-05 grad_norm=0.2723
[step 41100/100000] loss=0.3877 mel=0.3816 dur=0.0061 lr=3.12e-05 grad_norm=0.2142
[step 41200/100000] loss=0.3881 mel=0.3820 dur=0.0061 lr=3.12e-05 grad_norm=0.2721
[step 41300/100000] loss=0.3868 mel=0.3810 dur=0.0057 lr=3.11e-05 grad_norm=0.2298
[step 41400/100000] loss=0.3865 mel=0.3805 dur=0.0060 lr=3.11e-05 grad_norm=0.2801
[step 41500/100000] loss=0.3874 mel=0.3814 dur=0.0060 lr=3.10e-05 grad_norm=0.2486
[step 41600/100000] loss=0.3874 mel=0.3813 dur=0.0061 lr=3.10e-05 grad_norm=0.2616
[step 41700/100000] loss=0.3876 mel=0.3816 dur=0.0060 lr=3.10e-05 grad_norm=0.2530
[step 41800/100000] loss=0.3863 mel=0.3804 dur=0.0058 lr=3.09e-05 grad_norm=0.2090
[step 41900/100000] loss=0.3861 mel=0.3803 dur=0.0058 lr=3.09e-05 grad_norm=0.2371
[step 42000/100000] loss=0.3878 mel=0.3816 dur=0.0061 lr=3.09e-05 grad_norm=0.2385
[val 42000] total=0.9583 mel=0.8888 dur=0.0696
[step 42100/100000] loss=0.3879 mel=0.3819 dur=0.0060 lr=3.08e-05 grad_norm=0.2963
[step 42200/100000] loss=0.3862 mel=0.3802 dur=0.0060 lr=3.08e-05 grad_norm=0.2475
[step 42300/100000] loss=0.3826 mel=0.3766 dur=0.0060 lr=3.08e-05 grad_norm=0.2994
[step 42400/100000] loss=0.3857 mel=0.3797 dur=0.0059 lr=3.07e-05 grad_norm=0.3491
[step 42500/100000] loss=0.3902 mel=0.3840 dur=0.0062 lr=3.07e-05 grad_norm=0.2269
[step 42600/100000] loss=0.3863 mel=0.3805 dur=0.0058 lr=3.06e-05 grad_norm=0.2433
[step 42700/100000] loss=0.3848 mel=0.3790 dur=0.0058 lr=3.06e-05 grad_norm=0.3190
[step 42800/100000] loss=0.3858 mel=0.3798 dur=0.0059 lr=3.06e-05 grad_norm=0.2102
[step 42900/100000] loss=0.3821 mel=0.3761 dur=0.0060 lr=3.05e-05 grad_norm=0.2347
[step 43000/100000] loss=0.3863 mel=0.3803 dur=0.0060 lr=3.05e-05 grad_norm=0.2159
[step 43100/100000] loss=0.3842 mel=0.3783 dur=0.0059 lr=3.05e-05 grad_norm=0.2058
[step 43200/100000] loss=0.3827 mel=0.3770 dur=0.0057 lr=3.04e-05 grad_norm=0.2898
[step 43300/100000] loss=0.3864 mel=0.3807 dur=0.0057 lr=3.04e-05 grad_norm=0.2243
[step 43400/100000] loss=0.3844 mel=0.3786 dur=0.0058 lr=3.04e-05 grad_norm=0.2468
[step 43500/100000] loss=0.3838 mel=0.3780 dur=0.0057 lr=3.03e-05 grad_norm=0.2479
[step 43600/100000] loss=0.3803 mel=0.3747 dur=0.0056 lr=3.03e-05 grad_norm=0.2533
[step 43700/100000] loss=0.3855 mel=0.3796 dur=0.0059 lr=3.03e-05 grad_norm=0.2221
[step 43800/100000] loss=0.3850 mel=0.3792 dur=0.0058 lr=3.02e-05 grad_norm=0.2397
[step 43900/100000] loss=0.3832 mel=0.3775 dur=0.0057 lr=3.02e-05 grad_norm=0.2219
[step 44000/100000] loss=0.3828 mel=0.3771 dur=0.0057 lr=3.02e-05 grad_norm=0.2270
[val 44000] total=0.9546 mel=0.8848 dur=0.0698
[step 44100/100000] loss=0.3825 mel=0.3764 dur=0.0061 lr=3.01e-05 grad_norm=0.3459
[step 44200/100000] loss=0.3835 mel=0.3779 dur=0.0056 lr=3.01e-05 grad_norm=0.2683
[step 44300/100000] loss=0.3822 mel=0.3766 dur=0.0057 lr=3.00e-05 grad_norm=0.2551
[step 44400/100000] loss=0.3828 mel=0.3770 dur=0.0058 lr=3.00e-05 grad_norm=0.3381
[step 44500/100000] loss=0.3827 mel=0.3769 dur=0.0058 lr=3.00e-05 grad_norm=0.2103
[step 44600/100000] loss=0.3809 mel=0.3751 dur=0.0058 lr=2.99e-05 grad_norm=0.2072
[step 44700/100000] loss=0.3815 mel=0.3758 dur=0.0057 lr=2.99e-05 grad_norm=0.2105
[step 44800/100000] loss=0.3824 mel=0.3768 dur=0.0056 lr=2.99e-05 grad_norm=0.2147
[step 44900/100000] loss=0.3844 mel=0.3785 dur=0.0059 lr=2.98e-05 grad_norm=0.2384
[step 45000/100000] loss=0.3838 mel=0.3781 dur=0.0056 lr=2.98e-05 grad_norm=0.2249
[step 45100/100000] loss=0.3814 mel=0.3757 dur=0.0056 lr=2.98e-05 grad_norm=0.2185
[step 45200/100000] loss=0.3805 mel=0.3748 dur=0.0056 lr=2.97e-05 grad_norm=0.2318
[step 45300/100000] loss=0.3807 mel=0.3751 dur=0.0056 lr=2.97e-05 grad_norm=0.3384
[step 45400/100000] loss=0.3828 mel=0.3773 dur=0.0056 lr=2.97e-05 grad_norm=0.2502
[step 45500/100000] loss=0.3791 mel=0.3732 dur=0.0059 lr=2.96e-05 grad_norm=0.2833
[step 45600/100000] loss=0.3799 mel=0.3742 dur=0.0056 lr=2.96e-05 grad_norm=0.2078
[step 45700/100000] loss=0.3821 mel=0.3764 dur=0.0057 lr=2.96e-05 grad_norm=0.2396
[step 45800/100000] loss=0.3810 mel=0.3751 dur=0.0059 lr=2.96e-05 grad_norm=0.2388
[step 45900/100000] loss=0.3806 mel=0.3748 dur=0.0058 lr=2.95e-05 grad_norm=0.2419
[step 46000/100000] loss=0.3801 mel=0.3745 dur=0.0056 lr=2.95e-05 grad_norm=0.2055
[val 46000] total=0.9567 mel=0.8874 dur=0.0693
[step 46100/100000] loss=0.3785 mel=0.3728 dur=0.0057 lr=2.95e-05 grad_norm=0.2471
[step 46200/100000] loss=0.3799 mel=0.3740 dur=0.0059 lr=2.94e-05 grad_norm=0.2356
[step 46300/100000] loss=0.3793 mel=0.3737 dur=0.0056 lr=2.94e-05 grad_norm=0.2092
[step 46400/100000] loss=0.3816 mel=0.3759 dur=0.0058 lr=2.94e-05 grad_norm=0.3353
[step 46500/100000] loss=0.3834 mel=0.3777 dur=0.0057 lr=2.93e-05 grad_norm=0.2361
[step 46600/100000] loss=0.3805 mel=0.3749 dur=0.0057 lr=2.93e-05 grad_norm=0.2031
[step 46700/100000] loss=0.3820 mel=0.3761 dur=0.0059 lr=2.93e-05 grad_norm=0.2605
[step 46800/100000] loss=0.3785 mel=0.3728 dur=0.0057 lr=2.92e-05 grad_norm=0.2037
[step 46900/100000] loss=0.3805 mel=0.3747 dur=0.0059 lr=2.92e-05 grad_norm=0.2526
[step 47000/100000] loss=0.3795 mel=0.3737 dur=0.0058 lr=2.92e-05 grad_norm=0.2743
[step 47100/100000] loss=0.3776 mel=0.3723 dur=0.0053 lr=2.91e-05 grad_norm=0.2058
[step 47200/100000] loss=0.3800 mel=0.3744 dur=0.0056 lr=2.91e-05 grad_norm=0.2049
[step 47300/100000] loss=0.3803 mel=0.3744 dur=0.0059 lr=2.91e-05 grad_norm=0.2192
[step 47400/100000] loss=0.3819 mel=0.3761 dur=0.0058 lr=2.90e-05 grad_norm=0.1957
[step 47500/100000] loss=0.3816 mel=0.3759 dur=0.0056 lr=2.90e-05 grad_norm=0.2130
[step 47600/100000] loss=0.3809 mel=0.3750 dur=0.0058 lr=2.90e-05 grad_norm=0.2688
