warning: The `tool.uv.dev-dependencies` field (used in `pyproject.toml`) is deprecated and will be removed in a future release; use `dependency-groups.dev` instead
wandb: [wandb.login()] Loaded credentials for https://api.wandb.ai from WANDB_API_KEY.
wandb: Currently logged in as: cheolseok-k (cheolseok-k-sungkyunkwan-university) to https://api.wandb.ai. Use `wandb login --relogin` to force relogin
wandb: setting up run m0e8yfa7
wandb: Tracking run with wandb version 0.27.0
wandb: Run data is saved locally in /home/cheolseok/audio/SLP-Assignment3/wandb/run-20260522_133700-m0e8yfa7
wandb: Run `wandb offline` to turn off syncing.
wandb: Syncing run baseline
wandb: ⭐️ View project at https://wandb.ai/cheolseok-k-sungkyunkwan-university/fastspeech2-tts
wandb: 🚀 View run at https://wandb.ai/cheolseok-k-sungkyunkwan-university/fastspeech2-tts/runs/m0e8yfa7
[train] device=cuda
[train] vocab_size=47, train=12500, val=100
[step 100/100000] loss=4.3292 mel=4.1436 dur=0.1856 lr=2.50e-05 grad_norm=1.8137
[step 200/100000] loss=3.1862 mel=3.0464 dur=0.1398 lr=5.00e-05 grad_norm=1.6296
[step 300/100000] loss=1.8310 mel=1.7078 dur=0.1232 lr=7.50e-05 grad_norm=1.0753
[step 400/100000] loss=1.3126 mel=1.2041 dur=0.1085 lr=1.00e-04 grad_norm=0.7726
[step 500/100000] loss=1.1079 mel=1.0089 dur=0.0990 lr=1.25e-04 grad_norm=0.3962
[step 600/100000] loss=1.0108 mel=0.9206 dur=0.0902 lr=1.50e-04 grad_norm=0.3558
[step 700/100000] loss=0.9884 mel=0.8955 dur=0.0929 lr=1.75e-04 grad_norm=0.5939
[step 800/100000] loss=0.9696 mel=0.8851 dur=0.0844 lr=2.00e-04 grad_norm=1.8211
[step 900/100000] loss=0.9479 mel=0.8602 dur=0.0876 lr=2.25e-04 grad_norm=1.3031
[step 1000/100000] loss=0.9264 mel=0.8514 dur=0.0750 lr=2.50e-04 grad_norm=0.8878
[step 1100/100000] loss=0.9370 mel=0.8521 dur=0.0849 lr=2.75e-04 grad_norm=0.8508
[step 1200/100000] loss=0.9112 mel=0.8361 dur=0.0751 lr=3.00e-04 grad_norm=1.3240
[step 1300/100000] loss=0.8792 mel=0.8077 dur=0.0714 lr=3.25e-04 grad_norm=0.9963
[step 1400/100000] loss=0.8875 mel=0.8147 dur=0.0728 lr=3.50e-04 grad_norm=0.3248
[step 1500/100000] loss=0.8942 mel=0.8250 dur=0.0692 lr=3.75e-04 grad_norm=0.8333
[step 1600/100000] loss=0.8546 mel=0.7937 dur=0.0608 lr=4.00e-04 grad_norm=0.3844
[step 1700/100000] loss=0.8751 mel=0.8105 dur=0.0646 lr=4.25e-04 grad_norm=0.5498
[step 1800/100000] loss=0.8565 mel=0.7922 dur=0.0644 lr=4.50e-04 grad_norm=0.8135
[step 1900/100000] loss=0.8746 mel=0.7980 dur=0.0766 lr=4.75e-04 grad_norm=0.4534
[step 2000/100000] loss=0.8638 mel=0.8016 dur=0.0622 lr=5.00e-04 grad_norm=0.4955
[val 2000] total=0.9277 mel=0.8569 dur=0.0708
  => best checkpoint (val=0.9277)
[step 2100/100000] loss=0.8587 mel=0.7879 dur=0.0708 lr=5.25e-04 grad_norm=0.3959
[step 2200/100000] loss=0.8478 mel=0.7848 dur=0.0630 lr=5.50e-04 grad_norm=0.7526
[step 2300/100000] loss=0.8403 mel=0.7739 dur=0.0664 lr=5.75e-04 grad_norm=0.5675
[step 2400/100000] loss=0.8210 mel=0.7640 dur=0.0570 lr=6.00e-04 grad_norm=0.7343
[step 2500/100000] loss=0.8490 mel=0.7808 dur=0.0682 lr=6.25e-04 grad_norm=1.5621
[step 2600/100000] loss=0.8079 mel=0.7473 dur=0.0606 lr=6.50e-04 grad_norm=0.3811
[step 2700/100000] loss=0.8304 mel=0.7651 dur=0.0653 lr=6.75e-04 grad_norm=0.6546
[step 2800/100000] loss=0.8042 mel=0.7439 dur=0.0603 lr=7.00e-04 grad_norm=0.2635
[step 2900/100000] loss=0.8277 mel=0.7700 dur=0.0577 lr=7.25e-04 grad_norm=0.6310
[step 3000/100000] loss=0.8112 mel=0.7503 dur=0.0609 lr=7.50e-04 grad_norm=0.3853
[step 3100/100000] loss=0.8322 mel=0.7671 dur=0.0651 lr=7.75e-04 grad_norm=0.4179
[step 3200/100000] loss=0.8021 mel=0.7446 dur=0.0575 lr=8.00e-04 grad_norm=0.4704
[step 3300/100000] loss=0.8339 mel=0.7694 dur=0.0645 lr=8.25e-04 grad_norm=0.3598
[step 3400/100000] loss=0.7981 mel=0.7448 dur=0.0533 lr=8.50e-04 grad_norm=0.4867
[step 3500/100000] loss=0.8380 mel=0.7720 dur=0.0661 lr=8.75e-04 grad_norm=1.1963
[step 3600/100000] loss=0.7929 mel=0.7321 dur=0.0607 lr=9.00e-04 grad_norm=0.3231
[step 3700/100000] loss=0.8203 mel=0.7542 dur=0.0661 lr=9.25e-04 grad_norm=0.5051
[step 3800/100000] loss=0.7993 mel=0.7372 dur=0.0621 lr=9.50e-04 grad_norm=0.5799
[step 3900/100000] loss=0.8309 mel=0.7677 dur=0.0632 lr=9.75e-04 grad_norm=0.5716
[step 4000/100000] loss=0.8081 mel=0.7407 dur=0.0674 lr=1.00e-03 grad_norm=0.9776
[val 4000] total=0.9299 mel=0.8589 dur=0.0710
[step 4100/100000] loss=0.8323 mel=0.7636 dur=0.0688 lr=9.88e-04 grad_norm=0.3132
[step 4200/100000] loss=0.8040 mel=0.7438 dur=0.0602 lr=9.76e-04 grad_norm=0.3087
[step 4300/100000] loss=0.8268 mel=0.7601 dur=0.0668 lr=9.64e-04 grad_norm=0.3238
[step 4400/100000] loss=0.7946 mel=0.7395 dur=0.0551 lr=9.53e-04 grad_norm=0.5137
[step 4500/100000] loss=0.8157 mel=0.7538 dur=0.0619 lr=9.43e-04 grad_norm=0.2751
[step 4600/100000] loss=0.7797 mel=0.7241 dur=0.0556 lr=9.33e-04 grad_norm=0.6970
[step 4700/100000] loss=0.7828 mel=0.7208 dur=0.0620 lr=9.23e-04 grad_norm=0.2529
[step 4800/100000] loss=0.7822 mel=0.7263 dur=0.0559 lr=9.13e-04 grad_norm=0.8040
[step 4900/100000] loss=0.8023 mel=0.7376 dur=0.0647 lr=9.04e-04 grad_norm=0.6895
[step 5000/100000] loss=0.7550 mel=0.7043 dur=0.0508 lr=8.94e-04 grad_norm=0.8721
[step 5100/100000] loss=0.7504 mel=0.7019 dur=0.0485 lr=8.86e-04 grad_norm=0.3829
[step 5200/100000] loss=0.7547 mel=0.7071 dur=0.0475 lr=8.77e-04 grad_norm=0.1912
[step 5300/100000] loss=0.7410 mel=0.6974 dur=0.0436 lr=8.69e-04 grad_norm=0.2392
[step 5400/100000] loss=0.7512 mel=0.7039 dur=0.0473 lr=8.61e-04 grad_norm=0.2282
[step 5500/100000] loss=0.7479 mel=0.7035 dur=0.0444 lr=8.53e-04 grad_norm=0.2048
[step 5600/100000] loss=0.7405 mel=0.6963 dur=0.0442 lr=8.45e-04 grad_norm=0.3767
[step 5700/100000] loss=0.7354 mel=0.6895 dur=0.0459 lr=8.38e-04 grad_norm=0.4551
[step 5800/100000] loss=0.7415 mel=0.6958 dur=0.0458 lr=8.30e-04 grad_norm=0.3252
[step 5900/100000] loss=0.7291 mel=0.6857 dur=0.0435 lr=8.23e-04 grad_norm=0.2451
[step 6000/100000] loss=0.7303 mel=0.6866 dur=0.0437 lr=8.16e-04 grad_norm=0.4603
[val 6000] total=0.9170 mel=0.8491 dur=0.0680
  => best checkpoint (val=0.9170)
[step 6100/100000] loss=0.7278 mel=0.6861 dur=0.0417 lr=8.10e-04 grad_norm=0.2518
[step 6200/100000] loss=0.7187 mel=0.6761 dur=0.0426 lr=8.03e-04 grad_norm=0.6024
[step 6300/100000] loss=0.7062 mel=0.6664 dur=0.0398 lr=7.97e-04 grad_norm=0.2072
[step 6400/100000] loss=0.7139 mel=0.6732 dur=0.0407 lr=7.91e-04 grad_norm=0.3519
[step 6500/100000] loss=0.7102 mel=0.6717 dur=0.0385 lr=7.84e-04 grad_norm=0.3583
[step 6600/100000] loss=0.7210 mel=0.6799 dur=0.0411 lr=7.78e-04 grad_norm=0.2305
[step 6700/100000] loss=0.7048 mel=0.6650 dur=0.0399 lr=7.73e-04 grad_norm=0.3836
[step 6800/100000] loss=0.7134 mel=0.6742 dur=0.0392 lr=7.67e-04 grad_norm=0.2937
[step 6900/100000] loss=0.7057 mel=0.6684 dur=0.0373 lr=7.61e-04 grad_norm=0.1986
[step 7000/100000] loss=0.7059 mel=0.6645 dur=0.0413 lr=7.56e-04 grad_norm=0.2778
[step 7100/100000] loss=0.6959 mel=0.6585 dur=0.0373 lr=7.51e-04 grad_norm=0.3418
[step 7200/100000] loss=0.7088 mel=0.6704 dur=0.0384 lr=7.45e-04 grad_norm=0.3131
[step 7300/100000] loss=0.6979 mel=0.6617 dur=0.0362 lr=7.40e-04 grad_norm=0.2111
[step 7400/100000] loss=0.7091 mel=0.6702 dur=0.0389 lr=7.35e-04 grad_norm=0.2742
[step 7500/100000] loss=0.6884 mel=0.6534 dur=0.0350 lr=7.30e-04 grad_norm=0.4244
[step 7600/100000] loss=0.7050 mel=0.6663 dur=0.0388 lr=7.25e-04 grad_norm=0.3805
[step 7700/100000] loss=0.6965 mel=0.6604 dur=0.0361 lr=7.21e-04 grad_norm=0.2004
[step 7800/100000] loss=0.6882 mel=0.6525 dur=0.0357 lr=7.16e-04 grad_norm=0.3998
[step 7900/100000] loss=0.6799 mel=0.6469 dur=0.0329 lr=7.12e-04 grad_norm=0.2764
[step 8000/100000] loss=0.6888 mel=0.6534 dur=0.0354 lr=7.07e-04 grad_norm=0.2663
[val 8000] total=0.9206 mel=0.8508 dur=0.0698
[step 8100/100000] loss=0.6862 mel=0.6507 dur=0.0355 lr=7.03e-04 grad_norm=0.2261
[step 8200/100000] loss=0.6840 mel=0.6497 dur=0.0344 lr=6.98e-04 grad_norm=0.2874
[step 8300/100000] loss=0.6907 mel=0.6544 dur=0.0363 lr=6.94e-04 grad_norm=0.1846
[step 8400/100000] loss=0.6954 mel=0.6569 dur=0.0384 lr=6.90e-04 grad_norm=0.7789
[step 8500/100000] loss=0.6805 mel=0.6470 dur=0.0334 lr=6.86e-04 grad_norm=0.3153
[step 8600/100000] loss=0.6789 mel=0.6446 dur=0.0343 lr=6.82e-04 grad_norm=0.2633
[step 8700/100000] loss=0.6730 mel=0.6391 dur=0.0339 lr=6.78e-04 grad_norm=0.4407
[step 8800/100000] loss=0.6884 mel=0.6517 dur=0.0367 lr=6.74e-04 grad_norm=0.2359
[step 8900/100000] loss=0.6717 mel=0.6387 dur=0.0330 lr=6.70e-04 grad_norm=0.2321
[step 9000/100000] loss=0.6819 mel=0.6499 dur=0.0320 lr=6.67e-04 grad_norm=0.3159
[step 9100/100000] loss=0.6685 mel=0.6360 dur=0.0326 lr=6.63e-04 grad_norm=0.2900
[step 9200/100000] loss=0.6764 mel=0.6419 dur=0.0345 lr=6.59e-04 grad_norm=0.1702
[step 9300/100000] loss=0.6638 mel=0.6319 dur=0.0319 lr=6.56e-04 grad_norm=0.2151
[step 9400/100000] loss=0.6701 mel=0.6373 dur=0.0328 lr=6.52e-04 grad_norm=0.3634
[step 9500/100000] loss=0.6642 mel=0.6330 dur=0.0313 lr=6.49e-04 grad_norm=0.1659
[step 9600/100000] loss=0.6702 mel=0.6370 dur=0.0332 lr=6.45e-04 grad_norm=0.2452
[step 9700/100000] loss=0.6586 mel=0.6278 dur=0.0308 lr=6.42e-04 grad_norm=0.2623
[step 9800/100000] loss=0.6737 mel=0.6436 dur=0.0302 lr=6.39e-04 grad_norm=0.2736
[step 9900/100000] loss=0.6589 mel=0.6290 dur=0.0299 lr=6.36e-04 grad_norm=0.1864
[step 10000/100000] loss=0.6472 mel=0.6173 dur=0.0300 lr=6.32e-04 grad_norm=0.1984
[val 10000] total=0.9189 mel=0.8494 dur=0.0695
[step 10100/100000] loss=0.6614 mel=0.6301 dur=0.0313 lr=6.29e-04 grad_norm=0.3200
[step 10200/100000] loss=0.6514 mel=0.6213 dur=0.0301 lr=6.26e-04 grad_norm=0.1707
[step 10300/100000] loss=0.6547 mel=0.6229 dur=0.0318 lr=6.23e-04 grad_norm=0.1583
[step 10400/100000] loss=0.6507 mel=0.6229 dur=0.0278 lr=6.20e-04 grad_norm=0.3121
[step 10500/100000] loss=0.6558 mel=0.6257 dur=0.0300 lr=6.17e-04 grad_norm=0.1787
[step 10600/100000] loss=0.6526 mel=0.6236 dur=0.0291 lr=6.14e-04 grad_norm=0.2088
[step 10700/100000] loss=0.6565 mel=0.6249 dur=0.0316 lr=6.11e-04 grad_norm=0.2523
[step 10800/100000] loss=0.6385 mel=0.6102 dur=0.0284 lr=6.09e-04 grad_norm=0.3571
[step 10900/100000] loss=0.6523 mel=0.6233 dur=0.0290 lr=6.06e-04 grad_norm=0.2094
[step 11000/100000] loss=0.6387 mel=0.6105 dur=0.0282 lr=6.03e-04 grad_norm=0.1461
[step 11100/100000] loss=0.6514 mel=0.6195 dur=0.0319 lr=6.00e-04 grad_norm=0.6551
[step 11200/100000] loss=0.6446 mel=0.6179 dur=0.0267 lr=5.98e-04 grad_norm=0.1961
[step 11300/100000] loss=0.6577 mel=0.6286 dur=0.0291 lr=5.95e-04 grad_norm=0.2254
[step 11400/100000] loss=0.6382 mel=0.6103 dur=0.0279 lr=5.92e-04 grad_norm=0.2256
[step 11500/100000] loss=0.6466 mel=0.6178 dur=0.0288 lr=5.90e-04 grad_norm=0.1615
[step 11600/100000] loss=0.6362 mel=0.6102 dur=0.0260 lr=5.87e-04 grad_norm=0.1939
[step 11700/100000] loss=0.6430 mel=0.6161 dur=0.0270 lr=5.85e-04 grad_norm=0.1996
[step 11800/100000] loss=0.6344 mel=0.6073 dur=0.0271 lr=5.82e-04 grad_norm=0.1661
[step 11900/100000] loss=0.6321 mel=0.6039 dur=0.0282 lr=5.80e-04 grad_norm=0.1870
[step 12000/100000] loss=0.6280 mel=0.6021 dur=0.0259 lr=5.77e-04 grad_norm=0.2610
[val 12000] total=0.9110 mel=0.8444 dur=0.0666
  => best checkpoint (val=0.9110)
[step 12100/100000] loss=0.6346 mel=0.6076 dur=0.0270 lr=5.75e-04 grad_norm=0.2444
[step 12200/100000] loss=0.6360 mel=0.6097 dur=0.0263 lr=5.73e-04 grad_norm=0.2665
[step 12300/100000] loss=0.6270 mel=0.5999 dur=0.0271 lr=5.70e-04 grad_norm=0.2091
[step 12400/100000] loss=0.6293 mel=0.6031 dur=0.0262 lr=5.68e-04 grad_norm=0.2592
[step 12500/100000] loss=0.6429 mel=0.6167 dur=0.0262 lr=5.66e-04 grad_norm=0.1967
[step 12600/100000] loss=0.6281 mel=0.6024 dur=0.0258 lr=5.63e-04 grad_norm=0.2432
[step 12700/100000] loss=0.6348 mel=0.6081 dur=0.0267 lr=5.61e-04 grad_norm=0.3565
[step 12800/100000] loss=0.6339 mel=0.6088 dur=0.0251 lr=5.59e-04 grad_norm=0.2249
[step 12900/100000] loss=0.6254 mel=0.5990 dur=0.0264 lr=5.57e-04 grad_norm=0.3095
[step 13000/100000] loss=0.6383 mel=0.6107 dur=0.0277 lr=5.55e-04 grad_norm=0.1555
[step 13100/100000] loss=0.6285 mel=0.6022 dur=0.0263 lr=5.53e-04 grad_norm=0.2069
[step 13200/100000] loss=0.6218 mel=0.5965 dur=0.0253 lr=5.50e-04 grad_norm=0.1923
[step 13300/100000] loss=0.6244 mel=0.5975 dur=0.0270 lr=5.48e-04 grad_norm=0.1963
[step 13400/100000] loss=0.6249 mel=0.5998 dur=0.0251 lr=5.46e-04 grad_norm=0.1384
[step 13500/100000] loss=0.6249 mel=0.5977 dur=0.0272 lr=5.44e-04 grad_norm=0.1916
[step 13600/100000] loss=0.6229 mel=0.5980 dur=0.0249 lr=5.42e-04 grad_norm=0.1612
[step 13700/100000] loss=0.6254 mel=0.5992 dur=0.0262 lr=5.40e-04 grad_norm=0.1783
[step 13800/100000] loss=0.6179 mel=0.5934 dur=0.0245 lr=5.38e-04 grad_norm=0.1807
[step 13900/100000] loss=0.6187 mel=0.5934 dur=0.0253 lr=5.36e-04 grad_norm=0.1711
[step 14000/100000] loss=0.6160 mel=0.5922 dur=0.0238 lr=5.35e-04 grad_norm=0.2506
[val 14000] total=0.9203 mel=0.8541 dur=0.0662
[step 14100/100000] loss=0.6144 mel=0.5897 dur=0.0248 lr=5.33e-04 grad_norm=0.1586
[step 14200/100000] loss=0.6158 mel=0.5924 dur=0.0234 lr=5.31e-04 grad_norm=0.2022
[step 14300/100000] loss=0.6210 mel=0.5965 dur=0.0245 lr=5.29e-04 grad_norm=0.2485
[step 14400/100000] loss=0.6122 mel=0.5879 dur=0.0243 lr=5.27e-04 grad_norm=0.1771
[step 14500/100000] loss=0.6226 mel=0.5969 dur=0.0257 lr=5.25e-04 grad_norm=0.2442
[step 14600/100000] loss=0.6101 mel=0.5857 dur=0.0244 lr=5.23e-04 grad_norm=0.2321
[step 14700/100000] loss=0.5992 mel=0.5764 dur=0.0229 lr=5.22e-04 grad_norm=0.2236
[step 14800/100000] loss=0.6055 mel=0.5820 dur=0.0235 lr=5.20e-04 grad_norm=0.1925
[step 14900/100000] loss=0.6120 mel=0.5891 dur=0.0229 lr=5.18e-04 grad_norm=0.1802
[step 15000/100000] loss=0.6082 mel=0.5862 dur=0.0220 lr=5.16e-04 grad_norm=0.2509
[step 15100/100000] loss=0.6073 mel=0.5843 dur=0.0230 lr=5.15e-04 grad_norm=0.1842
[step 15200/100000] loss=0.6018 mel=0.5797 dur=0.0221 lr=5.13e-04 grad_norm=0.1717
[step 15300/100000] loss=0.6020 mel=0.5810 dur=0.0210 lr=5.11e-04 grad_norm=0.1758
[step 15400/100000] loss=0.6066 mel=0.5834 dur=0.0232 lr=5.10e-04 grad_norm=0.3641
[step 15500/100000] loss=0.6064 mel=0.5839 dur=0.0225 lr=5.08e-04 grad_norm=0.1729
[step 15600/100000] loss=0.6006 mel=0.5771 dur=0.0235 lr=5.06e-04 grad_norm=0.3071
[step 15700/100000] loss=0.5968 mel=0.5758 dur=0.0210 lr=5.05e-04 grad_norm=0.1335
[step 15800/100000] loss=0.6032 mel=0.5795 dur=0.0237 lr=5.03e-04 grad_norm=0.2308
[step 15900/100000] loss=0.5974 mel=0.5764 dur=0.0210 lr=5.02e-04 grad_norm=0.2951
[step 16000/100000] loss=0.6060 mel=0.5817 dur=0.0243 lr=5.00e-04 grad_norm=0.3869
[val 16000] total=0.9179 mel=0.8499 dur=0.0680
[step 16100/100000] loss=0.5985 mel=0.5791 dur=0.0195 lr=4.98e-04 grad_norm=0.1468
[step 16200/100000] loss=0.6069 mel=0.5846 dur=0.0223 lr=4.97e-04 grad_norm=0.3198
[step 16300/100000] loss=0.5958 mel=0.5740 dur=0.0218 lr=4.95e-04 grad_norm=0.1384
[step 16400/100000] loss=0.5988 mel=0.5767 dur=0.0221 lr=4.94e-04 grad_norm=0.2473
[step 16500/100000] loss=0.6030 mel=0.5813 dur=0.0217 lr=4.92e-04 grad_norm=0.1999
[step 16600/100000] loss=0.5982 mel=0.5761 dur=0.0221 lr=4.91e-04 grad_norm=0.1534
[step 16700/100000] loss=0.6003 mel=0.5786 dur=0.0217 lr=4.89e-04 grad_norm=0.1826
[step 16800/100000] loss=0.5985 mel=0.5760 dur=0.0224 lr=4.88e-04 grad_norm=0.1703
[step 16900/100000] loss=0.5935 mel=0.5726 dur=0.0209 lr=4.87e-04 grad_norm=0.2635
[step 17000/100000] loss=0.5999 mel=0.5777 dur=0.0222 lr=4.85e-04 grad_norm=0.1859
[step 17100/100000] loss=0.6017 mel=0.5800 dur=0.0217 lr=4.84e-04 grad_norm=0.1584
[step 17200/100000] loss=0.6041 mel=0.5808 dur=0.0232 lr=4.82e-04 grad_norm=0.1673
[step 17300/100000] loss=0.6014 mel=0.5809 dur=0.0206 lr=4.81e-04 grad_norm=0.1704
[step 17400/100000] loss=0.5943 mel=0.5723 dur=0.0220 lr=4.79e-04 grad_norm=0.2851
[step 17500/100000] loss=0.5920 mel=0.5707 dur=0.0213 lr=4.78e-04 grad_norm=0.1885
[step 17600/100000] loss=0.6007 mel=0.5783 dur=0.0224 lr=4.77e-04 grad_norm=0.2503
[step 17700/100000] loss=0.5874 mel=0.5663 dur=0.0211 lr=4.75e-04 grad_norm=0.1800
[step 17800/100000] loss=0.5970 mel=0.5751 dur=0.0219 lr=4.74e-04 grad_norm=0.1652
[step 17900/100000] loss=0.6013 mel=0.5791 dur=0.0223 lr=4.73e-04 grad_norm=0.2410
[step 18000/100000] loss=0.5951 mel=0.5735 dur=0.0216 lr=4.71e-04 grad_norm=0.1342
[val 18000] total=0.9213 mel=0.8513 dur=0.0700
[step 18100/100000] loss=0.5957 mel=0.5744 dur=0.0213 lr=4.70e-04 grad_norm=0.1784
[step 18200/100000] loss=0.6012 mel=0.5788 dur=0.0224 lr=4.69e-04 grad_norm=0.1684
[step 18300/100000] loss=0.5884 mel=0.5679 dur=0.0205 lr=4.68e-04 grad_norm=0.1666
[step 18400/100000] loss=0.5894 mel=0.5681 dur=0.0214 lr=4.66e-04 grad_norm=0.1657
[step 18500/100000] loss=0.5924 mel=0.5718 dur=0.0206 lr=4.65e-04 grad_norm=0.3144
[step 18600/100000] loss=0.5915 mel=0.5714 dur=0.0201 lr=4.64e-04 grad_norm=0.2016
[step 18700/100000] loss=0.5912 mel=0.5706 dur=0.0206 lr=4.62e-04 grad_norm=0.1764
[step 18800/100000] loss=0.5911 mel=0.5710 dur=0.0200 lr=4.61e-04 grad_norm=0.2297
[step 18900/100000] loss=0.5965 mel=0.5740 dur=0.0225 lr=4.60e-04 grad_norm=0.2093
[step 19000/100000] loss=0.5959 mel=0.5740 dur=0.0219 lr=4.59e-04 grad_norm=0.1568
[step 19100/100000] loss=0.5865 mel=0.5666 dur=0.0199 lr=4.58e-04 grad_norm=0.2141
[step 19200/100000] loss=0.5803 mel=0.5605 dur=0.0198 lr=4.56e-04 grad_norm=0.1486
[step 19300/100000] loss=0.5868 mel=0.5667 dur=0.0201 lr=4.55e-04 grad_norm=0.1445
[step 19400/100000] loss=0.5882 mel=0.5680 dur=0.0202 lr=4.54e-04 grad_norm=0.1660
[step 19500/100000] loss=0.5832 mel=0.5633 dur=0.0199 lr=4.53e-04 grad_norm=0.1867
[step 19600/100000] loss=0.5795 mel=0.5609 dur=0.0186 lr=4.52e-04 grad_norm=0.2141
[step 19700/100000] loss=0.5842 mel=0.5635 dur=0.0207 lr=4.51e-04 grad_norm=0.1461
[step 19800/100000] loss=0.5800 mel=0.5617 dur=0.0183 lr=4.49e-04 grad_norm=0.1622
[step 19900/100000] loss=0.5820 mel=0.5621 dur=0.0199 lr=4.48e-04 grad_norm=0.2210
[step 20000/100000] loss=0.5810 mel=0.5607 dur=0.0203 lr=4.47e-04 grad_norm=0.2718
[val 20000] total=0.9234 mel=0.8543 dur=0.0690
[step 20100/100000] loss=0.5833 mel=0.5640 dur=0.0193 lr=4.46e-04 grad_norm=0.2263
[step 20200/100000] loss=0.5881 mel=0.5690 dur=0.0191 lr=4.45e-04 grad_norm=0.1844
[step 20300/100000] loss=0.5884 mel=0.5680 dur=0.0204 lr=4.44e-04 grad_norm=0.1801
[step 20400/100000] loss=0.5751 mel=0.5567 dur=0.0184 lr=4.43e-04 grad_norm=0.1946
[step 20500/100000] loss=0.5822 mel=0.5623 dur=0.0198 lr=4.42e-04 grad_norm=0.2192
[step 20600/100000] loss=0.5831 mel=0.5641 dur=0.0190 lr=4.41e-04 grad_norm=0.1420
[step 20700/100000] loss=0.5845 mel=0.5644 dur=0.0201 lr=4.40e-04 grad_norm=0.1548
[step 20800/100000] loss=0.5736 mel=0.5545 dur=0.0191 lr=4.39e-04 grad_norm=0.1866
[step 20900/100000] loss=0.5769 mel=0.5566 dur=0.0203 lr=4.37e-04 grad_norm=0.1597
[step 21000/100000] loss=0.5755 mel=0.5575 dur=0.0180 lr=4.36e-04 grad_norm=0.2300
[step 21100/100000] loss=0.5769 mel=0.5577 dur=0.0192 lr=4.35e-04 grad_norm=0.1401
[step 21200/100000] loss=0.5801 mel=0.5613 dur=0.0188 lr=4.34e-04 grad_norm=0.1571
[step 21300/100000] loss=0.5784 mel=0.5597 dur=0.0187 lr=4.33e-04 grad_norm=0.1824
[step 21400/100000] loss=0.5782 mel=0.5601 dur=0.0181 lr=4.32e-04 grad_norm=0.1892
[step 21500/100000] loss=0.5744 mel=0.5543 dur=0.0201 lr=4.31e-04 grad_norm=0.1509
[step 21600/100000] loss=0.5753 mel=0.5564 dur=0.0190 lr=4.30e-04 grad_norm=0.1543
[step 21700/100000] loss=0.5805 mel=0.5606 dur=0.0199 lr=4.29e-04 grad_norm=0.1600
[step 21800/100000] loss=0.5741 mel=0.5541 dur=0.0200 lr=4.28e-04 grad_norm=0.1581
[step 21900/100000] loss=0.5727 mel=0.5522 dur=0.0205 lr=4.27e-04 grad_norm=0.1732
[step 22000/100000] loss=0.5828 mel=0.5630 dur=0.0197 lr=4.26e-04 grad_norm=0.2758
[val 22000] total=0.9267 mel=0.8573 dur=0.0694
[step 22100/100000] loss=0.5725 mel=0.5547 dur=0.0178 lr=4.25e-04 grad_norm=0.1610
[step 22200/100000] loss=0.5771 mel=0.5591 dur=0.0179 lr=4.24e-04 grad_norm=0.2186
[step 22300/100000] loss=0.5734 mel=0.5546 dur=0.0187 lr=4.24e-04 grad_norm=0.2106
[step 22400/100000] loss=0.5735 mel=0.5545 dur=0.0190 lr=4.23e-04 grad_norm=0.2232
[step 22500/100000] loss=0.5736 mel=0.5550 dur=0.0185 lr=4.22e-04 grad_norm=0.1929
[step 22600/100000] loss=0.5676 mel=0.5487 dur=0.0189 lr=4.21e-04 grad_norm=0.1459
[step 22700/100000] loss=0.5885 mel=0.5685 dur=0.0200 lr=4.20e-04 grad_norm=0.1672
[step 22800/100000] loss=0.5689 mel=0.5516 dur=0.0173 lr=4.19e-04 grad_norm=0.1863
[step 22900/100000] loss=0.5750 mel=0.5552 dur=0.0198 lr=4.18e-04 grad_norm=0.1725
[step 23000/100000] loss=0.5713 mel=0.5523 dur=0.0190 lr=4.17e-04 grad_norm=0.1318
[step 23100/100000] loss=0.5654 mel=0.5469 dur=0.0185 lr=4.16e-04 grad_norm=0.1894
[step 23200/100000] loss=0.5666 mel=0.5476 dur=0.0191 lr=4.15e-04 grad_norm=0.2615
[step 23300/100000] loss=0.5697 mel=0.5515 dur=0.0182 lr=4.14e-04 grad_norm=0.1391
[step 23400/100000] loss=0.5665 mel=0.5480 dur=0.0185 lr=4.13e-04 grad_norm=0.1502
[step 23500/100000] loss=0.5750 mel=0.5562 dur=0.0188 lr=4.13e-04 grad_norm=0.1368
[step 23600/100000] loss=0.5714 mel=0.5535 dur=0.0180 lr=4.12e-04 grad_norm=0.2177
[step 23700/100000] loss=0.5716 mel=0.5530 dur=0.0186 lr=4.11e-04 grad_norm=0.1656
[step 23800/100000] loss=0.5712 mel=0.5523 dur=0.0189 lr=4.10e-04 grad_norm=0.1701
[step 23900/100000] loss=0.5708 mel=0.5519 dur=0.0189 lr=4.09e-04 grad_norm=0.1480
[step 24000/100000] loss=0.5628 mel=0.5450 dur=0.0178 lr=4.08e-04 grad_norm=0.2369
[val 24000] total=0.9262 mel=0.8572 dur=0.0690
[step 24100/100000] loss=0.5715 mel=0.5530 dur=0.0185 lr=4.07e-04 grad_norm=0.1617
[step 24200/100000] loss=0.5636 mel=0.5461 dur=0.0175 lr=4.07e-04 grad_norm=0.1942
[step 24300/100000] loss=0.5697 mel=0.5524 dur=0.0173 lr=4.06e-04 grad_norm=0.2050
[step 24400/100000] loss=0.5677 mel=0.5504 dur=0.0173 lr=4.05e-04 grad_norm=0.2035
[step 24500/100000] loss=0.5650 mel=0.5460 dur=0.0191 lr=4.04e-04 grad_norm=0.2676
[step 24600/100000] loss=0.5681 mel=0.5498 dur=0.0183 lr=4.03e-04 grad_norm=0.1634
[step 24700/100000] loss=0.5592 mel=0.5412 dur=0.0181 lr=4.02e-04 grad_norm=0.2536
[step 24800/100000] loss=0.5613 mel=0.5435 dur=0.0177 lr=4.02e-04 grad_norm=0.1657
[step 24900/100000] loss=0.5593 mel=0.5425 dur=0.0168 lr=4.01e-04 grad_norm=0.1535
[step 25000/100000] loss=0.5676 mel=0.5492 dur=0.0184 lr=4.00e-04 grad_norm=0.1535
[step 25100/100000] loss=0.5607 mel=0.5428 dur=0.0179 lr=3.99e-04 grad_norm=0.1461
[step 25200/100000] loss=0.5681 mel=0.5496 dur=0.0185 lr=3.98e-04 grad_norm=0.1708
[step 25300/100000] loss=0.5616 mel=0.5445 dur=0.0171 lr=3.98e-04 grad_norm=0.1470
[step 25400/100000] loss=0.5699 mel=0.5526 dur=0.0174 lr=3.97e-04 grad_norm=0.1520
[step 25500/100000] loss=0.5593 mel=0.5421 dur=0.0172 lr=3.96e-04 grad_norm=0.1580
[step 25600/100000] loss=0.5620 mel=0.5448 dur=0.0172 lr=3.95e-04 grad_norm=0.1546
[step 25700/100000] loss=0.5621 mel=0.5458 dur=0.0163 lr=3.95e-04 grad_norm=0.1340
[step 25800/100000] loss=0.5594 mel=0.5424 dur=0.0170 lr=3.94e-04 grad_norm=0.1431
[step 25900/100000] loss=0.5588 mel=0.5421 dur=0.0168 lr=3.93e-04 grad_norm=0.1675
[step 26000/100000] loss=0.5697 mel=0.5517 dur=0.0181 lr=3.92e-04 grad_norm=0.1388
[val 26000] total=0.9277 mel=0.8562 dur=0.0714
[step 26100/100000] loss=0.5645 mel=0.5472 dur=0.0174 lr=3.91e-04 grad_norm=0.1543
[step 26200/100000] loss=0.5595 mel=0.5423 dur=0.0171 lr=3.91e-04 grad_norm=0.1567
[step 26300/100000] loss=0.5610 mel=0.5431 dur=0.0179 lr=3.90e-04 grad_norm=0.1466
[step 26400/100000] loss=0.5567 mel=0.5394 dur=0.0173 lr=3.89e-04 grad_norm=0.1599
[step 26500/100000] loss=0.5646 mel=0.5481 dur=0.0165 lr=3.89e-04 grad_norm=0.1626
[step 26600/100000] loss=0.5588 mel=0.5415 dur=0.0173 lr=3.88e-04 grad_norm=0.1676
[step 26700/100000] loss=0.5638 mel=0.5467 dur=0.0171 lr=3.87e-04 grad_norm=0.1426
[step 26800/100000] loss=0.5598 mel=0.5429 dur=0.0169 lr=3.86e-04 grad_norm=0.1643
[step 26900/100000] loss=0.5567 mel=0.5398 dur=0.0169 lr=3.86e-04 grad_norm=0.1667
[step 27000/100000] loss=0.5562 mel=0.5398 dur=0.0164 lr=3.85e-04 grad_norm=0.1543
[step 27100/100000] loss=0.5566 mel=0.5409 dur=0.0157 lr=3.84e-04 grad_norm=0.1452
[step 27200/100000] loss=0.5503 mel=0.5339 dur=0.0164 lr=3.83e-04 grad_norm=0.1748
[step 27300/100000] loss=0.5551 mel=0.5380 dur=0.0171 lr=3.83e-04 grad_norm=0.2187
[step 27400/100000] loss=0.5538 mel=0.5376 dur=0.0163 lr=3.82e-04 grad_norm=0.1566
[step 27500/100000] loss=0.5592 mel=0.5423 dur=0.0168 lr=3.81e-04 grad_norm=0.1596
[step 27600/100000] loss=0.5561 mel=0.5389 dur=0.0172 lr=3.81e-04 grad_norm=0.1395
[step 27700/100000] loss=0.5576 mel=0.5414 dur=0.0161 lr=3.80e-04 grad_norm=0.1402
[step 27800/100000] loss=0.5570 mel=0.5397 dur=0.0174 lr=3.79e-04 grad_norm=0.1620
[step 27900/100000] loss=0.5545 mel=0.5375 dur=0.0171 lr=3.79e-04 grad_norm=0.1300
[step 28000/100000] loss=0.5634 mel=0.5464 dur=0.0170 lr=3.78e-04 grad_norm=0.2150
[val 28000] total=0.9261 mel=0.8560 dur=0.0700
[step 28100/100000] loss=0.5582 mel=0.5406 dur=0.0175 lr=3.77e-04 grad_norm=0.1516
[step 28200/100000] loss=0.5563 mel=0.5384 dur=0.0178 lr=3.77e-04 grad_norm=0.1305
[step 28300/100000] loss=0.5638 mel=0.5466 dur=0.0172 lr=3.76e-04 grad_norm=0.1623
[step 28400/100000] loss=0.5650 mel=0.5480 dur=0.0170 lr=3.75e-04 grad_norm=0.1688
[step 28500/100000] loss=0.5516 mel=0.5351 dur=0.0165 lr=3.75e-04 grad_norm=0.2379
[step 28600/100000] loss=0.5580 mel=0.5415 dur=0.0164 lr=3.74e-04 grad_norm=0.1850
[step 28700/100000] loss=0.5550 mel=0.5390 dur=0.0160 lr=3.73e-04 grad_norm=0.1722
[step 28800/100000] loss=0.5556 mel=0.5398 dur=0.0158 lr=3.73e-04 grad_norm=0.1460
[step 28900/100000] loss=0.5590 mel=0.5418 dur=0.0172 lr=3.72e-04 grad_norm=0.1446
[step 29000/100000] loss=0.5470 mel=0.5295 dur=0.0175 lr=3.71e-04 grad_norm=0.1459
[step 29100/100000] loss=0.5562 mel=0.5391 dur=0.0171 lr=3.71e-04 grad_norm=0.1665
[step 29200/100000] loss=0.5560 mel=0.5392 dur=0.0167 lr=3.70e-04 grad_norm=0.1680
[step 29300/100000] loss=0.5538 mel=0.5375 dur=0.0163 lr=3.69e-04 grad_norm=0.1900
[step 29400/100000] loss=0.5652 mel=0.5471 dur=0.0181 lr=3.69e-04 grad_norm=0.2269
[step 29500/100000] loss=0.5497 mel=0.5334 dur=0.0163 lr=3.68e-04 grad_norm=0.1359
[step 29600/100000] loss=0.5596 mel=0.5439 dur=0.0157 lr=3.68e-04 grad_norm=0.1543
[step 29700/100000] loss=0.5552 mel=0.5379 dur=0.0173 lr=3.67e-04 grad_norm=0.1526
[step 29800/100000] loss=0.5487 mel=0.5329 dur=0.0159 lr=3.66e-04 grad_norm=0.1366
[step 29900/100000] loss=0.5553 mel=0.5397 dur=0.0157 lr=3.66e-04 grad_norm=0.1930
[step 30000/100000] loss=0.5553 mel=0.5394 dur=0.0160 lr=3.65e-04 grad_norm=0.1263
[val 30000] total=0.9209 mel=0.8517 dur=0.0692
[step 30100/100000] loss=0.5532 mel=0.5365 dur=0.0166 lr=3.65e-04 grad_norm=0.1359
[step 30200/100000] loss=0.5551 mel=0.5392 dur=0.0159 lr=3.64e-04 grad_norm=0.2256
[step 30300/100000] loss=0.5549 mel=0.5385 dur=0.0164 lr=3.63e-04 grad_norm=0.1413
[step 30400/100000] loss=0.5522 mel=0.5367 dur=0.0155 lr=3.63e-04 grad_norm=0.1745
[step 30500/100000] loss=0.5482 mel=0.5319 dur=0.0163 lr=3.62e-04 grad_norm=0.1437
[step 30600/100000] loss=0.5412 mel=0.5257 dur=0.0154 lr=3.62e-04 grad_norm=0.1709
[step 30700/100000] loss=0.5466 mel=0.5310 dur=0.0155 lr=3.61e-04 grad_norm=0.1275
[step 30800/100000] loss=0.5450 mel=0.5294 dur=0.0156 lr=3.60e-04 grad_norm=0.1352
[step 30900/100000] loss=0.5501 mel=0.5341 dur=0.0160 lr=3.60e-04 grad_norm=0.1569
[step 31000/100000] loss=0.5421 mel=0.5264 dur=0.0157 lr=3.59e-04 grad_norm=0.1485
[step 31100/100000] loss=0.5532 mel=0.5362 dur=0.0170 lr=3.59e-04 grad_norm=0.1254
[step 31200/100000] loss=0.5460 mel=0.5304 dur=0.0156 lr=3.58e-04 grad_norm=0.1733
[step 31300/100000] loss=0.5443 mel=0.5281 dur=0.0162 lr=3.57e-04 grad_norm=0.2052
[step 31400/100000] loss=0.5405 mel=0.5255 dur=0.0150 lr=3.57e-04 grad_norm=0.1378
[step 31500/100000] loss=0.5432 mel=0.5274 dur=0.0158 lr=3.56e-04 grad_norm=0.1342
[step 31600/100000] loss=0.5461 mel=0.5300 dur=0.0161 lr=3.56e-04 grad_norm=0.1491
[step 31700/100000] loss=0.5474 mel=0.5304 dur=0.0170 lr=3.55e-04 grad_norm=0.1463
[step 31800/100000] loss=0.5462 mel=0.5303 dur=0.0158 lr=3.55e-04 grad_norm=0.1337
[step 31900/100000] loss=0.5458 mel=0.5304 dur=0.0154 lr=3.54e-04 grad_norm=0.1541
[step 32000/100000] loss=0.5441 mel=0.5290 dur=0.0151 lr=3.54e-04 grad_norm=0.1290
[val 32000] total=0.9287 mel=0.8587 dur=0.0700
[step 32100/100000] loss=0.5443 mel=0.5286 dur=0.0157 lr=3.53e-04 grad_norm=0.2377
[step 32200/100000] loss=0.5456 mel=0.5293 dur=0.0162 lr=3.52e-04 grad_norm=0.1287
[step 32300/100000] loss=0.5536 mel=0.5382 dur=0.0155 lr=3.52e-04 grad_norm=0.1785
[step 32400/100000] loss=0.5479 mel=0.5312 dur=0.0167 lr=3.51e-04 grad_norm=0.1230
[step 32500/100000] loss=0.5551 mel=0.5397 dur=0.0154 lr=3.51e-04 grad_norm=0.1414
[step 32600/100000] loss=0.5447 mel=0.5291 dur=0.0156 lr=3.50e-04 grad_norm=0.1791
[step 32700/100000] loss=0.5453 mel=0.5298 dur=0.0155 lr=3.50e-04 grad_norm=0.1333
[step 32800/100000] loss=0.5454 mel=0.5299 dur=0.0155 lr=3.49e-04 grad_norm=0.1616
[step 32900/100000] loss=0.5443 mel=0.5284 dur=0.0159 lr=3.49e-04 grad_norm=0.1290
[step 33000/100000] loss=0.5393 mel=0.5251 dur=0.0143 lr=3.48e-04 grad_norm=0.1361
[step 33100/100000] loss=0.5457 mel=0.5300 dur=0.0157 lr=3.48e-04 grad_norm=0.1610
[step 33200/100000] loss=0.5389 mel=0.5243 dur=0.0146 lr=3.47e-04 grad_norm=0.1416
[step 33300/100000] loss=0.5462 mel=0.5303 dur=0.0159 lr=3.47e-04 grad_norm=0.1437
[step 33400/100000] loss=0.5425 mel=0.5269 dur=0.0156 lr=3.46e-04 grad_norm=0.1439
[step 33500/100000] loss=0.5483 mel=0.5330 dur=0.0153 lr=3.46e-04 grad_norm=0.1455
[step 33600/100000] loss=0.5477 mel=0.5322 dur=0.0154 lr=3.45e-04 grad_norm=0.1264
[step 33700/100000] loss=0.5481 mel=0.5322 dur=0.0159 lr=3.45e-04 grad_norm=0.1334
[step 33800/100000] loss=0.5446 mel=0.5293 dur=0.0154 lr=3.44e-04 grad_norm=0.1554
[step 33900/100000] loss=0.5447 mel=0.5297 dur=0.0150 lr=3.44e-04 grad_norm=0.1353
[step 34000/100000] loss=0.5453 mel=0.5295 dur=0.0158 lr=3.43e-04 grad_norm=0.1683
[val 34000] total=0.9276 mel=0.8583 dur=0.0693
[step 34100/100000] loss=0.5422 mel=0.5272 dur=0.0150 lr=3.42e-04 grad_norm=0.1466
[step 34200/100000] loss=0.5429 mel=0.5278 dur=0.0151 lr=3.42e-04 grad_norm=0.1397
[step 34300/100000] loss=0.5384 mel=0.5220 dur=0.0163 lr=3.41e-04 grad_norm=0.2178
[step 34400/100000] loss=0.5386 mel=0.5237 dur=0.0149 lr=3.41e-04 grad_norm=0.1260
[step 34500/100000] loss=0.5401 mel=0.5251 dur=0.0150 lr=3.41e-04 grad_norm=0.1632
[step 34600/100000] loss=0.5422 mel=0.5264 dur=0.0158 lr=3.40e-04 grad_norm=0.1381
[step 34700/100000] loss=0.5437 mel=0.5283 dur=0.0154 lr=3.40e-04 grad_norm=0.1740
[step 34800/100000] loss=0.5436 mel=0.5277 dur=0.0159 lr=3.39e-04 grad_norm=0.1512
[step 34900/100000] loss=0.5335 mel=0.5184 dur=0.0150 lr=3.39e-04 grad_norm=0.1591
[step 35000/100000] loss=0.5389 mel=0.5240 dur=0.0148 lr=3.38e-04 grad_norm=0.1725
[step 35100/100000] loss=0.5422 mel=0.5275 dur=0.0147 lr=3.38e-04 grad_norm=0.1414
[step 35200/100000] loss=0.5376 mel=0.5220 dur=0.0155 lr=3.37e-04 grad_norm=0.1312
[step 35300/100000] loss=0.5311 mel=0.5163 dur=0.0148 lr=3.37e-04 grad_norm=0.1504
[step 35400/100000] loss=0.5417 mel=0.5258 dur=0.0160 lr=3.36e-04 grad_norm=0.1590
[step 35500/100000] loss=0.5392 mel=0.5246 dur=0.0146 lr=3.36e-04 grad_norm=0.1689
[step 35600/100000] loss=0.5450 mel=0.5298 dur=0.0152 lr=3.35e-04 grad_norm=0.1452
[step 35700/100000] loss=0.5362 mel=0.5218 dur=0.0143 lr=3.35e-04 grad_norm=0.1759
[step 35800/100000] loss=0.5396 mel=0.5247 dur=0.0149 lr=3.34e-04 grad_norm=0.1300
[step 35900/100000] loss=0.5412 mel=0.5263 dur=0.0148 lr=3.34e-04 grad_norm=0.1561
[step 36000/100000] loss=0.5410 mel=0.5255 dur=0.0154 lr=3.33e-04 grad_norm=0.1368
[val 36000] total=0.9294 mel=0.8598 dur=0.0696
[step 36100/100000] loss=0.5357 mel=0.5213 dur=0.0144 lr=3.33e-04 grad_norm=0.1389
[step 36200/100000] loss=0.5364 mel=0.5223 dur=0.0142 lr=3.32e-04 grad_norm=0.1635
[step 36300/100000] loss=0.5311 mel=0.5172 dur=0.0139 lr=3.32e-04 grad_norm=0.1831
[step 36400/100000] loss=0.5385 mel=0.5230 dur=0.0155 lr=3.31e-04 grad_norm=0.1388
[step 36500/100000] loss=0.5400 mel=0.5244 dur=0.0156 lr=3.31e-04 grad_norm=0.1380
[step 36600/100000] loss=0.5406 mel=0.5250 dur=0.0156 lr=3.31e-04 grad_norm=0.1652
[step 36700/100000] loss=0.5354 mel=0.5216 dur=0.0139 lr=3.30e-04 grad_norm=0.1450
[step 36800/100000] loss=0.5320 mel=0.5178 dur=0.0142 lr=3.30e-04 grad_norm=0.2135
[step 36900/100000] loss=0.5362 mel=0.5211 dur=0.0151 lr=3.29e-04 grad_norm=0.1407
[step 37000/100000] loss=0.5368 mel=0.5213 dur=0.0155 lr=3.29e-04 grad_norm=0.1685
[step 37100/100000] loss=0.5375 mel=0.5221 dur=0.0154 lr=3.28e-04 grad_norm=0.1286
[step 37200/100000] loss=0.5344 mel=0.5199 dur=0.0145 lr=3.28e-04 grad_norm=0.1466
[step 37300/100000] loss=0.5386 mel=0.5242 dur=0.0144 lr=3.27e-04 grad_norm=0.1559
[step 37400/100000] loss=0.5409 mel=0.5262 dur=0.0146 lr=3.27e-04 grad_norm=0.1405
[step 37500/100000] loss=0.5319 mel=0.5180 dur=0.0139 lr=3.27e-04 grad_norm=0.1491
[step 37600/100000] loss=0.5405 mel=0.5261 dur=0.0144 lr=3.26e-04 grad_norm=0.1604
[step 37700/100000] loss=0.5357 mel=0.5206 dur=0.0151 lr=3.26e-04 grad_norm=0.1612
[step 37800/100000] loss=0.5334 mel=0.5188 dur=0.0146 lr=3.25e-04 grad_norm=0.1336
[step 37900/100000] loss=0.5418 mel=0.5268 dur=0.0150 lr=3.25e-04 grad_norm=0.1448
[step 38000/100000] loss=0.5357 mel=0.5215 dur=0.0142 lr=3.24e-04 grad_norm=0.1488
[val 38000] total=0.9311 mel=0.8606 dur=0.0705
[step 38100/100000] loss=0.5289 mel=0.5145 dur=0.0144 lr=3.24e-04 grad_norm=0.1357
[step 38200/100000] loss=0.5362 mel=0.5205 dur=0.0157 lr=3.24e-04 grad_norm=0.1467
[step 38300/100000] loss=0.5351 mel=0.5202 dur=0.0149 lr=3.23e-04 grad_norm=0.1513
[step 38400/100000] loss=0.5376 mel=0.5223 dur=0.0152 lr=3.23e-04 grad_norm=0.1615
[step 38500/100000] loss=0.5375 mel=0.5227 dur=0.0148 lr=3.22e-04 grad_norm=0.1300
[step 38600/100000] loss=0.5345 mel=0.5197 dur=0.0148 lr=3.22e-04 grad_norm=0.1669
[step 38700/100000] loss=0.5332 mel=0.5175 dur=0.0157 lr=3.21e-04 grad_norm=0.1317
[step 38800/100000] loss=0.5319 mel=0.5162 dur=0.0156 lr=3.21e-04 grad_norm=0.1556
[step 38900/100000] loss=0.5339 mel=0.5193 dur=0.0146 lr=3.21e-04 grad_norm=0.1545
[step 39000/100000] loss=0.5346 mel=0.5197 dur=0.0148 lr=3.20e-04 grad_norm=0.1793
[step 39100/100000] loss=0.5332 mel=0.5185 dur=0.0147 lr=3.20e-04 grad_norm=0.1456
[step 39200/100000] loss=0.5288 mel=0.5126 dur=0.0162 lr=3.19e-04 grad_norm=0.2176
[step 39300/100000] loss=0.5377 mel=0.5225 dur=0.0152 lr=3.19e-04 grad_norm=0.1723
[step 39400/100000] loss=0.5299 mel=0.5154 dur=0.0145 lr=3.19e-04 grad_norm=0.1348
[step 39500/100000] loss=0.5297 mel=0.5156 dur=0.0141 lr=3.18e-04 grad_norm=0.1574
[step 39600/100000] loss=0.5307 mel=0.5156 dur=0.0151 lr=3.18e-04 grad_norm=0.1526
[step 39700/100000] loss=0.5376 mel=0.5227 dur=0.0149 lr=3.17e-04 grad_norm=0.1250
[step 39800/100000] loss=0.5347 mel=0.5205 dur=0.0142 lr=3.17e-04 grad_norm=0.1433
[step 39900/100000] loss=0.5339 mel=0.5198 dur=0.0141 lr=3.17e-04 grad_norm=0.1387
[step 40000/100000] loss=0.5315 mel=0.5172 dur=0.0143 lr=3.16e-04 grad_norm=0.1326
[val 40000] total=0.9309 mel=0.8602 dur=0.0708
[step 40100/100000] loss=0.5330 mel=0.5190 dur=0.0139 lr=3.16e-04 grad_norm=0.1703
[step 40200/100000] loss=0.5329 mel=0.5189 dur=0.0140 lr=3.15e-04 grad_norm=0.1429
[step 40300/100000] loss=0.5349 mel=0.5201 dur=0.0148 lr=3.15e-04 grad_norm=0.1414
[step 40400/100000] loss=0.5345 mel=0.5211 dur=0.0134 lr=3.15e-04 grad_norm=0.1563
[step 40500/100000] loss=0.5301 mel=0.5152 dur=0.0149 lr=3.14e-04 grad_norm=0.1401
[step 40600/100000] loss=0.5273 mel=0.5135 dur=0.0138 lr=3.14e-04 grad_norm=0.1413
[step 40700/100000] loss=0.5317 mel=0.5169 dur=0.0148 lr=3.13e-04 grad_norm=0.1472
[step 40800/100000] loss=0.5303 mel=0.5165 dur=0.0138 lr=3.13e-04 grad_norm=0.1592
[step 40900/100000] loss=0.5349 mel=0.5205 dur=0.0144 lr=3.13e-04 grad_norm=0.1259
[step 41000/100000] loss=0.5341 mel=0.5201 dur=0.0141 lr=3.12e-04 grad_norm=0.1596
[step 41100/100000] loss=0.5311 mel=0.5169 dur=0.0142 lr=3.12e-04 grad_norm=0.1590
[step 41200/100000] loss=0.5309 mel=0.5161 dur=0.0147 lr=3.12e-04 grad_norm=0.1327
[step 41300/100000] loss=0.5383 mel=0.5243 dur=0.0140 lr=3.11e-04 grad_norm=0.1516
[step 41400/100000] loss=0.5294 mel=0.5149 dur=0.0145 lr=3.11e-04 grad_norm=0.1754
[step 41500/100000] loss=0.5275 mel=0.5137 dur=0.0138 lr=3.10e-04 grad_norm=0.1537
[step 41600/100000] loss=0.5241 mel=0.5103 dur=0.0139 lr=3.10e-04 grad_norm=0.1445
[step 41700/100000] loss=0.5299 mel=0.5159 dur=0.0140 lr=3.10e-04 grad_norm=0.1710
[step 41800/100000] loss=0.5295 mel=0.5148 dur=0.0147 lr=3.09e-04 grad_norm=0.1339
[step 41900/100000] loss=0.5352 mel=0.5211 dur=0.0141 lr=3.09e-04 grad_norm=0.1425
[step 42000/100000] loss=0.5268 mel=0.5131 dur=0.0137 lr=3.09e-04 grad_norm=0.1302
[val 42000] total=0.9352 mel=0.8645 dur=0.0707
[step 42100/100000] loss=0.5302 mel=0.5164 dur=0.0138 lr=3.08e-04 grad_norm=0.1282
[step 42200/100000] loss=0.5301 mel=0.5159 dur=0.0142 lr=3.08e-04 grad_norm=0.1534
[step 42300/100000] loss=0.5252 mel=0.5111 dur=0.0141 lr=3.08e-04 grad_norm=0.1248
[step 42400/100000] loss=0.5281 mel=0.5147 dur=0.0134 lr=3.07e-04 grad_norm=0.1755
[step 42500/100000] loss=0.5273 mel=0.5126 dur=0.0146 lr=3.07e-04 grad_norm=0.1516
[step 42600/100000] loss=0.5324 mel=0.5187 dur=0.0137 lr=3.06e-04 grad_norm=0.1443
[step 42700/100000] loss=0.5336 mel=0.5191 dur=0.0145 lr=3.06e-04 grad_norm=0.1700
[step 42800/100000] loss=0.5275 mel=0.5132 dur=0.0143 lr=3.06e-04 grad_norm=0.1239
[step 42900/100000] loss=0.5290 mel=0.5144 dur=0.0146 lr=3.05e-04 grad_norm=0.1653
[step 43000/100000] loss=0.5308 mel=0.5161 dur=0.0146 lr=3.05e-04 grad_norm=0.1858
[step 43100/100000] loss=0.5286 mel=0.5136 dur=0.0151 lr=3.05e-04 grad_norm=0.1681
[step 43200/100000] loss=0.5215 mel=0.5081 dur=0.0135 lr=3.04e-04 grad_norm=0.1354
[step 43300/100000] loss=0.5302 mel=0.5157 dur=0.0145 lr=3.04e-04 grad_norm=0.1260
[step 43400/100000] loss=0.5252 mel=0.5114 dur=0.0138 lr=3.04e-04 grad_norm=0.1403
[step 43500/100000] loss=0.5311 mel=0.5167 dur=0.0143 lr=3.03e-04 grad_norm=0.1904
[step 43600/100000] loss=0.5211 mel=0.5078 dur=0.0133 lr=3.03e-04 grad_norm=0.2238
[step 43700/100000] loss=0.5284 mel=0.5150 dur=0.0134 lr=3.03e-04 grad_norm=0.1776
[step 43800/100000] loss=0.5308 mel=0.5167 dur=0.0141 lr=3.02e-04 grad_norm=0.1420
[step 43900/100000] loss=0.5330 mel=0.5199 dur=0.0131 lr=3.02e-04 grad_norm=0.1384
[step 44000/100000] loss=0.5235 mel=0.5098 dur=0.0137 lr=3.02e-04 grad_norm=0.1205
[val 44000] total=0.9353 mel=0.8644 dur=0.0709
[step 44100/100000] loss=0.5226 mel=0.5088 dur=0.0138 lr=3.01e-04 grad_norm=0.2080
[step 44200/100000] loss=0.5240 mel=0.5104 dur=0.0136 lr=3.01e-04 grad_norm=0.1663
[step 44300/100000] loss=0.5246 mel=0.5099 dur=0.0147 lr=3.00e-04 grad_norm=0.1729
[step 44400/100000] loss=0.5262 mel=0.5119 dur=0.0142 lr=3.00e-04 grad_norm=0.1550
[step 44500/100000] loss=0.5240 mel=0.5110 dur=0.0131 lr=3.00e-04 grad_norm=0.1389
[step 44600/100000] loss=0.5289 mel=0.5148 dur=0.0142 lr=2.99e-04 grad_norm=0.1171
[step 44700/100000] loss=0.5250 mel=0.5122 dur=0.0129 lr=2.99e-04 grad_norm=0.1493
[step 44800/100000] loss=0.5229 mel=0.5096 dur=0.0133 lr=2.99e-04 grad_norm=0.1462
[step 44900/100000] loss=0.5205 mel=0.5078 dur=0.0127 lr=2.98e-04 grad_norm=0.1244
[step 45000/100000] loss=0.5232 mel=0.5095 dur=0.0137 lr=2.98e-04 grad_norm=0.1364
[step 45100/100000] loss=0.5239 mel=0.5104 dur=0.0134 lr=2.98e-04 grad_norm=0.1651
[step 45200/100000] loss=0.5241 mel=0.5098 dur=0.0143 lr=2.97e-04 grad_norm=0.1346
[step 45300/100000] loss=0.5228 mel=0.5096 dur=0.0133 lr=2.97e-04 grad_norm=0.1489
[step 45400/100000] loss=0.5205 mel=0.5073 dur=0.0132 lr=2.97e-04 grad_norm=0.1526
[step 45500/100000] loss=0.5224 mel=0.5093 dur=0.0131 lr=2.96e-04 grad_norm=0.1444
[step 45600/100000] loss=0.5232 mel=0.5104 dur=0.0128 lr=2.96e-04 grad_norm=0.1204
[step 45700/100000] loss=0.5295 mel=0.5156 dur=0.0138 lr=2.96e-04 grad_norm=0.1506
[step 45800/100000] loss=0.5192 mel=0.5058 dur=0.0134 lr=2.96e-04 grad_norm=0.1645
[step 45900/100000] loss=0.5188 mel=0.5054 dur=0.0134 lr=2.95e-04 grad_norm=0.1395
[step 46000/100000] loss=0.5225 mel=0.5091 dur=0.0134 lr=2.95e-04 grad_norm=0.1322
[val 46000] total=0.9338 mel=0.8625 dur=0.0713
[step 46100/100000] loss=0.5302 mel=0.5157 dur=0.0145 lr=2.95e-04 grad_norm=0.1618
[step 46200/100000] loss=0.5172 mel=0.5030 dur=0.0142 lr=2.94e-04 grad_norm=0.1431
[step 46300/100000] loss=0.5242 mel=0.5109 dur=0.0133 lr=2.94e-04 grad_norm=0.1325
[step 46400/100000] loss=0.5248 mel=0.5116 dur=0.0132 lr=2.94e-04 grad_norm=0.1278
[step 46500/100000] loss=0.5191 mel=0.5059 dur=0.0132 lr=2.93e-04 grad_norm=0.1404
[step 46600/100000] loss=0.5216 mel=0.5080 dur=0.0136 lr=2.93e-04 grad_norm=0.1608
[step 46700/100000] loss=0.5189 mel=0.5057 dur=0.0132 lr=2.93e-04 grad_norm=0.1215
[step 46800/100000] loss=0.5261 mel=0.5120 dur=0.0141 lr=2.92e-04 grad_norm=0.1417
[step 46900/100000] loss=0.5280 mel=0.5144 dur=0.0137 lr=2.92e-04 grad_norm=0.1414
[step 47000/100000] loss=0.5196 mel=0.5060 dur=0.0135 lr=2.92e-04 grad_norm=0.1381
[step 47100/100000] loss=0.5230 mel=0.5098 dur=0.0132 lr=2.91e-04 grad_norm=0.1630
[step 47200/100000] loss=0.5228 mel=0.5091 dur=0.0137 lr=2.91e-04 grad_norm=0.1508
[step 47300/100000] loss=0.5188 mel=0.5057 dur=0.0131 lr=2.91e-04 grad_norm=0.1378
[step 47400/100000] loss=0.5251 mel=0.5113 dur=0.0138 lr=2.90e-04 grad_norm=0.1241
[step 47500/100000] loss=0.5191 mel=0.5057 dur=0.0134 lr=2.90e-04 grad_norm=0.1595
[step 47600/100000] loss=0.5237 mel=0.5106 dur=0.0131 lr=2.90e-04 grad_norm=0.1483
[step 47700/100000] loss=0.5237 mel=0.5102 dur=0.0135 lr=2.90e-04 grad_norm=0.1345
[step 47800/100000] loss=0.5290 mel=0.5158 dur=0.0133 lr=2.89e-04 grad_norm=0.1320
[step 47900/100000] loss=0.5186 mel=0.5055 dur=0.0131 lr=2.89e-04 grad_norm=0.1295
[step 48000/100000] loss=0.5212 mel=0.5076 dur=0.0137 lr=2.89e-04 grad_norm=0.1406
[val 48000] total=0.9386 mel=0.8670 dur=0.0716
[step 48100/100000] loss=0.5193 mel=0.5059 dur=0.0134 lr=2.88e-04 grad_norm=0.1352
[step 48200/100000] loss=0.5185 mel=0.5047 dur=0.0139 lr=2.88e-04 grad_norm=0.1259
[step 48300/100000] loss=0.5184 mel=0.5055 dur=0.0129 lr=2.88e-04 grad_norm=0.1637
[step 48400/100000] loss=0.5201 mel=0.5068 dur=0.0134 lr=2.87e-04 grad_norm=0.1410
[step 48500/100000] loss=0.5188 mel=0.5048 dur=0.0140 lr=2.87e-04 grad_norm=0.1294
[step 48600/100000] loss=0.5197 mel=0.5065 dur=0.0132 lr=2.87e-04 grad_norm=0.1237
[step 48700/100000] loss=0.5238 mel=0.5102 dur=0.0136 lr=2.87e-04 grad_norm=0.1372
[step 48800/100000] loss=0.5207 mel=0.5078 dur=0.0129 lr=2.86e-04 grad_norm=0.1496
[step 48900/100000] loss=0.5192 mel=0.5059 dur=0.0133 lr=2.86e-04 grad_norm=0.1334
[step 49000/100000] loss=0.5112 mel=0.4979 dur=0.0133 lr=2.86e-04 grad_norm=0.1988
[step 49100/100000] loss=0.5270 mel=0.5136 dur=0.0134 lr=2.85e-04 grad_norm=0.1489
[step 49200/100000] loss=0.5154 mel=0.5020 dur=0.0134 lr=2.85e-04 grad_norm=0.1473
[step 49300/100000] loss=0.5193 mel=0.5059 dur=0.0133 lr=2.85e-04 grad_norm=0.1375
[step 49400/100000] loss=0.5178 mel=0.5046 dur=0.0132 lr=2.85e-04 grad_norm=0.1437
[step 49500/100000] loss=0.5135 mel=0.5004 dur=0.0130 lr=2.84e-04 grad_norm=0.1454
[step 49600/100000] loss=0.5147 mel=0.5023 dur=0.0124 lr=2.84e-04 grad_norm=0.1294
[step 49700/100000] loss=0.5156 mel=0.5020 dur=0.0136 lr=2.84e-04 grad_norm=0.1778
[step 49800/100000] loss=0.5182 mel=0.5056 dur=0.0126 lr=2.83e-04 grad_norm=0.1541
[step 49900/100000] loss=0.5162 mel=0.5031 dur=0.0131 lr=2.83e-04 grad_norm=0.1295
[step 50000/100000] loss=0.5122 mel=0.4996 dur=0.0126 lr=2.83e-04 grad_norm=0.1242
[val 50000] total=0.9356 mel=0.8653 dur=0.0703
[step 50100/100000] loss=0.5199 mel=0.5066 dur=0.0133 lr=2.83e-04 grad_norm=0.1470
[step 50200/100000] loss=0.5197 mel=0.5066 dur=0.0132 lr=2.82e-04 grad_norm=0.1532
[step 50300/100000] loss=0.5242 mel=0.5114 dur=0.0128 lr=2.82e-04 grad_norm=0.1422
[step 50400/100000] loss=0.5172 mel=0.5043 dur=0.0129 lr=2.82e-04 grad_norm=0.1419
[step 50500/100000] loss=0.5226 mel=0.5089 dur=0.0137 lr=2.81e-04 grad_norm=0.1227
[step 50600/100000] loss=0.5179 mel=0.5049 dur=0.0130 lr=2.81e-04 grad_norm=0.1853
[step 50700/100000] loss=0.5179 mel=0.5051 dur=0.0128 lr=2.81e-04 grad_norm=0.1557
[step 50800/100000] loss=0.5135 mel=0.5006 dur=0.0130 lr=2.81e-04 grad_norm=0.1493
[step 50900/100000] loss=0.5178 mel=0.5039 dur=0.0139 lr=2.80e-04 grad_norm=0.1319
[step 51000/100000] loss=0.5162 mel=0.5036 dur=0.0126 lr=2.80e-04 grad_norm=0.1343
[step 51100/100000] loss=0.5239 mel=0.5107 dur=0.0132 lr=2.80e-04 grad_norm=0.1454
[step 51200/100000] loss=0.5180 mel=0.5056 dur=0.0125 lr=2.80e-04 grad_norm=0.1294
[step 51300/100000] loss=0.5163 mel=0.5034 dur=0.0130 lr=2.79e-04 grad_norm=0.1396
[step 51400/100000] loss=0.5191 mel=0.5063 dur=0.0129 lr=2.79e-04 grad_norm=0.1228
[step 51500/100000] loss=0.5188 mel=0.5055 dur=0.0133 lr=2.79e-04 grad_norm=0.1144
[step 51600/100000] loss=0.5184 mel=0.5053 dur=0.0131 lr=2.78e-04 grad_norm=0.1373
[step 51700/100000] loss=0.5161 mel=0.5026 dur=0.0134 lr=2.78e-04 grad_norm=0.1296
[step 51800/100000] loss=0.5161 mel=0.5033 dur=0.0128 lr=2.78e-04 grad_norm=0.1471
[step 51900/100000] loss=0.5213 mel=0.5080 dur=0.0132 lr=2.78e-04 grad_norm=0.1841
[step 52000/100000] loss=0.5113 mel=0.4990 dur=0.0123 lr=2.77e-04 grad_norm=0.1470
[val 52000] total=0.9430 mel=0.8718 dur=0.0712
[step 52100/100000] loss=0.5185 mel=0.5057 dur=0.0129 lr=2.77e-04 grad_norm=0.1632
[step 52200/100000] loss=0.5158 mel=0.5030 dur=0.0128 lr=2.77e-04 grad_norm=0.1491
[step 52300/100000] loss=0.5155 mel=0.5027 dur=0.0129 lr=2.77e-04 grad_norm=0.1337
[step 52400/100000] loss=0.5188 mel=0.5058 dur=0.0130 lr=2.76e-04 grad_norm=0.1175
[step 52500/100000] loss=0.5159 mel=0.5022 dur=0.0137 lr=2.76e-04 grad_norm=0.1295
[step 52600/100000] loss=0.5197 mel=0.5067 dur=0.0130 lr=2.76e-04 grad_norm=0.1336
[step 52700/100000] loss=0.5196 mel=0.5065 dur=0.0131 lr=2.76e-04 grad_norm=0.1236
[step 52800/100000] loss=0.5136 mel=0.5005 dur=0.0131 lr=2.75e-04 grad_norm=0.1496
[step 52900/100000] loss=0.5159 mel=0.5029 dur=0.0130 lr=2.75e-04 grad_norm=0.1513
[step 53000/100000] loss=0.5231 mel=0.5099 dur=0.0132 lr=2.75e-04 grad_norm=0.1490
[step 53100/100000] loss=0.5161 mel=0.5030 dur=0.0131 lr=2.74e-04 grad_norm=0.1533
[step 53200/100000] loss=0.5142 mel=0.5012 dur=0.0131 lr=2.74e-04 grad_norm=0.1588
[step 53300/100000] loss=0.5133 mel=0.4997 dur=0.0136 lr=2.74e-04 grad_norm=0.1478
[step 53400/100000] loss=0.5167 mel=0.5030 dur=0.0136 lr=2.74e-04 grad_norm=0.1506
[step 53500/100000] loss=0.5120 mel=0.4989 dur=0.0131 lr=2.73e-04 grad_norm=0.1325
[step 53600/100000] loss=0.5112 mel=0.4990 dur=0.0122 lr=2.73e-04 grad_norm=0.1504
[step 53700/100000] loss=0.5137 mel=0.5005 dur=0.0132 lr=2.73e-04 grad_norm=0.1365
[step 53800/100000] loss=0.5156 mel=0.5028 dur=0.0128 lr=2.73e-04 grad_norm=0.1395
[step 53900/100000] loss=0.5132 mel=0.4989 dur=0.0144 lr=2.72e-04 grad_norm=0.1978
[step 54000/100000] loss=0.5124 mel=0.5006 dur=0.0118 lr=2.72e-04 grad_norm=0.1246
[val 54000] total=0.9340 mel=0.8636 dur=0.0704
[step 54100/100000] loss=0.5148 mel=0.5023 dur=0.0125 lr=2.72e-04 grad_norm=0.1265
[step 54200/100000] loss=0.5205 mel=0.5079 dur=0.0126 lr=2.72e-04 grad_norm=0.1467
[step 54300/100000] loss=0.5102 mel=0.4977 dur=0.0125 lr=2.71e-04 grad_norm=0.1390
[step 54400/100000] loss=0.5084 mel=0.4955 dur=0.0129 lr=2.71e-04 grad_norm=0.1166
[step 54500/100000] loss=0.5081 mel=0.4955 dur=0.0126 lr=2.71e-04 grad_norm=0.1430
[step 54600/100000] loss=0.5118 mel=0.4988 dur=0.0129 lr=2.71e-04 grad_norm=0.1511
[step 54700/100000] loss=0.5183 mel=0.5047 dur=0.0136 lr=2.70e-04 grad_norm=0.1536
[step 54800/100000] loss=0.5108 mel=0.4980 dur=0.0128 lr=2.70e-04 grad_norm=0.1409
[step 54900/100000] loss=0.5144 mel=0.5017 dur=0.0127 lr=2.70e-04 grad_norm=0.1598
[step 55000/100000] loss=0.5202 mel=0.5078 dur=0.0124 lr=2.70e-04 grad_norm=0.1355
[step 55100/100000] loss=0.5218 mel=0.5082 dur=0.0136 lr=2.69e-04 grad_norm=0.1590
[step 55200/100000] loss=0.5105 mel=0.4976 dur=0.0129 lr=2.69e-04 grad_norm=0.1224
[step 55300/100000] loss=0.5058 mel=0.4938 dur=0.0120 lr=2.69e-04 grad_norm=0.1233
[step 55400/100000] loss=0.5146 mel=0.5021 dur=0.0125 lr=2.69e-04 grad_norm=0.1262
[step 55500/100000] loss=0.5106 mel=0.4979 dur=0.0128 lr=2.68e-04 grad_norm=0.1322
[step 55600/100000] loss=0.5172 mel=0.5036 dur=0.0136 lr=2.68e-04 grad_norm=0.1929
[step 55700/100000] loss=0.5157 mel=0.5039 dur=0.0118 lr=2.68e-04 grad_norm=0.1117
[step 55800/100000] loss=0.5152 mel=0.5030 dur=0.0122 lr=2.68e-04 grad_norm=0.1476
[step 55900/100000] loss=0.5161 mel=0.5034 dur=0.0127 lr=2.68e-04 grad_norm=0.1496
[step 56000/100000] loss=0.5024 mel=0.4904 dur=0.0120 lr=2.67e-04 grad_norm=0.1505
[val 56000] total=0.9397 mel=0.8697 dur=0.0700
[step 56100/100000] loss=0.5131 mel=0.5010 dur=0.0121 lr=2.67e-04 grad_norm=0.1403
[step 56200/100000] loss=0.5117 mel=0.4991 dur=0.0125 lr=2.67e-04 grad_norm=0.1322
[step 56300/100000] loss=0.5145 mel=0.5019 dur=0.0126 lr=2.67e-04 grad_norm=0.1368
[step 56400/100000] loss=0.5102 mel=0.4975 dur=0.0127 lr=2.66e-04 grad_norm=0.1211
[step 56500/100000] loss=0.5101 mel=0.4981 dur=0.0120 lr=2.66e-04 grad_norm=0.1253
[step 56600/100000] loss=0.5116 mel=0.4996 dur=0.0120 lr=2.66e-04 grad_norm=0.1337
[step 56700/100000] loss=0.5134 mel=0.5012 dur=0.0122 lr=2.66e-04 grad_norm=0.1299
[step 56800/100000] loss=0.5097 mel=0.4973 dur=0.0124 lr=2.65e-04 grad_norm=0.2446
[step 56900/100000] loss=0.5127 mel=0.5006 dur=0.0121 lr=2.65e-04 grad_norm=0.1509
[step 57000/100000] loss=0.5152 mel=0.5027 dur=0.0125 lr=2.65e-04 grad_norm=0.1259
[step 57100/100000] loss=0.5119 mel=0.4986 dur=0.0133 lr=2.65e-04 grad_norm=0.1347
[step 57200/100000] loss=0.5158 mel=0.5033 dur=0.0125 lr=2.64e-04 grad_norm=0.1383
[step 57300/100000] loss=0.5112 mel=0.4996 dur=0.0116 lr=2.64e-04 grad_norm=0.1252
[step 57400/100000] loss=0.5162 mel=0.5034 dur=0.0128 lr=2.64e-04 grad_norm=0.1149
[step 57500/100000] loss=0.5115 mel=0.4989 dur=0.0126 lr=2.64e-04 grad_norm=0.1248
[step 57600/100000] loss=0.5138 mel=0.5011 dur=0.0126 lr=2.64e-04 grad_norm=0.1761
[step 57700/100000] loss=0.5146 mel=0.5020 dur=0.0126 lr=2.63e-04 grad_norm=0.1412
[step 57800/100000] loss=0.5144 mel=0.5018 dur=0.0126 lr=2.63e-04 grad_norm=0.1422
[step 57900/100000] loss=0.5045 mel=0.4927 dur=0.0119 lr=2.63e-04 grad_norm=0.1573
[step 58000/100000] loss=0.5083 mel=0.4959 dur=0.0124 lr=2.63e-04 grad_norm=0.1325
[val 58000] total=0.9351 mel=0.8637 dur=0.0714
[step 58100/100000] loss=0.5137 mel=0.5011 dur=0.0126 lr=2.62e-04 grad_norm=0.1359
[step 58200/100000] loss=0.5051 mel=0.4927 dur=0.0123 lr=2.62e-04 grad_norm=0.1445
[step 58300/100000] loss=0.5094 mel=0.4965 dur=0.0129 lr=2.62e-04 grad_norm=0.1645
[step 58400/100000] loss=0.5102 mel=0.4981 dur=0.0121 lr=2.62e-04 grad_norm=0.1486
[step 58500/100000] loss=0.5163 mel=0.5039 dur=0.0123 lr=2.61e-04 grad_norm=0.1265
[step 58600/100000] loss=0.5175 mel=0.5032 dur=0.0143 lr=2.61e-04 grad_norm=0.1239
[step 58700/100000] loss=0.5042 mel=0.4925 dur=0.0117 lr=2.61e-04 grad_norm=0.1291
[step 58800/100000] loss=0.5127 mel=0.5008 dur=0.0119 lr=2.61e-04 grad_norm=0.1778
[step 58900/100000] loss=0.5068 mel=0.4942 dur=0.0125 lr=2.61e-04 grad_norm=0.1385
[step 59000/100000] loss=0.5111 mel=0.4995 dur=0.0116 lr=2.60e-04 grad_norm=0.1451
[step 59100/100000] loss=0.5137 mel=0.5001 dur=0.0136 lr=2.60e-04 grad_norm=0.1841
[step 59200/100000] loss=0.5123 mel=0.4999 dur=0.0124 lr=2.60e-04 grad_norm=0.1400
[step 59300/100000] loss=0.5080 mel=0.4953 dur=0.0126 lr=2.60e-04 grad_norm=0.1169
[step 59400/100000] loss=0.5115 mel=0.4996 dur=0.0118 lr=2.59e-04 grad_norm=0.1120
[step 59500/100000] loss=0.5087 mel=0.4958 dur=0.0129 lr=2.59e-04 grad_norm=0.1623
[step 59600/100000] loss=0.5103 mel=0.4981 dur=0.0122 lr=2.59e-04 grad_norm=0.2266
[step 59700/100000] loss=0.5092 mel=0.4966 dur=0.0126 lr=2.59e-04 grad_norm=0.1224
[step 59800/100000] loss=0.5058 mel=0.4940 dur=0.0118 lr=2.59e-04 grad_norm=0.1496
[step 59900/100000] loss=0.5075 mel=0.4955 dur=0.0120 lr=2.58e-04 grad_norm=0.1664
[step 60000/100000] loss=0.5073 mel=0.4953 dur=0.0120 lr=2.58e-04 grad_norm=0.1340
[val 60000] total=0.9330 mel=0.8619 dur=0.0711
[step 60100/100000] loss=0.5078 mel=0.4960 dur=0.0118 lr=2.58e-04 grad_norm=0.1220
[step 60200/100000] loss=0.5112 mel=0.4986 dur=0.0126 lr=2.58e-04 grad_norm=0.1307
[step 60300/100000] loss=0.5120 mel=0.4995 dur=0.0125 lr=2.58e-04 grad_norm=0.1467
[step 60400/100000] loss=0.5075 mel=0.4948 dur=0.0127 lr=2.57e-04 grad_norm=0.1290
[step 60500/100000] loss=0.5117 mel=0.4995 dur=0.0122 lr=2.57e-04 grad_norm=0.1202
[step 60600/100000] loss=0.5105 mel=0.4983 dur=0.0122 lr=2.57e-04 grad_norm=0.1358
[step 60700/100000] loss=0.5079 mel=0.4956 dur=0.0124 lr=2.57e-04 grad_norm=0.1523
[step 60800/100000] loss=0.5101 mel=0.4980 dur=0.0121 lr=2.56e-04 grad_norm=0.1391
[step 60900/100000] loss=0.5098 mel=0.4973 dur=0.0125 lr=2.56e-04 grad_norm=0.1386
[step 61000/100000] loss=0.5050 mel=0.4931 dur=0.0119 lr=2.56e-04 grad_norm=0.1541
[step 61100/100000] loss=0.5058 mel=0.4933 dur=0.0124 lr=2.56e-04 grad_norm=0.1676
[step 61200/100000] loss=0.5095 mel=0.4972 dur=0.0123 lr=2.56e-04 grad_norm=0.1303
[step 61300/100000] loss=0.5106 mel=0.4987 dur=0.0119 lr=2.55e-04 grad_norm=0.1291
[step 61400/100000] loss=0.5112 mel=0.4991 dur=0.0121 lr=2.55e-04 grad_norm=0.1303
[step 61500/100000] loss=0.5094 mel=0.4967 dur=0.0127 lr=2.55e-04 grad_norm=0.1381
[step 61600/100000] loss=0.5074 mel=0.4953 dur=0.0121 lr=2.55e-04 grad_norm=0.1269
[step 61700/100000] loss=0.5040 mel=0.4919 dur=0.0121 lr=2.55e-04 grad_norm=0.1550
[step 61800/100000] loss=0.5073 mel=0.4954 dur=0.0119 lr=2.54e-04 grad_norm=0.1139
[step 61900/100000] loss=0.5080 mel=0.4954 dur=0.0126 lr=2.54e-04 grad_norm=0.1355
[step 62000/100000] loss=0.5086 mel=0.4967 dur=0.0119 lr=2.54e-04 grad_norm=0.2181
[val 62000] total=0.9396 mel=0.8677 dur=0.0719
[step 62100/100000] loss=0.5027 mel=0.4905 dur=0.0121 lr=2.54e-04 grad_norm=0.1380
[step 62200/100000] loss=0.5055 mel=0.4928 dur=0.0127 lr=2.54e-04 grad_norm=0.1268
[step 62300/100000] loss=0.5102 mel=0.4974 dur=0.0128 lr=2.53e-04 grad_norm=0.1425
[step 62400/100000] loss=0.5064 mel=0.4942 dur=0.0123 lr=2.53e-04 grad_norm=0.1094
[step 62500/100000] loss=0.5031 mel=0.4912 dur=0.0120 lr=2.53e-04 grad_norm=0.1880
[step 62600/100000] loss=0.5103 mel=0.4979 dur=0.0124 lr=2.53e-04 grad_norm=0.1386
[step 62700/100000] loss=0.5060 mel=0.4935 dur=0.0125 lr=2.53e-04 grad_norm=0.1287
[step 62800/100000] loss=0.5054 mel=0.4930 dur=0.0124 lr=2.52e-04 grad_norm=0.1244
[step 62900/100000] loss=0.5084 mel=0.4959 dur=0.0125 lr=2.52e-04 grad_norm=0.1878
[step 63000/100000] loss=0.5056 mel=0.4933 dur=0.0123 lr=2.52e-04 grad_norm=0.1192
[step 63100/100000] loss=0.5105 mel=0.4985 dur=0.0120 lr=2.52e-04 grad_norm=0.1237
[step 63200/100000] loss=0.5066 mel=0.4945 dur=0.0121 lr=2.52e-04 grad_norm=0.1188
[step 63300/100000] loss=0.5021 mel=0.4903 dur=0.0118 lr=2.51e-04 grad_norm=0.1284
[step 63400/100000] loss=0.5049 mel=0.4933 dur=0.0116 lr=2.51e-04 grad_norm=0.1211
[step 63500/100000] loss=0.5074 mel=0.4950 dur=0.0124 lr=2.51e-04 grad_norm=0.1480
[step 63600/100000] loss=0.5069 mel=0.4946 dur=0.0124 lr=2.51e-04 grad_norm=0.1121
[step 63700/100000] loss=0.5018 mel=0.4893 dur=0.0125 lr=2.51e-04 grad_norm=0.2024
[step 63800/100000] loss=0.5055 mel=0.4939 dur=0.0117 lr=2.50e-04 grad_norm=0.1332
[step 63900/100000] loss=0.5051 mel=0.4932 dur=0.0118 lr=2.50e-04 grad_norm=0.1231
[step 64000/100000] loss=0.5058 mel=0.4936 dur=0.0123 lr=2.50e-04 grad_norm=0.1358
[val 64000] total=0.9395 mel=0.8690 dur=0.0705
[step 64100/100000] loss=0.5052 mel=0.4929 dur=0.0123 lr=2.50e-04 grad_norm=0.1400
[step 64200/100000] loss=0.5037 mel=0.4921 dur=0.0117 lr=2.50e-04 grad_norm=0.1290
[step 64300/100000] loss=0.5063 mel=0.4937 dur=0.0127 lr=2.49e-04 grad_norm=0.1362
[step 64400/100000] loss=0.5110 mel=0.4989 dur=0.0122 lr=2.49e-04 grad_norm=0.1257
[step 64500/100000] loss=0.4972 mel=0.4851 dur=0.0121 lr=2.49e-04 grad_norm=0.1570
[step 64600/100000] loss=0.5066 mel=0.4948 dur=0.0118 lr=2.49e-04 grad_norm=0.1043
[step 64700/100000] loss=0.5104 mel=0.4985 dur=0.0119 lr=2.49e-04 grad_norm=0.1401
[step 64800/100000] loss=0.5085 mel=0.4963 dur=0.0122 lr=2.48e-04 grad_norm=0.1288
[step 64900/100000] loss=0.5035 mel=0.4921 dur=0.0114 lr=2.48e-04 grad_norm=0.1167
[step 65000/100000] loss=0.5058 mel=0.4942 dur=0.0116 lr=2.48e-04 grad_norm=0.1399
[step 65100/100000] loss=0.5008 mel=0.4889 dur=0.0119 lr=2.48e-04 grad_norm=0.1298
[step 65200/100000] loss=0.5021 mel=0.4907 dur=0.0114 lr=2.48e-04 grad_norm=0.1475
[step 65300/100000] loss=0.5047 mel=0.4927 dur=0.0119 lr=2.47e-04 grad_norm=0.1160
[step 65400/100000] loss=0.5058 mel=0.4943 dur=0.0115 lr=2.47e-04 grad_norm=0.1268
[step 65500/100000] loss=0.5036 mel=0.4921 dur=0.0114 lr=2.47e-04 grad_norm=0.1293
[step 65600/100000] loss=0.5075 mel=0.4947 dur=0.0128 lr=2.47e-04 grad_norm=0.1235
[step 65700/100000] loss=0.5023 mel=0.4909 dur=0.0114 lr=2.47e-04 grad_norm=0.1289
[step 65800/100000] loss=0.5074 mel=0.4954 dur=0.0120 lr=2.47e-04 grad_norm=0.1365
[step 65900/100000] loss=0.5038 mel=0.4911 dur=0.0128 lr=2.46e-04 grad_norm=0.1166
[step 66000/100000] loss=0.5044 mel=0.4920 dur=0.0124 lr=2.46e-04 grad_norm=0.1300
[val 66000] total=0.9397 mel=0.8685 dur=0.0712
[step 66100/100000] loss=0.5026 mel=0.4905 dur=0.0122 lr=2.46e-04 grad_norm=0.1203
[step 66200/100000] loss=0.5026 mel=0.4910 dur=0.0117 lr=2.46e-04 grad_norm=0.1223
[step 66300/100000] loss=0.5063 mel=0.4948 dur=0.0115 lr=2.46e-04 grad_norm=0.1345
[step 66400/100000] loss=0.5093 mel=0.4972 dur=0.0121 lr=2.45e-04 grad_norm=0.1377
[step 66500/100000] loss=0.5007 mel=0.4892 dur=0.0116 lr=2.45e-04 grad_norm=0.1613
[step 66600/100000] loss=0.5013 mel=0.4894 dur=0.0119 lr=2.45e-04 grad_norm=0.1180
[step 66700/100000] loss=0.5030 mel=0.4918 dur=0.0111 lr=2.45e-04 grad_norm=0.1277
[step 66800/100000] loss=0.5065 mel=0.4941 dur=0.0125 lr=2.45e-04 grad_norm=0.1196
[step 66900/100000] loss=0.5131 mel=0.5007 dur=0.0124 lr=2.45e-04 grad_norm=0.1391
[step 67000/100000] loss=0.5056 mel=0.4941 dur=0.0115 lr=2.44e-04 grad_norm=0.1352
[step 67100/100000] loss=0.5066 mel=0.4947 dur=0.0120 lr=2.44e-04 grad_norm=0.1375
[step 67200/100000] loss=0.5022 mel=0.4904 dur=0.0118 lr=2.44e-04 grad_norm=0.1242
[step 67300/100000] loss=0.5027 mel=0.4907 dur=0.0121 lr=2.44e-04 grad_norm=0.1261
[step 67400/100000] loss=0.5051 mel=0.4935 dur=0.0116 lr=2.44e-04 grad_norm=0.1265
[step 67500/100000] loss=0.5048 mel=0.4934 dur=0.0115 lr=2.43e-04 grad_norm=0.1299
[step 67600/100000] loss=0.5033 mel=0.4911 dur=0.0123 lr=2.43e-04 grad_norm=0.1338
[step 67700/100000] loss=0.4976 mel=0.4860 dur=0.0116 lr=2.43e-04 grad_norm=0.1381
[step 67800/100000] loss=0.5111 mel=0.4979 dur=0.0131 lr=2.43e-04 grad_norm=0.1140
[step 67900/100000] loss=0.4992 mel=0.4877 dur=0.0115 lr=2.43e-04 grad_norm=0.1484
[step 68000/100000] loss=0.5102 mel=0.4978 dur=0.0124 lr=2.43e-04 grad_norm=0.1667
[val 68000] total=0.9368 mel=0.8658 dur=0.0711
[step 68100/100000] loss=0.5056 mel=0.4939 dur=0.0117 lr=2.42e-04 grad_norm=0.1212
[step 68200/100000] loss=0.5039 mel=0.4922 dur=0.0117 lr=2.42e-04 grad_norm=0.1682
[step 68300/100000] loss=0.5032 mel=0.4909 dur=0.0123 lr=2.42e-04 grad_norm=0.1582
[step 68400/100000] loss=0.5098 mel=0.4976 dur=0.0121 lr=2.42e-04 grad_norm=0.1327
[step 68500/100000] loss=0.5041 mel=0.4925 dur=0.0115 lr=2.42e-04 grad_norm=0.1110
[step 68600/100000] loss=0.5164 mel=0.5044 dur=0.0120 lr=2.41e-04 grad_norm=0.1921
[step 68700/100000] loss=0.5060 mel=0.4941 dur=0.0119 lr=2.41e-04 grad_norm=0.1245
[step 68800/100000] loss=0.5042 mel=0.4916 dur=0.0126 lr=2.41e-04 grad_norm=0.1280
[step 68900/100000] loss=0.5000 mel=0.4879 dur=0.0120 lr=2.41e-04 grad_norm=0.1315
[step 69000/100000] loss=0.5036 mel=0.4920 dur=0.0116 lr=2.41e-04 grad_norm=0.1292
[step 69100/100000] loss=0.5015 mel=0.4904 dur=0.0111 lr=2.41e-04 grad_norm=0.1230
[step 69200/100000] loss=0.5032 mel=0.4917 dur=0.0115 lr=2.40e-04 grad_norm=0.1223
[step 69300/100000] loss=0.4966 mel=0.4853 dur=0.0112 lr=2.40e-04 grad_norm=0.1200
[step 69400/100000] loss=0.5003 mel=0.4886 dur=0.0116 lr=2.40e-04 grad_norm=0.1324
[step 69500/100000] loss=0.5048 mel=0.4924 dur=0.0125 lr=2.40e-04 grad_norm=0.1384
[step 69600/100000] loss=0.4994 mel=0.4876 dur=0.0118 lr=2.40e-04 grad_norm=0.1373
[step 69700/100000] loss=0.5037 mel=0.4918 dur=0.0119 lr=2.40e-04 grad_norm=0.1246
[step 69800/100000] loss=0.4992 mel=0.4874 dur=0.0118 lr=2.39e-04 grad_norm=0.1427
[step 69900/100000] loss=0.5042 mel=0.4921 dur=0.0121 lr=2.39e-04 grad_norm=0.1198
[step 70000/100000] loss=0.5034 mel=0.4915 dur=0.0119 lr=2.39e-04 grad_norm=0.1447
[val 70000] total=0.9426 mel=0.8701 dur=0.0726
[step 70100/100000] loss=0.4973 mel=0.4859 dur=0.0114 lr=2.39e-04 grad_norm=0.1255
[step 70200/100000] loss=0.5021 mel=0.4908 dur=0.0112 lr=2.39e-04 grad_norm=0.1391
[step 70300/100000] loss=0.5035 mel=0.4919 dur=0.0116 lr=2.39e-04 grad_norm=0.1304
[step 70400/100000] loss=0.4991 mel=0.4878 dur=0.0113 lr=2.38e-04 grad_norm=0.1357
[step 70500/100000] loss=0.5030 mel=0.4907 dur=0.0122 lr=2.38e-04 grad_norm=0.1357
[step 70600/100000] loss=0.5053 mel=0.4937 dur=0.0115 lr=2.38e-04 grad_norm=0.1200
[step 70700/100000] loss=0.5052 mel=0.4930 dur=0.0122 lr=2.38e-04 grad_norm=0.1415
[step 70800/100000] loss=0.4990 mel=0.4878 dur=0.0112 lr=2.38e-04 grad_norm=0.1155
[step 70900/100000] loss=0.5019 mel=0.4901 dur=0.0119 lr=2.38e-04 grad_norm=0.1170
[step 71000/100000] loss=0.4986 mel=0.4869 dur=0.0117 lr=2.37e-04 grad_norm=0.1349
[step 71100/100000] loss=0.5052 mel=0.4932 dur=0.0120 lr=2.37e-04 grad_norm=0.1329
[step 71200/100000] loss=0.5033 mel=0.4914 dur=0.0119 lr=2.37e-04 grad_norm=0.1374
[step 71300/100000] loss=0.5001 mel=0.4884 dur=0.0117 lr=2.37e-04 grad_norm=0.1300
[step 71400/100000] loss=0.5022 mel=0.4897 dur=0.0124 lr=2.37e-04 grad_norm=0.1178
[step 71500/100000] loss=0.4985 mel=0.4867 dur=0.0118 lr=2.37e-04 grad_norm=0.1367
[step 71600/100000] loss=0.4992 mel=0.4878 dur=0.0114 lr=2.36e-04 grad_norm=0.1355
[step 71700/100000] loss=0.4995 mel=0.4878 dur=0.0117 lr=2.36e-04 grad_norm=0.1210
[step 71800/100000] loss=0.5025 mel=0.4911 dur=0.0114 lr=2.36e-04 grad_norm=0.1239
[step 71900/100000] loss=0.5036 mel=0.4921 dur=0.0115 lr=2.36e-04 grad_norm=0.1496
[step 72000/100000] loss=0.5051 mel=0.4936 dur=0.0116 lr=2.36e-04 grad_norm=0.1398
[val 72000] total=0.9401 mel=0.8692 dur=0.0709
[step 72100/100000] loss=0.4958 mel=0.4846 dur=0.0112 lr=2.36e-04 grad_norm=0.1927
[step 72200/100000] loss=0.5027 mel=0.4914 dur=0.0112 lr=2.35e-04 grad_norm=0.1272
[step 72300/100000] loss=0.4988 mel=0.4870 dur=0.0118 lr=2.35e-04 grad_norm=0.1234
[step 72400/100000] loss=0.5015 mel=0.4890 dur=0.0125 lr=2.35e-04 grad_norm=0.1251
[step 72500/100000] loss=0.5001 mel=0.4883 dur=0.0118 lr=2.35e-04 grad_norm=0.1142
[step 72600/100000] loss=0.5008 mel=0.4895 dur=0.0113 lr=2.35e-04 grad_norm=0.1260
[step 72700/100000] loss=0.4983 mel=0.4865 dur=0.0117 lr=2.35e-04 grad_norm=0.1329
[step 72800/100000] loss=0.4991 mel=0.4876 dur=0.0115 lr=2.34e-04 grad_norm=0.1449
[step 72900/100000] loss=0.5027 mel=0.4912 dur=0.0115 lr=2.34e-04 grad_norm=0.1271
[step 73000/100000] loss=0.4927 mel=0.4803 dur=0.0124 lr=2.34e-04 grad_norm=0.1392
[step 73100/100000] loss=0.5036 mel=0.4921 dur=0.0115 lr=2.34e-04 grad_norm=0.1282
[step 73200/100000] loss=0.4975 mel=0.4852 dur=0.0123 lr=2.34e-04 grad_norm=0.1165
[step 73300/100000] loss=0.5011 mel=0.4893 dur=0.0118 lr=2.34e-04 grad_norm=0.1324
[step 73400/100000] loss=0.4977 mel=0.4862 dur=0.0115 lr=2.33e-04 grad_norm=0.1342
[step 73500/100000] loss=0.5109 mel=0.4991 dur=0.0118 lr=2.33e-04 grad_norm=0.1917
[step 73600/100000] loss=0.4993 mel=0.4864 dur=0.0129 lr=2.33e-04 grad_norm=0.1186
[step 73700/100000] loss=0.4964 mel=0.4851 dur=0.0113 lr=2.33e-04 grad_norm=0.1494
[step 73800/100000] loss=0.5000 mel=0.4884 dur=0.0116 lr=2.33e-04 grad_norm=0.1399
[step 73900/100000] loss=0.4978 mel=0.4863 dur=0.0114 lr=2.33e-04 grad_norm=0.1561
[step 74000/100000] loss=0.4932 mel=0.4822 dur=0.0111 lr=2.32e-04 grad_norm=0.1474
[val 74000] total=0.9466 mel=0.8742 dur=0.0723
[step 74100/100000] loss=0.4958 mel=0.4847 dur=0.0111 lr=2.32e-04 grad_norm=0.1571
[step 74200/100000] loss=0.5046 mel=0.4925 dur=0.0120 lr=2.32e-04 grad_norm=0.1504
[step 74300/100000] loss=0.4939 mel=0.4828 dur=0.0111 lr=2.32e-04 grad_norm=0.1051
[step 74400/100000] loss=0.5004 mel=0.4887 dur=0.0117 lr=2.32e-04 grad_norm=0.1278
[step 74500/100000] loss=0.4976 mel=0.4858 dur=0.0118 lr=2.32e-04 grad_norm=0.1167
[step 74600/100000] loss=0.4943 mel=0.4822 dur=0.0121 lr=2.32e-04 grad_norm=0.1265
[step 74700/100000] loss=0.4952 mel=0.4841 dur=0.0110 lr=2.31e-04 grad_norm=0.1343
[step 74800/100000] loss=0.5025 mel=0.4908 dur=0.0117 lr=2.31e-04 grad_norm=0.1231
[step 74900/100000] loss=0.4942 mel=0.4829 dur=0.0113 lr=2.31e-04 grad_norm=0.1338
[step 75000/100000] loss=0.4993 mel=0.4872 dur=0.0121 lr=2.31e-04 grad_norm=0.1214
[step 75100/100000] loss=0.5012 mel=0.4893 dur=0.0119 lr=2.31e-04 grad_norm=0.1309
[step 75200/100000] loss=0.5006 mel=0.4888 dur=0.0118 lr=2.31e-04 grad_norm=0.1152
[step 75300/100000] loss=0.4989 mel=0.4876 dur=0.0113 lr=2.30e-04 grad_norm=0.1187
[step 75400/100000] loss=0.4993 mel=0.4877 dur=0.0116 lr=2.30e-04 grad_norm=0.1351
[step 75500/100000] loss=0.4979 mel=0.4864 dur=0.0115 lr=2.30e-04 grad_norm=0.1306
[step 75600/100000] loss=0.4955 mel=0.4842 dur=0.0113 lr=2.30e-04 grad_norm=0.1177
[step 75700/100000] loss=0.5057 mel=0.4939 dur=0.0118 lr=2.30e-04 grad_norm=0.1533
[step 75800/100000] loss=0.4990 mel=0.4876 dur=0.0114 lr=2.30e-04 grad_norm=0.1175
[step 75900/100000] loss=0.4969 mel=0.4862 dur=0.0107 lr=2.30e-04 grad_norm=0.1110
[step 76000/100000] loss=0.5028 mel=0.4915 dur=0.0113 lr=2.29e-04 grad_norm=0.1228
[val 76000] total=0.9436 mel=0.8715 dur=0.0721
[step 76100/100000] loss=0.4933 mel=0.4818 dur=0.0115 lr=2.29e-04 grad_norm=0.1306
[step 76200/100000] loss=0.4966 mel=0.4850 dur=0.0116 lr=2.29e-04 grad_norm=0.1345
[step 76300/100000] loss=0.4948 mel=0.4836 dur=0.0112 lr=2.29e-04 grad_norm=0.1326
[step 76400/100000] loss=0.4987 mel=0.4873 dur=0.0115 lr=2.29e-04 grad_norm=0.1274
[step 76500/100000] loss=0.4883 mel=0.4764 dur=0.0118 lr=2.29e-04 grad_norm=0.1426
[step 76600/100000] loss=0.5008 mel=0.4893 dur=0.0115 lr=2.29e-04 grad_norm=0.1222
[step 76700/100000] loss=0.5025 mel=0.4901 dur=0.0124 lr=2.28e-04 grad_norm=0.1213
[step 76800/100000] loss=0.4972 mel=0.4859 dur=0.0113 lr=2.28e-04 grad_norm=0.1232
[step 76900/100000] loss=0.4997 mel=0.4884 dur=0.0112 lr=2.28e-04 grad_norm=0.1930
[step 77000/100000] loss=0.5004 mel=0.4889 dur=0.0116 lr=2.28e-04 grad_norm=0.1216
[step 77100/100000] loss=0.4950 mel=0.4841 dur=0.0108 lr=2.28e-04 grad_norm=0.1568
[step 77200/100000] loss=0.4965 mel=0.4851 dur=0.0114 lr=2.28e-04 grad_norm=0.1173
[step 77300/100000] loss=0.4918 mel=0.4802 dur=0.0116 lr=2.27e-04 grad_norm=0.1147
[step 77400/100000] loss=0.4971 mel=0.4859 dur=0.0111 lr=2.27e-04 grad_norm=0.1260
[step 77500/100000] loss=0.4997 mel=0.4887 dur=0.0110 lr=2.27e-04 grad_norm=0.1238
[step 77600/100000] loss=0.5002 mel=0.4888 dur=0.0114 lr=2.27e-04 grad_norm=0.1395
[step 77700/100000] loss=0.4986 mel=0.4877 dur=0.0109 lr=2.27e-04 grad_norm=0.1245
[step 77800/100000] loss=0.4986 mel=0.4873 dur=0.0113 lr=2.27e-04 grad_norm=0.1606
[step 77900/100000] loss=0.4911 mel=0.4802 dur=0.0108 lr=2.27e-04 grad_norm=0.1298
[step 78000/100000] loss=0.4950 mel=0.4830 dur=0.0119 lr=2.26e-04 grad_norm=0.1208
[val 78000] total=0.9448 mel=0.8720 dur=0.0727
[step 78100/100000] loss=0.4965 mel=0.4852 dur=0.0113 lr=2.26e-04 grad_norm=0.1388
[step 78200/100000] loss=0.4943 mel=0.4831 dur=0.0111 lr=2.26e-04 grad_norm=0.1173
[step 78300/100000] loss=0.5014 mel=0.4902 dur=0.0113 lr=2.26e-04 grad_norm=0.1355
[step 78400/100000] loss=0.4951 mel=0.4833 dur=0.0118 lr=2.26e-04 grad_norm=0.1984
[step 78500/100000] loss=0.4957 mel=0.4850 dur=0.0107 lr=2.26e-04 grad_norm=0.1630
[step 78600/100000] loss=0.5014 mel=0.4904 dur=0.0111 lr=2.26e-04 grad_norm=0.1521
[step 78700/100000] loss=0.4996 mel=0.4879 dur=0.0117 lr=2.25e-04 grad_norm=0.1230
[step 78800/100000] loss=0.4926 mel=0.4815 dur=0.0110 lr=2.25e-04 grad_norm=0.1304
[step 78900/100000] loss=0.4982 mel=0.4869 dur=0.0113 lr=2.25e-04 grad_norm=0.1159
[step 79000/100000] loss=0.4920 mel=0.4814 dur=0.0106 lr=2.25e-04 grad_norm=0.1319
[step 79100/100000] loss=0.4975 mel=0.4865 dur=0.0111 lr=2.25e-04 grad_norm=0.1249
[step 79200/100000] loss=0.4908 mel=0.4797 dur=0.0110 lr=2.25e-04 grad_norm=0.1135
[step 79300/100000] loss=0.4948 mel=0.4834 dur=0.0114 lr=2.25e-04 grad_norm=0.1420
[step 79400/100000] loss=0.4980 mel=0.4866 dur=0.0114 lr=2.24e-04 grad_norm=0.1248
[step 79500/100000] loss=0.4948 mel=0.4840 dur=0.0109 lr=2.24e-04 grad_norm=0.1222
[step 79600/100000] loss=0.4943 mel=0.4835 dur=0.0108 lr=2.24e-04 grad_norm=0.1214
[step 79700/100000] loss=0.4972 mel=0.4856 dur=0.0116 lr=2.24e-04 grad_norm=0.1316
[step 79800/100000] loss=0.4918 mel=0.4806 dur=0.0113 lr=2.24e-04 grad_norm=0.1168
[step 79900/100000] loss=0.4968 mel=0.4858 dur=0.0110 lr=2.24e-04 grad_norm=0.1261
[step 80000/100000] loss=0.4953 mel=0.4836 dur=0.0117 lr=2.24e-04 grad_norm=0.1254
[val 80000] total=0.9404 mel=0.8695 dur=0.0709
[step 80100/100000] loss=0.5048 mel=0.4926 dur=0.0122 lr=2.23e-04 grad_norm=0.1582
[step 80200/100000] loss=0.4893 mel=0.4781 dur=0.0112 lr=2.23e-04 grad_norm=0.1313
[step 80300/100000] loss=0.4957 mel=0.4842 dur=0.0115 lr=2.23e-04 grad_norm=0.1445
[step 80400/100000] loss=0.5000 mel=0.4886 dur=0.0114 lr=2.23e-04 grad_norm=0.1211
[step 80500/100000] loss=0.4932 mel=0.4817 dur=0.0115 lr=2.23e-04 grad_norm=0.1422
[step 80600/100000] loss=0.4965 mel=0.4854 dur=0.0111 lr=2.23e-04 grad_norm=0.1264
[step 80700/100000] loss=0.4979 mel=0.4868 dur=0.0110 lr=2.23e-04 grad_norm=0.1398
[step 80800/100000] loss=0.4984 mel=0.4869 dur=0.0115 lr=2.22e-04 grad_norm=0.1536
[step 80900/100000] loss=0.4979 mel=0.4869 dur=0.0110 lr=2.22e-04 grad_norm=0.1148
[step 81000/100000] loss=0.4891 mel=0.4784 dur=0.0106 lr=2.22e-04 grad_norm=0.1149
[step 81100/100000] loss=0.5008 mel=0.4896 dur=0.0112 lr=2.22e-04 grad_norm=0.1365
[step 81200/100000] loss=0.4916 mel=0.4806 dur=0.0110 lr=2.22e-04 grad_norm=0.1247
[step 81300/100000] loss=0.4912 mel=0.4807 dur=0.0105 lr=2.22e-04 grad_norm=0.1470
[step 81400/100000] loss=0.4960 mel=0.4842 dur=0.0117 lr=2.22e-04 grad_norm=0.1194
[step 81500/100000] loss=0.4965 mel=0.4844 dur=0.0120 lr=2.22e-04 grad_norm=0.1505
[step 81600/100000] loss=0.4945 mel=0.4835 dur=0.0110 lr=2.21e-04 grad_norm=0.1183
[step 81700/100000] loss=0.4943 mel=0.4834 dur=0.0109 lr=2.21e-04 grad_norm=0.1113
[step 81800/100000] loss=0.4925 mel=0.4817 dur=0.0108 lr=2.21e-04 grad_norm=0.1050
[step 81900/100000] loss=0.4939 mel=0.4825 dur=0.0114 lr=2.21e-04 grad_norm=0.1304
[step 82000/100000] loss=0.4945 mel=0.4833 dur=0.0112 lr=2.21e-04 grad_norm=0.1258
[val 82000] total=0.9392 mel=0.8671 dur=0.0720
[step 82100/100000] loss=0.4955 mel=0.4839 dur=0.0115 lr=2.21e-04 grad_norm=0.1442
[step 82200/100000] loss=0.4960 mel=0.4854 dur=0.0106 lr=2.21e-04 grad_norm=0.1246
[step 82300/100000] loss=0.4927 mel=0.4811 dur=0.0116 lr=2.20e-04 grad_norm=0.1349
[step 82400/100000] loss=0.4928 mel=0.4811 dur=0.0118 lr=2.20e-04 grad_norm=0.1327
[step 82500/100000] loss=0.4918 mel=0.4805 dur=0.0113 lr=2.20e-04 grad_norm=0.1334
[step 82600/100000] loss=0.4976 mel=0.4869 dur=0.0107 lr=2.20e-04 grad_norm=0.1243
[step 82700/100000] loss=0.4964 mel=0.4855 dur=0.0108 lr=2.20e-04 grad_norm=0.1279
[step 82800/100000] loss=0.4976 mel=0.4855 dur=0.0121 lr=2.20e-04 grad_norm=0.1248
[step 82900/100000] loss=0.4979 mel=0.4870 dur=0.0109 lr=2.20e-04 grad_norm=0.1335
[step 83000/100000] loss=0.4920 mel=0.4806 dur=0.0114 lr=2.20e-04 grad_norm=0.1783
[step 83100/100000] loss=0.4956 mel=0.4839 dur=0.0117 lr=2.19e-04 grad_norm=0.1342
[step 83200/100000] loss=0.4932 mel=0.4824 dur=0.0109 lr=2.19e-04 grad_norm=0.1341
[step 83300/100000] loss=0.5004 mel=0.4882 dur=0.0121 lr=2.19e-04 grad_norm=0.1944
[step 83400/100000] loss=0.4944 mel=0.4834 dur=0.0110 lr=2.19e-04 grad_norm=0.1317
[step 83500/100000] loss=0.4861 mel=0.4756 dur=0.0105 lr=2.19e-04 grad_norm=0.1352
[step 83600/100000] loss=0.4943 mel=0.4829 dur=0.0113 lr=2.19e-04 grad_norm=0.1105
[step 83700/100000] loss=0.4925 mel=0.4816 dur=0.0109 lr=2.19e-04 grad_norm=0.1359
[step 83800/100000] loss=0.4916 mel=0.4803 dur=0.0114 lr=2.18e-04 grad_norm=0.1283
[step 83900/100000] loss=0.4931 mel=0.4818 dur=0.0113 lr=2.18e-04 grad_norm=0.1352
[step 84000/100000] loss=0.4986 mel=0.4875 dur=0.0111 lr=2.18e-04 grad_norm=0.1178
[val 84000] total=0.9405 mel=0.8684 dur=0.0721
[step 84100/100000] loss=0.4954 mel=0.4843 dur=0.0111 lr=2.18e-04 grad_norm=0.1564
[step 84200/100000] loss=0.4935 mel=0.4826 dur=0.0109 lr=2.18e-04 grad_norm=0.1124
[step 84300/100000] loss=0.4952 mel=0.4844 dur=0.0108 lr=2.18e-04 grad_norm=0.1391
[step 84400/100000] loss=0.4964 mel=0.4852 dur=0.0112 lr=2.18e-04 grad_norm=0.1190
[step 84500/100000] loss=0.4890 mel=0.4788 dur=0.0102 lr=2.18e-04 grad_norm=0.1396
[step 84600/100000] loss=0.4951 mel=0.4837 dur=0.0114 lr=2.17e-04 grad_norm=0.1596
[step 84700/100000] loss=0.4964 mel=0.4863 dur=0.0101 lr=2.17e-04 grad_norm=0.1316
[step 84800/100000] loss=0.4939 mel=0.4822 dur=0.0117 lr=2.17e-04 grad_norm=0.1699
[step 84900/100000] loss=0.4946 mel=0.4837 dur=0.0109 lr=2.17e-04 grad_norm=0.1973
[step 85000/100000] loss=0.4929 mel=0.4825 dur=0.0104 lr=2.17e-04 grad_norm=0.1185
[step 85100/100000] loss=0.4954 mel=0.4846 dur=0.0108 lr=2.17e-04 grad_norm=0.1205
[step 85200/100000] loss=0.4970 mel=0.4857 dur=0.0113 lr=2.17e-04 grad_norm=0.1100
[step 85300/100000] loss=0.4950 mel=0.4840 dur=0.0110 lr=2.17e-04 grad_norm=0.1258
[step 85400/100000] loss=0.4939 mel=0.4829 dur=0.0109 lr=2.16e-04 grad_norm=0.1662
[step 85500/100000] loss=0.4962 mel=0.4850 dur=0.0112 lr=2.16e-04 grad_norm=0.1144
[step 85600/100000] loss=0.4949 mel=0.4839 dur=0.0110 lr=2.16e-04 grad_norm=0.1180
[step 85700/100000] loss=0.4912 mel=0.4801 dur=0.0111 lr=2.16e-04 grad_norm=0.1645
[step 85800/100000] loss=0.4916 mel=0.4812 dur=0.0104 lr=2.16e-04 grad_norm=0.1458
[step 85900/100000] loss=0.4956 mel=0.4847 dur=0.0109 lr=2.16e-04 grad_norm=0.1596
[step 86000/100000] loss=0.4940 mel=0.4823 dur=0.0117 lr=2.16e-04 grad_norm=0.1282
[val 86000] total=0.9437 mel=0.8706 dur=0.0731
[step 86100/100000] loss=0.4900 mel=0.4792 dur=0.0108 lr=2.16e-04 grad_norm=0.1187
[step 86200/100000] loss=0.4928 mel=0.4815 dur=0.0113 lr=2.15e-04 grad_norm=0.1525
[step 86300/100000] loss=0.4899 mel=0.4790 dur=0.0108 lr=2.15e-04 grad_norm=0.1150
[step 86400/100000] loss=0.4892 mel=0.4784 dur=0.0109 lr=2.15e-04 grad_norm=0.1208
[step 86500/100000] loss=0.4883 mel=0.4779 dur=0.0104 lr=2.15e-04 grad_norm=0.1177
[step 86600/100000] loss=0.4891 mel=0.4781 dur=0.0109 lr=2.15e-04 grad_norm=0.1524
[step 86700/100000] loss=0.4963 mel=0.4855 dur=0.0107 lr=2.15e-04 grad_norm=0.1261
[step 86800/100000] loss=0.4921 mel=0.4808 dur=0.0113 lr=2.15e-04 grad_norm=0.1276
[step 86900/100000] loss=0.4945 mel=0.4830 dur=0.0116 lr=2.15e-04 grad_norm=0.1333
[step 87000/100000] loss=0.4955 mel=0.4843 dur=0.0111 lr=2.14e-04 grad_norm=0.1263
[step 87100/100000] loss=0.4916 mel=0.4799 dur=0.0116 lr=2.14e-04 grad_norm=0.1377
[step 87200/100000] loss=0.4930 mel=0.4819 dur=0.0111 lr=2.14e-04 grad_norm=0.1216
[step 87300/100000] loss=0.4940 mel=0.4827 dur=0.0113 lr=2.14e-04 grad_norm=0.1444
[step 87400/100000] loss=0.4938 mel=0.4830 dur=0.0108 lr=2.14e-04 grad_norm=0.1187
[step 87500/100000] loss=0.4871 mel=0.4766 dur=0.0105 lr=2.14e-04 grad_norm=0.1279
[step 87600/100000] loss=0.4912 mel=0.4801 dur=0.0111 lr=2.14e-04 grad_norm=0.1227
[step 87700/100000] loss=0.4921 mel=0.4806 dur=0.0115 lr=2.14e-04 grad_norm=0.1348
[step 87800/100000] loss=0.4900 mel=0.4796 dur=0.0104 lr=2.13e-04 grad_norm=0.1243
[step 87900/100000] loss=0.4842 mel=0.4728 dur=0.0114 lr=2.13e-04 grad_norm=0.1183
[step 88000/100000] loss=0.4886 mel=0.4774 dur=0.0112 lr=2.13e-04 grad_norm=0.1231
[val 88000] total=0.9384 mel=0.8658 dur=0.0726
[step 88100/100000] loss=0.4917 mel=0.4804 dur=0.0112 lr=2.13e-04 grad_norm=0.1401
[step 88200/100000] loss=0.4870 mel=0.4761 dur=0.0108 lr=2.13e-04 grad_norm=0.1626
[step 88300/100000] loss=0.4937 mel=0.4824 dur=0.0113 lr=2.13e-04 grad_norm=0.1880
[step 88400/100000] loss=0.4866 mel=0.4763 dur=0.0103 lr=2.13e-04 grad_norm=0.1127
[step 88500/100000] loss=0.4922 mel=0.4817 dur=0.0105 lr=2.13e-04 grad_norm=0.1229
[step 88600/100000] loss=0.4913 mel=0.4805 dur=0.0108 lr=2.12e-04 grad_norm=0.1358
[step 88700/100000] loss=0.4881 mel=0.4772 dur=0.0109 lr=2.12e-04 grad_norm=0.1212
[step 88800/100000] loss=0.4893 mel=0.4788 dur=0.0105 lr=2.12e-04 grad_norm=0.1188
[step 88900/100000] loss=0.4918 mel=0.4811 dur=0.0107 lr=2.12e-04 grad_norm=0.1515
[step 89000/100000] loss=0.4894 mel=0.4787 dur=0.0108 lr=2.12e-04 grad_norm=0.1366
[step 89100/100000] loss=0.4904 mel=0.4795 dur=0.0109 lr=2.12e-04 grad_norm=0.1138
[step 89200/100000] loss=0.4869 mel=0.4760 dur=0.0109 lr=2.12e-04 grad_norm=0.1358
[step 89300/100000] loss=0.4928 mel=0.4820 dur=0.0109 lr=2.12e-04 grad_norm=0.1390
[step 89400/100000] loss=0.4908 mel=0.4800 dur=0.0108 lr=2.12e-04 grad_norm=0.1313
[step 89500/100000] loss=0.4909 mel=0.4805 dur=0.0104 lr=2.11e-04 grad_norm=0.1334
[step 89600/100000] loss=0.4912 mel=0.4798 dur=0.0113 lr=2.11e-04 grad_norm=0.1249
[step 89700/100000] loss=0.4914 mel=0.4803 dur=0.0111 lr=2.11e-04 grad_norm=0.1216
[step 89800/100000] loss=0.4896 mel=0.4786 dur=0.0109 lr=2.11e-04 grad_norm=0.1127
[step 89900/100000] loss=0.4923 mel=0.4817 dur=0.0106 lr=2.11e-04 grad_norm=0.1260
[step 90000/100000] loss=0.4854 mel=0.4749 dur=0.0105 lr=2.11e-04 grad_norm=0.1242
[val 90000] total=0.9381 mel=0.8661 dur=0.0720
[step 90100/100000] loss=0.4918 mel=0.4811 dur=0.0107 lr=2.11e-04 grad_norm=0.1190
[step 90200/100000] loss=0.4873 mel=0.4767 dur=0.0106 lr=2.11e-04 grad_norm=0.1237
[step 90300/100000] loss=0.4919 mel=0.4809 dur=0.0111 lr=2.10e-04 grad_norm=0.1366
[step 90400/100000] loss=0.4875 mel=0.4771 dur=0.0104 lr=2.10e-04 grad_norm=0.1328
[step 90500/100000] loss=0.4901 mel=0.4794 dur=0.0107 lr=2.10e-04 grad_norm=0.1319
[step 90600/100000] loss=0.4921 mel=0.4809 dur=0.0112 lr=2.10e-04 grad_norm=0.1234
[step 90700/100000] loss=0.4940 mel=0.4831 dur=0.0108 lr=2.10e-04 grad_norm=0.1366
[step 90800/100000] loss=0.4876 mel=0.4767 dur=0.0109 lr=2.10e-04 grad_norm=0.1431
[step 90900/100000] loss=0.4903 mel=0.4797 dur=0.0106 lr=2.10e-04 grad_norm=0.1331
[step 91000/100000] loss=0.4884 mel=0.4777 dur=0.0106 lr=2.10e-04 grad_norm=0.1267
[step 91100/100000] loss=0.4962 mel=0.4843 dur=0.0119 lr=2.10e-04 grad_norm=0.1343
[step 91200/100000] loss=0.4925 mel=0.4821 dur=0.0104 lr=2.09e-04 grad_norm=0.1251
[step 91300/100000] loss=0.4940 mel=0.4827 dur=0.0112 lr=2.09e-04 grad_norm=0.1081
[step 91400/100000] loss=0.4875 mel=0.4770 dur=0.0105 lr=2.09e-04 grad_norm=0.1158
[step 91500/100000] loss=0.4924 mel=0.4808 dur=0.0116 lr=2.09e-04 grad_norm=0.9016
[step 91600/100000] loss=0.4887 mel=0.4775 dur=0.0112 lr=2.09e-04 grad_norm=0.1277
[step 91700/100000] loss=0.4935 mel=0.4828 dur=0.0107 lr=2.09e-04 grad_norm=0.3095
[step 91800/100000] loss=0.4887 mel=0.4781 dur=0.0107 lr=2.09e-04 grad_norm=0.1267
[step 91900/100000] loss=0.4879 mel=0.4767 dur=0.0112 lr=2.09e-04 grad_norm=0.1462
[step 92000/100000] loss=0.4875 mel=0.4769 dur=0.0105 lr=2.09e-04 grad_norm=0.1291
[val 92000] total=0.9428 mel=0.8693 dur=0.0735
[step 92100/100000] loss=0.4908 mel=0.4795 dur=0.0113 lr=2.08e-04 grad_norm=0.1681
[step 92200/100000] loss=0.4931 mel=0.4819 dur=0.0112 lr=2.08e-04 grad_norm=0.1406
[step 92300/100000] loss=0.4888 mel=0.4778 dur=0.0110 lr=2.08e-04 grad_norm=0.1153
[step 92400/100000] loss=0.4895 mel=0.4786 dur=0.0108 lr=2.08e-04 grad_norm=0.1251
[step 92500/100000] loss=0.4948 mel=0.4840 dur=0.0108 lr=2.08e-04 grad_norm=0.1175
[step 92600/100000] loss=0.4878 mel=0.4774 dur=0.0105 lr=2.08e-04 grad_norm=0.1135
[step 92700/100000] loss=0.4892 mel=0.4778 dur=0.0115 lr=2.08e-04 grad_norm=0.1174
[step 92800/100000] loss=0.4922 mel=0.4811 dur=0.0111 lr=2.08e-04 grad_norm=0.1154
[step 92900/100000] loss=0.4882 mel=0.4770 dur=0.0112 lr=2.08e-04 grad_norm=0.1186
[step 93000/100000] loss=0.4871 mel=0.4768 dur=0.0103 lr=2.07e-04 grad_norm=0.1383
[step 93100/100000] loss=0.4869 mel=0.4763 dur=0.0106 lr=2.07e-04 grad_norm=0.1983
[step 93200/100000] loss=0.4897 mel=0.4791 dur=0.0106 lr=2.07e-04 grad_norm=0.1698
[step 93300/100000] loss=0.4901 mel=0.4792 dur=0.0109 lr=2.07e-04 grad_norm=0.1304
[step 93400/100000] loss=0.4909 mel=0.4801 dur=0.0108 lr=2.07e-04 grad_norm=0.1167
[step 93500/100000] loss=0.4922 mel=0.4816 dur=0.0106 lr=2.07e-04 grad_norm=0.1286
[step 93600/100000] loss=0.4894 mel=0.4787 dur=0.0107 lr=2.07e-04 grad_norm=0.1526
[step 93700/100000] loss=0.4947 mel=0.4833 dur=0.0114 lr=2.07e-04 grad_norm=0.1555
[step 93800/100000] loss=0.4892 mel=0.4788 dur=0.0104 lr=2.07e-04 grad_norm=0.1666
[step 93900/100000] loss=0.4857 mel=0.4752 dur=0.0106 lr=2.06e-04 grad_norm=0.1384
[step 94000/100000] loss=0.4855 mel=0.4748 dur=0.0107 lr=2.06e-04 grad_norm=0.1260
[val 94000] total=0.9401 mel=0.8689 dur=0.0712
[step 94100/100000] loss=0.4883 mel=0.4769 dur=0.0113 lr=2.06e-04 grad_norm=0.1384
[step 94200/100000] loss=0.4940 mel=0.4830 dur=0.0111 lr=2.06e-04 grad_norm=0.1244
[step 94300/100000] loss=0.4892 mel=0.4782 dur=0.0110 lr=2.06e-04 grad_norm=0.1571
[step 94400/100000] loss=0.4905 mel=0.4794 dur=0.0111 lr=2.06e-04 grad_norm=0.1276
[step 94500/100000] loss=0.4903 mel=0.4792 dur=0.0111 lr=2.06e-04 grad_norm=0.1237
[step 94600/100000] loss=0.4932 mel=0.4818 dur=0.0114 lr=2.06e-04 grad_norm=0.1280
[step 94700/100000] loss=0.4906 mel=0.4799 dur=0.0107 lr=2.06e-04 grad_norm=0.1226
[step 94800/100000] loss=0.4928 mel=0.4815 dur=0.0113 lr=2.05e-04 grad_norm=0.1406
[step 94900/100000] loss=0.4907 mel=0.4795 dur=0.0112 lr=2.05e-04 grad_norm=0.1125
[step 95000/100000] loss=0.4900 mel=0.4786 dur=0.0115 lr=2.05e-04 grad_norm=0.1233
[step 95100/100000] loss=0.4852 mel=0.4748 dur=0.0104 lr=2.05e-04 grad_norm=0.1173
[step 95200/100000] loss=0.4873 mel=0.4759 dur=0.0113 lr=2.05e-04 grad_norm=0.1451
[step 95300/100000] loss=0.4926 mel=0.4819 dur=0.0107 lr=2.05e-04 grad_norm=0.1356
[step 95400/100000] loss=0.4874 mel=0.4764 dur=0.0110 lr=2.05e-04 grad_norm=0.1283
[step 95500/100000] loss=0.4915 mel=0.4809 dur=0.0106 lr=2.05e-04 grad_norm=0.1296
[step 95600/100000] loss=0.4900 mel=0.4794 dur=0.0106 lr=2.05e-04 grad_norm=0.1299
[step 95700/100000] loss=0.4867 mel=0.4761 dur=0.0106 lr=2.04e-04 grad_norm=0.1256
[step 95800/100000] loss=0.4907 mel=0.4805 dur=0.0102 lr=2.04e-04 grad_norm=0.1174
[step 95900/100000] loss=0.4916 mel=0.4807 dur=0.0109 lr=2.04e-04 grad_norm=0.1221
[step 96000/100000] loss=0.4875 mel=0.4764 dur=0.0111 lr=2.04e-04 grad_norm=0.1511
[val 96000] total=0.9416 mel=0.8699 dur=0.0717
[step 96100/100000] loss=0.4898 mel=0.4785 dur=0.0114 lr=2.04e-04 grad_norm=0.1266
[step 96200/100000] loss=0.4872 mel=0.4758 dur=0.0114 lr=2.04e-04 grad_norm=0.1436
[step 96300/100000] loss=0.4926 mel=0.4817 dur=0.0109 lr=2.04e-04 grad_norm=0.1212
[step 96400/100000] loss=0.4936 mel=0.4829 dur=0.0107 lr=2.04e-04 grad_norm=0.1190
[step 96500/100000] loss=0.4846 mel=0.4740 dur=0.0107 lr=2.04e-04 grad_norm=0.1282
[step 96600/100000] loss=0.4947 mel=0.4832 dur=0.0115 lr=2.03e-04 grad_norm=0.1789
[step 96700/100000] loss=0.4871 mel=0.4768 dur=0.0103 lr=2.03e-04 grad_norm=0.1287
[step 96800/100000] loss=0.4871 mel=0.4767 dur=0.0103 lr=2.03e-04 grad_norm=0.1394
[step 96900/100000] loss=0.4887 mel=0.4779 dur=0.0108 lr=2.03e-04 grad_norm=0.1225
[step 97000/100000] loss=0.4883 mel=0.4772 dur=0.0111 lr=2.03e-04 grad_norm=0.1126
[step 97100/100000] loss=0.4836 mel=0.4728 dur=0.0109 lr=2.03e-04 grad_norm=0.1170
[step 97200/100000] loss=0.4822 mel=0.4718 dur=0.0104 lr=2.03e-04 grad_norm=0.1096
[step 97300/100000] loss=0.4899 mel=0.4793 dur=0.0105 lr=2.03e-04 grad_norm=0.1415
[step 97400/100000] loss=0.4894 mel=0.4791 dur=0.0103 lr=2.03e-04 grad_norm=0.1124
[step 97500/100000] loss=0.4924 mel=0.4809 dur=0.0115 lr=2.03e-04 grad_norm=0.4580
[step 97600/100000] loss=0.4898 mel=0.4787 dur=0.0112 lr=2.02e-04 grad_norm=0.1248
[step 97700/100000] loss=0.4855 mel=0.4744 dur=0.0111 lr=2.02e-04 grad_norm=0.1442
[step 97800/100000] loss=0.4894 mel=0.4793 dur=0.0101 lr=2.02e-04 grad_norm=0.1230
[step 97900/100000] loss=0.4857 mel=0.4757 dur=0.0100 lr=2.02e-04 grad_norm=0.1226
[step 98000/100000] loss=0.4862 mel=0.4745 dur=0.0117 lr=2.02e-04 grad_norm=0.1920
[val 98000] total=0.9431 mel=0.8718 dur=0.0713
[step 98100/100000] loss=0.4937 mel=0.4828 dur=0.0109 lr=2.02e-04 grad_norm=0.1150
[step 98200/100000] loss=0.4876 mel=0.4771 dur=0.0105 lr=2.02e-04 grad_norm=0.1299
[step 98300/100000] loss=0.4865 mel=0.4760 dur=0.0106 lr=2.02e-04 grad_norm=0.1218
[step 98400/100000] loss=0.4855 mel=0.4750 dur=0.0105 lr=2.02e-04 grad_norm=0.1120
[step 98500/100000] loss=0.4896 mel=0.4785 dur=0.0111 lr=2.02e-04 grad_norm=0.1279
[step 98600/100000] loss=0.4868 mel=0.4765 dur=0.0103 lr=2.01e-04 grad_norm=0.1209
[step 98700/100000] loss=0.4934 mel=0.4823 dur=0.0111 lr=2.01e-04 grad_norm=0.1349
[step 98800/100000] loss=0.4853 mel=0.4742 dur=0.0111 lr=2.01e-04 grad_norm=0.1237
[step 98900/100000] loss=0.4869 mel=0.4757 dur=0.0112 lr=2.01e-04 grad_norm=0.1136
[step 99000/100000] loss=0.4852 mel=0.4750 dur=0.0102 lr=2.01e-04 grad_norm=0.1446
[step 99100/100000] loss=0.4867 mel=0.4763 dur=0.0104 lr=2.01e-04 grad_norm=0.1184
[step 99200/100000] loss=0.4864 mel=0.4760 dur=0.0104 lr=2.01e-04 grad_norm=0.1229
[step 99300/100000] loss=0.4877 mel=0.4770 dur=0.0107 lr=2.01e-04 grad_norm=0.1256
[step 99400/100000] loss=0.4888 mel=0.4780 dur=0.0108 lr=2.01e-04 grad_norm=0.1237
[step 99500/100000] loss=0.4886 mel=0.4780 dur=0.0106 lr=2.01e-04 grad_norm=0.1216
[step 99600/100000] loss=0.4876 mel=0.4766 dur=0.0110 lr=2.00e-04 grad_norm=0.1231
[step 99700/100000] loss=0.4909 mel=0.4795 dur=0.0114 lr=2.00e-04 grad_norm=0.1319
[step 99800/100000] loss=0.4864 mel=0.4755 dur=0.0109 lr=2.00e-04 grad_norm=0.1427
[step 99900/100000] loss=0.4886 mel=0.4780 dur=0.0106 lr=2.00e-04 grad_norm=0.1274
[step 100000/100000] loss=0.4860 mel=0.4746 dur=0.0114 lr=2.00e-04 grad_norm=0.1252
Downloading: "https://github.com/jik876/hifi-gan/zipball/master" to /home/cheolseok/.cache/torch/hub/master.zip
[val 100000] total=0.9412 mel=0.8685 dur=0.0727
[train] done
[test] device=cuda
Traceback (most recent call last):
  File "/home/cheolseok/audio/SLP-Assignment3/main.py", line 346, in <module>
    test(args)
  File "/home/cheolseok/audio/SLP-Assignment3/main.py", line 233, in test
    vocoder = get_vocoder(device)
              ^^^^^^^^^^^^^^^^^^^
  File "/home/cheolseok/audio/SLP-Assignment3/main.py", line 35, in get_vocoder
    vocoder = torch.hub.load("jik876/hifi-gan", "hifigan_universal_v1", trust_repo=True)
              ^^^^^^^^^^^^^^^^^^^^^^^^^^^^^^^^^^^^^^^^^^^^^^^^^^^^^^^^^^^^^^^^^^^^^^^^^^
  File "/home/cheolseok/audio/SLP-Assignment3/.venv/lib/python3.12/site-packages/torch/hub.py", line 568, in load
    model = _load_local(repo_or_dir, model, *args, **kwargs)
            ^^^^^^^^^^^^^^^^^^^^^^^^^^^^^^^^^^^^^^^^^^^^^^^^
  File "/home/cheolseok/audio/SLP-Assignment3/.venv/lib/python3.12/site-packages/torch/hub.py", line 594, in _load_local
    hub_module = _import_module(MODULE_HUBCONF, hubconf_path)
                 ^^^^^^^^^^^^^^^^^^^^^^^^^^^^^^^^^^^^^^^^^^^^
  File "/home/cheolseok/audio/SLP-Assignment3/.venv/lib/python3.12/site-packages/torch/hub.py", line 106, in _import_module
    spec.loader.exec_module(module)
  File "<frozen importlib._bootstrap_external>", line 995, in exec_module
  File "<frozen importlib._bootstrap_external>", line 1132, in get_code
  File "<frozen importlib._bootstrap_external>", line 1190, in get_data
FileNotFoundError: [Errno 2] No such file or directory: '/home/cheolseok/.cache/torch/hub/jik876_hifi-gan_master/hubconf.py'
[1;34mwandb[0m: 
[1;34mwandb[0m: 🚀 View run [33mbaseline[0m at: [34mhttps://wandb.ai/cheolseok-k-sungkyunkwan-university/fastspeech2-tts/runs/m0e8yfa7[0m
[1;34mwandb[0m: Find logs at: [1;35mwandb/run-20260522_133700-m0e8yfa7/logs[0m
